[ 2022-12-08 12:42:56,771 ] 21 root - INFO - Exporting collection data as pandas dataframe
[ 2022-12-08 12:42:56,771 ] 22 root - INFO - reading data from database:aps and collection:sensor
[ 2022-12-08 12:43:00,290 ] 24 root - INFO - found columns:Index(['_id', 'class', 'aa_000', 'ab_000', 'ac_000', 'ad_000', 'ae_000',
       'af_000', 'ag_000', 'ag_001',
       ...
       'ee_002', 'ee_003', 'ee_004', 'ee_005', 'ee_006', 'ee_007', 'ee_008',
       'ee_009', 'ef_000', 'eg_000'],
      dtype='object', length=172)
[ 2022-12-08 12:43:00,290 ] 26 root - INFO - dropping columns: _id
[ 2022-12-08 12:43:00,521 ] 28 root - INFO - columns and rows in df is (36188, 171)
[ 2022-12-08 12:43:00,521 ] 28 root - INFO - Save data in feature store
[ 2022-12-08 12:43:01,326 ] 34 root - INFO - Create feature store folder if not available
[ 2022-12-08 12:43:01,327 ] 38 root - INFO - Save df to feature store folder
[ 2022-12-08 12:43:03,861 ] 43 root - INFO - split dataset into train and test set
[ 2022-12-08 12:43:04,429 ] 47 root - INFO - create dataset directory folder if not available
[ 2022-12-08 12:43:04,429 ] 52 root - INFO - Save df to feature store folder
[ 2022-12-08 12:43:06,716 ] 64 root - INFO - Data ingestion artifact: DataIngestionArtifact(feature_store_file_path='/config/workspace/artifact/12082022__124256/data_ingestion/feature_store/sensor.csv', train_file_path='/config/workspace/artifact/12082022__124256/data_ingestion/dataset/train.csv', test_file_path='/config/workspace/artifact/12082022__124256/data_ingestion/dataset/test.csv')
[ 2022-12-08 12:43:07,211 ] 18 root - INFO - <<<<<<<<<<<<<<<<<<<<<<<<<<<<<<<<<<<<<<<< Data Validation >>>>>>>>>>>>>>>>>>>>>>>>>>>>>>>>>>>>>>>>
[ 2022-12-08 12:43:07,211 ] 114 root - INFO - reading base dataframe
[ 2022-12-08 12:43:08,932 ] 117 root - INFO - replaced na values with np.nan in base df
[ 2022-12-08 12:43:08,932 ] 119 root - INFO - dropping null values columns from base dataframe
[ 2022-12-08 12:43:10,033 ] 41 root - INFO - selecting columns names containing null values above 0.7
[ 2022-12-08 12:43:10,033 ] 44 root - INFO - columns to drop: ['ab_000', 'bn_000', 'bo_000', 'bp_000', 'bq_000', 'br_000', 'cr_000']
[ 2022-12-08 12:43:10,128 ] 122 root - INFO - Reading train dataframe
[ 2022-12-08 12:43:10,514 ] 124 root - INFO - Reading test dataframe
[ 2022-12-08 12:43:10,611 ] 127 root - INFO - dropping null values columns from train dataframe
[ 2022-12-08 12:43:10,622 ] 41 root - INFO - selecting columns names containing null values above 0.7
[ 2022-12-08 12:43:10,623 ] 44 root - INFO - columns to drop: ['ab_000', 'bn_000', 'bo_000', 'bp_000', 'bq_000', 'br_000', 'cr_000']
[ 2022-12-08 12:43:10,699 ] 129 root - INFO - dropping null values columns from test dataframe
[ 2022-12-08 12:43:10,706 ] 41 root - INFO - selecting columns names containing null values above 0.7
[ 2022-12-08 12:43:10,706 ] 44 root - INFO - columns to drop: ['ab_000', 'bn_000', 'bo_000', 'bp_000', 'bq_000', 'br_000', 'cr_000']
