[ 2022-12-08 20:02:01,662 ] 21 root - INFO - Exporting collection data as pandas dataframe
[ 2022-12-08 20:02:01,662 ] 24 root - INFO - reading data from database:aps and collection:sensor
[ 2022-12-08 20:02:06,587 ] 26 root - INFO - found columns:Index(['_id', 'class', 'aa_000', 'ab_000', 'ac_000', 'ad_000', 'ae_000',
       'af_000', 'ag_000', 'ag_001',
       ...
       'ee_002', 'ee_003', 'ee_004', 'ee_005', 'ee_006', 'ee_007', 'ee_008',
       'ee_009', 'ef_000', 'eg_000'],
      dtype='object', length=172)
[ 2022-12-08 20:02:06,587 ] 28 root - INFO - dropping columns: _id
[ 2022-12-08 20:02:06,782 ] 30 root - INFO - columns and rows in df is (36188, 171)
[ 2022-12-08 20:02:06,782 ] 28 root - INFO - Save data in feature store
[ 2022-12-08 20:02:07,351 ] 34 root - INFO - Create feature store folder if not available
[ 2022-12-08 20:02:07,351 ] 38 root - INFO - Save df to feature store folder
[ 2022-12-08 20:02:09,933 ] 43 root - INFO - split dataset into train and test set
[ 2022-12-08 20:02:10,568 ] 47 root - INFO - create dataset directory folder if not available
[ 2022-12-08 20:02:10,568 ] 52 root - INFO - Save df to feature store folder
[ 2022-12-08 20:02:12,857 ] 64 root - INFO - Data ingestion artifact: DataIngestionArtifact(feature_store_file_path='/config/workspace/artifact/12082022__200201/data_ingestion/feature_store/sensor.csv', train_file_path='/config/workspace/artifact/12082022__200201/data_ingestion/dataset/train.csv', test_file_path='/config/workspace/artifact/12082022__200201/data_ingestion/dataset/test.csv')
[ 2022-12-08 20:02:13,295 ] 19 root - INFO - <<<<<<<<<<<<<<<<<<<<<<<<<<<<<<<<<<<<<<<< Data Validation >>>>>>>>>>>>>>>>>>>>>>>>>>>>>>>>>>>>>>>>
[ 2022-12-08 20:02:13,295 ] 115 root - INFO - reading base dataframe
[ 2022-12-08 20:02:14,974 ] 118 root - INFO - replaced na values with np.nan in base df
[ 2022-12-08 20:02:14,974 ] 120 root - INFO - dropping null values columns from base dataframe
[ 2022-12-08 20:02:16,003 ] 42 root - INFO - selecting columns names containing null values above 0.7
[ 2022-12-08 20:02:16,003 ] 45 root - INFO - columns to drop: ['ab_000', 'bn_000', 'bo_000', 'bp_000', 'bq_000', 'br_000', 'cr_000']
[ 2022-12-08 20:02:16,111 ] 123 root - INFO - Reading train dataframe
[ 2022-12-08 20:02:16,505 ] 125 root - INFO - Reading test dataframe
[ 2022-12-08 20:02:16,609 ] 128 root - INFO - dropping null values columns from train dataframe
[ 2022-12-08 20:02:16,621 ] 42 root - INFO - selecting columns names containing null values above 0.7
[ 2022-12-08 20:02:16,622 ] 45 root - INFO - columns to drop: ['ab_000', 'bn_000', 'bo_000', 'bp_000', 'bq_000', 'br_000', 'cr_000']
[ 2022-12-08 20:02:16,693 ] 130 root - INFO - dropping null values columns from test dataframe
[ 2022-12-08 20:02:16,697 ] 42 root - INFO - selecting columns names containing null values above 0.7
[ 2022-12-08 20:02:16,698 ] 45 root - INFO - columns to drop: ['ab_000', 'bn_000', 'bo_000', 'bp_000', 'bq_000', 'br_000', 'cr_000']
[ 2022-12-08 20:02:17,312 ] 142 root - INFO - As all column are available in train df hence detecting data_drift
[ 2022-12-08 20:02:17,312 ] 90 root - INFO - Hypothesis class:object,object
[ 2022-12-08 20:02:17,381 ] 90 root - INFO - Hypothesis aa_000:float64,float64
[ 2022-12-08 20:02:17,387 ] 90 root - INFO - Hypothesis ac_000:float64,float64
[ 2022-12-08 20:02:17,391 ] 90 root - INFO - Hypothesis ad_000:float64,float64
[ 2022-12-08 20:02:17,396 ] 90 root - INFO - Hypothesis ae_000:float64,float64
[ 2022-12-08 20:02:17,399 ] 90 root - INFO - Hypothesis af_000:float64,float64
[ 2022-12-08 20:02:17,401 ] 90 root - INFO - Hypothesis ag_000:float64,float64
[ 2022-12-08 20:02:17,416 ] 90 root - INFO - Hypothesis ag_001:float64,float64
[ 2022-12-08 20:02:17,430 ] 90 root - INFO - Hypothesis ag_002:float64,float64
[ 2022-12-08 20:02:17,433 ] 90 root - INFO - Hypothesis ag_003:float64,float64
[ 2022-12-08 20:02:17,436 ] 90 root - INFO - Hypothesis ag_004:float64,float64
[ 2022-12-08 20:02:17,442 ] 90 root - INFO - Hypothesis ag_005:float64,float64
[ 2022-12-08 20:02:17,448 ] 90 root - INFO - Hypothesis ag_006:float64,float64
[ 2022-12-08 20:02:17,454 ] 90 root - INFO - Hypothesis ag_007:float64,float64
[ 2022-12-08 20:02:17,459 ] 90 root - INFO - Hypothesis ag_008:float64,float64
[ 2022-12-08 20:02:17,464 ] 90 root - INFO - Hypothesis ag_009:float64,float64
[ 2022-12-08 20:02:17,468 ] 90 root - INFO - Hypothesis ah_000:float64,float64
[ 2022-12-08 20:02:17,474 ] 90 root - INFO - Hypothesis ai_000:float64,float64
[ 2022-12-08 20:02:17,477 ] 90 root - INFO - Hypothesis aj_000:float64,float64
[ 2022-12-08 20:02:17,493 ] 90 root - INFO - Hypothesis ak_000:float64,float64
[ 2022-12-08 20:02:17,507 ] 90 root - INFO - Hypothesis al_000:float64,float64
[ 2022-12-08 20:02:17,512 ] 90 root - INFO - Hypothesis am_0:float64,float64
[ 2022-12-08 20:02:17,516 ] 90 root - INFO - Hypothesis an_000:float64,float64
[ 2022-12-08 20:02:17,522 ] 90 root - INFO - Hypothesis ao_000:float64,float64
[ 2022-12-08 20:02:17,528 ] 90 root - INFO - Hypothesis ap_000:float64,float64
[ 2022-12-08 20:02:17,534 ] 90 root - INFO - Hypothesis aq_000:float64,float64
[ 2022-12-08 20:02:17,540 ] 90 root - INFO - Hypothesis ar_000:float64,float64
[ 2022-12-08 20:02:17,559 ] 90 root - INFO - Hypothesis as_000:float64,float64
[ 2022-12-08 20:02:17,573 ] 90 root - INFO - Hypothesis at_000:float64,float64
[ 2022-12-08 20:02:17,576 ] 90 root - INFO - Hypothesis au_000:float64,float64
[ 2022-12-08 20:02:17,591 ] 90 root - INFO - Hypothesis av_000:float64,float64
[ 2022-12-08 20:02:17,596 ] 90 root - INFO - Hypothesis ax_000:float64,float64
[ 2022-12-08 20:02:17,600 ] 90 root - INFO - Hypothesis ay_000:float64,float64
[ 2022-12-08 20:02:17,615 ] 90 root - INFO - Hypothesis ay_001:float64,float64
[ 2022-12-08 20:02:17,629 ] 90 root - INFO - Hypothesis ay_002:float64,float64
[ 2022-12-08 20:02:17,643 ] 90 root - INFO - Hypothesis ay_003:float64,float64
[ 2022-12-08 20:02:17,658 ] 90 root - INFO - Hypothesis ay_004:float64,float64
[ 2022-12-08 20:02:17,674 ] 90 root - INFO - Hypothesis ay_005:float64,float64
[ 2022-12-08 20:02:17,679 ] 90 root - INFO - Hypothesis ay_006:float64,float64
[ 2022-12-08 20:02:17,685 ] 90 root - INFO - Hypothesis ay_007:float64,float64
[ 2022-12-08 20:02:17,691 ] 90 root - INFO - Hypothesis ay_008:float64,float64
[ 2022-12-08 20:02:17,697 ] 90 root - INFO - Hypothesis ay_009:float64,float64
[ 2022-12-08 20:02:17,711 ] 90 root - INFO - Hypothesis az_000:float64,float64
[ 2022-12-08 20:02:17,717 ] 90 root - INFO - Hypothesis az_001:float64,float64
[ 2022-12-08 20:02:17,722 ] 90 root - INFO - Hypothesis az_002:float64,float64
[ 2022-12-08 20:02:17,728 ] 90 root - INFO - Hypothesis az_003:float64,float64
[ 2022-12-08 20:02:17,734 ] 90 root - INFO - Hypothesis az_004:float64,float64
[ 2022-12-08 20:02:17,740 ] 90 root - INFO - Hypothesis az_005:float64,float64
[ 2022-12-08 20:02:17,746 ] 90 root - INFO - Hypothesis az_006:float64,float64
[ 2022-12-08 20:02:17,753 ] 90 root - INFO - Hypothesis az_007:float64,float64
[ 2022-12-08 20:02:17,757 ] 90 root - INFO - Hypothesis az_008:float64,float64
[ 2022-12-08 20:02:17,760 ] 90 root - INFO - Hypothesis az_009:float64,float64
[ 2022-12-08 20:02:17,763 ] 90 root - INFO - Hypothesis ba_000:float64,float64
[ 2022-12-08 20:02:17,769 ] 90 root - INFO - Hypothesis ba_001:float64,float64
[ 2022-12-08 20:02:17,776 ] 90 root - INFO - Hypothesis ba_002:float64,float64
[ 2022-12-08 20:02:17,782 ] 90 root - INFO - Hypothesis ba_003:float64,float64
[ 2022-12-08 20:02:17,788 ] 90 root - INFO - Hypothesis ba_004:float64,float64
[ 2022-12-08 20:02:17,794 ] 90 root - INFO - Hypothesis ba_005:float64,float64
[ 2022-12-08 20:02:17,800 ] 90 root - INFO - Hypothesis ba_006:float64,float64
[ 2022-12-08 20:02:17,806 ] 90 root - INFO - Hypothesis ba_007:float64,float64
[ 2022-12-08 20:02:17,812 ] 90 root - INFO - Hypothesis ba_008:float64,float64
[ 2022-12-08 20:02:17,817 ] 90 root - INFO - Hypothesis ba_009:float64,float64
[ 2022-12-08 20:02:17,821 ] 90 root - INFO - Hypothesis bb_000:float64,float64
[ 2022-12-08 20:02:17,828 ] 90 root - INFO - Hypothesis bc_000:float64,float64
[ 2022-12-08 20:02:17,832 ] 90 root - INFO - Hypothesis bd_000:float64,float64
[ 2022-12-08 20:02:17,838 ] 90 root - INFO - Hypothesis be_000:float64,float64
[ 2022-12-08 20:02:17,843 ] 90 root - INFO - Hypothesis bf_000:float64,float64
[ 2022-12-08 20:02:17,847 ] 90 root - INFO - Hypothesis bg_000:float64,float64
[ 2022-12-08 20:02:17,853 ] 90 root - INFO - Hypothesis bh_000:float64,float64
[ 2022-12-08 20:02:17,860 ] 90 root - INFO - Hypothesis bi_000:float64,float64
[ 2022-12-08 20:02:17,866 ] 90 root - INFO - Hypothesis bj_000:float64,float64
[ 2022-12-08 20:02:17,873 ] 90 root - INFO - Hypothesis bk_000:float64,float64
[ 2022-12-08 20:02:17,878 ] 90 root - INFO - Hypothesis bl_000:float64,float64
[ 2022-12-08 20:02:17,883 ] 90 root - INFO - Hypothesis bm_000:float64,float64
[ 2022-12-08 20:02:17,887 ] 90 root - INFO - Hypothesis bs_000:float64,float64
[ 2022-12-08 20:02:17,893 ] 90 root - INFO - Hypothesis bt_000:float64,float64
[ 2022-12-08 20:02:17,899 ] 90 root - INFO - Hypothesis bu_000:float64,float64
[ 2022-12-08 20:02:17,905 ] 90 root - INFO - Hypothesis bv_000:float64,float64
[ 2022-12-08 20:02:17,912 ] 90 root - INFO - Hypothesis bx_000:float64,float64
[ 2022-12-08 20:02:17,917 ] 90 root - INFO - Hypothesis by_000:float64,float64
[ 2022-12-08 20:02:17,923 ] 90 root - INFO - Hypothesis bz_000:float64,float64
[ 2022-12-08 20:02:17,929 ] 90 root - INFO - Hypothesis ca_000:float64,float64
[ 2022-12-08 20:02:17,935 ] 90 root - INFO - Hypothesis cb_000:float64,float64
[ 2022-12-08 20:02:17,941 ] 90 root - INFO - Hypothesis cc_000:float64,float64
[ 2022-12-08 20:02:17,947 ] 90 root - INFO - Hypothesis cd_000:float64,float64
[ 2022-12-08 20:02:17,961 ] 90 root - INFO - Hypothesis ce_000:float64,float64
[ 2022-12-08 20:02:17,967 ] 90 root - INFO - Hypothesis cf_000:float64,float64
[ 2022-12-08 20:02:17,970 ] 90 root - INFO - Hypothesis cg_000:float64,float64
[ 2022-12-08 20:02:17,974 ] 90 root - INFO - Hypothesis ch_000:float64,float64
[ 2022-12-08 20:02:17,977 ] 90 root - INFO - Hypothesis ci_000:float64,float64
[ 2022-12-08 20:02:17,983 ] 90 root - INFO - Hypothesis cj_000:float64,float64
[ 2022-12-08 20:02:17,987 ] 90 root - INFO - Hypothesis ck_000:float64,float64
[ 2022-12-08 20:02:17,993 ] 90 root - INFO - Hypothesis cl_000:float64,float64
[ 2022-12-08 20:02:17,996 ] 90 root - INFO - Hypothesis cm_000:float64,float64
[ 2022-12-08 20:02:18,001 ] 90 root - INFO - Hypothesis cn_000:float64,float64
[ 2022-12-08 20:02:18,015 ] 90 root - INFO - Hypothesis cn_001:float64,float64
[ 2022-12-08 20:02:18,031 ] 90 root - INFO - Hypothesis cn_002:float64,float64
[ 2022-12-08 20:02:18,038 ] 90 root - INFO - Hypothesis cn_003:float64,float64
[ 2022-12-08 20:02:18,044 ] 90 root - INFO - Hypothesis cn_004:float64,float64
[ 2022-12-08 20:02:18,050 ] 90 root - INFO - Hypothesis cn_005:float64,float64
[ 2022-12-08 20:02:18,056 ] 90 root - INFO - Hypothesis cn_006:float64,float64
[ 2022-12-08 20:02:18,062 ] 90 root - INFO - Hypothesis cn_007:float64,float64
[ 2022-12-08 20:02:18,068 ] 90 root - INFO - Hypothesis cn_008:float64,float64
[ 2022-12-08 20:02:18,073 ] 90 root - INFO - Hypothesis cn_009:float64,float64
[ 2022-12-08 20:02:18,077 ] 90 root - INFO - Hypothesis co_000:float64,float64
[ 2022-12-08 20:02:18,081 ] 90 root - INFO - Hypothesis cp_000:float64,float64
[ 2022-12-08 20:02:18,086 ] 90 root - INFO - Hypothesis cq_000:float64,float64
[ 2022-12-08 20:02:18,092 ] 90 root - INFO - Hypothesis cs_000:float64,float64
[ 2022-12-08 20:02:18,098 ] 90 root - INFO - Hypothesis cs_001:float64,float64
[ 2022-12-08 20:02:18,103 ] 90 root - INFO - Hypothesis cs_002:float64,float64
[ 2022-12-08 20:02:18,109 ] 90 root - INFO - Hypothesis cs_003:float64,float64
[ 2022-12-08 20:02:18,114 ] 90 root - INFO - Hypothesis cs_004:float64,float64
[ 2022-12-08 20:02:18,120 ] 90 root - INFO - Hypothesis cs_005:float64,float64
[ 2022-12-08 20:02:18,126 ] 90 root - INFO - Hypothesis cs_006:float64,float64
[ 2022-12-08 20:02:18,132 ] 90 root - INFO - Hypothesis cs_007:float64,float64
[ 2022-12-08 20:02:18,138 ] 90 root - INFO - Hypothesis cs_008:float64,float64
[ 2022-12-08 20:02:18,143 ] 90 root - INFO - Hypothesis cs_009:float64,float64
[ 2022-12-08 20:02:18,157 ] 90 root - INFO - Hypothesis ct_000:float64,float64
[ 2022-12-08 20:02:18,162 ] 90 root - INFO - Hypothesis cu_000:float64,float64
[ 2022-12-08 20:02:18,166 ] 90 root - INFO - Hypothesis cv_000:float64,float64
[ 2022-12-08 20:02:18,172 ] 90 root - INFO - Hypothesis cx_000:float64,float64
[ 2022-12-08 20:02:18,177 ] 90 root - INFO - Hypothesis cy_000:float64,float64
[ 2022-12-08 20:02:18,180 ] 90 root - INFO - Hypothesis cz_000:float64,float64
[ 2022-12-08 20:02:18,185 ] 90 root - INFO - Hypothesis da_000:float64,float64
[ 2022-12-08 20:02:18,199 ] 90 root - INFO - Hypothesis db_000:float64,float64
[ 2022-12-08 20:02:18,202 ] 90 root - INFO - Hypothesis dc_000:float64,float64
[ 2022-12-08 20:02:18,208 ] 90 root - INFO - Hypothesis dd_000:float64,float64
[ 2022-12-08 20:02:18,213 ] 90 root - INFO - Hypothesis de_000:float64,float64
[ 2022-12-08 20:02:18,218 ] 90 root - INFO - Hypothesis df_000:float64,float64
[ 2022-12-08 20:02:18,221 ] 90 root - INFO - Hypothesis dg_000:float64,float64
[ 2022-12-08 20:02:18,224 ] 90 root - INFO - Hypothesis dh_000:float64,float64
[ 2022-12-08 20:02:18,227 ] 90 root - INFO - Hypothesis di_000:float64,float64
[ 2022-12-08 20:02:18,230 ] 90 root - INFO - Hypothesis dj_000:float64,float64
[ 2022-12-08 20:02:18,233 ] 90 root - INFO - Hypothesis dk_000:float64,float64
[ 2022-12-08 20:02:18,236 ] 90 root - INFO - Hypothesis dl_000:float64,float64
[ 2022-12-08 20:02:18,239 ] 90 root - INFO - Hypothesis dm_000:float64,float64
[ 2022-12-08 20:02:18,242 ] 90 root - INFO - Hypothesis dn_000:float64,float64
[ 2022-12-08 20:02:18,248 ] 90 root - INFO - Hypothesis do_000:float64,float64
[ 2022-12-08 20:02:18,253 ] 90 root - INFO - Hypothesis dp_000:float64,float64
[ 2022-12-08 20:02:18,258 ] 90 root - INFO - Hypothesis dq_000:float64,float64
[ 2022-12-08 20:02:18,262 ] 90 root - INFO - Hypothesis dr_000:float64,float64
[ 2022-12-08 20:02:18,266 ] 90 root - INFO - Hypothesis ds_000:float64,float64
[ 2022-12-08 20:02:18,272 ] 90 root - INFO - Hypothesis dt_000:float64,float64
[ 2022-12-08 20:02:18,277 ] 90 root - INFO - Hypothesis du_000:float64,float64
[ 2022-12-08 20:02:18,283 ] 90 root - INFO - Hypothesis dv_000:float64,float64
[ 2022-12-08 20:02:18,288 ] 90 root - INFO - Hypothesis dx_000:float64,float64
[ 2022-12-08 20:02:18,292 ] 90 root - INFO - Hypothesis dy_000:float64,float64
[ 2022-12-08 20:02:18,296 ] 90 root - INFO - Hypothesis dz_000:float64,float64
[ 2022-12-08 20:02:18,311 ] 90 root - INFO - Hypothesis ea_000:float64,float64
[ 2022-12-08 20:02:18,325 ] 90 root - INFO - Hypothesis eb_000:float64,float64
[ 2022-12-08 20:02:18,330 ] 90 root - INFO - Hypothesis ec_00:float64,float64
[ 2022-12-08 20:02:18,336 ] 90 root - INFO - Hypothesis ed_000:float64,float64
[ 2022-12-08 20:02:18,341 ] 90 root - INFO - Hypothesis ee_000:float64,float64
[ 2022-12-08 20:02:18,347 ] 90 root - INFO - Hypothesis ee_001:float64,float64
[ 2022-12-08 20:02:18,353 ] 90 root - INFO - Hypothesis ee_002:float64,float64
[ 2022-12-08 20:02:18,360 ] 90 root - INFO - Hypothesis ee_003:float64,float64
[ 2022-12-08 20:02:18,366 ] 90 root - INFO - Hypothesis ee_004:float64,float64
[ 2022-12-08 20:02:18,371 ] 90 root - INFO - Hypothesis ee_005:float64,float64
[ 2022-12-08 20:02:18,377 ] 90 root - INFO - Hypothesis ee_006:float64,float64
[ 2022-12-08 20:02:18,383 ] 90 root - INFO - Hypothesis ee_007:float64,float64
[ 2022-12-08 20:02:18,388 ] 90 root - INFO - Hypothesis ee_008:float64,float64
[ 2022-12-08 20:02:18,394 ] 90 root - INFO - Hypothesis ee_009:float64,float64
[ 2022-12-08 20:02:18,398 ] 90 root - INFO - Hypothesis ef_000:float64,float64
[ 2022-12-08 20:02:18,412 ] 90 root - INFO - Hypothesis eg_000:float64,float64
[ 2022-12-08 20:02:18,415 ] 145 root - INFO - As all column are available in train df hence detecting data_drift
[ 2022-12-08 20:02:18,415 ] 90 root - INFO - Hypothesis class:object,object
[ 2022-12-08 20:02:18,433 ] 90 root - INFO - Hypothesis aa_000:float64,float64
[ 2022-12-08 20:02:18,435 ] 90 root - INFO - Hypothesis ac_000:float64,float64
[ 2022-12-08 20:02:18,437 ] 90 root - INFO - Hypothesis ad_000:float64,float64
[ 2022-12-08 20:02:18,439 ] 90 root - INFO - Hypothesis ae_000:float64,float64
[ 2022-12-08 20:02:18,440 ] 90 root - INFO - Hypothesis af_000:float64,float64
[ 2022-12-08 20:02:18,441 ] 90 root - INFO - Hypothesis ag_000:float64,float64
[ 2022-12-08 20:02:18,442 ] 90 root - INFO - Hypothesis ag_001:float64,float64
[ 2022-12-08 20:02:18,443 ] 90 root - INFO - Hypothesis ag_002:float64,float64
[ 2022-12-08 20:02:18,444 ] 90 root - INFO - Hypothesis ag_003:float64,float64
[ 2022-12-08 20:02:18,445 ] 90 root - INFO - Hypothesis ag_004:float64,float64
[ 2022-12-08 20:02:18,447 ] 90 root - INFO - Hypothesis ag_005:float64,float64
[ 2022-12-08 20:02:18,449 ] 90 root - INFO - Hypothesis ag_006:float64,float64
[ 2022-12-08 20:02:18,451 ] 90 root - INFO - Hypothesis ag_007:float64,float64
[ 2022-12-08 20:02:18,453 ] 90 root - INFO - Hypothesis ag_008:float64,float64
[ 2022-12-08 20:02:18,455 ] 90 root - INFO - Hypothesis ag_009:float64,float64
[ 2022-12-08 20:02:18,456 ] 90 root - INFO - Hypothesis ah_000:float64,float64
[ 2022-12-08 20:02:18,458 ] 90 root - INFO - Hypothesis ai_000:float64,float64
[ 2022-12-08 20:02:18,460 ] 90 root - INFO - Hypothesis aj_000:float64,float64
[ 2022-12-08 20:02:18,461 ] 90 root - INFO - Hypothesis ak_000:float64,float64
[ 2022-12-08 20:02:18,462 ] 90 root - INFO - Hypothesis al_000:float64,float64
[ 2022-12-08 20:02:18,463 ] 90 root - INFO - Hypothesis am_0:float64,float64
[ 2022-12-08 20:02:18,465 ] 90 root - INFO - Hypothesis an_000:float64,float64
[ 2022-12-08 20:02:18,467 ] 90 root - INFO - Hypothesis ao_000:float64,float64
[ 2022-12-08 20:02:18,469 ] 90 root - INFO - Hypothesis ap_000:float64,float64
[ 2022-12-08 20:02:18,471 ] 90 root - INFO - Hypothesis aq_000:float64,float64
[ 2022-12-08 20:02:18,473 ] 90 root - INFO - Hypothesis ar_000:float64,float64
[ 2022-12-08 20:02:18,474 ] 90 root - INFO - Hypothesis as_000:float64,float64
[ 2022-12-08 20:02:18,475 ] 90 root - INFO - Hypothesis at_000:float64,float64
[ 2022-12-08 20:02:18,476 ] 90 root - INFO - Hypothesis au_000:float64,float64
[ 2022-12-08 20:02:18,477 ] 90 root - INFO - Hypothesis av_000:float64,float64
[ 2022-12-08 20:02:18,479 ] 90 root - INFO - Hypothesis ax_000:float64,float64
[ 2022-12-08 20:02:18,481 ] 90 root - INFO - Hypothesis ay_000:float64,float64
[ 2022-12-08 20:02:18,482 ] 90 root - INFO - Hypothesis ay_001:float64,float64
[ 2022-12-08 20:02:18,483 ] 90 root - INFO - Hypothesis ay_002:float64,float64
[ 2022-12-08 20:02:18,483 ] 90 root - INFO - Hypothesis ay_003:float64,float64
[ 2022-12-08 20:02:18,484 ] 90 root - INFO - Hypothesis ay_004:float64,float64
[ 2022-12-08 20:02:18,485 ] 90 root - INFO - Hypothesis ay_005:float64,float64
[ 2022-12-08 20:02:18,487 ] 90 root - INFO - Hypothesis ay_006:float64,float64
[ 2022-12-08 20:02:18,489 ] 90 root - INFO - Hypothesis ay_007:float64,float64
[ 2022-12-08 20:02:18,491 ] 90 root - INFO - Hypothesis ay_008:float64,float64
[ 2022-12-08 20:02:18,493 ] 90 root - INFO - Hypothesis ay_009:float64,float64
[ 2022-12-08 20:02:18,494 ] 90 root - INFO - Hypothesis az_000:float64,float64
[ 2022-12-08 20:02:18,496 ] 90 root - INFO - Hypothesis az_001:float64,float64
[ 2022-12-08 20:02:18,498 ] 90 root - INFO - Hypothesis az_002:float64,float64
[ 2022-12-08 20:02:18,500 ] 90 root - INFO - Hypothesis az_003:float64,float64
[ 2022-12-08 20:02:18,502 ] 90 root - INFO - Hypothesis az_004:float64,float64
[ 2022-12-08 20:02:18,504 ] 90 root - INFO - Hypothesis az_005:float64,float64
[ 2022-12-08 20:02:18,506 ] 90 root - INFO - Hypothesis az_006:float64,float64
[ 2022-12-08 20:02:18,508 ] 90 root - INFO - Hypothesis az_007:float64,float64
[ 2022-12-08 20:02:18,509 ] 90 root - INFO - Hypothesis az_008:float64,float64
[ 2022-12-08 20:02:18,510 ] 90 root - INFO - Hypothesis az_009:float64,float64
[ 2022-12-08 20:02:18,511 ] 90 root - INFO - Hypothesis ba_000:float64,float64
[ 2022-12-08 20:02:18,513 ] 90 root - INFO - Hypothesis ba_001:float64,float64
[ 2022-12-08 20:02:18,515 ] 90 root - INFO - Hypothesis ba_002:float64,float64
[ 2022-12-08 20:02:18,517 ] 90 root - INFO - Hypothesis ba_003:float64,float64
[ 2022-12-08 20:02:18,519 ] 90 root - INFO - Hypothesis ba_004:float64,float64
[ 2022-12-08 20:02:18,521 ] 90 root - INFO - Hypothesis ba_005:float64,float64
[ 2022-12-08 20:02:18,523 ] 90 root - INFO - Hypothesis ba_006:float64,float64
[ 2022-12-08 20:02:18,525 ] 90 root - INFO - Hypothesis ba_007:float64,float64
[ 2022-12-08 20:02:18,527 ] 90 root - INFO - Hypothesis ba_008:float64,float64
[ 2022-12-08 20:02:18,529 ] 90 root - INFO - Hypothesis ba_009:float64,float64
[ 2022-12-08 20:02:18,531 ] 90 root - INFO - Hypothesis bb_000:float64,float64
[ 2022-12-08 20:02:18,533 ] 90 root - INFO - Hypothesis bc_000:float64,float64
[ 2022-12-08 20:02:18,534 ] 90 root - INFO - Hypothesis bd_000:float64,float64
[ 2022-12-08 20:02:18,536 ] 90 root - INFO - Hypothesis be_000:float64,float64
[ 2022-12-08 20:02:18,538 ] 90 root - INFO - Hypothesis bf_000:float64,float64
[ 2022-12-08 20:02:18,539 ] 90 root - INFO - Hypothesis bg_000:float64,float64
[ 2022-12-08 20:02:18,541 ] 90 root - INFO - Hypothesis bh_000:float64,float64
[ 2022-12-08 20:02:18,544 ] 90 root - INFO - Hypothesis bi_000:float64,float64
[ 2022-12-08 20:02:18,546 ] 90 root - INFO - Hypothesis bj_000:float64,float64
[ 2022-12-08 20:02:18,548 ] 90 root - INFO - Hypothesis bk_000:float64,float64
[ 2022-12-08 20:02:18,549 ] 90 root - INFO - Hypothesis bl_000:float64,float64
[ 2022-12-08 20:02:18,551 ] 90 root - INFO - Hypothesis bm_000:float64,float64
[ 2022-12-08 20:02:18,552 ] 90 root - INFO - Hypothesis bs_000:float64,float64
[ 2022-12-08 20:02:18,554 ] 90 root - INFO - Hypothesis bt_000:float64,float64
[ 2022-12-08 20:02:18,556 ] 90 root - INFO - Hypothesis bu_000:float64,float64
[ 2022-12-08 20:02:18,558 ] 90 root - INFO - Hypothesis bv_000:float64,float64
[ 2022-12-08 20:02:18,560 ] 90 root - INFO - Hypothesis bx_000:float64,float64
[ 2022-12-08 20:02:18,562 ] 90 root - INFO - Hypothesis by_000:float64,float64
[ 2022-12-08 20:02:18,564 ] 90 root - INFO - Hypothesis bz_000:float64,float64
[ 2022-12-08 20:02:18,566 ] 90 root - INFO - Hypothesis ca_000:float64,float64
[ 2022-12-08 20:02:18,568 ] 90 root - INFO - Hypothesis cb_000:float64,float64
[ 2022-12-08 20:02:18,570 ] 90 root - INFO - Hypothesis cc_000:float64,float64
[ 2022-12-08 20:02:18,572 ] 90 root - INFO - Hypothesis cd_000:float64,float64
[ 2022-12-08 20:02:18,573 ] 90 root - INFO - Hypothesis ce_000:float64,float64
[ 2022-12-08 20:02:18,575 ] 90 root - INFO - Hypothesis cf_000:float64,float64
[ 2022-12-08 20:02:18,577 ] 90 root - INFO - Hypothesis cg_000:float64,float64
[ 2022-12-08 20:02:18,578 ] 90 root - INFO - Hypothesis ch_000:float64,float64
[ 2022-12-08 20:02:18,579 ] 90 root - INFO - Hypothesis ci_000:float64,float64
[ 2022-12-08 20:02:18,581 ] 90 root - INFO - Hypothesis cj_000:float64,float64
[ 2022-12-08 20:02:18,583 ] 90 root - INFO - Hypothesis ck_000:float64,float64
[ 2022-12-08 20:02:18,585 ] 90 root - INFO - Hypothesis cl_000:float64,float64
[ 2022-12-08 20:02:18,586 ] 90 root - INFO - Hypothesis cm_000:float64,float64
[ 2022-12-08 20:02:18,588 ] 90 root - INFO - Hypothesis cn_000:float64,float64
[ 2022-12-08 20:02:18,589 ] 90 root - INFO - Hypothesis cn_001:float64,float64
[ 2022-12-08 20:02:18,590 ] 90 root - INFO - Hypothesis cn_002:float64,float64
[ 2022-12-08 20:02:18,591 ] 90 root - INFO - Hypothesis cn_003:float64,float64
[ 2022-12-08 20:02:18,593 ] 90 root - INFO - Hypothesis cn_004:float64,float64
[ 2022-12-08 20:02:18,596 ] 90 root - INFO - Hypothesis cn_005:float64,float64
[ 2022-12-08 20:02:18,598 ] 90 root - INFO - Hypothesis cn_006:float64,float64
[ 2022-12-08 20:02:18,600 ] 90 root - INFO - Hypothesis cn_007:float64,float64
[ 2022-12-08 20:02:18,602 ] 90 root - INFO - Hypothesis cn_008:float64,float64
[ 2022-12-08 20:02:18,603 ] 90 root - INFO - Hypothesis cn_009:float64,float64
[ 2022-12-08 20:02:18,605 ] 90 root - INFO - Hypothesis co_000:float64,float64
[ 2022-12-08 20:02:18,607 ] 90 root - INFO - Hypothesis cp_000:float64,float64
[ 2022-12-08 20:02:18,608 ] 90 root - INFO - Hypothesis cq_000:float64,float64
[ 2022-12-08 20:02:18,610 ] 90 root - INFO - Hypothesis cs_000:float64,float64
[ 2022-12-08 20:02:18,612 ] 90 root - INFO - Hypothesis cs_001:float64,float64
[ 2022-12-08 20:02:18,614 ] 90 root - INFO - Hypothesis cs_002:float64,float64
[ 2022-12-08 20:02:18,616 ] 90 root - INFO - Hypothesis cs_003:float64,float64
[ 2022-12-08 20:02:18,618 ] 90 root - INFO - Hypothesis cs_004:float64,float64
[ 2022-12-08 20:02:18,620 ] 90 root - INFO - Hypothesis cs_005:float64,float64
[ 2022-12-08 20:02:18,622 ] 90 root - INFO - Hypothesis cs_006:float64,float64
[ 2022-12-08 20:02:18,624 ] 90 root - INFO - Hypothesis cs_007:float64,float64
[ 2022-12-08 20:02:18,627 ] 90 root - INFO - Hypothesis cs_008:float64,float64
[ 2022-12-08 20:02:18,628 ] 90 root - INFO - Hypothesis cs_009:float64,float64
[ 2022-12-08 20:02:18,629 ] 90 root - INFO - Hypothesis ct_000:float64,float64
[ 2022-12-08 20:02:18,631 ] 90 root - INFO - Hypothesis cu_000:float64,float64
[ 2022-12-08 20:02:18,633 ] 90 root - INFO - Hypothesis cv_000:float64,float64
[ 2022-12-08 20:02:18,635 ] 90 root - INFO - Hypothesis cx_000:float64,float64
[ 2022-12-08 20:02:18,636 ] 90 root - INFO - Hypothesis cy_000:float64,float64
[ 2022-12-08 20:02:18,638 ] 90 root - INFO - Hypothesis cz_000:float64,float64
[ 2022-12-08 20:02:18,639 ] 90 root - INFO - Hypothesis da_000:float64,float64
[ 2022-12-08 20:02:18,640 ] 90 root - INFO - Hypothesis db_000:float64,float64
[ 2022-12-08 20:02:18,642 ] 90 root - INFO - Hypothesis dc_000:float64,float64
[ 2022-12-08 20:02:18,644 ] 90 root - INFO - Hypothesis dd_000:float64,float64
[ 2022-12-08 20:02:18,646 ] 90 root - INFO - Hypothesis de_000:float64,float64
[ 2022-12-08 20:02:18,648 ] 90 root - INFO - Hypothesis df_000:float64,float64
[ 2022-12-08 20:02:18,649 ] 90 root - INFO - Hypothesis dg_000:float64,float64
[ 2022-12-08 20:02:18,650 ] 90 root - INFO - Hypothesis dh_000:float64,float64
[ 2022-12-08 20:02:18,651 ] 90 root - INFO - Hypothesis di_000:float64,float64
[ 2022-12-08 20:02:18,652 ] 90 root - INFO - Hypothesis dj_000:float64,float64
[ 2022-12-08 20:02:18,653 ] 90 root - INFO - Hypothesis dk_000:float64,float64
[ 2022-12-08 20:02:18,654 ] 90 root - INFO - Hypothesis dl_000:float64,float64
[ 2022-12-08 20:02:18,655 ] 90 root - INFO - Hypothesis dm_000:float64,float64
[ 2022-12-08 20:02:18,656 ] 90 root - INFO - Hypothesis dn_000:float64,float64
[ 2022-12-08 20:02:18,659 ] 90 root - INFO - Hypothesis do_000:float64,float64
[ 2022-12-08 20:02:18,661 ] 90 root - INFO - Hypothesis dp_000:float64,float64
[ 2022-12-08 20:02:18,663 ] 90 root - INFO - Hypothesis dq_000:float64,float64
[ 2022-12-08 20:02:18,664 ] 90 root - INFO - Hypothesis dr_000:float64,float64
[ 2022-12-08 20:02:18,666 ] 90 root - INFO - Hypothesis ds_000:float64,float64
[ 2022-12-08 20:02:18,668 ] 90 root - INFO - Hypothesis dt_000:float64,float64
[ 2022-12-08 20:02:18,670 ] 90 root - INFO - Hypothesis du_000:float64,float64
[ 2022-12-08 20:02:18,672 ] 90 root - INFO - Hypothesis dv_000:float64,float64
[ 2022-12-08 20:02:18,674 ] 90 root - INFO - Hypothesis dx_000:float64,float64
[ 2022-12-08 20:02:18,675 ] 90 root - INFO - Hypothesis dy_000:float64,float64
[ 2022-12-08 20:02:18,677 ] 90 root - INFO - Hypothesis dz_000:float64,float64
[ 2022-12-08 20:02:18,678 ] 90 root - INFO - Hypothesis ea_000:float64,float64
[ 2022-12-08 20:02:18,679 ] 90 root - INFO - Hypothesis eb_000:float64,float64
[ 2022-12-08 20:02:18,680 ] 90 root - INFO - Hypothesis ec_00:float64,float64
[ 2022-12-08 20:02:18,682 ] 90 root - INFO - Hypothesis ed_000:float64,float64
[ 2022-12-08 20:02:18,684 ] 90 root - INFO - Hypothesis ee_000:float64,float64
[ 2022-12-08 20:02:18,686 ] 90 root - INFO - Hypothesis ee_001:float64,float64
[ 2022-12-08 20:02:18,688 ] 90 root - INFO - Hypothesis ee_002:float64,float64
[ 2022-12-08 20:02:18,691 ] 90 root - INFO - Hypothesis ee_003:float64,float64
[ 2022-12-08 20:02:18,693 ] 90 root - INFO - Hypothesis ee_004:float64,float64
[ 2022-12-08 20:02:18,695 ] 90 root - INFO - Hypothesis ee_005:float64,float64
[ 2022-12-08 20:02:18,697 ] 90 root - INFO - Hypothesis ee_006:float64,float64
[ 2022-12-08 20:02:18,699 ] 90 root - INFO - Hypothesis ee_007:float64,float64
[ 2022-12-08 20:02:18,701 ] 90 root - INFO - Hypothesis ee_008:float64,float64
[ 2022-12-08 20:02:18,702 ] 90 root - INFO - Hypothesis ee_009:float64,float64
[ 2022-12-08 20:02:18,704 ] 90 root - INFO - Hypothesis ef_000:float64,float64
[ 2022-12-08 20:02:18,705 ] 90 root - INFO - Hypothesis eg_000:float64,float64
[ 2022-12-08 20:02:18,706 ] 148 root - INFO - Write report in yaml file
[ 2022-12-08 20:02:18,777 ] 152 root - INFO - Data_validation_artifact :{data_validation_artifact}
