[ 2022-12-08 20:04:48,101 ] 21 root - INFO - Exporting collection data as pandas dataframe
[ 2022-12-08 20:04:48,101 ] 24 root - INFO - reading data from database:aps and collection:sensor
[ 2022-12-08 20:04:51,707 ] 26 root - INFO - found columns:Index(['_id', 'class', 'aa_000', 'ab_000', 'ac_000', 'ad_000', 'ae_000',
       'af_000', 'ag_000', 'ag_001',
       ...
       'ee_002', 'ee_003', 'ee_004', 'ee_005', 'ee_006', 'ee_007', 'ee_008',
       'ee_009', 'ef_000', 'eg_000'],
      dtype='object', length=172)
[ 2022-12-08 20:04:51,707 ] 28 root - INFO - dropping columns: _id
[ 2022-12-08 20:04:51,906 ] 30 root - INFO - columns and rows in df is (36188, 171)
[ 2022-12-08 20:04:51,907 ] 28 root - INFO - Save data in feature store
[ 2022-12-08 20:04:52,446 ] 34 root - INFO - Create feature store folder if not available
[ 2022-12-08 20:04:52,446 ] 38 root - INFO - Save df to feature store folder
[ 2022-12-08 20:04:54,906 ] 43 root - INFO - split dataset into train and test set
[ 2022-12-08 20:04:55,566 ] 47 root - INFO - create dataset directory folder if not available
[ 2022-12-08 20:04:55,566 ] 52 root - INFO - Save df to feature store folder
[ 2022-12-08 20:04:57,930 ] 64 root - INFO - Data ingestion artifact: DataIngestionArtifact(feature_store_file_path='/config/workspace/artifact/12082022__200448/data_ingestion/feature_store/sensor.csv', train_file_path='/config/workspace/artifact/12082022__200448/data_ingestion/dataset/train.csv', test_file_path='/config/workspace/artifact/12082022__200448/data_ingestion/dataset/test.csv')
[ 2022-12-08 20:04:58,437 ] 19 root - INFO - <<<<<<<<<<<<<<<<<<<<<<<<<<<<<<<<<<<<<<<< Data Validation >>>>>>>>>>>>>>>>>>>>>>>>>>>>>>>>>>>>>>>>
[ 2022-12-08 20:04:58,437 ] 115 root - INFO - reading base dataframe
[ 2022-12-08 20:05:00,166 ] 118 root - INFO - replaced na values with np.nan in base df
[ 2022-12-08 20:05:00,166 ] 120 root - INFO - dropping null values columns from base dataframe
[ 2022-12-08 20:05:01,231 ] 42 root - INFO - selecting columns names containing null values above 0.7
[ 2022-12-08 20:05:01,232 ] 45 root - INFO - columns to drop: ['ab_000', 'bn_000', 'bo_000', 'bp_000', 'bq_000', 'br_000', 'cr_000']
[ 2022-12-08 20:05:01,325 ] 123 root - INFO - Reading train dataframe
[ 2022-12-08 20:05:01,704 ] 125 root - INFO - Reading test dataframe
[ 2022-12-08 20:05:01,801 ] 128 root - INFO - dropping null values columns from train dataframe
[ 2022-12-08 20:05:01,813 ] 42 root - INFO - selecting columns names containing null values above 0.7
[ 2022-12-08 20:05:01,814 ] 45 root - INFO - columns to drop: ['ab_000', 'bn_000', 'bo_000', 'bp_000', 'bq_000', 'br_000', 'cr_000']
[ 2022-12-08 20:05:01,890 ] 130 root - INFO - dropping null values columns from test dataframe
[ 2022-12-08 20:05:01,897 ] 42 root - INFO - selecting columns names containing null values above 0.7
[ 2022-12-08 20:05:01,897 ] 45 root - INFO - columns to drop: ['ab_000', 'bn_000', 'bo_000', 'bp_000', 'bq_000', 'br_000', 'cr_000']
[ 2022-12-08 20:05:02,523 ] 142 root - INFO - As all column are available in train df hence detecting data_drift
[ 2022-12-08 20:05:02,524 ] 90 root - INFO - Hypothesis class:object,object
[ 2022-12-08 20:05:02,587 ] 90 root - INFO - Hypothesis aa_000:float64,float64
[ 2022-12-08 20:05:02,593 ] 90 root - INFO - Hypothesis ac_000:float64,float64
[ 2022-12-08 20:05:02,598 ] 90 root - INFO - Hypothesis ad_000:float64,float64
[ 2022-12-08 20:05:02,603 ] 90 root - INFO - Hypothesis ae_000:float64,float64
[ 2022-12-08 20:05:02,605 ] 90 root - INFO - Hypothesis af_000:float64,float64
[ 2022-12-08 20:05:02,608 ] 90 root - INFO - Hypothesis ag_000:float64,float64
[ 2022-12-08 20:05:02,622 ] 90 root - INFO - Hypothesis ag_001:float64,float64
[ 2022-12-08 20:05:02,636 ] 90 root - INFO - Hypothesis ag_002:float64,float64
[ 2022-12-08 20:05:02,639 ] 90 root - INFO - Hypothesis ag_003:float64,float64
[ 2022-12-08 20:05:02,643 ] 90 root - INFO - Hypothesis ag_004:float64,float64
[ 2022-12-08 20:05:02,649 ] 90 root - INFO - Hypothesis ag_005:float64,float64
[ 2022-12-08 20:05:02,654 ] 90 root - INFO - Hypothesis ag_006:float64,float64
[ 2022-12-08 20:05:02,660 ] 90 root - INFO - Hypothesis ag_007:float64,float64
[ 2022-12-08 20:05:02,666 ] 90 root - INFO - Hypothesis ag_008:float64,float64
[ 2022-12-08 20:05:02,671 ] 90 root - INFO - Hypothesis ag_009:float64,float64
[ 2022-12-08 20:05:02,675 ] 90 root - INFO - Hypothesis ah_000:float64,float64
[ 2022-12-08 20:05:02,681 ] 90 root - INFO - Hypothesis ai_000:float64,float64
[ 2022-12-08 20:05:02,684 ] 90 root - INFO - Hypothesis aj_000:float64,float64
[ 2022-12-08 20:05:02,688 ] 90 root - INFO - Hypothesis ak_000:float64,float64
[ 2022-12-08 20:05:02,691 ] 90 root - INFO - Hypothesis al_000:float64,float64
[ 2022-12-08 20:05:02,695 ] 90 root - INFO - Hypothesis am_0:float64,float64
[ 2022-12-08 20:05:02,700 ] 90 root - INFO - Hypothesis an_000:float64,float64
[ 2022-12-08 20:05:02,706 ] 90 root - INFO - Hypothesis ao_000:float64,float64
[ 2022-12-08 20:05:02,712 ] 90 root - INFO - Hypothesis ap_000:float64,float64
[ 2022-12-08 20:05:02,718 ] 90 root - INFO - Hypothesis aq_000:float64,float64
[ 2022-12-08 20:05:02,724 ] 90 root - INFO - Hypothesis ar_000:float64,float64
[ 2022-12-08 20:05:02,727 ] 90 root - INFO - Hypothesis as_000:float64,float64
[ 2022-12-08 20:05:02,742 ] 90 root - INFO - Hypothesis at_000:float64,float64
[ 2022-12-08 20:05:02,745 ] 90 root - INFO - Hypothesis au_000:float64,float64
[ 2022-12-08 20:05:02,759 ] 90 root - INFO - Hypothesis av_000:float64,float64
[ 2022-12-08 20:05:02,764 ] 90 root - INFO - Hypothesis ax_000:float64,float64
[ 2022-12-08 20:05:02,769 ] 90 root - INFO - Hypothesis ay_000:float64,float64
[ 2022-12-08 20:05:02,784 ] 90 root - INFO - Hypothesis ay_001:float64,float64
[ 2022-12-08 20:05:02,798 ] 90 root - INFO - Hypothesis ay_002:float64,float64
[ 2022-12-08 20:05:02,812 ] 90 root - INFO - Hypothesis ay_003:float64,float64
[ 2022-12-08 20:05:02,826 ] 90 root - INFO - Hypothesis ay_004:float64,float64
[ 2022-12-08 20:05:02,841 ] 90 root - INFO - Hypothesis ay_005:float64,float64
[ 2022-12-08 20:05:02,845 ] 90 root - INFO - Hypothesis ay_006:float64,float64
[ 2022-12-08 20:05:02,851 ] 90 root - INFO - Hypothesis ay_007:float64,float64
[ 2022-12-08 20:05:02,856 ] 90 root - INFO - Hypothesis ay_008:float64,float64
[ 2022-12-08 20:05:02,862 ] 90 root - INFO - Hypothesis ay_009:float64,float64
[ 2022-12-08 20:05:02,876 ] 90 root - INFO - Hypothesis az_000:float64,float64
[ 2022-12-08 20:05:02,882 ] 90 root - INFO - Hypothesis az_001:float64,float64
[ 2022-12-08 20:05:02,887 ] 90 root - INFO - Hypothesis az_002:float64,float64
[ 2022-12-08 20:05:02,893 ] 90 root - INFO - Hypothesis az_003:float64,float64
[ 2022-12-08 20:05:02,898 ] 90 root - INFO - Hypothesis az_004:float64,float64
[ 2022-12-08 20:05:02,904 ] 90 root - INFO - Hypothesis az_005:float64,float64
[ 2022-12-08 20:05:02,910 ] 90 root - INFO - Hypothesis az_006:float64,float64
[ 2022-12-08 20:05:02,925 ] 90 root - INFO - Hypothesis az_007:float64,float64
[ 2022-12-08 20:05:02,928 ] 90 root - INFO - Hypothesis az_008:float64,float64
[ 2022-12-08 20:05:02,932 ] 90 root - INFO - Hypothesis az_009:float64,float64
[ 2022-12-08 20:05:02,946 ] 90 root - INFO - Hypothesis ba_000:float64,float64
[ 2022-12-08 20:05:02,952 ] 90 root - INFO - Hypothesis ba_001:float64,float64
[ 2022-12-08 20:05:02,958 ] 90 root - INFO - Hypothesis ba_002:float64,float64
[ 2022-12-08 20:05:02,964 ] 90 root - INFO - Hypothesis ba_003:float64,float64
[ 2022-12-08 20:05:02,970 ] 90 root - INFO - Hypothesis ba_004:float64,float64
[ 2022-12-08 20:05:02,975 ] 90 root - INFO - Hypothesis ba_005:float64,float64
[ 2022-12-08 20:05:02,981 ] 90 root - INFO - Hypothesis ba_006:float64,float64
[ 2022-12-08 20:05:02,987 ] 90 root - INFO - Hypothesis ba_007:float64,float64
[ 2022-12-08 20:05:02,994 ] 90 root - INFO - Hypothesis ba_008:float64,float64
[ 2022-12-08 20:05:02,998 ] 90 root - INFO - Hypothesis ba_009:float64,float64
[ 2022-12-08 20:05:03,003 ] 90 root - INFO - Hypothesis bb_000:float64,float64
[ 2022-12-08 20:05:03,009 ] 90 root - INFO - Hypothesis bc_000:float64,float64
[ 2022-12-08 20:05:03,013 ] 90 root - INFO - Hypothesis bd_000:float64,float64
[ 2022-12-08 20:05:03,018 ] 90 root - INFO - Hypothesis be_000:float64,float64
[ 2022-12-08 20:05:03,023 ] 90 root - INFO - Hypothesis bf_000:float64,float64
[ 2022-12-08 20:05:03,027 ] 90 root - INFO - Hypothesis bg_000:float64,float64
[ 2022-12-08 20:05:03,033 ] 90 root - INFO - Hypothesis bh_000:float64,float64
[ 2022-12-08 20:05:03,039 ] 90 root - INFO - Hypothesis bi_000:float64,float64
[ 2022-12-08 20:05:03,045 ] 90 root - INFO - Hypothesis bj_000:float64,float64
[ 2022-12-08 20:05:03,052 ] 90 root - INFO - Hypothesis bk_000:float64,float64
[ 2022-12-08 20:05:03,057 ] 90 root - INFO - Hypothesis bl_000:float64,float64
[ 2022-12-08 20:05:03,061 ] 90 root - INFO - Hypothesis bm_000:float64,float64
[ 2022-12-08 20:05:03,066 ] 90 root - INFO - Hypothesis bs_000:float64,float64
[ 2022-12-08 20:05:03,073 ] 90 root - INFO - Hypothesis bt_000:float64,float64
[ 2022-12-08 20:05:03,079 ] 90 root - INFO - Hypothesis bu_000:float64,float64
[ 2022-12-08 20:05:03,085 ] 90 root - INFO - Hypothesis bv_000:float64,float64
[ 2022-12-08 20:05:03,091 ] 90 root - INFO - Hypothesis bx_000:float64,float64
[ 2022-12-08 20:05:03,098 ] 90 root - INFO - Hypothesis by_000:float64,float64
[ 2022-12-08 20:05:03,104 ] 90 root - INFO - Hypothesis bz_000:float64,float64
[ 2022-12-08 20:05:03,112 ] 90 root - INFO - Hypothesis ca_000:float64,float64
[ 2022-12-08 20:05:03,119 ] 90 root - INFO - Hypothesis cb_000:float64,float64
[ 2022-12-08 20:05:03,125 ] 90 root - INFO - Hypothesis cc_000:float64,float64
[ 2022-12-08 20:05:03,132 ] 90 root - INFO - Hypothesis cd_000:float64,float64
[ 2022-12-08 20:05:03,146 ] 90 root - INFO - Hypothesis ce_000:float64,float64
[ 2022-12-08 20:05:03,152 ] 90 root - INFO - Hypothesis cf_000:float64,float64
[ 2022-12-08 20:05:03,156 ] 90 root - INFO - Hypothesis cg_000:float64,float64
[ 2022-12-08 20:05:03,160 ] 90 root - INFO - Hypothesis ch_000:float64,float64
[ 2022-12-08 20:05:03,163 ] 90 root - INFO - Hypothesis ci_000:float64,float64
[ 2022-12-08 20:05:03,170 ] 90 root - INFO - Hypothesis cj_000:float64,float64
[ 2022-12-08 20:05:03,174 ] 90 root - INFO - Hypothesis ck_000:float64,float64
[ 2022-12-08 20:05:03,180 ] 90 root - INFO - Hypothesis cl_000:float64,float64
[ 2022-12-08 20:05:03,184 ] 90 root - INFO - Hypothesis cm_000:float64,float64
[ 2022-12-08 20:05:03,188 ] 90 root - INFO - Hypothesis cn_000:float64,float64
[ 2022-12-08 20:05:03,203 ] 90 root - INFO - Hypothesis cn_001:float64,float64
[ 2022-12-08 20:05:03,206 ] 90 root - INFO - Hypothesis cn_002:float64,float64
[ 2022-12-08 20:05:03,211 ] 90 root - INFO - Hypothesis cn_003:float64,float64
[ 2022-12-08 20:05:03,218 ] 90 root - INFO - Hypothesis cn_004:float64,float64
[ 2022-12-08 20:05:03,224 ] 90 root - INFO - Hypothesis cn_005:float64,float64
[ 2022-12-08 20:05:03,231 ] 90 root - INFO - Hypothesis cn_006:float64,float64
[ 2022-12-08 20:05:03,237 ] 90 root - INFO - Hypothesis cn_007:float64,float64
[ 2022-12-08 20:05:03,242 ] 90 root - INFO - Hypothesis cn_008:float64,float64
[ 2022-12-08 20:05:03,248 ] 90 root - INFO - Hypothesis cn_009:float64,float64
[ 2022-12-08 20:05:03,252 ] 90 root - INFO - Hypothesis co_000:float64,float64
[ 2022-12-08 20:05:03,256 ] 90 root - INFO - Hypothesis cp_000:float64,float64
[ 2022-12-08 20:05:03,260 ] 90 root - INFO - Hypothesis cq_000:float64,float64
[ 2022-12-08 20:05:03,266 ] 90 root - INFO - Hypothesis cs_000:float64,float64
[ 2022-12-08 20:05:03,272 ] 90 root - INFO - Hypothesis cs_001:float64,float64
[ 2022-12-08 20:05:03,277 ] 90 root - INFO - Hypothesis cs_002:float64,float64
[ 2022-12-08 20:05:03,283 ] 90 root - INFO - Hypothesis cs_003:float64,float64
[ 2022-12-08 20:05:03,289 ] 90 root - INFO - Hypothesis cs_004:float64,float64
[ 2022-12-08 20:05:03,294 ] 90 root - INFO - Hypothesis cs_005:float64,float64
[ 2022-12-08 20:05:03,300 ] 90 root - INFO - Hypothesis cs_006:float64,float64
[ 2022-12-08 20:05:03,307 ] 90 root - INFO - Hypothesis cs_007:float64,float64
[ 2022-12-08 20:05:03,312 ] 90 root - INFO - Hypothesis cs_008:float64,float64
[ 2022-12-08 20:05:03,317 ] 90 root - INFO - Hypothesis cs_009:float64,float64
[ 2022-12-08 20:05:03,331 ] 90 root - INFO - Hypothesis ct_000:float64,float64
[ 2022-12-08 20:05:03,336 ] 90 root - INFO - Hypothesis cu_000:float64,float64
[ 2022-12-08 20:05:03,340 ] 90 root - INFO - Hypothesis cv_000:float64,float64
[ 2022-12-08 20:05:03,346 ] 90 root - INFO - Hypothesis cx_000:float64,float64
[ 2022-12-08 20:05:03,351 ] 90 root - INFO - Hypothesis cy_000:float64,float64
[ 2022-12-08 20:05:03,354 ] 90 root - INFO - Hypothesis cz_000:float64,float64
[ 2022-12-08 20:05:03,359 ] 90 root - INFO - Hypothesis da_000:float64,float64
[ 2022-12-08 20:05:03,362 ] 90 root - INFO - Hypothesis db_000:float64,float64
[ 2022-12-08 20:05:03,365 ] 90 root - INFO - Hypothesis dc_000:float64,float64
[ 2022-12-08 20:05:03,370 ] 90 root - INFO - Hypothesis dd_000:float64,float64
[ 2022-12-08 20:05:03,376 ] 90 root - INFO - Hypothesis de_000:float64,float64
[ 2022-12-08 20:05:03,380 ] 90 root - INFO - Hypothesis df_000:float64,float64
[ 2022-12-08 20:05:03,383 ] 90 root - INFO - Hypothesis dg_000:float64,float64
[ 2022-12-08 20:05:03,386 ] 90 root - INFO - Hypothesis dh_000:float64,float64
[ 2022-12-08 20:05:03,389 ] 90 root - INFO - Hypothesis di_000:float64,float64
[ 2022-12-08 20:05:03,393 ] 90 root - INFO - Hypothesis dj_000:float64,float64
[ 2022-12-08 20:05:03,396 ] 90 root - INFO - Hypothesis dk_000:float64,float64
[ 2022-12-08 20:05:03,398 ] 90 root - INFO - Hypothesis dl_000:float64,float64
[ 2022-12-08 20:05:03,401 ] 90 root - INFO - Hypothesis dm_000:float64,float64
[ 2022-12-08 20:05:03,404 ] 90 root - INFO - Hypothesis dn_000:float64,float64
[ 2022-12-08 20:05:03,410 ] 90 root - INFO - Hypothesis do_000:float64,float64
[ 2022-12-08 20:05:03,416 ] 90 root - INFO - Hypothesis dp_000:float64,float64
[ 2022-12-08 20:05:03,421 ] 90 root - INFO - Hypothesis dq_000:float64,float64
[ 2022-12-08 20:05:03,425 ] 90 root - INFO - Hypothesis dr_000:float64,float64
[ 2022-12-08 20:05:03,429 ] 90 root - INFO - Hypothesis ds_000:float64,float64
[ 2022-12-08 20:05:03,435 ] 90 root - INFO - Hypothesis dt_000:float64,float64
[ 2022-12-08 20:05:03,440 ] 90 root - INFO - Hypothesis du_000:float64,float64
[ 2022-12-08 20:05:03,446 ] 90 root - INFO - Hypothesis dv_000:float64,float64
[ 2022-12-08 20:05:03,451 ] 90 root - INFO - Hypothesis dx_000:float64,float64
[ 2022-12-08 20:05:03,455 ] 90 root - INFO - Hypothesis dy_000:float64,float64
[ 2022-12-08 20:05:03,459 ] 90 root - INFO - Hypothesis dz_000:float64,float64
[ 2022-12-08 20:05:03,462 ] 90 root - INFO - Hypothesis ea_000:float64,float64
[ 2022-12-08 20:05:03,465 ] 90 root - INFO - Hypothesis eb_000:float64,float64
[ 2022-12-08 20:05:03,469 ] 90 root - INFO - Hypothesis ec_00:float64,float64
[ 2022-12-08 20:05:03,475 ] 90 root - INFO - Hypothesis ed_000:float64,float64
[ 2022-12-08 20:05:03,480 ] 90 root - INFO - Hypothesis ee_000:float64,float64
[ 2022-12-08 20:05:03,486 ] 90 root - INFO - Hypothesis ee_001:float64,float64
[ 2022-12-08 20:05:03,492 ] 90 root - INFO - Hypothesis ee_002:float64,float64
[ 2022-12-08 20:05:03,498 ] 90 root - INFO - Hypothesis ee_003:float64,float64
[ 2022-12-08 20:05:03,503 ] 90 root - INFO - Hypothesis ee_004:float64,float64
[ 2022-12-08 20:05:03,509 ] 90 root - INFO - Hypothesis ee_005:float64,float64
[ 2022-12-08 20:05:03,515 ] 90 root - INFO - Hypothesis ee_006:float64,float64
[ 2022-12-08 20:05:03,521 ] 90 root - INFO - Hypothesis ee_007:float64,float64
[ 2022-12-08 20:05:03,526 ] 90 root - INFO - Hypothesis ee_008:float64,float64
[ 2022-12-08 20:05:03,531 ] 90 root - INFO - Hypothesis ee_009:float64,float64
[ 2022-12-08 20:05:03,536 ] 90 root - INFO - Hypothesis ef_000:float64,float64
[ 2022-12-08 20:05:03,538 ] 90 root - INFO - Hypothesis eg_000:float64,float64
[ 2022-12-08 20:05:03,541 ] 145 root - INFO - As all column are available in train df hence detecting data_drift
[ 2022-12-08 20:05:03,541 ] 90 root - INFO - Hypothesis class:object,object
[ 2022-12-08 20:05:03,559 ] 90 root - INFO - Hypothesis aa_000:float64,float64
[ 2022-12-08 20:05:03,561 ] 90 root - INFO - Hypothesis ac_000:float64,float64
[ 2022-12-08 20:05:03,563 ] 90 root - INFO - Hypothesis ad_000:float64,float64
[ 2022-12-08 20:05:03,565 ] 90 root - INFO - Hypothesis ae_000:float64,float64
[ 2022-12-08 20:05:03,566 ] 90 root - INFO - Hypothesis af_000:float64,float64
[ 2022-12-08 20:05:03,567 ] 90 root - INFO - Hypothesis ag_000:float64,float64
[ 2022-12-08 20:05:03,568 ] 90 root - INFO - Hypothesis ag_001:float64,float64
[ 2022-12-08 20:05:03,569 ] 90 root - INFO - Hypothesis ag_002:float64,float64
[ 2022-12-08 20:05:03,570 ] 90 root - INFO - Hypothesis ag_003:float64,float64
[ 2022-12-08 20:05:03,571 ] 90 root - INFO - Hypothesis ag_004:float64,float64
[ 2022-12-08 20:05:03,573 ] 90 root - INFO - Hypothesis ag_005:float64,float64
[ 2022-12-08 20:05:03,575 ] 90 root - INFO - Hypothesis ag_006:float64,float64
[ 2022-12-08 20:05:03,578 ] 90 root - INFO - Hypothesis ag_007:float64,float64
[ 2022-12-08 20:05:03,579 ] 90 root - INFO - Hypothesis ag_008:float64,float64
[ 2022-12-08 20:05:03,581 ] 90 root - INFO - Hypothesis ag_009:float64,float64
[ 2022-12-08 20:05:03,583 ] 90 root - INFO - Hypothesis ah_000:float64,float64
[ 2022-12-08 20:05:03,585 ] 90 root - INFO - Hypothesis ai_000:float64,float64
[ 2022-12-08 20:05:03,586 ] 90 root - INFO - Hypothesis aj_000:float64,float64
[ 2022-12-08 20:05:03,587 ] 90 root - INFO - Hypothesis ak_000:float64,float64
[ 2022-12-08 20:05:03,588 ] 90 root - INFO - Hypothesis al_000:float64,float64
[ 2022-12-08 20:05:03,590 ] 90 root - INFO - Hypothesis am_0:float64,float64
[ 2022-12-08 20:05:03,591 ] 90 root - INFO - Hypothesis an_000:float64,float64
[ 2022-12-08 20:05:03,593 ] 90 root - INFO - Hypothesis ao_000:float64,float64
[ 2022-12-08 20:05:03,596 ] 90 root - INFO - Hypothesis ap_000:float64,float64
[ 2022-12-08 20:05:03,598 ] 90 root - INFO - Hypothesis aq_000:float64,float64
[ 2022-12-08 20:05:03,600 ] 90 root - INFO - Hypothesis ar_000:float64,float64
[ 2022-12-08 20:05:03,601 ] 90 root - INFO - Hypothesis as_000:float64,float64
[ 2022-12-08 20:05:03,602 ] 90 root - INFO - Hypothesis at_000:float64,float64
[ 2022-12-08 20:05:03,603 ] 90 root - INFO - Hypothesis au_000:float64,float64
[ 2022-12-08 20:05:03,604 ] 90 root - INFO - Hypothesis av_000:float64,float64
[ 2022-12-08 20:05:03,606 ] 90 root - INFO - Hypothesis ax_000:float64,float64
[ 2022-12-08 20:05:03,608 ] 90 root - INFO - Hypothesis ay_000:float64,float64
[ 2022-12-08 20:05:03,609 ] 90 root - INFO - Hypothesis ay_001:float64,float64
[ 2022-12-08 20:05:03,610 ] 90 root - INFO - Hypothesis ay_002:float64,float64
[ 2022-12-08 20:05:03,611 ] 90 root - INFO - Hypothesis ay_003:float64,float64
[ 2022-12-08 20:05:03,612 ] 90 root - INFO - Hypothesis ay_004:float64,float64
[ 2022-12-08 20:05:03,613 ] 90 root - INFO - Hypothesis ay_005:float64,float64
[ 2022-12-08 20:05:03,614 ] 90 root - INFO - Hypothesis ay_006:float64,float64
[ 2022-12-08 20:05:03,616 ] 90 root - INFO - Hypothesis ay_007:float64,float64
[ 2022-12-08 20:05:03,618 ] 90 root - INFO - Hypothesis ay_008:float64,float64
[ 2022-12-08 20:05:03,620 ] 90 root - INFO - Hypothesis ay_009:float64,float64
[ 2022-12-08 20:05:03,621 ] 90 root - INFO - Hypothesis az_000:float64,float64
[ 2022-12-08 20:05:03,624 ] 90 root - INFO - Hypothesis az_001:float64,float64
[ 2022-12-08 20:05:03,626 ] 90 root - INFO - Hypothesis az_002:float64,float64
[ 2022-12-08 20:05:03,628 ] 90 root - INFO - Hypothesis az_003:float64,float64
[ 2022-12-08 20:05:03,630 ] 90 root - INFO - Hypothesis az_004:float64,float64
[ 2022-12-08 20:05:03,632 ] 90 root - INFO - Hypothesis az_005:float64,float64
[ 2022-12-08 20:05:03,635 ] 90 root - INFO - Hypothesis az_006:float64,float64
[ 2022-12-08 20:05:03,637 ] 90 root - INFO - Hypothesis az_007:float64,float64
[ 2022-12-08 20:05:03,639 ] 90 root - INFO - Hypothesis az_008:float64,float64
[ 2022-12-08 20:05:03,640 ] 90 root - INFO - Hypothesis az_009:float64,float64
[ 2022-12-08 20:05:03,641 ] 90 root - INFO - Hypothesis ba_000:float64,float64
[ 2022-12-08 20:05:03,643 ] 90 root - INFO - Hypothesis ba_001:float64,float64
[ 2022-12-08 20:05:03,646 ] 90 root - INFO - Hypothesis ba_002:float64,float64
[ 2022-12-08 20:05:03,648 ] 90 root - INFO - Hypothesis ba_003:float64,float64
[ 2022-12-08 20:05:03,651 ] 90 root - INFO - Hypothesis ba_004:float64,float64
[ 2022-12-08 20:05:03,653 ] 90 root - INFO - Hypothesis ba_005:float64,float64
[ 2022-12-08 20:05:03,656 ] 90 root - INFO - Hypothesis ba_006:float64,float64
[ 2022-12-08 20:05:03,658 ] 90 root - INFO - Hypothesis ba_007:float64,float64
[ 2022-12-08 20:05:03,660 ] 90 root - INFO - Hypothesis ba_008:float64,float64
[ 2022-12-08 20:05:03,661 ] 90 root - INFO - Hypothesis ba_009:float64,float64
[ 2022-12-08 20:05:03,663 ] 90 root - INFO - Hypothesis bb_000:float64,float64
[ 2022-12-08 20:05:03,665 ] 90 root - INFO - Hypothesis bc_000:float64,float64
[ 2022-12-08 20:05:03,667 ] 90 root - INFO - Hypothesis bd_000:float64,float64
[ 2022-12-08 20:05:03,669 ] 90 root - INFO - Hypothesis be_000:float64,float64
[ 2022-12-08 20:05:03,671 ] 90 root - INFO - Hypothesis bf_000:float64,float64
[ 2022-12-08 20:05:03,672 ] 90 root - INFO - Hypothesis bg_000:float64,float64
[ 2022-12-08 20:05:03,675 ] 90 root - INFO - Hypothesis bh_000:float64,float64
[ 2022-12-08 20:05:03,677 ] 90 root - INFO - Hypothesis bi_000:float64,float64
[ 2022-12-08 20:05:03,679 ] 90 root - INFO - Hypothesis bj_000:float64,float64
[ 2022-12-08 20:05:03,681 ] 90 root - INFO - Hypothesis bk_000:float64,float64
[ 2022-12-08 20:05:03,683 ] 90 root - INFO - Hypothesis bl_000:float64,float64
[ 2022-12-08 20:05:03,685 ] 90 root - INFO - Hypothesis bm_000:float64,float64
[ 2022-12-08 20:05:03,686 ] 90 root - INFO - Hypothesis bs_000:float64,float64
[ 2022-12-08 20:05:03,688 ] 90 root - INFO - Hypothesis bt_000:float64,float64
[ 2022-12-08 20:05:03,690 ] 90 root - INFO - Hypothesis bu_000:float64,float64
[ 2022-12-08 20:05:03,692 ] 90 root - INFO - Hypothesis bv_000:float64,float64
[ 2022-12-08 20:05:03,695 ] 90 root - INFO - Hypothesis bx_000:float64,float64
[ 2022-12-08 20:05:03,697 ] 90 root - INFO - Hypothesis by_000:float64,float64
[ 2022-12-08 20:05:03,699 ] 90 root - INFO - Hypothesis bz_000:float64,float64
[ 2022-12-08 20:05:03,701 ] 90 root - INFO - Hypothesis ca_000:float64,float64
[ 2022-12-08 20:05:03,703 ] 90 root - INFO - Hypothesis cb_000:float64,float64
[ 2022-12-08 20:05:03,705 ] 90 root - INFO - Hypothesis cc_000:float64,float64
[ 2022-12-08 20:05:03,707 ] 90 root - INFO - Hypothesis cd_000:float64,float64
[ 2022-12-08 20:05:03,708 ] 90 root - INFO - Hypothesis ce_000:float64,float64
[ 2022-12-08 20:05:03,710 ] 90 root - INFO - Hypothesis cf_000:float64,float64
[ 2022-12-08 20:05:03,711 ] 90 root - INFO - Hypothesis cg_000:float64,float64
[ 2022-12-08 20:05:03,713 ] 90 root - INFO - Hypothesis ch_000:float64,float64
[ 2022-12-08 20:05:03,714 ] 90 root - INFO - Hypothesis ci_000:float64,float64
[ 2022-12-08 20:05:03,717 ] 90 root - INFO - Hypothesis cj_000:float64,float64
[ 2022-12-08 20:05:03,718 ] 90 root - INFO - Hypothesis ck_000:float64,float64
[ 2022-12-08 20:05:03,720 ] 90 root - INFO - Hypothesis cl_000:float64,float64
[ 2022-12-08 20:05:03,722 ] 90 root - INFO - Hypothesis cm_000:float64,float64
[ 2022-12-08 20:05:03,723 ] 90 root - INFO - Hypothesis cn_000:float64,float64
[ 2022-12-08 20:05:03,724 ] 90 root - INFO - Hypothesis cn_001:float64,float64
[ 2022-12-08 20:05:03,726 ] 90 root - INFO - Hypothesis cn_002:float64,float64
[ 2022-12-08 20:05:03,727 ] 90 root - INFO - Hypothesis cn_003:float64,float64
[ 2022-12-08 20:05:03,729 ] 90 root - INFO - Hypothesis cn_004:float64,float64
[ 2022-12-08 20:05:03,732 ] 90 root - INFO - Hypothesis cn_005:float64,float64
[ 2022-12-08 20:05:03,734 ] 90 root - INFO - Hypothesis cn_006:float64,float64
[ 2022-12-08 20:05:03,736 ] 90 root - INFO - Hypothesis cn_007:float64,float64
[ 2022-12-08 20:05:03,738 ] 90 root - INFO - Hypothesis cn_008:float64,float64
[ 2022-12-08 20:05:03,740 ] 90 root - INFO - Hypothesis cn_009:float64,float64
[ 2022-12-08 20:05:03,742 ] 90 root - INFO - Hypothesis co_000:float64,float64
[ 2022-12-08 20:05:03,743 ] 90 root - INFO - Hypothesis cp_000:float64,float64
[ 2022-12-08 20:05:03,745 ] 90 root - INFO - Hypothesis cq_000:float64,float64
[ 2022-12-08 20:05:03,747 ] 90 root - INFO - Hypothesis cs_000:float64,float64
[ 2022-12-08 20:05:03,749 ] 90 root - INFO - Hypothesis cs_001:float64,float64
[ 2022-12-08 20:05:03,751 ] 90 root - INFO - Hypothesis cs_002:float64,float64
[ 2022-12-08 20:05:03,753 ] 90 root - INFO - Hypothesis cs_003:float64,float64
[ 2022-12-08 20:05:03,755 ] 90 root - INFO - Hypothesis cs_004:float64,float64
[ 2022-12-08 20:05:03,757 ] 90 root - INFO - Hypothesis cs_005:float64,float64
[ 2022-12-08 20:05:03,759 ] 90 root - INFO - Hypothesis cs_006:float64,float64
[ 2022-12-08 20:05:03,761 ] 90 root - INFO - Hypothesis cs_007:float64,float64
[ 2022-12-08 20:05:03,763 ] 90 root - INFO - Hypothesis cs_008:float64,float64
[ 2022-12-08 20:05:03,765 ] 90 root - INFO - Hypothesis cs_009:float64,float64
[ 2022-12-08 20:05:03,766 ] 90 root - INFO - Hypothesis ct_000:float64,float64
[ 2022-12-08 20:05:03,768 ] 90 root - INFO - Hypothesis cu_000:float64,float64
[ 2022-12-08 20:05:03,770 ] 90 root - INFO - Hypothesis cv_000:float64,float64
[ 2022-12-08 20:05:03,772 ] 90 root - INFO - Hypothesis cx_000:float64,float64
[ 2022-12-08 20:05:03,773 ] 90 root - INFO - Hypothesis cy_000:float64,float64
[ 2022-12-08 20:05:03,775 ] 90 root - INFO - Hypothesis cz_000:float64,float64
[ 2022-12-08 20:05:03,776 ] 90 root - INFO - Hypothesis da_000:float64,float64
[ 2022-12-08 20:05:03,777 ] 90 root - INFO - Hypothesis db_000:float64,float64
[ 2022-12-08 20:05:03,779 ] 90 root - INFO - Hypothesis dc_000:float64,float64
[ 2022-12-08 20:05:03,780 ] 90 root - INFO - Hypothesis dd_000:float64,float64
[ 2022-12-08 20:05:03,782 ] 90 root - INFO - Hypothesis de_000:float64,float64
[ 2022-12-08 20:05:03,784 ] 90 root - INFO - Hypothesis df_000:float64,float64
[ 2022-12-08 20:05:03,785 ] 90 root - INFO - Hypothesis dg_000:float64,float64
[ 2022-12-08 20:05:03,786 ] 90 root - INFO - Hypothesis dh_000:float64,float64
[ 2022-12-08 20:05:03,788 ] 90 root - INFO - Hypothesis di_000:float64,float64
[ 2022-12-08 20:05:03,789 ] 90 root - INFO - Hypothesis dj_000:float64,float64
[ 2022-12-08 20:05:03,790 ] 90 root - INFO - Hypothesis dk_000:float64,float64
[ 2022-12-08 20:05:03,791 ] 90 root - INFO - Hypothesis dl_000:float64,float64
[ 2022-12-08 20:05:03,792 ] 90 root - INFO - Hypothesis dm_000:float64,float64
[ 2022-12-08 20:05:03,793 ] 90 root - INFO - Hypothesis dn_000:float64,float64
[ 2022-12-08 20:05:03,795 ] 90 root - INFO - Hypothesis do_000:float64,float64
[ 2022-12-08 20:05:03,797 ] 90 root - INFO - Hypothesis dp_000:float64,float64
[ 2022-12-08 20:05:03,799 ] 90 root - INFO - Hypothesis dq_000:float64,float64
[ 2022-12-08 20:05:03,800 ] 90 root - INFO - Hypothesis dr_000:float64,float64
[ 2022-12-08 20:05:03,802 ] 90 root - INFO - Hypothesis ds_000:float64,float64
[ 2022-12-08 20:05:03,804 ] 90 root - INFO - Hypothesis dt_000:float64,float64
[ 2022-12-08 20:05:03,806 ] 90 root - INFO - Hypothesis du_000:float64,float64
[ 2022-12-08 20:05:03,808 ] 90 root - INFO - Hypothesis dv_000:float64,float64
[ 2022-12-08 20:05:03,810 ] 90 root - INFO - Hypothesis dx_000:float64,float64
[ 2022-12-08 20:05:03,811 ] 90 root - INFO - Hypothesis dy_000:float64,float64
[ 2022-12-08 20:05:03,813 ] 90 root - INFO - Hypothesis dz_000:float64,float64
[ 2022-12-08 20:05:03,814 ] 90 root - INFO - Hypothesis ea_000:float64,float64
[ 2022-12-08 20:05:03,815 ] 90 root - INFO - Hypothesis eb_000:float64,float64
[ 2022-12-08 20:05:03,817 ] 90 root - INFO - Hypothesis ec_00:float64,float64
[ 2022-12-08 20:05:03,819 ] 90 root - INFO - Hypothesis ed_000:float64,float64
[ 2022-12-08 20:05:03,821 ] 90 root - INFO - Hypothesis ee_000:float64,float64
[ 2022-12-08 20:05:03,823 ] 90 root - INFO - Hypothesis ee_001:float64,float64
[ 2022-12-08 20:05:03,825 ] 90 root - INFO - Hypothesis ee_002:float64,float64
[ 2022-12-08 20:05:03,827 ] 90 root - INFO - Hypothesis ee_003:float64,float64
[ 2022-12-08 20:05:03,829 ] 90 root - INFO - Hypothesis ee_004:float64,float64
[ 2022-12-08 20:05:03,831 ] 90 root - INFO - Hypothesis ee_005:float64,float64
[ 2022-12-08 20:05:03,833 ] 90 root - INFO - Hypothesis ee_006:float64,float64
[ 2022-12-08 20:05:03,835 ] 90 root - INFO - Hypothesis ee_007:float64,float64
[ 2022-12-08 20:05:03,837 ] 90 root - INFO - Hypothesis ee_008:float64,float64
[ 2022-12-08 20:05:03,839 ] 90 root - INFO - Hypothesis ee_009:float64,float64
[ 2022-12-08 20:05:03,840 ] 90 root - INFO - Hypothesis ef_000:float64,float64
[ 2022-12-08 20:05:03,841 ] 90 root - INFO - Hypothesis eg_000:float64,float64
[ 2022-12-08 20:05:03,842 ] 148 root - INFO - Write report in yaml file
[ 2022-12-08 20:05:03,919 ] 152 root - INFO - Data_validation_artifact :{data_validation_artifact}
[ 2022-12-08 20:05:04,775 ] 70 root - INFO - Before Resampling, Train_data_input_shape : (28950, 170) , Train_data_target_shape : (28950,)
[ 2022-12-08 20:05:10,982 ] 72 root - INFO - After Resampling, Train_data_input_shape : (56090, 170) , Train_data_target_shape : (56090,)
[ 2022-12-08 20:05:10,983 ] 74 root - INFO - Before Resampling, Test_data_input_shape : (56090, 170) , Test_data_target_shape : (56090,)
