[ 2022-12-08 20:23:09,184 ] 21 root - INFO - Exporting collection data as pandas dataframe
[ 2022-12-08 20:23:09,184 ] 24 root - INFO - reading data from database:aps and collection:sensor
[ 2022-12-08 20:23:12,788 ] 26 root - INFO - found columns:Index(['_id', 'class', 'aa_000', 'ab_000', 'ac_000', 'ad_000', 'ae_000',
       'af_000', 'ag_000', 'ag_001',
       ...
       'ee_002', 'ee_003', 'ee_004', 'ee_005', 'ee_006', 'ee_007', 'ee_008',
       'ee_009', 'ef_000', 'eg_000'],
      dtype='object', length=172)
[ 2022-12-08 20:23:12,789 ] 28 root - INFO - dropping columns: _id
[ 2022-12-08 20:23:12,994 ] 30 root - INFO - columns and rows in df is (36188, 171)
[ 2022-12-08 20:23:12,994 ] 28 root - INFO - Save data in feature store
[ 2022-12-08 20:23:13,530 ] 34 root - INFO - Create feature store folder if not available
[ 2022-12-08 20:23:13,531 ] 38 root - INFO - Save df to feature store folder
[ 2022-12-08 20:23:15,943 ] 43 root - INFO - split dataset into train and test set
[ 2022-12-08 20:23:16,440 ] 47 root - INFO - create dataset directory folder if not available
[ 2022-12-08 20:23:16,440 ] 52 root - INFO - Save df to feature store folder
[ 2022-12-08 20:23:18,562 ] 64 root - INFO - Data ingestion artifact: DataIngestionArtifact(feature_store_file_path='/config/workspace/artifact/12082022__202309/data_ingestion/feature_store/sensor.csv', train_file_path='/config/workspace/artifact/12082022__202309/data_ingestion/dataset/train.csv', test_file_path='/config/workspace/artifact/12082022__202309/data_ingestion/dataset/test.csv')
[ 2022-12-08 20:23:18,936 ] 19 root - INFO - <<<<<<<<<<<<<<<<<<<<<<<<<<<<<<<<<<<<<<<< Data Validation >>>>>>>>>>>>>>>>>>>>>>>>>>>>>>>>>>>>>>>>
[ 2022-12-08 20:23:18,936 ] 115 root - INFO - reading base dataframe
[ 2022-12-08 20:23:20,617 ] 118 root - INFO - replaced na values with np.nan in base df
[ 2022-12-08 20:23:20,617 ] 120 root - INFO - dropping null values columns from base dataframe
[ 2022-12-08 20:23:21,591 ] 42 root - INFO - selecting columns names containing null values above 0.7
[ 2022-12-08 20:23:21,592 ] 45 root - INFO - columns to drop: ['ab_000', 'bn_000', 'bo_000', 'bp_000', 'bq_000', 'br_000', 'cr_000']
[ 2022-12-08 20:23:21,682 ] 123 root - INFO - Reading train dataframe
[ 2022-12-08 20:23:22,052 ] 125 root - INFO - Reading test dataframe
[ 2022-12-08 20:23:22,160 ] 128 root - INFO - dropping null values columns from train dataframe
[ 2022-12-08 20:23:22,172 ] 42 root - INFO - selecting columns names containing null values above 0.7
[ 2022-12-08 20:23:22,172 ] 45 root - INFO - columns to drop: ['ab_000', 'bn_000', 'bo_000', 'bp_000', 'bq_000', 'br_000', 'cr_000']
[ 2022-12-08 20:23:22,237 ] 130 root - INFO - dropping null values columns from test dataframe
[ 2022-12-08 20:23:22,241 ] 42 root - INFO - selecting columns names containing null values above 0.7
[ 2022-12-08 20:23:22,242 ] 45 root - INFO - columns to drop: ['ab_000', 'bn_000', 'bo_000', 'bp_000', 'bq_000', 'br_000', 'cr_000']
[ 2022-12-08 20:23:22,802 ] 142 root - INFO - As all column are available in train df hence detecting data_drift
[ 2022-12-08 20:23:22,802 ] 90 root - INFO - Hypothesis class:object,object
[ 2022-12-08 20:23:22,866 ] 90 root - INFO - Hypothesis aa_000:float64,float64
[ 2022-12-08 20:23:22,872 ] 90 root - INFO - Hypothesis ac_000:float64,float64
[ 2022-12-08 20:23:22,877 ] 90 root - INFO - Hypothesis ad_000:float64,float64
[ 2022-12-08 20:23:22,881 ] 90 root - INFO - Hypothesis ae_000:float64,float64
[ 2022-12-08 20:23:22,895 ] 90 root - INFO - Hypothesis af_000:float64,float64
[ 2022-12-08 20:23:22,909 ] 90 root - INFO - Hypothesis ag_000:float64,float64
[ 2022-12-08 20:23:22,923 ] 90 root - INFO - Hypothesis ag_001:float64,float64
[ 2022-12-08 20:23:22,937 ] 90 root - INFO - Hypothesis ag_002:float64,float64
[ 2022-12-08 20:23:22,951 ] 90 root - INFO - Hypothesis ag_003:float64,float64
[ 2022-12-08 20:23:22,955 ] 90 root - INFO - Hypothesis ag_004:float64,float64
[ 2022-12-08 20:23:22,961 ] 90 root - INFO - Hypothesis ag_005:float64,float64
[ 2022-12-08 20:23:22,967 ] 90 root - INFO - Hypothesis ag_006:float64,float64
[ 2022-12-08 20:23:22,973 ] 90 root - INFO - Hypothesis ag_007:float64,float64
[ 2022-12-08 20:23:22,978 ] 90 root - INFO - Hypothesis ag_008:float64,float64
[ 2022-12-08 20:23:22,983 ] 90 root - INFO - Hypothesis ag_009:float64,float64
[ 2022-12-08 20:23:22,987 ] 90 root - INFO - Hypothesis ah_000:float64,float64
[ 2022-12-08 20:23:22,993 ] 90 root - INFO - Hypothesis ai_000:float64,float64
[ 2022-12-08 20:23:22,996 ] 90 root - INFO - Hypothesis aj_000:float64,float64
[ 2022-12-08 20:23:23,002 ] 90 root - INFO - Hypothesis ak_000:float64,float64
[ 2022-12-08 20:23:23,017 ] 90 root - INFO - Hypothesis al_000:float64,float64
[ 2022-12-08 20:23:23,021 ] 90 root - INFO - Hypothesis am_0:float64,float64
[ 2022-12-08 20:23:23,026 ] 90 root - INFO - Hypothesis an_000:float64,float64
[ 2022-12-08 20:23:23,032 ] 90 root - INFO - Hypothesis ao_000:float64,float64
[ 2022-12-08 20:23:23,038 ] 90 root - INFO - Hypothesis ap_000:float64,float64
[ 2022-12-08 20:23:23,046 ] 90 root - INFO - Hypothesis aq_000:float64,float64
[ 2022-12-08 20:23:23,052 ] 90 root - INFO - Hypothesis ar_000:float64,float64
[ 2022-12-08 20:23:23,066 ] 90 root - INFO - Hypothesis as_000:float64,float64
[ 2022-12-08 20:23:23,080 ] 90 root - INFO - Hypothesis at_000:float64,float64
[ 2022-12-08 20:23:23,083 ] 90 root - INFO - Hypothesis au_000:float64,float64
[ 2022-12-08 20:23:23,097 ] 90 root - INFO - Hypothesis av_000:float64,float64
[ 2022-12-08 20:23:23,102 ] 90 root - INFO - Hypothesis ax_000:float64,float64
[ 2022-12-08 20:23:23,106 ] 90 root - INFO - Hypothesis ay_000:float64,float64
[ 2022-12-08 20:23:23,120 ] 90 root - INFO - Hypothesis ay_001:float64,float64
[ 2022-12-08 20:23:23,134 ] 90 root - INFO - Hypothesis ay_002:float64,float64
[ 2022-12-08 20:23:23,148 ] 90 root - INFO - Hypothesis ay_003:float64,float64
[ 2022-12-08 20:23:23,162 ] 90 root - INFO - Hypothesis ay_004:float64,float64
[ 2022-12-08 20:23:23,165 ] 90 root - INFO - Hypothesis ay_005:float64,float64
[ 2022-12-08 20:23:23,170 ] 90 root - INFO - Hypothesis ay_006:float64,float64
[ 2022-12-08 20:23:23,175 ] 90 root - INFO - Hypothesis ay_007:float64,float64
[ 2022-12-08 20:23:23,181 ] 90 root - INFO - Hypothesis ay_008:float64,float64
[ 2022-12-08 20:23:23,187 ] 90 root - INFO - Hypothesis ay_009:float64,float64
[ 2022-12-08 20:23:23,200 ] 90 root - INFO - Hypothesis az_000:float64,float64
[ 2022-12-08 20:23:23,206 ] 90 root - INFO - Hypothesis az_001:float64,float64
[ 2022-12-08 20:23:23,211 ] 90 root - INFO - Hypothesis az_002:float64,float64
[ 2022-12-08 20:23:23,217 ] 90 root - INFO - Hypothesis az_003:float64,float64
[ 2022-12-08 20:23:23,222 ] 90 root - INFO - Hypothesis az_004:float64,float64
[ 2022-12-08 20:23:23,228 ] 90 root - INFO - Hypothesis az_005:float64,float64
[ 2022-12-08 20:23:23,234 ] 90 root - INFO - Hypothesis az_006:float64,float64
[ 2022-12-08 20:23:23,239 ] 90 root - INFO - Hypothesis az_007:float64,float64
[ 2022-12-08 20:23:23,243 ] 90 root - INFO - Hypothesis az_008:float64,float64
[ 2022-12-08 20:23:23,257 ] 90 root - INFO - Hypothesis az_009:float64,float64
[ 2022-12-08 20:23:23,273 ] 90 root - INFO - Hypothesis ba_000:float64,float64
[ 2022-12-08 20:23:23,279 ] 90 root - INFO - Hypothesis ba_001:float64,float64
[ 2022-12-08 20:23:23,285 ] 90 root - INFO - Hypothesis ba_002:float64,float64
[ 2022-12-08 20:23:23,291 ] 90 root - INFO - Hypothesis ba_003:float64,float64
[ 2022-12-08 20:23:23,298 ] 90 root - INFO - Hypothesis ba_004:float64,float64
[ 2022-12-08 20:23:23,304 ] 90 root - INFO - Hypothesis ba_005:float64,float64
[ 2022-12-08 20:23:23,310 ] 90 root - INFO - Hypothesis ba_006:float64,float64
[ 2022-12-08 20:23:23,316 ] 90 root - INFO - Hypothesis ba_007:float64,float64
[ 2022-12-08 20:23:23,322 ] 90 root - INFO - Hypothesis ba_008:float64,float64
[ 2022-12-08 20:23:23,327 ] 90 root - INFO - Hypothesis ba_009:float64,float64
[ 2022-12-08 20:23:23,331 ] 90 root - INFO - Hypothesis bb_000:float64,float64
[ 2022-12-08 20:23:23,337 ] 90 root - INFO - Hypothesis bc_000:float64,float64
[ 2022-12-08 20:23:23,341 ] 90 root - INFO - Hypothesis bd_000:float64,float64
[ 2022-12-08 20:23:23,346 ] 90 root - INFO - Hypothesis be_000:float64,float64
[ 2022-12-08 20:23:23,351 ] 90 root - INFO - Hypothesis bf_000:float64,float64
[ 2022-12-08 20:23:23,355 ] 90 root - INFO - Hypothesis bg_000:float64,float64
[ 2022-12-08 20:23:23,361 ] 90 root - INFO - Hypothesis bh_000:float64,float64
[ 2022-12-08 20:23:23,367 ] 90 root - INFO - Hypothesis bi_000:float64,float64
[ 2022-12-08 20:23:23,373 ] 90 root - INFO - Hypothesis bj_000:float64,float64
[ 2022-12-08 20:23:23,379 ] 90 root - INFO - Hypothesis bk_000:float64,float64
[ 2022-12-08 20:23:23,384 ] 90 root - INFO - Hypothesis bl_000:float64,float64
[ 2022-12-08 20:23:23,388 ] 90 root - INFO - Hypothesis bm_000:float64,float64
[ 2022-12-08 20:23:23,392 ] 90 root - INFO - Hypothesis bs_000:float64,float64
[ 2022-12-08 20:23:23,398 ] 90 root - INFO - Hypothesis bt_000:float64,float64
[ 2022-12-08 20:23:23,404 ] 90 root - INFO - Hypothesis bu_000:float64,float64
[ 2022-12-08 20:23:23,410 ] 90 root - INFO - Hypothesis bv_000:float64,float64
[ 2022-12-08 20:23:23,417 ] 90 root - INFO - Hypothesis bx_000:float64,float64
[ 2022-12-08 20:23:23,422 ] 90 root - INFO - Hypothesis by_000:float64,float64
[ 2022-12-08 20:23:23,428 ] 90 root - INFO - Hypothesis bz_000:float64,float64
[ 2022-12-08 20:23:23,433 ] 90 root - INFO - Hypothesis ca_000:float64,float64
[ 2022-12-08 20:23:23,439 ] 90 root - INFO - Hypothesis cb_000:float64,float64
[ 2022-12-08 20:23:23,445 ] 90 root - INFO - Hypothesis cc_000:float64,float64
[ 2022-12-08 20:23:23,451 ] 90 root - INFO - Hypothesis cd_000:float64,float64
[ 2022-12-08 20:23:23,465 ] 90 root - INFO - Hypothesis ce_000:float64,float64
[ 2022-12-08 20:23:23,480 ] 90 root - INFO - Hypothesis cf_000:float64,float64
[ 2022-12-08 20:23:23,483 ] 90 root - INFO - Hypothesis cg_000:float64,float64
[ 2022-12-08 20:23:23,487 ] 90 root - INFO - Hypothesis ch_000:float64,float64
[ 2022-12-08 20:23:23,490 ] 90 root - INFO - Hypothesis ci_000:float64,float64
[ 2022-12-08 20:23:23,496 ] 90 root - INFO - Hypothesis cj_000:float64,float64
[ 2022-12-08 20:23:23,500 ] 90 root - INFO - Hypothesis ck_000:float64,float64
[ 2022-12-08 20:23:23,506 ] 90 root - INFO - Hypothesis cl_000:float64,float64
[ 2022-12-08 20:23:23,509 ] 90 root - INFO - Hypothesis cm_000:float64,float64
[ 2022-12-08 20:23:23,516 ] 90 root - INFO - Hypothesis cn_000:float64,float64
[ 2022-12-08 20:23:23,530 ] 90 root - INFO - Hypothesis cn_001:float64,float64
[ 2022-12-08 20:23:23,545 ] 90 root - INFO - Hypothesis cn_002:float64,float64
[ 2022-12-08 20:23:23,550 ] 90 root - INFO - Hypothesis cn_003:float64,float64
[ 2022-12-08 20:23:23,565 ] 90 root - INFO - Hypothesis cn_004:float64,float64
[ 2022-12-08 20:23:23,571 ] 90 root - INFO - Hypothesis cn_005:float64,float64
[ 2022-12-08 20:23:23,577 ] 90 root - INFO - Hypothesis cn_006:float64,float64
[ 2022-12-08 20:23:23,583 ] 90 root - INFO - Hypothesis cn_007:float64,float64
[ 2022-12-08 20:23:23,588 ] 90 root - INFO - Hypothesis cn_008:float64,float64
[ 2022-12-08 20:23:23,593 ] 90 root - INFO - Hypothesis cn_009:float64,float64
[ 2022-12-08 20:23:23,598 ] 90 root - INFO - Hypothesis co_000:float64,float64
[ 2022-12-08 20:23:23,602 ] 90 root - INFO - Hypothesis cp_000:float64,float64
[ 2022-12-08 20:23:23,606 ] 90 root - INFO - Hypothesis cq_000:float64,float64
[ 2022-12-08 20:23:23,612 ] 90 root - INFO - Hypothesis cs_000:float64,float64
[ 2022-12-08 20:23:23,618 ] 90 root - INFO - Hypothesis cs_001:float64,float64
[ 2022-12-08 20:23:23,623 ] 90 root - INFO - Hypothesis cs_002:float64,float64
[ 2022-12-08 20:23:23,628 ] 90 root - INFO - Hypothesis cs_003:float64,float64
[ 2022-12-08 20:23:23,634 ] 90 root - INFO - Hypothesis cs_004:float64,float64
[ 2022-12-08 20:23:23,640 ] 90 root - INFO - Hypothesis cs_005:float64,float64
[ 2022-12-08 20:23:23,646 ] 90 root - INFO - Hypothesis cs_006:float64,float64
[ 2022-12-08 20:23:23,652 ] 90 root - INFO - Hypothesis cs_007:float64,float64
[ 2022-12-08 20:23:23,658 ] 90 root - INFO - Hypothesis cs_008:float64,float64
[ 2022-12-08 20:23:23,662 ] 90 root - INFO - Hypothesis cs_009:float64,float64
[ 2022-12-08 20:23:23,676 ] 90 root - INFO - Hypothesis ct_000:float64,float64
[ 2022-12-08 20:23:23,681 ] 90 root - INFO - Hypothesis cu_000:float64,float64
[ 2022-12-08 20:23:23,686 ] 90 root - INFO - Hypothesis cv_000:float64,float64
[ 2022-12-08 20:23:23,691 ] 90 root - INFO - Hypothesis cx_000:float64,float64
[ 2022-12-08 20:23:23,696 ] 90 root - INFO - Hypothesis cy_000:float64,float64
[ 2022-12-08 20:23:23,699 ] 90 root - INFO - Hypothesis cz_000:float64,float64
[ 2022-12-08 20:23:23,704 ] 90 root - INFO - Hypothesis da_000:float64,float64
[ 2022-12-08 20:23:23,707 ] 90 root - INFO - Hypothesis db_000:float64,float64
[ 2022-12-08 20:23:23,711 ] 90 root - INFO - Hypothesis dc_000:float64,float64
[ 2022-12-08 20:23:23,716 ] 90 root - INFO - Hypothesis dd_000:float64,float64
[ 2022-12-08 20:23:23,721 ] 90 root - INFO - Hypothesis de_000:float64,float64
[ 2022-12-08 20:23:23,726 ] 90 root - INFO - Hypothesis df_000:float64,float64
[ 2022-12-08 20:23:23,741 ] 90 root - INFO - Hypothesis dg_000:float64,float64
[ 2022-12-08 20:23:23,755 ] 90 root - INFO - Hypothesis dh_000:float64,float64
[ 2022-12-08 20:23:23,770 ] 90 root - INFO - Hypothesis di_000:float64,float64
[ 2022-12-08 20:23:23,774 ] 90 root - INFO - Hypothesis dj_000:float64,float64
[ 2022-12-08 20:23:23,788 ] 90 root - INFO - Hypothesis dk_000:float64,float64
[ 2022-12-08 20:23:23,802 ] 90 root - INFO - Hypothesis dl_000:float64,float64
[ 2022-12-08 20:23:23,816 ] 90 root - INFO - Hypothesis dm_000:float64,float64
[ 2022-12-08 20:23:23,830 ] 90 root - INFO - Hypothesis dn_000:float64,float64
[ 2022-12-08 20:23:23,836 ] 90 root - INFO - Hypothesis do_000:float64,float64
[ 2022-12-08 20:23:23,841 ] 90 root - INFO - Hypothesis dp_000:float64,float64
[ 2022-12-08 20:23:23,846 ] 90 root - INFO - Hypothesis dq_000:float64,float64
[ 2022-12-08 20:23:23,850 ] 90 root - INFO - Hypothesis dr_000:float64,float64
[ 2022-12-08 20:23:23,853 ] 90 root - INFO - Hypothesis ds_000:float64,float64
[ 2022-12-08 20:23:23,859 ] 90 root - INFO - Hypothesis dt_000:float64,float64
[ 2022-12-08 20:23:23,865 ] 90 root - INFO - Hypothesis du_000:float64,float64
[ 2022-12-08 20:23:23,870 ] 90 root - INFO - Hypothesis dv_000:float64,float64
[ 2022-12-08 20:23:23,876 ] 90 root - INFO - Hypothesis dx_000:float64,float64
[ 2022-12-08 20:23:23,880 ] 90 root - INFO - Hypothesis dy_000:float64,float64
[ 2022-12-08 20:23:23,884 ] 90 root - INFO - Hypothesis dz_000:float64,float64
[ 2022-12-08 20:23:23,898 ] 90 root - INFO - Hypothesis ea_000:float64,float64
[ 2022-12-08 20:23:23,912 ] 90 root - INFO - Hypothesis eb_000:float64,float64
[ 2022-12-08 20:23:23,917 ] 90 root - INFO - Hypothesis ec_00:float64,float64
[ 2022-12-08 20:23:23,922 ] 90 root - INFO - Hypothesis ed_000:float64,float64
[ 2022-12-08 20:23:23,927 ] 90 root - INFO - Hypothesis ee_000:float64,float64
[ 2022-12-08 20:23:23,933 ] 90 root - INFO - Hypothesis ee_001:float64,float64
[ 2022-12-08 20:23:23,939 ] 90 root - INFO - Hypothesis ee_002:float64,float64
[ 2022-12-08 20:23:23,945 ] 90 root - INFO - Hypothesis ee_003:float64,float64
[ 2022-12-08 20:23:23,951 ] 90 root - INFO - Hypothesis ee_004:float64,float64
[ 2022-12-08 20:23:23,957 ] 90 root - INFO - Hypothesis ee_005:float64,float64
[ 2022-12-08 20:23:23,963 ] 90 root - INFO - Hypothesis ee_006:float64,float64
[ 2022-12-08 20:23:23,968 ] 90 root - INFO - Hypothesis ee_007:float64,float64
[ 2022-12-08 20:23:23,974 ] 90 root - INFO - Hypothesis ee_008:float64,float64
[ 2022-12-08 20:23:23,979 ] 90 root - INFO - Hypothesis ee_009:float64,float64
[ 2022-12-08 20:23:23,983 ] 90 root - INFO - Hypothesis ef_000:float64,float64
[ 2022-12-08 20:23:23,997 ] 90 root - INFO - Hypothesis eg_000:float64,float64
[ 2022-12-08 20:23:24,012 ] 145 root - INFO - As all column are available in train df hence detecting data_drift
[ 2022-12-08 20:23:24,012 ] 90 root - INFO - Hypothesis class:object,object
[ 2022-12-08 20:23:24,032 ] 90 root - INFO - Hypothesis aa_000:float64,float64
[ 2022-12-08 20:23:24,034 ] 90 root - INFO - Hypothesis ac_000:float64,float64
[ 2022-12-08 20:23:24,035 ] 90 root - INFO - Hypothesis ad_000:float64,float64
[ 2022-12-08 20:23:24,037 ] 90 root - INFO - Hypothesis ae_000:float64,float64
[ 2022-12-08 20:23:24,038 ] 90 root - INFO - Hypothesis af_000:float64,float64
[ 2022-12-08 20:23:24,039 ] 90 root - INFO - Hypothesis ag_000:float64,float64
[ 2022-12-08 20:23:24,040 ] 90 root - INFO - Hypothesis ag_001:float64,float64
[ 2022-12-08 20:23:24,041 ] 90 root - INFO - Hypothesis ag_002:float64,float64
[ 2022-12-08 20:23:24,042 ] 90 root - INFO - Hypothesis ag_003:float64,float64
[ 2022-12-08 20:23:24,043 ] 90 root - INFO - Hypothesis ag_004:float64,float64
[ 2022-12-08 20:23:24,045 ] 90 root - INFO - Hypothesis ag_005:float64,float64
[ 2022-12-08 20:23:24,048 ] 90 root - INFO - Hypothesis ag_006:float64,float64
[ 2022-12-08 20:23:24,050 ] 90 root - INFO - Hypothesis ag_007:float64,float64
[ 2022-12-08 20:23:24,051 ] 90 root - INFO - Hypothesis ag_008:float64,float64
[ 2022-12-08 20:23:24,053 ] 90 root - INFO - Hypothesis ag_009:float64,float64
[ 2022-12-08 20:23:24,055 ] 90 root - INFO - Hypothesis ah_000:float64,float64
[ 2022-12-08 20:23:24,057 ] 90 root - INFO - Hypothesis ai_000:float64,float64
[ 2022-12-08 20:23:24,058 ] 90 root - INFO - Hypothesis aj_000:float64,float64
[ 2022-12-08 20:23:24,059 ] 90 root - INFO - Hypothesis ak_000:float64,float64
[ 2022-12-08 20:23:24,060 ] 90 root - INFO - Hypothesis al_000:float64,float64
[ 2022-12-08 20:23:24,062 ] 90 root - INFO - Hypothesis am_0:float64,float64
[ 2022-12-08 20:23:24,063 ] 90 root - INFO - Hypothesis an_000:float64,float64
[ 2022-12-08 20:23:24,065 ] 90 root - INFO - Hypothesis ao_000:float64,float64
[ 2022-12-08 20:23:24,068 ] 90 root - INFO - Hypothesis ap_000:float64,float64
[ 2022-12-08 20:23:24,070 ] 90 root - INFO - Hypothesis aq_000:float64,float64
[ 2022-12-08 20:23:24,072 ] 90 root - INFO - Hypothesis ar_000:float64,float64
[ 2022-12-08 20:23:24,073 ] 90 root - INFO - Hypothesis as_000:float64,float64
[ 2022-12-08 20:23:24,074 ] 90 root - INFO - Hypothesis at_000:float64,float64
[ 2022-12-08 20:23:24,075 ] 90 root - INFO - Hypothesis au_000:float64,float64
[ 2022-12-08 20:23:24,076 ] 90 root - INFO - Hypothesis av_000:float64,float64
[ 2022-12-08 20:23:24,078 ] 90 root - INFO - Hypothesis ax_000:float64,float64
[ 2022-12-08 20:23:24,079 ] 90 root - INFO - Hypothesis ay_000:float64,float64
[ 2022-12-08 20:23:24,080 ] 90 root - INFO - Hypothesis ay_001:float64,float64
[ 2022-12-08 20:23:24,081 ] 90 root - INFO - Hypothesis ay_002:float64,float64
[ 2022-12-08 20:23:24,082 ] 90 root - INFO - Hypothesis ay_003:float64,float64
[ 2022-12-08 20:23:24,083 ] 90 root - INFO - Hypothesis ay_004:float64,float64
[ 2022-12-08 20:23:24,084 ] 90 root - INFO - Hypothesis ay_005:float64,float64
[ 2022-12-08 20:23:24,086 ] 90 root - INFO - Hypothesis ay_006:float64,float64
[ 2022-12-08 20:23:24,088 ] 90 root - INFO - Hypothesis ay_007:float64,float64
[ 2022-12-08 20:23:24,090 ] 90 root - INFO - Hypothesis ay_008:float64,float64
[ 2022-12-08 20:23:24,092 ] 90 root - INFO - Hypothesis ay_009:float64,float64
[ 2022-12-08 20:23:24,093 ] 90 root - INFO - Hypothesis az_000:float64,float64
[ 2022-12-08 20:23:24,095 ] 90 root - INFO - Hypothesis az_001:float64,float64
[ 2022-12-08 20:23:24,097 ] 90 root - INFO - Hypothesis az_002:float64,float64
[ 2022-12-08 20:23:24,099 ] 90 root - INFO - Hypothesis az_003:float64,float64
[ 2022-12-08 20:23:24,101 ] 90 root - INFO - Hypothesis az_004:float64,float64
[ 2022-12-08 20:23:24,103 ] 90 root - INFO - Hypothesis az_005:float64,float64
[ 2022-12-08 20:23:24,105 ] 90 root - INFO - Hypothesis az_006:float64,float64
[ 2022-12-08 20:23:24,107 ] 90 root - INFO - Hypothesis az_007:float64,float64
[ 2022-12-08 20:23:24,108 ] 90 root - INFO - Hypothesis az_008:float64,float64
[ 2022-12-08 20:23:24,109 ] 90 root - INFO - Hypothesis az_009:float64,float64
[ 2022-12-08 20:23:24,110 ] 90 root - INFO - Hypothesis ba_000:float64,float64
[ 2022-12-08 20:23:24,112 ] 90 root - INFO - Hypothesis ba_001:float64,float64
[ 2022-12-08 20:23:24,114 ] 90 root - INFO - Hypothesis ba_002:float64,float64
[ 2022-12-08 20:23:24,117 ] 90 root - INFO - Hypothesis ba_003:float64,float64
[ 2022-12-08 20:23:24,119 ] 90 root - INFO - Hypothesis ba_004:float64,float64
[ 2022-12-08 20:23:24,121 ] 90 root - INFO - Hypothesis ba_005:float64,float64
[ 2022-12-08 20:23:24,123 ] 90 root - INFO - Hypothesis ba_006:float64,float64
[ 2022-12-08 20:23:24,125 ] 90 root - INFO - Hypothesis ba_007:float64,float64
[ 2022-12-08 20:23:24,127 ] 90 root - INFO - Hypothesis ba_008:float64,float64
[ 2022-12-08 20:23:24,128 ] 90 root - INFO - Hypothesis ba_009:float64,float64
[ 2022-12-08 20:23:24,130 ] 90 root - INFO - Hypothesis bb_000:float64,float64
[ 2022-12-08 20:23:24,132 ] 90 root - INFO - Hypothesis bc_000:float64,float64
[ 2022-12-08 20:23:24,134 ] 90 root - INFO - Hypothesis bd_000:float64,float64
[ 2022-12-08 20:23:24,135 ] 90 root - INFO - Hypothesis be_000:float64,float64
[ 2022-12-08 20:23:24,137 ] 90 root - INFO - Hypothesis bf_000:float64,float64
[ 2022-12-08 20:23:24,139 ] 90 root - INFO - Hypothesis bg_000:float64,float64
[ 2022-12-08 20:23:24,141 ] 90 root - INFO - Hypothesis bh_000:float64,float64
[ 2022-12-08 20:23:24,143 ] 90 root - INFO - Hypothesis bi_000:float64,float64
[ 2022-12-08 20:23:24,145 ] 90 root - INFO - Hypothesis bj_000:float64,float64
[ 2022-12-08 20:23:24,147 ] 90 root - INFO - Hypothesis bk_000:float64,float64
[ 2022-12-08 20:23:24,149 ] 90 root - INFO - Hypothesis bl_000:float64,float64
[ 2022-12-08 20:23:24,150 ] 90 root - INFO - Hypothesis bm_000:float64,float64
[ 2022-12-08 20:23:24,152 ] 90 root - INFO - Hypothesis bs_000:float64,float64
[ 2022-12-08 20:23:24,154 ] 90 root - INFO - Hypothesis bt_000:float64,float64
[ 2022-12-08 20:23:24,156 ] 90 root - INFO - Hypothesis bu_000:float64,float64
[ 2022-12-08 20:23:24,158 ] 90 root - INFO - Hypothesis bv_000:float64,float64
[ 2022-12-08 20:23:24,161 ] 90 root - INFO - Hypothesis bx_000:float64,float64
[ 2022-12-08 20:23:24,165 ] 90 root - INFO - Hypothesis by_000:float64,float64
[ 2022-12-08 20:23:24,169 ] 90 root - INFO - Hypothesis bz_000:float64,float64
[ 2022-12-08 20:23:24,171 ] 90 root - INFO - Hypothesis ca_000:float64,float64
[ 2022-12-08 20:23:24,173 ] 90 root - INFO - Hypothesis cb_000:float64,float64
[ 2022-12-08 20:23:24,175 ] 90 root - INFO - Hypothesis cc_000:float64,float64
[ 2022-12-08 20:23:24,178 ] 90 root - INFO - Hypothesis cd_000:float64,float64
[ 2022-12-08 20:23:24,179 ] 90 root - INFO - Hypothesis ce_000:float64,float64
[ 2022-12-08 20:23:24,181 ] 90 root - INFO - Hypothesis cf_000:float64,float64
[ 2022-12-08 20:23:24,182 ] 90 root - INFO - Hypothesis cg_000:float64,float64
[ 2022-12-08 20:23:24,183 ] 90 root - INFO - Hypothesis ch_000:float64,float64
[ 2022-12-08 20:23:24,185 ] 90 root - INFO - Hypothesis ci_000:float64,float64
[ 2022-12-08 20:23:24,187 ] 90 root - INFO - Hypothesis cj_000:float64,float64
[ 2022-12-08 20:23:24,188 ] 90 root - INFO - Hypothesis ck_000:float64,float64
[ 2022-12-08 20:23:24,190 ] 90 root - INFO - Hypothesis cl_000:float64,float64
[ 2022-12-08 20:23:24,192 ] 90 root - INFO - Hypothesis cm_000:float64,float64
[ 2022-12-08 20:23:24,193 ] 90 root - INFO - Hypothesis cn_000:float64,float64
[ 2022-12-08 20:23:24,194 ] 90 root - INFO - Hypothesis cn_001:float64,float64
[ 2022-12-08 20:23:24,195 ] 90 root - INFO - Hypothesis cn_002:float64,float64
[ 2022-12-08 20:23:24,197 ] 90 root - INFO - Hypothesis cn_003:float64,float64
[ 2022-12-08 20:23:24,199 ] 90 root - INFO - Hypothesis cn_004:float64,float64
[ 2022-12-08 20:23:24,201 ] 90 root - INFO - Hypothesis cn_005:float64,float64
[ 2022-12-08 20:23:24,203 ] 90 root - INFO - Hypothesis cn_006:float64,float64
[ 2022-12-08 20:23:24,205 ] 90 root - INFO - Hypothesis cn_007:float64,float64
[ 2022-12-08 20:23:24,207 ] 90 root - INFO - Hypothesis cn_008:float64,float64
[ 2022-12-08 20:23:24,209 ] 90 root - INFO - Hypothesis cn_009:float64,float64
[ 2022-12-08 20:23:24,211 ] 90 root - INFO - Hypothesis co_000:float64,float64
[ 2022-12-08 20:23:24,212 ] 90 root - INFO - Hypothesis cp_000:float64,float64
[ 2022-12-08 20:23:24,214 ] 90 root - INFO - Hypothesis cq_000:float64,float64
[ 2022-12-08 20:23:24,216 ] 90 root - INFO - Hypothesis cs_000:float64,float64
[ 2022-12-08 20:23:24,219 ] 90 root - INFO - Hypothesis cs_001:float64,float64
[ 2022-12-08 20:23:24,221 ] 90 root - INFO - Hypothesis cs_002:float64,float64
[ 2022-12-08 20:23:24,223 ] 90 root - INFO - Hypothesis cs_003:float64,float64
[ 2022-12-08 20:23:24,225 ] 90 root - INFO - Hypothesis cs_004:float64,float64
[ 2022-12-08 20:23:24,227 ] 90 root - INFO - Hypothesis cs_005:float64,float64
[ 2022-12-08 20:23:24,229 ] 90 root - INFO - Hypothesis cs_006:float64,float64
[ 2022-12-08 20:23:24,232 ] 90 root - INFO - Hypothesis cs_007:float64,float64
[ 2022-12-08 20:23:24,234 ] 90 root - INFO - Hypothesis cs_008:float64,float64
[ 2022-12-08 20:23:24,235 ] 90 root - INFO - Hypothesis cs_009:float64,float64
[ 2022-12-08 20:23:24,237 ] 90 root - INFO - Hypothesis ct_000:float64,float64
[ 2022-12-08 20:23:24,238 ] 90 root - INFO - Hypothesis cu_000:float64,float64
[ 2022-12-08 20:23:24,240 ] 90 root - INFO - Hypothesis cv_000:float64,float64
[ 2022-12-08 20:23:24,242 ] 90 root - INFO - Hypothesis cx_000:float64,float64
[ 2022-12-08 20:23:24,244 ] 90 root - INFO - Hypothesis cy_000:float64,float64
[ 2022-12-08 20:23:24,245 ] 90 root - INFO - Hypothesis cz_000:float64,float64
[ 2022-12-08 20:23:24,247 ] 90 root - INFO - Hypothesis da_000:float64,float64
[ 2022-12-08 20:23:24,248 ] 90 root - INFO - Hypothesis db_000:float64,float64
[ 2022-12-08 20:23:24,249 ] 90 root - INFO - Hypothesis dc_000:float64,float64
[ 2022-12-08 20:23:24,251 ] 90 root - INFO - Hypothesis dd_000:float64,float64
[ 2022-12-08 20:23:24,254 ] 90 root - INFO - Hypothesis de_000:float64,float64
[ 2022-12-08 20:23:24,256 ] 90 root - INFO - Hypothesis df_000:float64,float64
[ 2022-12-08 20:23:24,257 ] 90 root - INFO - Hypothesis dg_000:float64,float64
[ 2022-12-08 20:23:24,258 ] 90 root - INFO - Hypothesis dh_000:float64,float64
[ 2022-12-08 20:23:24,259 ] 90 root - INFO - Hypothesis di_000:float64,float64
[ 2022-12-08 20:23:24,260 ] 90 root - INFO - Hypothesis dj_000:float64,float64
[ 2022-12-08 20:23:24,261 ] 90 root - INFO - Hypothesis dk_000:float64,float64
[ 2022-12-08 20:23:24,262 ] 90 root - INFO - Hypothesis dl_000:float64,float64
[ 2022-12-08 20:23:24,263 ] 90 root - INFO - Hypothesis dm_000:float64,float64
[ 2022-12-08 20:23:24,264 ] 90 root - INFO - Hypothesis dn_000:float64,float64
[ 2022-12-08 20:23:24,267 ] 90 root - INFO - Hypothesis do_000:float64,float64
[ 2022-12-08 20:23:24,268 ] 90 root - INFO - Hypothesis dp_000:float64,float64
[ 2022-12-08 20:23:24,270 ] 90 root - INFO - Hypothesis dq_000:float64,float64
[ 2022-12-08 20:23:24,272 ] 90 root - INFO - Hypothesis dr_000:float64,float64
[ 2022-12-08 20:23:24,273 ] 90 root - INFO - Hypothesis ds_000:float64,float64
[ 2022-12-08 20:23:24,275 ] 90 root - INFO - Hypothesis dt_000:float64,float64
[ 2022-12-08 20:23:24,277 ] 90 root - INFO - Hypothesis du_000:float64,float64
[ 2022-12-08 20:23:24,279 ] 90 root - INFO - Hypothesis dv_000:float64,float64
[ 2022-12-08 20:23:24,281 ] 90 root - INFO - Hypothesis dx_000:float64,float64
[ 2022-12-08 20:23:24,283 ] 90 root - INFO - Hypothesis dy_000:float64,float64
[ 2022-12-08 20:23:24,284 ] 90 root - INFO - Hypothesis dz_000:float64,float64
[ 2022-12-08 20:23:24,285 ] 90 root - INFO - Hypothesis ea_000:float64,float64
[ 2022-12-08 20:23:24,286 ] 90 root - INFO - Hypothesis eb_000:float64,float64
[ 2022-12-08 20:23:24,288 ] 90 root - INFO - Hypothesis ec_00:float64,float64
[ 2022-12-08 20:23:24,290 ] 90 root - INFO - Hypothesis ed_000:float64,float64
[ 2022-12-08 20:23:24,292 ] 90 root - INFO - Hypothesis ee_000:float64,float64
[ 2022-12-08 20:23:24,294 ] 90 root - INFO - Hypothesis ee_001:float64,float64
[ 2022-12-08 20:23:24,296 ] 90 root - INFO - Hypothesis ee_002:float64,float64
[ 2022-12-08 20:23:24,298 ] 90 root - INFO - Hypothesis ee_003:float64,float64
[ 2022-12-08 20:23:24,300 ] 90 root - INFO - Hypothesis ee_004:float64,float64
[ 2022-12-08 20:23:24,302 ] 90 root - INFO - Hypothesis ee_005:float64,float64
[ 2022-12-08 20:23:24,304 ] 90 root - INFO - Hypothesis ee_006:float64,float64
[ 2022-12-08 20:23:24,306 ] 90 root - INFO - Hypothesis ee_007:float64,float64
[ 2022-12-08 20:23:24,308 ] 90 root - INFO - Hypothesis ee_008:float64,float64
[ 2022-12-08 20:23:24,310 ] 90 root - INFO - Hypothesis ee_009:float64,float64
[ 2022-12-08 20:23:24,312 ] 90 root - INFO - Hypothesis ef_000:float64,float64
[ 2022-12-08 20:23:24,313 ] 90 root - INFO - Hypothesis eg_000:float64,float64
[ 2022-12-08 20:23:24,314 ] 148 root - INFO - Write report in yaml file
[ 2022-12-08 20:23:24,389 ] 152 root - INFO - Data_validation_artifact :{data_validation_artifact}
[ 2022-12-08 20:23:25,247 ] 72 root - INFO - Before Resampling, Train_data_input_shape : (28950, 170) , Train_data_target_shape : (28950,)
[ 2022-12-08 20:23:31,612 ] 74 root - INFO - After Resampling, Train_data_input_shape : (56160, 170) , Train_data_target_shape : (56160,)
[ 2022-12-08 20:23:31,613 ] 76 root - INFO - Before Resampling, Test_data_input_shape : (56160, 170) , Test_data_target_shape : (56160,)
[ 2022-12-08 20:23:32,268 ] 78 root - INFO - After Resampling, Test_data_input_shape : (56160, 170) , Test_data_target_shape : (56160,)
