[ 2022-12-08 12:49:14,833 ] 21 root - INFO - Exporting collection data as pandas dataframe
[ 2022-12-08 12:49:14,833 ] 22 root - INFO - reading data from database:aps and collection:sensor
[ 2022-12-08 12:49:18,128 ] 24 root - INFO - found columns:Index(['_id', 'class', 'aa_000', 'ab_000', 'ac_000', 'ad_000', 'ae_000',
       'af_000', 'ag_000', 'ag_001',
       ...
       'ee_002', 'ee_003', 'ee_004', 'ee_005', 'ee_006', 'ee_007', 'ee_008',
       'ee_009', 'ef_000', 'eg_000'],
      dtype='object', length=172)
[ 2022-12-08 12:49:18,128 ] 26 root - INFO - dropping columns: _id
[ 2022-12-08 12:49:18,349 ] 28 root - INFO - columns and rows in df is (36188, 171)
[ 2022-12-08 12:49:18,349 ] 28 root - INFO - Save data in feature store
[ 2022-12-08 12:49:18,861 ] 34 root - INFO - Create feature store folder if not available
[ 2022-12-08 12:49:18,862 ] 38 root - INFO - Save df to feature store folder
[ 2022-12-08 12:49:21,283 ] 43 root - INFO - split dataset into train and test set
[ 2022-12-08 12:49:21,827 ] 47 root - INFO - create dataset directory folder if not available
[ 2022-12-08 12:49:21,827 ] 52 root - INFO - Save df to feature store folder
[ 2022-12-08 12:49:23,937 ] 64 root - INFO - Data ingestion artifact: DataIngestionArtifact(feature_store_file_path='/config/workspace/artifact/12082022__124914/data_ingestion/feature_store/sensor.csv', train_file_path='/config/workspace/artifact/12082022__124914/data_ingestion/dataset/train.csv', test_file_path='/config/workspace/artifact/12082022__124914/data_ingestion/dataset/test.csv')
[ 2022-12-08 12:49:24,322 ] 19 root - INFO - <<<<<<<<<<<<<<<<<<<<<<<<<<<<<<<<<<<<<<<< Data Validation >>>>>>>>>>>>>>>>>>>>>>>>>>>>>>>>>>>>>>>>
[ 2022-12-08 12:49:24,322 ] 115 root - INFO - reading base dataframe
[ 2022-12-08 12:49:25,980 ] 118 root - INFO - replaced na values with np.nan in base df
[ 2022-12-08 12:49:25,980 ] 120 root - INFO - dropping null values columns from base dataframe
[ 2022-12-08 12:49:27,074 ] 42 root - INFO - selecting columns names containing null values above 0.7
[ 2022-12-08 12:49:27,074 ] 45 root - INFO - columns to drop: ['ab_000', 'bn_000', 'bo_000', 'bp_000', 'bq_000', 'br_000', 'cr_000']
[ 2022-12-08 12:49:27,165 ] 123 root - INFO - Reading train dataframe
[ 2022-12-08 12:49:27,545 ] 125 root - INFO - Reading test dataframe
[ 2022-12-08 12:49:27,643 ] 128 root - INFO - dropping null values columns from train dataframe
[ 2022-12-08 12:49:27,655 ] 42 root - INFO - selecting columns names containing null values above 0.7
[ 2022-12-08 12:49:27,655 ] 45 root - INFO - columns to drop: ['ab_000', 'bn_000', 'bo_000', 'bp_000', 'bq_000', 'br_000', 'cr_000']
[ 2022-12-08 12:49:27,719 ] 130 root - INFO - dropping null values columns from test dataframe
[ 2022-12-08 12:49:27,724 ] 42 root - INFO - selecting columns names containing null values above 0.7
[ 2022-12-08 12:49:27,724 ] 45 root - INFO - columns to drop: ['ab_000', 'bn_000', 'bo_000', 'bp_000', 'bq_000', 'br_000', 'cr_000']
[ 2022-12-08 12:49:28,233 ] 142 root - INFO - As all column are available in train df hence detecting data_drift
[ 2022-12-08 12:49:28,233 ] 90 root - INFO - Hypothesis class:object,object
[ 2022-12-08 12:49:28,305 ] 90 root - INFO - Hypothesis aa_000:float64,float64
[ 2022-12-08 12:49:28,311 ] 90 root - INFO - Hypothesis ac_000:float64,float64
[ 2022-12-08 12:49:28,315 ] 90 root - INFO - Hypothesis ad_000:float64,float64
[ 2022-12-08 12:49:28,320 ] 90 root - INFO - Hypothesis ae_000:float64,float64
[ 2022-12-08 12:49:28,335 ] 90 root - INFO - Hypothesis af_000:float64,float64
[ 2022-12-08 12:49:28,338 ] 90 root - INFO - Hypothesis ag_000:float64,float64
[ 2022-12-08 12:49:28,351 ] 90 root - INFO - Hypothesis ag_001:float64,float64
[ 2022-12-08 12:49:28,366 ] 90 root - INFO - Hypothesis ag_002:float64,float64
[ 2022-12-08 12:49:28,369 ] 90 root - INFO - Hypothesis ag_003:float64,float64
[ 2022-12-08 12:49:28,384 ] 90 root - INFO - Hypothesis ag_004:float64,float64
[ 2022-12-08 12:49:28,390 ] 90 root - INFO - Hypothesis ag_005:float64,float64
[ 2022-12-08 12:49:28,396 ] 90 root - INFO - Hypothesis ag_006:float64,float64
[ 2022-12-08 12:49:28,402 ] 90 root - INFO - Hypothesis ag_007:float64,float64
[ 2022-12-08 12:49:28,407 ] 90 root - INFO - Hypothesis ag_008:float64,float64
[ 2022-12-08 12:49:28,412 ] 90 root - INFO - Hypothesis ag_009:float64,float64
[ 2022-12-08 12:49:28,416 ] 90 root - INFO - Hypothesis ah_000:float64,float64
[ 2022-12-08 12:49:28,422 ] 90 root - INFO - Hypothesis ai_000:float64,float64
[ 2022-12-08 12:49:28,425 ] 90 root - INFO - Hypothesis aj_000:float64,float64
[ 2022-12-08 12:49:28,428 ] 90 root - INFO - Hypothesis ak_000:float64,float64
[ 2022-12-08 12:49:28,431 ] 90 root - INFO - Hypothesis al_000:float64,float64
[ 2022-12-08 12:49:28,435 ] 90 root - INFO - Hypothesis am_0:float64,float64
[ 2022-12-08 12:49:28,440 ] 90 root - INFO - Hypothesis an_000:float64,float64
[ 2022-12-08 12:49:28,445 ] 90 root - INFO - Hypothesis ao_000:float64,float64
[ 2022-12-08 12:49:28,451 ] 90 root - INFO - Hypothesis ap_000:float64,float64
[ 2022-12-08 12:49:28,457 ] 90 root - INFO - Hypothesis aq_000:float64,float64
[ 2022-12-08 12:49:28,463 ] 90 root - INFO - Hypothesis ar_000:float64,float64
[ 2022-12-08 12:49:28,467 ] 90 root - INFO - Hypothesis as_000:float64,float64
[ 2022-12-08 12:49:28,469 ] 90 root - INFO - Hypothesis at_000:float64,float64
[ 2022-12-08 12:49:28,472 ] 90 root - INFO - Hypothesis au_000:float64,float64
[ 2022-12-08 12:49:28,475 ] 90 root - INFO - Hypothesis av_000:float64,float64
[ 2022-12-08 12:49:28,480 ] 90 root - INFO - Hypothesis ax_000:float64,float64
[ 2022-12-08 12:49:28,485 ] 90 root - INFO - Hypothesis ay_000:float64,float64
[ 2022-12-08 12:49:28,500 ] 90 root - INFO - Hypothesis ay_001:float64,float64
[ 2022-12-08 12:49:28,515 ] 90 root - INFO - Hypothesis ay_002:float64,float64
[ 2022-12-08 12:49:28,531 ] 90 root - INFO - Hypothesis ay_003:float64,float64
[ 2022-12-08 12:49:28,533 ] 90 root - INFO - Hypothesis ay_004:float64,float64
[ 2022-12-08 12:49:28,536 ] 90 root - INFO - Hypothesis ay_005:float64,float64
[ 2022-12-08 12:49:28,541 ] 90 root - INFO - Hypothesis ay_006:float64,float64
[ 2022-12-08 12:49:28,547 ] 90 root - INFO - Hypothesis ay_007:float64,float64
[ 2022-12-08 12:49:28,552 ] 90 root - INFO - Hypothesis ay_008:float64,float64
[ 2022-12-08 12:49:28,558 ] 90 root - INFO - Hypothesis ay_009:float64,float64
[ 2022-12-08 12:49:28,573 ] 90 root - INFO - Hypothesis az_000:float64,float64
[ 2022-12-08 12:49:28,579 ] 90 root - INFO - Hypothesis az_001:float64,float64
[ 2022-12-08 12:49:28,584 ] 90 root - INFO - Hypothesis az_002:float64,float64
[ 2022-12-08 12:49:28,589 ] 90 root - INFO - Hypothesis az_003:float64,float64
[ 2022-12-08 12:49:28,595 ] 90 root - INFO - Hypothesis az_004:float64,float64
[ 2022-12-08 12:49:28,601 ] 90 root - INFO - Hypothesis az_005:float64,float64
[ 2022-12-08 12:49:28,607 ] 90 root - INFO - Hypothesis az_006:float64,float64
[ 2022-12-08 12:49:28,612 ] 90 root - INFO - Hypothesis az_007:float64,float64
[ 2022-12-08 12:49:28,616 ] 90 root - INFO - Hypothesis az_008:float64,float64
[ 2022-12-08 12:49:28,618 ] 90 root - INFO - Hypothesis az_009:float64,float64
[ 2022-12-08 12:49:28,632 ] 90 root - INFO - Hypothesis ba_000:float64,float64
[ 2022-12-08 12:49:28,639 ] 90 root - INFO - Hypothesis ba_001:float64,float64
[ 2022-12-08 12:49:28,645 ] 90 root - INFO - Hypothesis ba_002:float64,float64
[ 2022-12-08 12:49:28,651 ] 90 root - INFO - Hypothesis ba_003:float64,float64
[ 2022-12-08 12:49:28,656 ] 90 root - INFO - Hypothesis ba_004:float64,float64
[ 2022-12-08 12:49:28,662 ] 90 root - INFO - Hypothesis ba_005:float64,float64
[ 2022-12-08 12:49:28,668 ] 90 root - INFO - Hypothesis ba_006:float64,float64
[ 2022-12-08 12:49:28,674 ] 90 root - INFO - Hypothesis ba_007:float64,float64
[ 2022-12-08 12:49:28,679 ] 90 root - INFO - Hypothesis ba_008:float64,float64
[ 2022-12-08 12:49:28,684 ] 90 root - INFO - Hypothesis ba_009:float64,float64
[ 2022-12-08 12:49:28,688 ] 90 root - INFO - Hypothesis bb_000:float64,float64
[ 2022-12-08 12:49:28,694 ] 90 root - INFO - Hypothesis bc_000:float64,float64
[ 2022-12-08 12:49:28,698 ] 90 root - INFO - Hypothesis bd_000:float64,float64
[ 2022-12-08 12:49:28,703 ] 90 root - INFO - Hypothesis be_000:float64,float64
[ 2022-12-08 12:49:28,708 ] 90 root - INFO - Hypothesis bf_000:float64,float64
[ 2022-12-08 12:49:28,712 ] 90 root - INFO - Hypothesis bg_000:float64,float64
[ 2022-12-08 12:49:28,718 ] 90 root - INFO - Hypothesis bh_000:float64,float64
[ 2022-12-08 12:49:28,724 ] 90 root - INFO - Hypothesis bi_000:float64,float64
[ 2022-12-08 12:49:28,730 ] 90 root - INFO - Hypothesis bj_000:float64,float64
[ 2022-12-08 12:49:28,736 ] 90 root - INFO - Hypothesis bk_000:float64,float64
[ 2022-12-08 12:49:28,740 ] 90 root - INFO - Hypothesis bl_000:float64,float64
[ 2022-12-08 12:49:28,745 ] 90 root - INFO - Hypothesis bm_000:float64,float64
[ 2022-12-08 12:49:28,748 ] 90 root - INFO - Hypothesis bs_000:float64,float64
[ 2022-12-08 12:49:28,754 ] 90 root - INFO - Hypothesis bt_000:float64,float64
[ 2022-12-08 12:49:28,760 ] 90 root - INFO - Hypothesis bu_000:float64,float64
[ 2022-12-08 12:49:28,766 ] 90 root - INFO - Hypothesis bv_000:float64,float64
[ 2022-12-08 12:49:28,772 ] 90 root - INFO - Hypothesis bx_000:float64,float64
[ 2022-12-08 12:49:28,778 ] 90 root - INFO - Hypothesis by_000:float64,float64
[ 2022-12-08 12:49:28,784 ] 90 root - INFO - Hypothesis bz_000:float64,float64
[ 2022-12-08 12:49:28,789 ] 90 root - INFO - Hypothesis ca_000:float64,float64
[ 2022-12-08 12:49:28,795 ] 90 root - INFO - Hypothesis cb_000:float64,float64
[ 2022-12-08 12:49:28,802 ] 90 root - INFO - Hypothesis cc_000:float64,float64
[ 2022-12-08 12:49:28,808 ] 90 root - INFO - Hypothesis cd_000:float64,float64
[ 2022-12-08 12:49:28,823 ] 90 root - INFO - Hypothesis ce_000:float64,float64
[ 2022-12-08 12:49:28,829 ] 90 root - INFO - Hypothesis cf_000:float64,float64
[ 2022-12-08 12:49:28,832 ] 90 root - INFO - Hypothesis cg_000:float64,float64
[ 2022-12-08 12:49:28,836 ] 90 root - INFO - Hypothesis ch_000:float64,float64
[ 2022-12-08 12:49:28,840 ] 90 root - INFO - Hypothesis ci_000:float64,float64
[ 2022-12-08 12:49:28,846 ] 90 root - INFO - Hypothesis cj_000:float64,float64
[ 2022-12-08 12:49:28,849 ] 90 root - INFO - Hypothesis ck_000:float64,float64
[ 2022-12-08 12:49:28,855 ] 90 root - INFO - Hypothesis cl_000:float64,float64
[ 2022-12-08 12:49:28,859 ] 90 root - INFO - Hypothesis cm_000:float64,float64
[ 2022-12-08 12:49:28,864 ] 90 root - INFO - Hypothesis cn_000:float64,float64
[ 2022-12-08 12:49:28,867 ] 90 root - INFO - Hypothesis cn_001:float64,float64
[ 2022-12-08 12:49:28,870 ] 90 root - INFO - Hypothesis cn_002:float64,float64
[ 2022-12-08 12:49:28,874 ] 90 root - INFO - Hypothesis cn_003:float64,float64
[ 2022-12-08 12:49:28,880 ] 90 root - INFO - Hypothesis cn_004:float64,float64
[ 2022-12-08 12:49:28,886 ] 90 root - INFO - Hypothesis cn_005:float64,float64
[ 2022-12-08 12:49:28,892 ] 90 root - INFO - Hypothesis cn_006:float64,float64
[ 2022-12-08 12:49:28,908 ] 90 root - INFO - Hypothesis cn_007:float64,float64
[ 2022-12-08 12:49:28,913 ] 90 root - INFO - Hypothesis cn_008:float64,float64
[ 2022-12-08 12:49:28,918 ] 90 root - INFO - Hypothesis cn_009:float64,float64
[ 2022-12-08 12:49:28,923 ] 90 root - INFO - Hypothesis co_000:float64,float64
[ 2022-12-08 12:49:28,927 ] 90 root - INFO - Hypothesis cp_000:float64,float64
[ 2022-12-08 12:49:28,931 ] 90 root - INFO - Hypothesis cq_000:float64,float64
[ 2022-12-08 12:49:28,937 ] 90 root - INFO - Hypothesis cs_000:float64,float64
[ 2022-12-08 12:49:28,943 ] 90 root - INFO - Hypothesis cs_001:float64,float64
[ 2022-12-08 12:49:28,948 ] 90 root - INFO - Hypothesis cs_002:float64,float64
[ 2022-12-08 12:49:28,954 ] 90 root - INFO - Hypothesis cs_003:float64,float64
[ 2022-12-08 12:49:28,959 ] 90 root - INFO - Hypothesis cs_004:float64,float64
[ 2022-12-08 12:49:29,004 ] 90 root - INFO - Hypothesis cs_005:float64,float64
[ 2022-12-08 12:49:29,010 ] 90 root - INFO - Hypothesis cs_006:float64,float64
[ 2022-12-08 12:49:29,016 ] 90 root - INFO - Hypothesis cs_007:float64,float64
[ 2022-12-08 12:49:29,022 ] 90 root - INFO - Hypothesis cs_008:float64,float64
[ 2022-12-08 12:49:29,027 ] 90 root - INFO - Hypothesis cs_009:float64,float64
[ 2022-12-08 12:49:29,029 ] 90 root - INFO - Hypothesis ct_000:float64,float64
[ 2022-12-08 12:49:29,034 ] 90 root - INFO - Hypothesis cu_000:float64,float64
[ 2022-12-08 12:49:29,039 ] 90 root - INFO - Hypothesis cv_000:float64,float64
[ 2022-12-08 12:49:29,045 ] 90 root - INFO - Hypothesis cx_000:float64,float64
[ 2022-12-08 12:49:29,051 ] 90 root - INFO - Hypothesis cy_000:float64,float64
[ 2022-12-08 12:49:29,054 ] 90 root - INFO - Hypothesis cz_000:float64,float64
[ 2022-12-08 12:49:29,060 ] 90 root - INFO - Hypothesis da_000:float64,float64
[ 2022-12-08 12:49:29,067 ] 90 root - INFO - Hypothesis db_000:float64,float64
[ 2022-12-08 12:49:29,071 ] 90 root - INFO - Hypothesis dc_000:float64,float64
[ 2022-12-08 12:49:29,078 ] 90 root - INFO - Hypothesis dd_000:float64,float64
[ 2022-12-08 12:49:29,085 ] 90 root - INFO - Hypothesis de_000:float64,float64
[ 2022-12-08 12:49:29,090 ] 90 root - INFO - Hypothesis df_000:float64,float64
[ 2022-12-08 12:49:29,093 ] 90 root - INFO - Hypothesis dg_000:float64,float64
[ 2022-12-08 12:49:29,096 ] 90 root - INFO - Hypothesis dh_000:float64,float64
[ 2022-12-08 12:49:29,099 ] 90 root - INFO - Hypothesis di_000:float64,float64
[ 2022-12-08 12:49:29,102 ] 90 root - INFO - Hypothesis dj_000:float64,float64
[ 2022-12-08 12:49:29,105 ] 90 root - INFO - Hypothesis dk_000:float64,float64
[ 2022-12-08 12:49:29,108 ] 90 root - INFO - Hypothesis dl_000:float64,float64
[ 2022-12-08 12:49:29,111 ] 90 root - INFO - Hypothesis dm_000:float64,float64
[ 2022-12-08 12:49:29,114 ] 90 root - INFO - Hypothesis dn_000:float64,float64
[ 2022-12-08 12:49:29,120 ] 90 root - INFO - Hypothesis do_000:float64,float64
[ 2022-12-08 12:49:29,125 ] 90 root - INFO - Hypothesis dp_000:float64,float64
[ 2022-12-08 12:49:29,130 ] 90 root - INFO - Hypothesis dq_000:float64,float64
[ 2022-12-08 12:49:29,134 ] 90 root - INFO - Hypothesis dr_000:float64,float64
[ 2022-12-08 12:49:29,137 ] 90 root - INFO - Hypothesis ds_000:float64,float64
[ 2022-12-08 12:49:29,143 ] 90 root - INFO - Hypothesis dt_000:float64,float64
[ 2022-12-08 12:49:29,149 ] 90 root - INFO - Hypothesis du_000:float64,float64
[ 2022-12-08 12:49:29,154 ] 90 root - INFO - Hypothesis dv_000:float64,float64
[ 2022-12-08 12:49:29,160 ] 90 root - INFO - Hypothesis dx_000:float64,float64
[ 2022-12-08 12:49:29,164 ] 90 root - INFO - Hypothesis dy_000:float64,float64
[ 2022-12-08 12:49:29,168 ] 90 root - INFO - Hypothesis dz_000:float64,float64
[ 2022-12-08 12:49:29,171 ] 90 root - INFO - Hypothesis ea_000:float64,float64
[ 2022-12-08 12:49:29,186 ] 90 root - INFO - Hypothesis eb_000:float64,float64
[ 2022-12-08 12:49:29,191 ] 90 root - INFO - Hypothesis ec_00:float64,float64
[ 2022-12-08 12:49:29,197 ] 90 root - INFO - Hypothesis ed_000:float64,float64
[ 2022-12-08 12:49:29,202 ] 90 root - INFO - Hypothesis ee_000:float64,float64
[ 2022-12-08 12:49:29,208 ] 90 root - INFO - Hypothesis ee_001:float64,float64
[ 2022-12-08 12:49:29,214 ] 90 root - INFO - Hypothesis ee_002:float64,float64
[ 2022-12-08 12:49:29,219 ] 90 root - INFO - Hypothesis ee_003:float64,float64
[ 2022-12-08 12:49:29,225 ] 90 root - INFO - Hypothesis ee_004:float64,float64
[ 2022-12-08 12:49:29,231 ] 90 root - INFO - Hypothesis ee_005:float64,float64
[ 2022-12-08 12:49:29,237 ] 90 root - INFO - Hypothesis ee_006:float64,float64
[ 2022-12-08 12:49:29,242 ] 90 root - INFO - Hypothesis ee_007:float64,float64
[ 2022-12-08 12:49:29,248 ] 90 root - INFO - Hypothesis ee_008:float64,float64
[ 2022-12-08 12:49:29,253 ] 90 root - INFO - Hypothesis ee_009:float64,float64
[ 2022-12-08 12:49:29,257 ] 90 root - INFO - Hypothesis ef_000:float64,float64
[ 2022-12-08 12:49:29,260 ] 90 root - INFO - Hypothesis eg_000:float64,float64
[ 2022-12-08 12:49:29,274 ] 145 root - INFO - As all column are available in train df hence detecting data_drift
[ 2022-12-08 12:49:29,274 ] 90 root - INFO - Hypothesis class:object,object
[ 2022-12-08 12:49:29,293 ] 90 root - INFO - Hypothesis aa_000:float64,float64
[ 2022-12-08 12:49:29,296 ] 90 root - INFO - Hypothesis ac_000:float64,float64
[ 2022-12-08 12:49:29,298 ] 90 root - INFO - Hypothesis ad_000:float64,float64
[ 2022-12-08 12:49:29,300 ] 90 root - INFO - Hypothesis ae_000:float64,float64
[ 2022-12-08 12:49:29,301 ] 90 root - INFO - Hypothesis af_000:float64,float64
[ 2022-12-08 12:49:29,302 ] 90 root - INFO - Hypothesis ag_000:float64,float64
[ 2022-12-08 12:49:29,303 ] 90 root - INFO - Hypothesis ag_001:float64,float64
[ 2022-12-08 12:49:29,303 ] 90 root - INFO - Hypothesis ag_002:float64,float64
[ 2022-12-08 12:49:29,304 ] 90 root - INFO - Hypothesis ag_003:float64,float64
[ 2022-12-08 12:49:29,306 ] 90 root - INFO - Hypothesis ag_004:float64,float64
[ 2022-12-08 12:49:29,308 ] 90 root - INFO - Hypothesis ag_005:float64,float64
[ 2022-12-08 12:49:29,310 ] 90 root - INFO - Hypothesis ag_006:float64,float64
[ 2022-12-08 12:49:29,312 ] 90 root - INFO - Hypothesis ag_007:float64,float64
[ 2022-12-08 12:49:29,314 ] 90 root - INFO - Hypothesis ag_008:float64,float64
[ 2022-12-08 12:49:29,315 ] 90 root - INFO - Hypothesis ag_009:float64,float64
[ 2022-12-08 12:49:29,317 ] 90 root - INFO - Hypothesis ah_000:float64,float64
[ 2022-12-08 12:49:29,319 ] 90 root - INFO - Hypothesis ai_000:float64,float64
[ 2022-12-08 12:49:29,320 ] 90 root - INFO - Hypothesis aj_000:float64,float64
[ 2022-12-08 12:49:29,321 ] 90 root - INFO - Hypothesis ak_000:float64,float64
[ 2022-12-08 12:49:29,322 ] 90 root - INFO - Hypothesis al_000:float64,float64
[ 2022-12-08 12:49:29,324 ] 90 root - INFO - Hypothesis am_0:float64,float64
[ 2022-12-08 12:49:29,325 ] 90 root - INFO - Hypothesis an_000:float64,float64
[ 2022-12-08 12:49:29,327 ] 90 root - INFO - Hypothesis ao_000:float64,float64
[ 2022-12-08 12:49:29,329 ] 90 root - INFO - Hypothesis ap_000:float64,float64
[ 2022-12-08 12:49:29,331 ] 90 root - INFO - Hypothesis aq_000:float64,float64
[ 2022-12-08 12:49:29,334 ] 90 root - INFO - Hypothesis ar_000:float64,float64
[ 2022-12-08 12:49:29,335 ] 90 root - INFO - Hypothesis as_000:float64,float64
[ 2022-12-08 12:49:29,335 ] 90 root - INFO - Hypothesis at_000:float64,float64
[ 2022-12-08 12:49:29,337 ] 90 root - INFO - Hypothesis au_000:float64,float64
[ 2022-12-08 12:49:29,337 ] 90 root - INFO - Hypothesis av_000:float64,float64
[ 2022-12-08 12:49:29,339 ] 90 root - INFO - Hypothesis ax_000:float64,float64
[ 2022-12-08 12:49:29,341 ] 90 root - INFO - Hypothesis ay_000:float64,float64
[ 2022-12-08 12:49:29,342 ] 90 root - INFO - Hypothesis ay_001:float64,float64
[ 2022-12-08 12:49:29,343 ] 90 root - INFO - Hypothesis ay_002:float64,float64
[ 2022-12-08 12:49:29,344 ] 90 root - INFO - Hypothesis ay_003:float64,float64
[ 2022-12-08 12:49:29,345 ] 90 root - INFO - Hypothesis ay_004:float64,float64
[ 2022-12-08 12:49:29,346 ] 90 root - INFO - Hypothesis ay_005:float64,float64
[ 2022-12-08 12:49:29,347 ] 90 root - INFO - Hypothesis ay_006:float64,float64
[ 2022-12-08 12:49:29,349 ] 90 root - INFO - Hypothesis ay_007:float64,float64
[ 2022-12-08 12:49:29,351 ] 90 root - INFO - Hypothesis ay_008:float64,float64
[ 2022-12-08 12:49:29,353 ] 90 root - INFO - Hypothesis ay_009:float64,float64
[ 2022-12-08 12:49:29,354 ] 90 root - INFO - Hypothesis az_000:float64,float64
[ 2022-12-08 12:49:29,356 ] 90 root - INFO - Hypothesis az_001:float64,float64
[ 2022-12-08 12:49:29,358 ] 90 root - INFO - Hypothesis az_002:float64,float64
[ 2022-12-08 12:49:29,360 ] 90 root - INFO - Hypothesis az_003:float64,float64
[ 2022-12-08 12:49:29,362 ] 90 root - INFO - Hypothesis az_004:float64,float64
[ 2022-12-08 12:49:29,364 ] 90 root - INFO - Hypothesis az_005:float64,float64
[ 2022-12-08 12:49:29,366 ] 90 root - INFO - Hypothesis az_006:float64,float64
[ 2022-12-08 12:49:29,368 ] 90 root - INFO - Hypothesis az_007:float64,float64
[ 2022-12-08 12:49:29,370 ] 90 root - INFO - Hypothesis az_008:float64,float64
[ 2022-12-08 12:49:29,371 ] 90 root - INFO - Hypothesis az_009:float64,float64
[ 2022-12-08 12:49:29,372 ] 90 root - INFO - Hypothesis ba_000:float64,float64
[ 2022-12-08 12:49:29,374 ] 90 root - INFO - Hypothesis ba_001:float64,float64
[ 2022-12-08 12:49:29,376 ] 90 root - INFO - Hypothesis ba_002:float64,float64
[ 2022-12-08 12:49:29,378 ] 90 root - INFO - Hypothesis ba_003:float64,float64
[ 2022-12-08 12:49:29,380 ] 90 root - INFO - Hypothesis ba_004:float64,float64
[ 2022-12-08 12:49:29,382 ] 90 root - INFO - Hypothesis ba_005:float64,float64
[ 2022-12-08 12:49:29,384 ] 90 root - INFO - Hypothesis ba_006:float64,float64
[ 2022-12-08 12:49:29,386 ] 90 root - INFO - Hypothesis ba_007:float64,float64
[ 2022-12-08 12:49:29,388 ] 90 root - INFO - Hypothesis ba_008:float64,float64
[ 2022-12-08 12:49:29,390 ] 90 root - INFO - Hypothesis ba_009:float64,float64
[ 2022-12-08 12:49:29,391 ] 90 root - INFO - Hypothesis bb_000:float64,float64
[ 2022-12-08 12:49:29,393 ] 90 root - INFO - Hypothesis bc_000:float64,float64
[ 2022-12-08 12:49:29,395 ] 90 root - INFO - Hypothesis bd_000:float64,float64
[ 2022-12-08 12:49:29,396 ] 90 root - INFO - Hypothesis be_000:float64,float64
[ 2022-12-08 12:49:29,398 ] 90 root - INFO - Hypothesis bf_000:float64,float64
[ 2022-12-08 12:49:29,400 ] 90 root - INFO - Hypothesis bg_000:float64,float64
[ 2022-12-08 12:49:29,402 ] 90 root - INFO - Hypothesis bh_000:float64,float64
[ 2022-12-08 12:49:29,404 ] 90 root - INFO - Hypothesis bi_000:float64,float64
[ 2022-12-08 12:49:29,406 ] 90 root - INFO - Hypothesis bj_000:float64,float64
[ 2022-12-08 12:49:29,408 ] 90 root - INFO - Hypothesis bk_000:float64,float64
[ 2022-12-08 12:49:29,410 ] 90 root - INFO - Hypothesis bl_000:float64,float64
[ 2022-12-08 12:49:29,411 ] 90 root - INFO - Hypothesis bm_000:float64,float64
[ 2022-12-08 12:49:29,412 ] 90 root - INFO - Hypothesis bs_000:float64,float64
[ 2022-12-08 12:49:29,415 ] 90 root - INFO - Hypothesis bt_000:float64,float64
[ 2022-12-08 12:49:29,417 ] 90 root - INFO - Hypothesis bu_000:float64,float64
[ 2022-12-08 12:49:29,419 ] 90 root - INFO - Hypothesis bv_000:float64,float64
[ 2022-12-08 12:49:29,421 ] 90 root - INFO - Hypothesis bx_000:float64,float64
[ 2022-12-08 12:49:29,423 ] 90 root - INFO - Hypothesis by_000:float64,float64
[ 2022-12-08 12:49:29,425 ] 90 root - INFO - Hypothesis bz_000:float64,float64
[ 2022-12-08 12:49:29,427 ] 90 root - INFO - Hypothesis ca_000:float64,float64
[ 2022-12-08 12:49:29,429 ] 90 root - INFO - Hypothesis cb_000:float64,float64
[ 2022-12-08 12:49:29,431 ] 90 root - INFO - Hypothesis cc_000:float64,float64
[ 2022-12-08 12:49:29,433 ] 90 root - INFO - Hypothesis cd_000:float64,float64
[ 2022-12-08 12:49:29,434 ] 90 root - INFO - Hypothesis ce_000:float64,float64
[ 2022-12-08 12:49:29,436 ] 90 root - INFO - Hypothesis cf_000:float64,float64
[ 2022-12-08 12:49:29,437 ] 90 root - INFO - Hypothesis cg_000:float64,float64
[ 2022-12-08 12:49:29,438 ] 90 root - INFO - Hypothesis ch_000:float64,float64
[ 2022-12-08 12:49:29,440 ] 90 root - INFO - Hypothesis ci_000:float64,float64
[ 2022-12-08 12:49:29,442 ] 90 root - INFO - Hypothesis cj_000:float64,float64
[ 2022-12-08 12:49:29,443 ] 90 root - INFO - Hypothesis ck_000:float64,float64
[ 2022-12-08 12:49:29,445 ] 90 root - INFO - Hypothesis cl_000:float64,float64
[ 2022-12-08 12:49:29,446 ] 90 root - INFO - Hypothesis cm_000:float64,float64
[ 2022-12-08 12:49:29,448 ] 90 root - INFO - Hypothesis cn_000:float64,float64
[ 2022-12-08 12:49:29,449 ] 90 root - INFO - Hypothesis cn_001:float64,float64
[ 2022-12-08 12:49:29,450 ] 90 root - INFO - Hypothesis cn_002:float64,float64
[ 2022-12-08 12:49:29,452 ] 90 root - INFO - Hypothesis cn_003:float64,float64
[ 2022-12-08 12:49:29,454 ] 90 root - INFO - Hypothesis cn_004:float64,float64
[ 2022-12-08 12:49:29,456 ] 90 root - INFO - Hypothesis cn_005:float64,float64
[ 2022-12-08 12:49:29,458 ] 90 root - INFO - Hypothesis cn_006:float64,float64
[ 2022-12-08 12:49:29,460 ] 90 root - INFO - Hypothesis cn_007:float64,float64
[ 2022-12-08 12:49:29,462 ] 90 root - INFO - Hypothesis cn_008:float64,float64
[ 2022-12-08 12:49:29,464 ] 90 root - INFO - Hypothesis cn_009:float64,float64
[ 2022-12-08 12:49:29,465 ] 90 root - INFO - Hypothesis co_000:float64,float64
[ 2022-12-08 12:49:29,467 ] 90 root - INFO - Hypothesis cp_000:float64,float64
[ 2022-12-08 12:49:29,468 ] 90 root - INFO - Hypothesis cq_000:float64,float64
[ 2022-12-08 12:49:29,470 ] 90 root - INFO - Hypothesis cs_000:float64,float64
[ 2022-12-08 12:49:29,473 ] 90 root - INFO - Hypothesis cs_001:float64,float64
[ 2022-12-08 12:49:29,474 ] 90 root - INFO - Hypothesis cs_002:float64,float64
[ 2022-12-08 12:49:29,476 ] 90 root - INFO - Hypothesis cs_003:float64,float64
[ 2022-12-08 12:49:29,479 ] 90 root - INFO - Hypothesis cs_004:float64,float64
[ 2022-12-08 12:49:29,481 ] 90 root - INFO - Hypothesis cs_005:float64,float64
[ 2022-12-08 12:49:29,483 ] 90 root - INFO - Hypothesis cs_006:float64,float64
[ 2022-12-08 12:49:29,485 ] 90 root - INFO - Hypothesis cs_007:float64,float64
[ 2022-12-08 12:49:29,487 ] 90 root - INFO - Hypothesis cs_008:float64,float64
[ 2022-12-08 12:49:29,488 ] 90 root - INFO - Hypothesis cs_009:float64,float64
[ 2022-12-08 12:49:29,489 ] 90 root - INFO - Hypothesis ct_000:float64,float64
[ 2022-12-08 12:49:29,491 ] 90 root - INFO - Hypothesis cu_000:float64,float64
[ 2022-12-08 12:49:29,493 ] 90 root - INFO - Hypothesis cv_000:float64,float64
[ 2022-12-08 12:49:29,495 ] 90 root - INFO - Hypothesis cx_000:float64,float64
[ 2022-12-08 12:49:29,497 ] 90 root - INFO - Hypothesis cy_000:float64,float64
[ 2022-12-08 12:49:29,498 ] 90 root - INFO - Hypothesis cz_000:float64,float64
[ 2022-12-08 12:49:29,499 ] 90 root - INFO - Hypothesis da_000:float64,float64
[ 2022-12-08 12:49:29,500 ] 90 root - INFO - Hypothesis db_000:float64,float64
[ 2022-12-08 12:49:29,502 ] 90 root - INFO - Hypothesis dc_000:float64,float64
[ 2022-12-08 12:49:29,504 ] 90 root - INFO - Hypothesis dd_000:float64,float64
[ 2022-12-08 12:49:29,506 ] 90 root - INFO - Hypothesis de_000:float64,float64
[ 2022-12-08 12:49:29,507 ] 90 root - INFO - Hypothesis df_000:float64,float64
[ 2022-12-08 12:49:29,508 ] 90 root - INFO - Hypothesis dg_000:float64,float64
[ 2022-12-08 12:49:29,509 ] 90 root - INFO - Hypothesis dh_000:float64,float64
[ 2022-12-08 12:49:29,511 ] 90 root - INFO - Hypothesis di_000:float64,float64
[ 2022-12-08 12:49:29,512 ] 90 root - INFO - Hypothesis dj_000:float64,float64
[ 2022-12-08 12:49:29,513 ] 90 root - INFO - Hypothesis dk_000:float64,float64
[ 2022-12-08 12:49:29,514 ] 90 root - INFO - Hypothesis dl_000:float64,float64
[ 2022-12-08 12:49:29,515 ] 90 root - INFO - Hypothesis dm_000:float64,float64
[ 2022-12-08 12:49:29,516 ] 90 root - INFO - Hypothesis dn_000:float64,float64
[ 2022-12-08 12:49:29,518 ] 90 root - INFO - Hypothesis do_000:float64,float64
[ 2022-12-08 12:49:29,520 ] 90 root - INFO - Hypothesis dp_000:float64,float64
[ 2022-12-08 12:49:29,522 ] 90 root - INFO - Hypothesis dq_000:float64,float64
[ 2022-12-08 12:49:29,523 ] 90 root - INFO - Hypothesis dr_000:float64,float64
[ 2022-12-08 12:49:29,524 ] 90 root - INFO - Hypothesis ds_000:float64,float64
[ 2022-12-08 12:49:29,526 ] 90 root - INFO - Hypothesis dt_000:float64,float64
[ 2022-12-08 12:49:29,528 ] 90 root - INFO - Hypothesis du_000:float64,float64
[ 2022-12-08 12:49:29,530 ] 90 root - INFO - Hypothesis dv_000:float64,float64
[ 2022-12-08 12:49:29,532 ] 90 root - INFO - Hypothesis dx_000:float64,float64
[ 2022-12-08 12:49:29,534 ] 90 root - INFO - Hypothesis dy_000:float64,float64
[ 2022-12-08 12:49:29,535 ] 90 root - INFO - Hypothesis dz_000:float64,float64
[ 2022-12-08 12:49:29,536 ] 90 root - INFO - Hypothesis ea_000:float64,float64
[ 2022-12-08 12:49:29,537 ] 90 root - INFO - Hypothesis eb_000:float64,float64
[ 2022-12-08 12:49:29,539 ] 90 root - INFO - Hypothesis ec_00:float64,float64
[ 2022-12-08 12:49:29,541 ] 90 root - INFO - Hypothesis ed_000:float64,float64
[ 2022-12-08 12:49:29,543 ] 90 root - INFO - Hypothesis ee_000:float64,float64
[ 2022-12-08 12:49:29,545 ] 90 root - INFO - Hypothesis ee_001:float64,float64
[ 2022-12-08 12:49:29,547 ] 90 root - INFO - Hypothesis ee_002:float64,float64
[ 2022-12-08 12:49:29,549 ] 90 root - INFO - Hypothesis ee_003:float64,float64
[ 2022-12-08 12:49:29,551 ] 90 root - INFO - Hypothesis ee_004:float64,float64
[ 2022-12-08 12:49:29,553 ] 90 root - INFO - Hypothesis ee_005:float64,float64
[ 2022-12-08 12:49:29,555 ] 90 root - INFO - Hypothesis ee_006:float64,float64
[ 2022-12-08 12:49:29,557 ] 90 root - INFO - Hypothesis ee_007:float64,float64
[ 2022-12-08 12:49:29,559 ] 90 root - INFO - Hypothesis ee_008:float64,float64
[ 2022-12-08 12:49:29,561 ] 90 root - INFO - Hypothesis ee_009:float64,float64
[ 2022-12-08 12:49:29,562 ] 90 root - INFO - Hypothesis ef_000:float64,float64
[ 2022-12-08 12:49:29,563 ] 90 root - INFO - Hypothesis eg_000:float64,float64
[ 2022-12-08 12:49:29,564 ] 148 root - INFO - Write report in yaml file
[ 2022-12-08 12:49:29,637 ] 152 root - INFO - Data_validation_artifact :{data_validation_artifact}
