[ 2022-12-08 12:44:47,139 ] 21 root - INFO - Exporting collection data as pandas dataframe
[ 2022-12-08 12:44:47,139 ] 22 root - INFO - reading data from database:aps and collection:sensor
[ 2022-12-08 12:44:50,709 ] 24 root - INFO - found columns:Index(['_id', 'class', 'aa_000', 'ab_000', 'ac_000', 'ad_000', 'ae_000',
       'af_000', 'ag_000', 'ag_001',
       ...
       'ee_002', 'ee_003', 'ee_004', 'ee_005', 'ee_006', 'ee_007', 'ee_008',
       'ee_009', 'ef_000', 'eg_000'],
      dtype='object', length=172)
[ 2022-12-08 12:44:50,709 ] 26 root - INFO - dropping columns: _id
[ 2022-12-08 12:44:50,909 ] 28 root - INFO - columns and rows in df is (36188, 171)
[ 2022-12-08 12:44:50,909 ] 28 root - INFO - Save data in feature store
[ 2022-12-08 12:44:51,466 ] 34 root - INFO - Create feature store folder if not available
[ 2022-12-08 12:44:51,467 ] 38 root - INFO - Save df to feature store folder
[ 2022-12-08 12:44:53,944 ] 43 root - INFO - split dataset into train and test set
[ 2022-12-08 12:44:54,560 ] 47 root - INFO - create dataset directory folder if not available
[ 2022-12-08 12:44:54,560 ] 52 root - INFO - Save df to feature store folder
[ 2022-12-08 12:44:56,714 ] 64 root - INFO - Data ingestion artifact: DataIngestionArtifact(feature_store_file_path='/config/workspace/artifact/12082022__124447/data_ingestion/feature_store/sensor.csv', train_file_path='/config/workspace/artifact/12082022__124447/data_ingestion/dataset/train.csv', test_file_path='/config/workspace/artifact/12082022__124447/data_ingestion/dataset/test.csv')
[ 2022-12-08 12:44:57,146 ] 19 root - INFO - <<<<<<<<<<<<<<<<<<<<<<<<<<<<<<<<<<<<<<<< Data Validation >>>>>>>>>>>>>>>>>>>>>>>>>>>>>>>>>>>>>>>>
[ 2022-12-08 12:44:57,146 ] 115 root - INFO - reading base dataframe
[ 2022-12-08 12:44:58,875 ] 118 root - INFO - replaced na values with np.nan in base df
[ 2022-12-08 12:44:58,875 ] 120 root - INFO - dropping null values columns from base dataframe
[ 2022-12-08 12:44:59,879 ] 42 root - INFO - selecting columns names containing null values above 0.7
[ 2022-12-08 12:44:59,880 ] 45 root - INFO - columns to drop: ['ab_000', 'bn_000', 'bo_000', 'bp_000', 'bq_000', 'br_000', 'cr_000']
[ 2022-12-08 12:44:59,990 ] 123 root - INFO - Reading train dataframe
[ 2022-12-08 12:45:00,395 ] 125 root - INFO - Reading test dataframe
[ 2022-12-08 12:45:00,496 ] 128 root - INFO - dropping null values columns from train dataframe
[ 2022-12-08 12:45:00,507 ] 42 root - INFO - selecting columns names containing null values above 0.7
[ 2022-12-08 12:45:00,508 ] 45 root - INFO - columns to drop: ['ab_000', 'bn_000', 'bo_000', 'bp_000', 'bq_000', 'br_000', 'cr_000']
[ 2022-12-08 12:45:00,607 ] 130 root - INFO - dropping null values columns from test dataframe
[ 2022-12-08 12:45:00,612 ] 42 root - INFO - selecting columns names containing null values above 0.7
[ 2022-12-08 12:45:00,612 ] 45 root - INFO - columns to drop: ['ab_000', 'bn_000', 'bo_000', 'bp_000', 'bq_000', 'br_000', 'cr_000']
