[ 2022-12-08 20:03:09,573 ] 21 root - INFO - Exporting collection data as pandas dataframe
[ 2022-12-08 20:03:09,573 ] 24 root - INFO - reading data from database:aps and collection:sensor
[ 2022-12-08 20:03:13,291 ] 26 root - INFO - found columns:Index(['_id', 'class', 'aa_000', 'ab_000', 'ac_000', 'ad_000', 'ae_000',
       'af_000', 'ag_000', 'ag_001',
       ...
       'ee_002', 'ee_003', 'ee_004', 'ee_005', 'ee_006', 'ee_007', 'ee_008',
       'ee_009', 'ef_000', 'eg_000'],
      dtype='object', length=172)
[ 2022-12-08 20:03:13,292 ] 28 root - INFO - dropping columns: _id
[ 2022-12-08 20:03:13,493 ] 30 root - INFO - columns and rows in df is (36188, 171)
[ 2022-12-08 20:03:13,493 ] 28 root - INFO - Save data in feature store
[ 2022-12-08 20:03:14,021 ] 34 root - INFO - Create feature store folder if not available
[ 2022-12-08 20:03:14,021 ] 38 root - INFO - Save df to feature store folder
[ 2022-12-08 20:03:16,392 ] 43 root - INFO - split dataset into train and test set
[ 2022-12-08 20:03:16,932 ] 47 root - INFO - create dataset directory folder if not available
[ 2022-12-08 20:03:16,932 ] 52 root - INFO - Save df to feature store folder
[ 2022-12-08 20:03:19,062 ] 64 root - INFO - Data ingestion artifact: DataIngestionArtifact(feature_store_file_path='/config/workspace/artifact/12082022__200309/data_ingestion/feature_store/sensor.csv', train_file_path='/config/workspace/artifact/12082022__200309/data_ingestion/dataset/train.csv', test_file_path='/config/workspace/artifact/12082022__200309/data_ingestion/dataset/test.csv')
[ 2022-12-08 20:03:19,570 ] 19 root - INFO - <<<<<<<<<<<<<<<<<<<<<<<<<<<<<<<<<<<<<<<< Data Validation >>>>>>>>>>>>>>>>>>>>>>>>>>>>>>>>>>>>>>>>
[ 2022-12-08 20:03:19,570 ] 115 root - INFO - reading base dataframe
[ 2022-12-08 20:03:21,269 ] 118 root - INFO - replaced na values with np.nan in base df
[ 2022-12-08 20:03:21,269 ] 120 root - INFO - dropping null values columns from base dataframe
[ 2022-12-08 20:03:22,357 ] 42 root - INFO - selecting columns names containing null values above 0.7
[ 2022-12-08 20:03:22,357 ] 45 root - INFO - columns to drop: ['ab_000', 'bn_000', 'bo_000', 'bp_000', 'bq_000', 'br_000', 'cr_000']
[ 2022-12-08 20:03:22,518 ] 123 root - INFO - Reading train dataframe
[ 2022-12-08 20:03:22,922 ] 125 root - INFO - Reading test dataframe
[ 2022-12-08 20:03:23,025 ] 128 root - INFO - dropping null values columns from train dataframe
[ 2022-12-08 20:03:23,036 ] 42 root - INFO - selecting columns names containing null values above 0.7
[ 2022-12-08 20:03:23,037 ] 45 root - INFO - columns to drop: ['ab_000', 'bn_000', 'bo_000', 'bp_000', 'bq_000', 'br_000', 'cr_000']
[ 2022-12-08 20:03:23,103 ] 130 root - INFO - dropping null values columns from test dataframe
[ 2022-12-08 20:03:23,111 ] 42 root - INFO - selecting columns names containing null values above 0.7
[ 2022-12-08 20:03:23,111 ] 45 root - INFO - columns to drop: ['ab_000', 'bn_000', 'bo_000', 'bp_000', 'bq_000', 'br_000', 'cr_000']
[ 2022-12-08 20:03:23,736 ] 142 root - INFO - As all column are available in train df hence detecting data_drift
[ 2022-12-08 20:03:23,737 ] 90 root - INFO - Hypothesis class:object,object
[ 2022-12-08 20:03:23,801 ] 90 root - INFO - Hypothesis aa_000:float64,float64
[ 2022-12-08 20:03:23,807 ] 90 root - INFO - Hypothesis ac_000:float64,float64
[ 2022-12-08 20:03:23,812 ] 90 root - INFO - Hypothesis ad_000:float64,float64
[ 2022-12-08 20:03:23,816 ] 90 root - INFO - Hypothesis ae_000:float64,float64
[ 2022-12-08 20:03:23,819 ] 90 root - INFO - Hypothesis af_000:float64,float64
[ 2022-12-08 20:03:23,822 ] 90 root - INFO - Hypothesis ag_000:float64,float64
[ 2022-12-08 20:03:23,835 ] 90 root - INFO - Hypothesis ag_001:float64,float64
[ 2022-12-08 20:03:23,849 ] 90 root - INFO - Hypothesis ag_002:float64,float64
[ 2022-12-08 20:03:23,863 ] 90 root - INFO - Hypothesis ag_003:float64,float64
[ 2022-12-08 20:03:23,877 ] 90 root - INFO - Hypothesis ag_004:float64,float64
[ 2022-12-08 20:03:23,893 ] 90 root - INFO - Hypothesis ag_005:float64,float64
[ 2022-12-08 20:03:23,899 ] 90 root - INFO - Hypothesis ag_006:float64,float64
[ 2022-12-08 20:03:23,905 ] 90 root - INFO - Hypothesis ag_007:float64,float64
[ 2022-12-08 20:03:23,911 ] 90 root - INFO - Hypothesis ag_008:float64,float64
[ 2022-12-08 20:03:23,916 ] 90 root - INFO - Hypothesis ag_009:float64,float64
[ 2022-12-08 20:03:23,920 ] 90 root - INFO - Hypothesis ah_000:float64,float64
[ 2022-12-08 20:03:23,926 ] 90 root - INFO - Hypothesis ai_000:float64,float64
[ 2022-12-08 20:03:23,940 ] 90 root - INFO - Hypothesis aj_000:float64,float64
[ 2022-12-08 20:03:23,943 ] 90 root - INFO - Hypothesis ak_000:float64,float64
[ 2022-12-08 20:03:23,957 ] 90 root - INFO - Hypothesis al_000:float64,float64
[ 2022-12-08 20:03:23,961 ] 90 root - INFO - Hypothesis am_0:float64,float64
[ 2022-12-08 20:03:23,965 ] 90 root - INFO - Hypothesis an_000:float64,float64
[ 2022-12-08 20:03:23,972 ] 90 root - INFO - Hypothesis ao_000:float64,float64
[ 2022-12-08 20:03:23,979 ] 90 root - INFO - Hypothesis ap_000:float64,float64
[ 2022-12-08 20:03:23,985 ] 90 root - INFO - Hypothesis aq_000:float64,float64
[ 2022-12-08 20:03:23,991 ] 90 root - INFO - Hypothesis ar_000:float64,float64
[ 2022-12-08 20:03:23,994 ] 90 root - INFO - Hypothesis as_000:float64,float64
[ 2022-12-08 20:03:24,009 ] 90 root - INFO - Hypothesis at_000:float64,float64
[ 2022-12-08 20:03:24,025 ] 90 root - INFO - Hypothesis au_000:float64,float64
[ 2022-12-08 20:03:24,041 ] 90 root - INFO - Hypothesis av_000:float64,float64
[ 2022-12-08 20:03:24,048 ] 90 root - INFO - Hypothesis ax_000:float64,float64
[ 2022-12-08 20:03:24,053 ] 90 root - INFO - Hypothesis ay_000:float64,float64
[ 2022-12-08 20:03:24,068 ] 90 root - INFO - Hypothesis ay_001:float64,float64
[ 2022-12-08 20:03:24,087 ] 90 root - INFO - Hypothesis ay_002:float64,float64
[ 2022-12-08 20:03:24,101 ] 90 root - INFO - Hypothesis ay_003:float64,float64
[ 2022-12-08 20:03:24,115 ] 90 root - INFO - Hypothesis ay_004:float64,float64
[ 2022-12-08 20:03:24,129 ] 90 root - INFO - Hypothesis ay_005:float64,float64
[ 2022-12-08 20:03:24,134 ] 90 root - INFO - Hypothesis ay_006:float64,float64
[ 2022-12-08 20:03:24,139 ] 90 root - INFO - Hypothesis ay_007:float64,float64
[ 2022-12-08 20:03:24,145 ] 90 root - INFO - Hypothesis ay_008:float64,float64
[ 2022-12-08 20:03:24,151 ] 90 root - INFO - Hypothesis ay_009:float64,float64
[ 2022-12-08 20:03:24,164 ] 90 root - INFO - Hypothesis az_000:float64,float64
[ 2022-12-08 20:03:24,170 ] 90 root - INFO - Hypothesis az_001:float64,float64
[ 2022-12-08 20:03:24,175 ] 90 root - INFO - Hypothesis az_002:float64,float64
[ 2022-12-08 20:03:24,181 ] 90 root - INFO - Hypothesis az_003:float64,float64
[ 2022-12-08 20:03:24,186 ] 90 root - INFO - Hypothesis az_004:float64,float64
[ 2022-12-08 20:03:24,192 ] 90 root - INFO - Hypothesis az_005:float64,float64
[ 2022-12-08 20:03:24,198 ] 90 root - INFO - Hypothesis az_006:float64,float64
[ 2022-12-08 20:03:24,203 ] 90 root - INFO - Hypothesis az_007:float64,float64
[ 2022-12-08 20:03:24,207 ] 90 root - INFO - Hypothesis az_008:float64,float64
[ 2022-12-08 20:03:24,221 ] 90 root - INFO - Hypothesis az_009:float64,float64
[ 2022-12-08 20:03:24,235 ] 90 root - INFO - Hypothesis ba_000:float64,float64
[ 2022-12-08 20:03:24,241 ] 90 root - INFO - Hypothesis ba_001:float64,float64
[ 2022-12-08 20:03:24,247 ] 90 root - INFO - Hypothesis ba_002:float64,float64
[ 2022-12-08 20:03:24,253 ] 90 root - INFO - Hypothesis ba_003:float64,float64
[ 2022-12-08 20:03:24,258 ] 90 root - INFO - Hypothesis ba_004:float64,float64
[ 2022-12-08 20:03:24,264 ] 90 root - INFO - Hypothesis ba_005:float64,float64
[ 2022-12-08 20:03:24,270 ] 90 root - INFO - Hypothesis ba_006:float64,float64
[ 2022-12-08 20:03:24,276 ] 90 root - INFO - Hypothesis ba_007:float64,float64
[ 2022-12-08 20:03:24,281 ] 90 root - INFO - Hypothesis ba_008:float64,float64
[ 2022-12-08 20:03:24,286 ] 90 root - INFO - Hypothesis ba_009:float64,float64
[ 2022-12-08 20:03:24,290 ] 90 root - INFO - Hypothesis bb_000:float64,float64
[ 2022-12-08 20:03:24,296 ] 90 root - INFO - Hypothesis bc_000:float64,float64
[ 2022-12-08 20:03:24,300 ] 90 root - INFO - Hypothesis bd_000:float64,float64
[ 2022-12-08 20:03:24,305 ] 90 root - INFO - Hypothesis be_000:float64,float64
[ 2022-12-08 20:03:24,311 ] 90 root - INFO - Hypothesis bf_000:float64,float64
[ 2022-12-08 20:03:24,315 ] 90 root - INFO - Hypothesis bg_000:float64,float64
[ 2022-12-08 20:03:24,321 ] 90 root - INFO - Hypothesis bh_000:float64,float64
[ 2022-12-08 20:03:24,327 ] 90 root - INFO - Hypothesis bi_000:float64,float64
[ 2022-12-08 20:03:24,333 ] 90 root - INFO - Hypothesis bj_000:float64,float64
[ 2022-12-08 20:03:24,339 ] 90 root - INFO - Hypothesis bk_000:float64,float64
[ 2022-12-08 20:03:24,344 ] 90 root - INFO - Hypothesis bl_000:float64,float64
[ 2022-12-08 20:03:24,349 ] 90 root - INFO - Hypothesis bm_000:float64,float64
[ 2022-12-08 20:03:24,353 ] 90 root - INFO - Hypothesis bs_000:float64,float64
[ 2022-12-08 20:03:24,359 ] 90 root - INFO - Hypothesis bt_000:float64,float64
[ 2022-12-08 20:03:24,365 ] 90 root - INFO - Hypothesis bu_000:float64,float64
[ 2022-12-08 20:03:24,371 ] 90 root - INFO - Hypothesis bv_000:float64,float64
[ 2022-12-08 20:03:24,377 ] 90 root - INFO - Hypothesis bx_000:float64,float64
[ 2022-12-08 20:03:24,383 ] 90 root - INFO - Hypothesis by_000:float64,float64
[ 2022-12-08 20:03:24,388 ] 90 root - INFO - Hypothesis bz_000:float64,float64
[ 2022-12-08 20:03:24,394 ] 90 root - INFO - Hypothesis ca_000:float64,float64
[ 2022-12-08 20:03:24,399 ] 90 root - INFO - Hypothesis cb_000:float64,float64
[ 2022-12-08 20:03:24,405 ] 90 root - INFO - Hypothesis cc_000:float64,float64
[ 2022-12-08 20:03:24,411 ] 90 root - INFO - Hypothesis cd_000:float64,float64
[ 2022-12-08 20:03:24,425 ] 90 root - INFO - Hypothesis ce_000:float64,float64
[ 2022-12-08 20:03:24,431 ] 90 root - INFO - Hypothesis cf_000:float64,float64
[ 2022-12-08 20:03:24,434 ] 90 root - INFO - Hypothesis cg_000:float64,float64
[ 2022-12-08 20:03:24,438 ] 90 root - INFO - Hypothesis ch_000:float64,float64
[ 2022-12-08 20:03:24,442 ] 90 root - INFO - Hypothesis ci_000:float64,float64
[ 2022-12-08 20:03:24,448 ] 90 root - INFO - Hypothesis cj_000:float64,float64
[ 2022-12-08 20:03:24,451 ] 90 root - INFO - Hypothesis ck_000:float64,float64
[ 2022-12-08 20:03:24,457 ] 90 root - INFO - Hypothesis cl_000:float64,float64
[ 2022-12-08 20:03:24,461 ] 90 root - INFO - Hypothesis cm_000:float64,float64
[ 2022-12-08 20:03:24,465 ] 90 root - INFO - Hypothesis cn_000:float64,float64
[ 2022-12-08 20:03:24,480 ] 90 root - INFO - Hypothesis cn_001:float64,float64
[ 2022-12-08 20:03:24,483 ] 90 root - INFO - Hypothesis cn_002:float64,float64
[ 2022-12-08 20:03:24,488 ] 90 root - INFO - Hypothesis cn_003:float64,float64
[ 2022-12-08 20:03:24,494 ] 90 root - INFO - Hypothesis cn_004:float64,float64
[ 2022-12-08 20:03:24,499 ] 90 root - INFO - Hypothesis cn_005:float64,float64
[ 2022-12-08 20:03:24,505 ] 90 root - INFO - Hypothesis cn_006:float64,float64
[ 2022-12-08 20:03:24,511 ] 90 root - INFO - Hypothesis cn_007:float64,float64
[ 2022-12-08 20:03:24,517 ] 90 root - INFO - Hypothesis cn_008:float64,float64
[ 2022-12-08 20:03:24,522 ] 90 root - INFO - Hypothesis cn_009:float64,float64
[ 2022-12-08 20:03:24,527 ] 90 root - INFO - Hypothesis co_000:float64,float64
[ 2022-12-08 20:03:24,531 ] 90 root - INFO - Hypothesis cp_000:float64,float64
[ 2022-12-08 20:03:24,536 ] 90 root - INFO - Hypothesis cq_000:float64,float64
[ 2022-12-08 20:03:24,542 ] 90 root - INFO - Hypothesis cs_000:float64,float64
[ 2022-12-08 20:03:24,548 ] 90 root - INFO - Hypothesis cs_001:float64,float64
[ 2022-12-08 20:03:24,553 ] 90 root - INFO - Hypothesis cs_002:float64,float64
[ 2022-12-08 20:03:24,559 ] 90 root - INFO - Hypothesis cs_003:float64,float64
[ 2022-12-08 20:03:24,565 ] 90 root - INFO - Hypothesis cs_004:float64,float64
[ 2022-12-08 20:03:24,571 ] 90 root - INFO - Hypothesis cs_005:float64,float64
[ 2022-12-08 20:03:24,577 ] 90 root - INFO - Hypothesis cs_006:float64,float64
[ 2022-12-08 20:03:24,583 ] 90 root - INFO - Hypothesis cs_007:float64,float64
[ 2022-12-08 20:03:24,588 ] 90 root - INFO - Hypothesis cs_008:float64,float64
[ 2022-12-08 20:03:24,593 ] 90 root - INFO - Hypothesis cs_009:float64,float64
[ 2022-12-08 20:03:24,596 ] 90 root - INFO - Hypothesis ct_000:float64,float64
[ 2022-12-08 20:03:24,600 ] 90 root - INFO - Hypothesis cu_000:float64,float64
[ 2022-12-08 20:03:24,605 ] 90 root - INFO - Hypothesis cv_000:float64,float64
[ 2022-12-08 20:03:24,611 ] 90 root - INFO - Hypothesis cx_000:float64,float64
[ 2022-12-08 20:03:24,616 ] 90 root - INFO - Hypothesis cy_000:float64,float64
[ 2022-12-08 20:03:24,619 ] 90 root - INFO - Hypothesis cz_000:float64,float64
[ 2022-12-08 20:03:24,624 ] 90 root - INFO - Hypothesis da_000:float64,float64
[ 2022-12-08 20:03:24,627 ] 90 root - INFO - Hypothesis db_000:float64,float64
[ 2022-12-08 20:03:24,630 ] 90 root - INFO - Hypothesis dc_000:float64,float64
[ 2022-12-08 20:03:24,636 ] 90 root - INFO - Hypothesis dd_000:float64,float64
[ 2022-12-08 20:03:24,641 ] 90 root - INFO - Hypothesis de_000:float64,float64
[ 2022-12-08 20:03:24,646 ] 90 root - INFO - Hypothesis df_000:float64,float64
[ 2022-12-08 20:03:24,661 ] 90 root - INFO - Hypothesis dg_000:float64,float64
[ 2022-12-08 20:03:24,677 ] 90 root - INFO - Hypothesis dh_000:float64,float64
[ 2022-12-08 20:03:24,680 ] 90 root - INFO - Hypothesis di_000:float64,float64
[ 2022-12-08 20:03:24,684 ] 90 root - INFO - Hypothesis dj_000:float64,float64
[ 2022-12-08 20:03:24,698 ] 90 root - INFO - Hypothesis dk_000:float64,float64
[ 2022-12-08 20:03:24,712 ] 90 root - INFO - Hypothesis dl_000:float64,float64
[ 2022-12-08 20:03:24,727 ] 90 root - INFO - Hypothesis dm_000:float64,float64
[ 2022-12-08 20:03:24,741 ] 90 root - INFO - Hypothesis dn_000:float64,float64
[ 2022-12-08 20:03:24,748 ] 90 root - INFO - Hypothesis do_000:float64,float64
[ 2022-12-08 20:03:24,754 ] 90 root - INFO - Hypothesis dp_000:float64,float64
[ 2022-12-08 20:03:24,759 ] 90 root - INFO - Hypothesis dq_000:float64,float64
[ 2022-12-08 20:03:24,763 ] 90 root - INFO - Hypothesis dr_000:float64,float64
[ 2022-12-08 20:03:24,767 ] 90 root - INFO - Hypothesis ds_000:float64,float64
[ 2022-12-08 20:03:24,772 ] 90 root - INFO - Hypothesis dt_000:float64,float64
[ 2022-12-08 20:03:24,778 ] 90 root - INFO - Hypothesis du_000:float64,float64
[ 2022-12-08 20:03:24,784 ] 90 root - INFO - Hypothesis dv_000:float64,float64
[ 2022-12-08 20:03:24,790 ] 90 root - INFO - Hypothesis dx_000:float64,float64
[ 2022-12-08 20:03:24,794 ] 90 root - INFO - Hypothesis dy_000:float64,float64
[ 2022-12-08 20:03:24,798 ] 90 root - INFO - Hypothesis dz_000:float64,float64
[ 2022-12-08 20:03:24,812 ] 90 root - INFO - Hypothesis ea_000:float64,float64
[ 2022-12-08 20:03:24,827 ] 90 root - INFO - Hypothesis eb_000:float64,float64
[ 2022-12-08 20:03:24,832 ] 90 root - INFO - Hypothesis ec_00:float64,float64
[ 2022-12-08 20:03:24,837 ] 90 root - INFO - Hypothesis ed_000:float64,float64
[ 2022-12-08 20:03:24,842 ] 90 root - INFO - Hypothesis ee_000:float64,float64
[ 2022-12-08 20:03:24,848 ] 90 root - INFO - Hypothesis ee_001:float64,float64
[ 2022-12-08 20:03:24,854 ] 90 root - INFO - Hypothesis ee_002:float64,float64
[ 2022-12-08 20:03:24,860 ] 90 root - INFO - Hypothesis ee_003:float64,float64
[ 2022-12-08 20:03:24,866 ] 90 root - INFO - Hypothesis ee_004:float64,float64
[ 2022-12-08 20:03:24,872 ] 90 root - INFO - Hypothesis ee_005:float64,float64
[ 2022-12-08 20:03:24,878 ] 90 root - INFO - Hypothesis ee_006:float64,float64
[ 2022-12-08 20:03:24,883 ] 90 root - INFO - Hypothesis ee_007:float64,float64
[ 2022-12-08 20:03:24,889 ] 90 root - INFO - Hypothesis ee_008:float64,float64
[ 2022-12-08 20:03:24,894 ] 90 root - INFO - Hypothesis ee_009:float64,float64
[ 2022-12-08 20:03:24,898 ] 90 root - INFO - Hypothesis ef_000:float64,float64
[ 2022-12-08 20:03:24,912 ] 90 root - INFO - Hypothesis eg_000:float64,float64
[ 2022-12-08 20:03:24,926 ] 145 root - INFO - As all column are available in train df hence detecting data_drift
[ 2022-12-08 20:03:24,926 ] 90 root - INFO - Hypothesis class:object,object
[ 2022-12-08 20:03:24,945 ] 90 root - INFO - Hypothesis aa_000:float64,float64
[ 2022-12-08 20:03:24,947 ] 90 root - INFO - Hypothesis ac_000:float64,float64
[ 2022-12-08 20:03:24,949 ] 90 root - INFO - Hypothesis ad_000:float64,float64
[ 2022-12-08 20:03:24,951 ] 90 root - INFO - Hypothesis ae_000:float64,float64
[ 2022-12-08 20:03:24,952 ] 90 root - INFO - Hypothesis af_000:float64,float64
[ 2022-12-08 20:03:24,953 ] 90 root - INFO - Hypothesis ag_000:float64,float64
[ 2022-12-08 20:03:24,954 ] 90 root - INFO - Hypothesis ag_001:float64,float64
[ 2022-12-08 20:03:24,955 ] 90 root - INFO - Hypothesis ag_002:float64,float64
[ 2022-12-08 20:03:24,956 ] 90 root - INFO - Hypothesis ag_003:float64,float64
[ 2022-12-08 20:03:24,958 ] 90 root - INFO - Hypothesis ag_004:float64,float64
[ 2022-12-08 20:03:24,965 ] 90 root - INFO - Hypothesis ag_005:float64,float64
[ 2022-12-08 20:03:24,968 ] 90 root - INFO - Hypothesis ag_006:float64,float64
[ 2022-12-08 20:03:24,970 ] 90 root - INFO - Hypothesis ag_007:float64,float64
[ 2022-12-08 20:03:24,972 ] 90 root - INFO - Hypothesis ag_008:float64,float64
[ 2022-12-08 20:03:24,974 ] 90 root - INFO - Hypothesis ag_009:float64,float64
[ 2022-12-08 20:03:24,976 ] 90 root - INFO - Hypothesis ah_000:float64,float64
[ 2022-12-08 20:03:24,978 ] 90 root - INFO - Hypothesis ai_000:float64,float64
[ 2022-12-08 20:03:24,980 ] 90 root - INFO - Hypothesis aj_000:float64,float64
[ 2022-12-08 20:03:24,981 ] 90 root - INFO - Hypothesis ak_000:float64,float64
[ 2022-12-08 20:03:24,982 ] 90 root - INFO - Hypothesis al_000:float64,float64
[ 2022-12-08 20:03:24,984 ] 90 root - INFO - Hypothesis am_0:float64,float64
[ 2022-12-08 20:03:24,985 ] 90 root - INFO - Hypothesis an_000:float64,float64
[ 2022-12-08 20:03:24,988 ] 90 root - INFO - Hypothesis ao_000:float64,float64
[ 2022-12-08 20:03:24,990 ] 90 root - INFO - Hypothesis ap_000:float64,float64
[ 2022-12-08 20:03:24,992 ] 90 root - INFO - Hypothesis aq_000:float64,float64
[ 2022-12-08 20:03:24,994 ] 90 root - INFO - Hypothesis ar_000:float64,float64
[ 2022-12-08 20:03:24,995 ] 90 root - INFO - Hypothesis as_000:float64,float64
[ 2022-12-08 20:03:24,996 ] 90 root - INFO - Hypothesis at_000:float64,float64
[ 2022-12-08 20:03:24,998 ] 90 root - INFO - Hypothesis au_000:float64,float64
[ 2022-12-08 20:03:24,999 ] 90 root - INFO - Hypothesis av_000:float64,float64
[ 2022-12-08 20:03:25,001 ] 90 root - INFO - Hypothesis ax_000:float64,float64
[ 2022-12-08 20:03:25,003 ] 90 root - INFO - Hypothesis ay_000:float64,float64
[ 2022-12-08 20:03:25,004 ] 90 root - INFO - Hypothesis ay_001:float64,float64
[ 2022-12-08 20:03:25,005 ] 90 root - INFO - Hypothesis ay_002:float64,float64
[ 2022-12-08 20:03:25,005 ] 90 root - INFO - Hypothesis ay_003:float64,float64
[ 2022-12-08 20:03:25,007 ] 90 root - INFO - Hypothesis ay_004:float64,float64
[ 2022-12-08 20:03:25,008 ] 90 root - INFO - Hypothesis ay_005:float64,float64
[ 2022-12-08 20:03:25,009 ] 90 root - INFO - Hypothesis ay_006:float64,float64
[ 2022-12-08 20:03:25,011 ] 90 root - INFO - Hypothesis ay_007:float64,float64
[ 2022-12-08 20:03:25,013 ] 90 root - INFO - Hypothesis ay_008:float64,float64
[ 2022-12-08 20:03:25,015 ] 90 root - INFO - Hypothesis ay_009:float64,float64
[ 2022-12-08 20:03:25,016 ] 90 root - INFO - Hypothesis az_000:float64,float64
[ 2022-12-08 20:03:25,019 ] 90 root - INFO - Hypothesis az_001:float64,float64
[ 2022-12-08 20:03:25,021 ] 90 root - INFO - Hypothesis az_002:float64,float64
[ 2022-12-08 20:03:25,023 ] 90 root - INFO - Hypothesis az_003:float64,float64
[ 2022-12-08 20:03:25,025 ] 90 root - INFO - Hypothesis az_004:float64,float64
[ 2022-12-08 20:03:25,027 ] 90 root - INFO - Hypothesis az_005:float64,float64
[ 2022-12-08 20:03:25,029 ] 90 root - INFO - Hypothesis az_006:float64,float64
[ 2022-12-08 20:03:25,032 ] 90 root - INFO - Hypothesis az_007:float64,float64
[ 2022-12-08 20:03:25,035 ] 90 root - INFO - Hypothesis az_008:float64,float64
[ 2022-12-08 20:03:25,037 ] 90 root - INFO - Hypothesis az_009:float64,float64
[ 2022-12-08 20:03:25,038 ] 90 root - INFO - Hypothesis ba_000:float64,float64
[ 2022-12-08 20:03:25,040 ] 90 root - INFO - Hypothesis ba_001:float64,float64
[ 2022-12-08 20:03:25,042 ] 90 root - INFO - Hypothesis ba_002:float64,float64
[ 2022-12-08 20:03:25,044 ] 90 root - INFO - Hypothesis ba_003:float64,float64
[ 2022-12-08 20:03:25,046 ] 90 root - INFO - Hypothesis ba_004:float64,float64
[ 2022-12-08 20:03:25,048 ] 90 root - INFO - Hypothesis ba_005:float64,float64
[ 2022-12-08 20:03:25,050 ] 90 root - INFO - Hypothesis ba_006:float64,float64
[ 2022-12-08 20:03:25,053 ] 90 root - INFO - Hypothesis ba_007:float64,float64
[ 2022-12-08 20:03:25,055 ] 90 root - INFO - Hypothesis ba_008:float64,float64
[ 2022-12-08 20:03:25,056 ] 90 root - INFO - Hypothesis ba_009:float64,float64
[ 2022-12-08 20:03:25,058 ] 90 root - INFO - Hypothesis bb_000:float64,float64
[ 2022-12-08 20:03:25,060 ] 90 root - INFO - Hypothesis bc_000:float64,float64
[ 2022-12-08 20:03:25,062 ] 90 root - INFO - Hypothesis bd_000:float64,float64
[ 2022-12-08 20:03:25,063 ] 90 root - INFO - Hypothesis be_000:float64,float64
[ 2022-12-08 20:03:25,065 ] 90 root - INFO - Hypothesis bf_000:float64,float64
[ 2022-12-08 20:03:25,067 ] 90 root - INFO - Hypothesis bg_000:float64,float64
[ 2022-12-08 20:03:25,069 ] 90 root - INFO - Hypothesis bh_000:float64,float64
[ 2022-12-08 20:03:25,071 ] 90 root - INFO - Hypothesis bi_000:float64,float64
[ 2022-12-08 20:03:25,073 ] 90 root - INFO - Hypothesis bj_000:float64,float64
[ 2022-12-08 20:03:25,075 ] 90 root - INFO - Hypothesis bk_000:float64,float64
[ 2022-12-08 20:03:25,077 ] 90 root - INFO - Hypothesis bl_000:float64,float64
[ 2022-12-08 20:03:25,079 ] 90 root - INFO - Hypothesis bm_000:float64,float64
[ 2022-12-08 20:03:25,080 ] 90 root - INFO - Hypothesis bs_000:float64,float64
[ 2022-12-08 20:03:25,082 ] 90 root - INFO - Hypothesis bt_000:float64,float64
[ 2022-12-08 20:03:25,084 ] 90 root - INFO - Hypothesis bu_000:float64,float64
[ 2022-12-08 20:03:25,086 ] 90 root - INFO - Hypothesis bv_000:float64,float64
[ 2022-12-08 20:03:25,088 ] 90 root - INFO - Hypothesis bx_000:float64,float64
[ 2022-12-08 20:03:25,091 ] 90 root - INFO - Hypothesis by_000:float64,float64
[ 2022-12-08 20:03:25,093 ] 90 root - INFO - Hypothesis bz_000:float64,float64
[ 2022-12-08 20:03:25,095 ] 90 root - INFO - Hypothesis ca_000:float64,float64
[ 2022-12-08 20:03:25,097 ] 90 root - INFO - Hypothesis cb_000:float64,float64
[ 2022-12-08 20:03:25,099 ] 90 root - INFO - Hypothesis cc_000:float64,float64
[ 2022-12-08 20:03:25,101 ] 90 root - INFO - Hypothesis cd_000:float64,float64
[ 2022-12-08 20:03:25,102 ] 90 root - INFO - Hypothesis ce_000:float64,float64
[ 2022-12-08 20:03:25,104 ] 90 root - INFO - Hypothesis cf_000:float64,float64
[ 2022-12-08 20:03:25,105 ] 90 root - INFO - Hypothesis cg_000:float64,float64
[ 2022-12-08 20:03:25,107 ] 90 root - INFO - Hypothesis ch_000:float64,float64
[ 2022-12-08 20:03:25,108 ] 90 root - INFO - Hypothesis ci_000:float64,float64
[ 2022-12-08 20:03:25,111 ] 90 root - INFO - Hypothesis cj_000:float64,float64
[ 2022-12-08 20:03:25,112 ] 90 root - INFO - Hypothesis ck_000:float64,float64
[ 2022-12-08 20:03:25,115 ] 90 root - INFO - Hypothesis cl_000:float64,float64
[ 2022-12-08 20:03:25,116 ] 90 root - INFO - Hypothesis cm_000:float64,float64
[ 2022-12-08 20:03:25,117 ] 90 root - INFO - Hypothesis cn_000:float64,float64
[ 2022-12-08 20:03:25,119 ] 90 root - INFO - Hypothesis cn_001:float64,float64
[ 2022-12-08 20:03:25,120 ] 90 root - INFO - Hypothesis cn_002:float64,float64
[ 2022-12-08 20:03:25,122 ] 90 root - INFO - Hypothesis cn_003:float64,float64
[ 2022-12-08 20:03:25,124 ] 90 root - INFO - Hypothesis cn_004:float64,float64
[ 2022-12-08 20:03:25,126 ] 90 root - INFO - Hypothesis cn_005:float64,float64
[ 2022-12-08 20:03:25,128 ] 90 root - INFO - Hypothesis cn_006:float64,float64
[ 2022-12-08 20:03:25,130 ] 90 root - INFO - Hypothesis cn_007:float64,float64
[ 2022-12-08 20:03:25,132 ] 90 root - INFO - Hypothesis cn_008:float64,float64
[ 2022-12-08 20:03:25,134 ] 90 root - INFO - Hypothesis cn_009:float64,float64
[ 2022-12-08 20:03:25,136 ] 90 root - INFO - Hypothesis co_000:float64,float64
[ 2022-12-08 20:03:25,137 ] 90 root - INFO - Hypothesis cp_000:float64,float64
[ 2022-12-08 20:03:25,139 ] 90 root - INFO - Hypothesis cq_000:float64,float64
[ 2022-12-08 20:03:25,141 ] 90 root - INFO - Hypothesis cs_000:float64,float64
[ 2022-12-08 20:03:25,143 ] 90 root - INFO - Hypothesis cs_001:float64,float64
[ 2022-12-08 20:03:25,145 ] 90 root - INFO - Hypothesis cs_002:float64,float64
[ 2022-12-08 20:03:25,147 ] 90 root - INFO - Hypothesis cs_003:float64,float64
[ 2022-12-08 20:03:25,149 ] 90 root - INFO - Hypothesis cs_004:float64,float64
[ 2022-12-08 20:03:25,151 ] 90 root - INFO - Hypothesis cs_005:float64,float64
[ 2022-12-08 20:03:25,154 ] 90 root - INFO - Hypothesis cs_006:float64,float64
[ 2022-12-08 20:03:25,156 ] 90 root - INFO - Hypothesis cs_007:float64,float64
[ 2022-12-08 20:03:25,158 ] 90 root - INFO - Hypothesis cs_008:float64,float64
[ 2022-12-08 20:03:25,160 ] 90 root - INFO - Hypothesis cs_009:float64,float64
[ 2022-12-08 20:03:25,161 ] 90 root - INFO - Hypothesis ct_000:float64,float64
[ 2022-12-08 20:03:25,162 ] 90 root - INFO - Hypothesis cu_000:float64,float64
[ 2022-12-08 20:03:25,164 ] 90 root - INFO - Hypothesis cv_000:float64,float64
[ 2022-12-08 20:03:25,166 ] 90 root - INFO - Hypothesis cx_000:float64,float64
[ 2022-12-08 20:03:25,168 ] 90 root - INFO - Hypothesis cy_000:float64,float64
[ 2022-12-08 20:03:25,170 ] 90 root - INFO - Hypothesis cz_000:float64,float64
[ 2022-12-08 20:03:25,171 ] 90 root - INFO - Hypothesis da_000:float64,float64
[ 2022-12-08 20:03:25,172 ] 90 root - INFO - Hypothesis db_000:float64,float64
[ 2022-12-08 20:03:25,174 ] 90 root - INFO - Hypothesis dc_000:float64,float64
[ 2022-12-08 20:03:25,176 ] 90 root - INFO - Hypothesis dd_000:float64,float64
[ 2022-12-08 20:03:25,178 ] 90 root - INFO - Hypothesis de_000:float64,float64
[ 2022-12-08 20:03:25,180 ] 90 root - INFO - Hypothesis df_000:float64,float64
[ 2022-12-08 20:03:25,181 ] 90 root - INFO - Hypothesis dg_000:float64,float64
[ 2022-12-08 20:03:25,182 ] 90 root - INFO - Hypothesis dh_000:float64,float64
[ 2022-12-08 20:03:25,183 ] 90 root - INFO - Hypothesis di_000:float64,float64
[ 2022-12-08 20:03:25,184 ] 90 root - INFO - Hypothesis dj_000:float64,float64
[ 2022-12-08 20:03:25,186 ] 90 root - INFO - Hypothesis dk_000:float64,float64
[ 2022-12-08 20:03:25,187 ] 90 root - INFO - Hypothesis dl_000:float64,float64
[ 2022-12-08 20:03:25,188 ] 90 root - INFO - Hypothesis dm_000:float64,float64
[ 2022-12-08 20:03:25,189 ] 90 root - INFO - Hypothesis dn_000:float64,float64
[ 2022-12-08 20:03:25,191 ] 90 root - INFO - Hypothesis do_000:float64,float64
[ 2022-12-08 20:03:25,193 ] 90 root - INFO - Hypothesis dp_000:float64,float64
[ 2022-12-08 20:03:25,195 ] 90 root - INFO - Hypothesis dq_000:float64,float64
[ 2022-12-08 20:03:25,196 ] 90 root - INFO - Hypothesis dr_000:float64,float64
[ 2022-12-08 20:03:25,198 ] 90 root - INFO - Hypothesis ds_000:float64,float64
[ 2022-12-08 20:03:25,200 ] 90 root - INFO - Hypothesis dt_000:float64,float64
[ 2022-12-08 20:03:25,202 ] 90 root - INFO - Hypothesis du_000:float64,float64
[ 2022-12-08 20:03:25,204 ] 90 root - INFO - Hypothesis dv_000:float64,float64
[ 2022-12-08 20:03:25,206 ] 90 root - INFO - Hypothesis dx_000:float64,float64
[ 2022-12-08 20:03:25,207 ] 90 root - INFO - Hypothesis dy_000:float64,float64
[ 2022-12-08 20:03:25,209 ] 90 root - INFO - Hypothesis dz_000:float64,float64
[ 2022-12-08 20:03:25,210 ] 90 root - INFO - Hypothesis ea_000:float64,float64
[ 2022-12-08 20:03:25,211 ] 90 root - INFO - Hypothesis eb_000:float64,float64
[ 2022-12-08 20:03:25,213 ] 90 root - INFO - Hypothesis ec_00:float64,float64
[ 2022-12-08 20:03:25,215 ] 90 root - INFO - Hypothesis ed_000:float64,float64
[ 2022-12-08 20:03:25,217 ] 90 root - INFO - Hypothesis ee_000:float64,float64
[ 2022-12-08 20:03:25,219 ] 90 root - INFO - Hypothesis ee_001:float64,float64
[ 2022-12-08 20:03:25,221 ] 90 root - INFO - Hypothesis ee_002:float64,float64
[ 2022-12-08 20:03:25,223 ] 90 root - INFO - Hypothesis ee_003:float64,float64
[ 2022-12-08 20:03:25,225 ] 90 root - INFO - Hypothesis ee_004:float64,float64
[ 2022-12-08 20:03:25,227 ] 90 root - INFO - Hypothesis ee_005:float64,float64
[ 2022-12-08 20:03:25,229 ] 90 root - INFO - Hypothesis ee_006:float64,float64
[ 2022-12-08 20:03:25,231 ] 90 root - INFO - Hypothesis ee_007:float64,float64
[ 2022-12-08 20:03:25,233 ] 90 root - INFO - Hypothesis ee_008:float64,float64
[ 2022-12-08 20:03:25,235 ] 90 root - INFO - Hypothesis ee_009:float64,float64
[ 2022-12-08 20:03:25,237 ] 90 root - INFO - Hypothesis ef_000:float64,float64
[ 2022-12-08 20:03:25,238 ] 90 root - INFO - Hypothesis eg_000:float64,float64
[ 2022-12-08 20:03:25,239 ] 148 root - INFO - Write report in yaml file
[ 2022-12-08 20:03:25,311 ] 152 root - INFO - Data_validation_artifact :{data_validation_artifact}
