[ 2022-12-08 12:46:20,113 ] 21 root - INFO - Exporting collection data as pandas dataframe
[ 2022-12-08 12:46:20,113 ] 22 root - INFO - reading data from database:aps and collection:sensor
[ 2022-12-08 12:46:23,423 ] 24 root - INFO - found columns:Index(['_id', 'class', 'aa_000', 'ab_000', 'ac_000', 'ad_000', 'ae_000',
       'af_000', 'ag_000', 'ag_001',
       ...
       'ee_002', 'ee_003', 'ee_004', 'ee_005', 'ee_006', 'ee_007', 'ee_008',
       'ee_009', 'ef_000', 'eg_000'],
      dtype='object', length=172)
[ 2022-12-08 12:46:23,424 ] 26 root - INFO - dropping columns: _id
[ 2022-12-08 12:46:23,639 ] 28 root - INFO - columns and rows in df is (36188, 171)
[ 2022-12-08 12:46:23,639 ] 28 root - INFO - Save data in feature store
[ 2022-12-08 12:46:24,177 ] 34 root - INFO - Create feature store folder if not available
[ 2022-12-08 12:46:24,177 ] 38 root - INFO - Save df to feature store folder
[ 2022-12-08 12:46:26,592 ] 43 root - INFO - split dataset into train and test set
[ 2022-12-08 12:46:27,100 ] 47 root - INFO - create dataset directory folder if not available
[ 2022-12-08 12:46:27,101 ] 52 root - INFO - Save df to feature store folder
[ 2022-12-08 12:46:29,246 ] 64 root - INFO - Data ingestion artifact: DataIngestionArtifact(feature_store_file_path='/config/workspace/artifact/12082022__124620/data_ingestion/feature_store/sensor.csv', train_file_path='/config/workspace/artifact/12082022__124620/data_ingestion/dataset/train.csv', test_file_path='/config/workspace/artifact/12082022__124620/data_ingestion/dataset/test.csv')
[ 2022-12-08 12:46:29,604 ] 19 root - INFO - <<<<<<<<<<<<<<<<<<<<<<<<<<<<<<<<<<<<<<<< Data Validation >>>>>>>>>>>>>>>>>>>>>>>>>>>>>>>>>>>>>>>>
[ 2022-12-08 12:46:29,604 ] 115 root - INFO - reading base dataframe
[ 2022-12-08 12:46:31,264 ] 118 root - INFO - replaced na values with np.nan in base df
[ 2022-12-08 12:46:31,264 ] 120 root - INFO - dropping null values columns from base dataframe
[ 2022-12-08 12:46:32,317 ] 42 root - INFO - selecting columns names containing null values above 0.7
[ 2022-12-08 12:46:32,318 ] 45 root - INFO - columns to drop: ['ab_000', 'bn_000', 'bo_000', 'bp_000', 'bq_000', 'br_000', 'cr_000']
[ 2022-12-08 12:46:32,410 ] 123 root - INFO - Reading train dataframe
[ 2022-12-08 12:46:32,787 ] 125 root - INFO - Reading test dataframe
[ 2022-12-08 12:46:32,883 ] 128 root - INFO - dropping null values columns from train dataframe
[ 2022-12-08 12:46:32,894 ] 42 root - INFO - selecting columns names containing null values above 0.7
[ 2022-12-08 12:46:32,895 ] 45 root - INFO - columns to drop: ['ab_000', 'bn_000', 'bo_000', 'bp_000', 'bq_000', 'br_000', 'cr_000']
[ 2022-12-08 12:46:32,963 ] 130 root - INFO - dropping null values columns from test dataframe
[ 2022-12-08 12:46:32,967 ] 42 root - INFO - selecting columns names containing null values above 0.7
[ 2022-12-08 12:46:32,967 ] 45 root - INFO - columns to drop: ['ab_000', 'bn_000', 'bo_000', 'bp_000', 'bq_000', 'br_000', 'cr_000']
