[ 2022-12-08 20:29:42,817 ] 21 root - INFO - Exporting collection data as pandas dataframe
[ 2022-12-08 20:29:42,817 ] 24 root - INFO - reading data from database:aps and collection:sensor
[ 2022-12-08 20:29:46,591 ] 26 root - INFO - found columns:Index(['_id', 'class', 'aa_000', 'ab_000', 'ac_000', 'ad_000', 'ae_000',
       'af_000', 'ag_000', 'ag_001',
       ...
       'ee_002', 'ee_003', 'ee_004', 'ee_005', 'ee_006', 'ee_007', 'ee_008',
       'ee_009', 'ef_000', 'eg_000'],
      dtype='object', length=172)
[ 2022-12-08 20:29:46,592 ] 28 root - INFO - dropping columns: _id
[ 2022-12-08 20:29:46,849 ] 30 root - INFO - columns and rows in df is (36188, 171)
[ 2022-12-08 20:29:46,850 ] 28 root - INFO - Save data in feature store
[ 2022-12-08 20:29:47,691 ] 34 root - INFO - Create feature store folder if not available
[ 2022-12-08 20:29:47,691 ] 38 root - INFO - Save df to feature store folder
[ 2022-12-08 20:29:50,357 ] 43 root - INFO - split dataset into train and test set
[ 2022-12-08 20:29:51,086 ] 47 root - INFO - create dataset directory folder if not available
[ 2022-12-08 20:29:51,087 ] 52 root - INFO - Save df to feature store folder
[ 2022-12-08 20:29:53,420 ] 64 root - INFO - Data ingestion artifact: DataIngestionArtifact(feature_store_file_path='/config/workspace/artifact/12082022__202942/data_ingestion/feature_store/sensor.csv', train_file_path='/config/workspace/artifact/12082022__202942/data_ingestion/dataset/train.csv', test_file_path='/config/workspace/artifact/12082022__202942/data_ingestion/dataset/test.csv')
[ 2022-12-08 20:29:53,835 ] 19 root - INFO - <<<<<<<<<<<<<<<<<<<<<<<<<<<<<<<<<<<<<<<< Data Validation >>>>>>>>>>>>>>>>>>>>>>>>>>>>>>>>>>>>>>>>
[ 2022-12-08 20:29:53,835 ] 115 root - INFO - reading base dataframe
[ 2022-12-08 20:29:55,535 ] 118 root - INFO - replaced na values with np.nan in base df
[ 2022-12-08 20:29:55,536 ] 120 root - INFO - dropping null values columns from base dataframe
[ 2022-12-08 20:29:56,610 ] 42 root - INFO - selecting columns names containing null values above 0.7
[ 2022-12-08 20:29:56,611 ] 45 root - INFO - columns to drop: ['ab_000', 'bn_000', 'bo_000', 'bp_000', 'bq_000', 'br_000', 'cr_000']
[ 2022-12-08 20:29:56,714 ] 123 root - INFO - Reading train dataframe
[ 2022-12-08 20:29:57,132 ] 125 root - INFO - Reading test dataframe
[ 2022-12-08 20:29:57,233 ] 128 root - INFO - dropping null values columns from train dataframe
[ 2022-12-08 20:29:57,245 ] 42 root - INFO - selecting columns names containing null values above 0.7
[ 2022-12-08 20:29:57,246 ] 45 root - INFO - columns to drop: ['ab_000', 'bn_000', 'bo_000', 'bp_000', 'bq_000', 'br_000', 'cr_000']
[ 2022-12-08 20:29:57,308 ] 130 root - INFO - dropping null values columns from test dataframe
[ 2022-12-08 20:29:57,312 ] 42 root - INFO - selecting columns names containing null values above 0.7
[ 2022-12-08 20:29:57,313 ] 45 root - INFO - columns to drop: ['ab_000', 'bn_000', 'bo_000', 'bp_000', 'bq_000', 'br_000', 'cr_000']
[ 2022-12-08 20:29:57,926 ] 142 root - INFO - As all column are available in train df hence detecting data_drift
[ 2022-12-08 20:29:57,926 ] 90 root - INFO - Hypothesis class:object,object
[ 2022-12-08 20:29:57,993 ] 90 root - INFO - Hypothesis aa_000:float64,float64
[ 2022-12-08 20:29:57,999 ] 90 root - INFO - Hypothesis ac_000:float64,float64
[ 2022-12-08 20:29:58,004 ] 90 root - INFO - Hypothesis ad_000:float64,float64
[ 2022-12-08 20:29:58,009 ] 90 root - INFO - Hypothesis ae_000:float64,float64
[ 2022-12-08 20:29:58,026 ] 90 root - INFO - Hypothesis af_000:float64,float64
[ 2022-12-08 20:29:58,041 ] 90 root - INFO - Hypothesis ag_000:float64,float64
[ 2022-12-08 20:29:58,044 ] 90 root - INFO - Hypothesis ag_001:float64,float64
[ 2022-12-08 20:29:58,047 ] 90 root - INFO - Hypothesis ag_002:float64,float64
[ 2022-12-08 20:29:58,049 ] 90 root - INFO - Hypothesis ag_003:float64,float64
[ 2022-12-08 20:29:58,053 ] 90 root - INFO - Hypothesis ag_004:float64,float64
[ 2022-12-08 20:29:58,059 ] 90 root - INFO - Hypothesis ag_005:float64,float64
[ 2022-12-08 20:29:58,066 ] 90 root - INFO - Hypothesis ag_006:float64,float64
[ 2022-12-08 20:29:58,073 ] 90 root - INFO - Hypothesis ag_007:float64,float64
[ 2022-12-08 20:29:58,079 ] 90 root - INFO - Hypothesis ag_008:float64,float64
[ 2022-12-08 20:29:58,088 ] 90 root - INFO - Hypothesis ag_009:float64,float64
[ 2022-12-08 20:29:58,092 ] 90 root - INFO - Hypothesis ah_000:float64,float64
[ 2022-12-08 20:29:58,098 ] 90 root - INFO - Hypothesis ai_000:float64,float64
[ 2022-12-08 20:29:58,102 ] 90 root - INFO - Hypothesis aj_000:float64,float64
[ 2022-12-08 20:29:58,109 ] 90 root - INFO - Hypothesis ak_000:float64,float64
[ 2022-12-08 20:29:58,127 ] 90 root - INFO - Hypothesis al_000:float64,float64
[ 2022-12-08 20:29:58,132 ] 90 root - INFO - Hypothesis am_0:float64,float64
[ 2022-12-08 20:29:58,136 ] 90 root - INFO - Hypothesis an_000:float64,float64
[ 2022-12-08 20:29:58,143 ] 90 root - INFO - Hypothesis ao_000:float64,float64
[ 2022-12-08 20:29:58,150 ] 90 root - INFO - Hypothesis ap_000:float64,float64
[ 2022-12-08 20:29:58,156 ] 90 root - INFO - Hypothesis aq_000:float64,float64
[ 2022-12-08 20:29:58,163 ] 90 root - INFO - Hypothesis ar_000:float64,float64
[ 2022-12-08 20:29:58,165 ] 90 root - INFO - Hypothesis as_000:float64,float64
[ 2022-12-08 20:29:58,180 ] 90 root - INFO - Hypothesis at_000:float64,float64
[ 2022-12-08 20:29:58,195 ] 90 root - INFO - Hypothesis au_000:float64,float64
[ 2022-12-08 20:29:58,210 ] 90 root - INFO - Hypothesis av_000:float64,float64
[ 2022-12-08 20:29:58,220 ] 90 root - INFO - Hypothesis ax_000:float64,float64
[ 2022-12-08 20:29:58,226 ] 90 root - INFO - Hypothesis ay_000:float64,float64
[ 2022-12-08 20:29:58,240 ] 90 root - INFO - Hypothesis ay_001:float64,float64
[ 2022-12-08 20:29:58,255 ] 90 root - INFO - Hypothesis ay_002:float64,float64
[ 2022-12-08 20:29:58,269 ] 90 root - INFO - Hypothesis ay_003:float64,float64
[ 2022-12-08 20:29:58,283 ] 90 root - INFO - Hypothesis ay_004:float64,float64
[ 2022-12-08 20:29:58,286 ] 90 root - INFO - Hypothesis ay_005:float64,float64
[ 2022-12-08 20:29:58,291 ] 90 root - INFO - Hypothesis ay_006:float64,float64
[ 2022-12-08 20:29:58,296 ] 90 root - INFO - Hypothesis ay_007:float64,float64
[ 2022-12-08 20:29:58,302 ] 90 root - INFO - Hypothesis ay_008:float64,float64
[ 2022-12-08 20:29:58,307 ] 90 root - INFO - Hypothesis ay_009:float64,float64
[ 2022-12-08 20:29:58,321 ] 90 root - INFO - Hypothesis az_000:float64,float64
[ 2022-12-08 20:29:58,327 ] 90 root - INFO - Hypothesis az_001:float64,float64
[ 2022-12-08 20:29:58,332 ] 90 root - INFO - Hypothesis az_002:float64,float64
[ 2022-12-08 20:29:58,338 ] 90 root - INFO - Hypothesis az_003:float64,float64
[ 2022-12-08 20:29:58,343 ] 90 root - INFO - Hypothesis az_004:float64,float64
[ 2022-12-08 20:29:58,349 ] 90 root - INFO - Hypothesis az_005:float64,float64
[ 2022-12-08 20:29:58,355 ] 90 root - INFO - Hypothesis az_006:float64,float64
[ 2022-12-08 20:29:58,360 ] 90 root - INFO - Hypothesis az_007:float64,float64
[ 2022-12-08 20:29:58,364 ] 90 root - INFO - Hypothesis az_008:float64,float64
[ 2022-12-08 20:29:58,379 ] 90 root - INFO - Hypothesis az_009:float64,float64
[ 2022-12-08 20:29:58,393 ] 90 root - INFO - Hypothesis ba_000:float64,float64
[ 2022-12-08 20:29:58,400 ] 90 root - INFO - Hypothesis ba_001:float64,float64
[ 2022-12-08 20:29:58,408 ] 90 root - INFO - Hypothesis ba_002:float64,float64
[ 2022-12-08 20:29:58,415 ] 90 root - INFO - Hypothesis ba_003:float64,float64
[ 2022-12-08 20:29:58,421 ] 90 root - INFO - Hypothesis ba_004:float64,float64
[ 2022-12-08 20:29:58,427 ] 90 root - INFO - Hypothesis ba_005:float64,float64
[ 2022-12-08 20:29:58,432 ] 90 root - INFO - Hypothesis ba_006:float64,float64
[ 2022-12-08 20:29:58,438 ] 90 root - INFO - Hypothesis ba_007:float64,float64
[ 2022-12-08 20:29:58,443 ] 90 root - INFO - Hypothesis ba_008:float64,float64
[ 2022-12-08 20:29:58,448 ] 90 root - INFO - Hypothesis ba_009:float64,float64
[ 2022-12-08 20:29:58,452 ] 90 root - INFO - Hypothesis bb_000:float64,float64
[ 2022-12-08 20:29:58,458 ] 90 root - INFO - Hypothesis bc_000:float64,float64
[ 2022-12-08 20:29:58,462 ] 90 root - INFO - Hypothesis bd_000:float64,float64
[ 2022-12-08 20:29:58,467 ] 90 root - INFO - Hypothesis be_000:float64,float64
[ 2022-12-08 20:29:58,472 ] 90 root - INFO - Hypothesis bf_000:float64,float64
[ 2022-12-08 20:29:58,476 ] 90 root - INFO - Hypothesis bg_000:float64,float64
[ 2022-12-08 20:29:58,482 ] 90 root - INFO - Hypothesis bh_000:float64,float64
[ 2022-12-08 20:29:58,488 ] 90 root - INFO - Hypothesis bi_000:float64,float64
[ 2022-12-08 20:29:58,494 ] 90 root - INFO - Hypothesis bj_000:float64,float64
[ 2022-12-08 20:29:58,500 ] 90 root - INFO - Hypothesis bk_000:float64,float64
[ 2022-12-08 20:29:58,505 ] 90 root - INFO - Hypothesis bl_000:float64,float64
[ 2022-12-08 20:29:58,509 ] 90 root - INFO - Hypothesis bm_000:float64,float64
[ 2022-12-08 20:29:58,514 ] 90 root - INFO - Hypothesis bs_000:float64,float64
[ 2022-12-08 20:29:58,520 ] 90 root - INFO - Hypothesis bt_000:float64,float64
[ 2022-12-08 20:29:58,525 ] 90 root - INFO - Hypothesis bu_000:float64,float64
[ 2022-12-08 20:29:58,531 ] 90 root - INFO - Hypothesis bv_000:float64,float64
[ 2022-12-08 20:29:58,537 ] 90 root - INFO - Hypothesis bx_000:float64,float64
[ 2022-12-08 20:29:58,543 ] 90 root - INFO - Hypothesis by_000:float64,float64
[ 2022-12-08 20:29:58,549 ] 90 root - INFO - Hypothesis bz_000:float64,float64
[ 2022-12-08 20:29:58,554 ] 90 root - INFO - Hypothesis ca_000:float64,float64
[ 2022-12-08 20:29:58,560 ] 90 root - INFO - Hypothesis cb_000:float64,float64
[ 2022-12-08 20:29:58,566 ] 90 root - INFO - Hypothesis cc_000:float64,float64
[ 2022-12-08 20:29:58,572 ] 90 root - INFO - Hypothesis cd_000:float64,float64
[ 2022-12-08 20:29:58,586 ] 90 root - INFO - Hypothesis ce_000:float64,float64
[ 2022-12-08 20:29:58,591 ] 90 root - INFO - Hypothesis cf_000:float64,float64
[ 2022-12-08 20:29:58,595 ] 90 root - INFO - Hypothesis cg_000:float64,float64
[ 2022-12-08 20:29:58,599 ] 90 root - INFO - Hypothesis ch_000:float64,float64
[ 2022-12-08 20:29:58,614 ] 90 root - INFO - Hypothesis ci_000:float64,float64
[ 2022-12-08 20:29:58,620 ] 90 root - INFO - Hypothesis cj_000:float64,float64
[ 2022-12-08 20:29:58,623 ] 90 root - INFO - Hypothesis ck_000:float64,float64
[ 2022-12-08 20:29:58,629 ] 90 root - INFO - Hypothesis cl_000:float64,float64
[ 2022-12-08 20:29:58,645 ] 90 root - INFO - Hypothesis cm_000:float64,float64
[ 2022-12-08 20:29:58,649 ] 90 root - INFO - Hypothesis cn_000:float64,float64
[ 2022-12-08 20:29:58,652 ] 90 root - INFO - Hypothesis cn_001:float64,float64
[ 2022-12-08 20:29:58,655 ] 90 root - INFO - Hypothesis cn_002:float64,float64
[ 2022-12-08 20:29:58,659 ] 90 root - INFO - Hypothesis cn_003:float64,float64
[ 2022-12-08 20:29:58,666 ] 90 root - INFO - Hypothesis cn_004:float64,float64
[ 2022-12-08 20:29:58,673 ] 90 root - INFO - Hypothesis cn_005:float64,float64
[ 2022-12-08 20:29:58,679 ] 90 root - INFO - Hypothesis cn_006:float64,float64
[ 2022-12-08 20:29:58,685 ] 90 root - INFO - Hypothesis cn_007:float64,float64
[ 2022-12-08 20:29:58,691 ] 90 root - INFO - Hypothesis cn_008:float64,float64
[ 2022-12-08 20:29:58,697 ] 90 root - INFO - Hypothesis cn_009:float64,float64
[ 2022-12-08 20:29:58,701 ] 90 root - INFO - Hypothesis co_000:float64,float64
[ 2022-12-08 20:29:58,705 ] 90 root - INFO - Hypothesis cp_000:float64,float64
[ 2022-12-08 20:29:58,710 ] 90 root - INFO - Hypothesis cq_000:float64,float64
[ 2022-12-08 20:29:58,716 ] 90 root - INFO - Hypothesis cs_000:float64,float64
[ 2022-12-08 20:29:58,723 ] 90 root - INFO - Hypothesis cs_001:float64,float64
[ 2022-12-08 20:29:58,730 ] 90 root - INFO - Hypothesis cs_002:float64,float64
[ 2022-12-08 20:29:58,736 ] 90 root - INFO - Hypothesis cs_003:float64,float64
[ 2022-12-08 20:29:58,742 ] 90 root - INFO - Hypothesis cs_004:float64,float64
[ 2022-12-08 20:29:58,748 ] 90 root - INFO - Hypothesis cs_005:float64,float64
[ 2022-12-08 20:29:58,755 ] 90 root - INFO - Hypothesis cs_006:float64,float64
[ 2022-12-08 20:29:58,761 ] 90 root - INFO - Hypothesis cs_007:float64,float64
[ 2022-12-08 20:29:58,767 ] 90 root - INFO - Hypothesis cs_008:float64,float64
[ 2022-12-08 20:29:58,772 ] 90 root - INFO - Hypothesis cs_009:float64,float64
[ 2022-12-08 20:29:58,786 ] 90 root - INFO - Hypothesis ct_000:float64,float64
[ 2022-12-08 20:29:58,791 ] 90 root - INFO - Hypothesis cu_000:float64,float64
[ 2022-12-08 20:29:58,797 ] 90 root - INFO - Hypothesis cv_000:float64,float64
[ 2022-12-08 20:29:58,802 ] 90 root - INFO - Hypothesis cx_000:float64,float64
[ 2022-12-08 20:29:58,808 ] 90 root - INFO - Hypothesis cy_000:float64,float64
[ 2022-12-08 20:29:58,811 ] 90 root - INFO - Hypothesis cz_000:float64,float64
[ 2022-12-08 20:29:58,816 ] 90 root - INFO - Hypothesis da_000:float64,float64
[ 2022-12-08 20:29:58,819 ] 90 root - INFO - Hypothesis db_000:float64,float64
[ 2022-12-08 20:29:58,823 ] 90 root - INFO - Hypothesis dc_000:float64,float64
[ 2022-12-08 20:29:58,828 ] 90 root - INFO - Hypothesis dd_000:float64,float64
[ 2022-12-08 20:29:58,834 ] 90 root - INFO - Hypothesis de_000:float64,float64
[ 2022-12-08 20:29:58,839 ] 90 root - INFO - Hypothesis df_000:float64,float64
[ 2022-12-08 20:29:58,854 ] 90 root - INFO - Hypothesis dg_000:float64,float64
[ 2022-12-08 20:29:58,869 ] 90 root - INFO - Hypothesis dh_000:float64,float64
[ 2022-12-08 20:29:58,874 ] 90 root - INFO - Hypothesis di_000:float64,float64
[ 2022-12-08 20:29:58,879 ] 90 root - INFO - Hypothesis dj_000:float64,float64
[ 2022-12-08 20:29:58,896 ] 90 root - INFO - Hypothesis dk_000:float64,float64
[ 2022-12-08 20:29:58,913 ] 90 root - INFO - Hypothesis dl_000:float64,float64
[ 2022-12-08 20:29:58,932 ] 90 root - INFO - Hypothesis dm_000:float64,float64
[ 2022-12-08 20:29:58,949 ] 90 root - INFO - Hypothesis dn_000:float64,float64
[ 2022-12-08 20:29:58,956 ] 90 root - INFO - Hypothesis do_000:float64,float64
[ 2022-12-08 20:29:58,962 ] 90 root - INFO - Hypothesis dp_000:float64,float64
[ 2022-12-08 20:29:58,968 ] 90 root - INFO - Hypothesis dq_000:float64,float64
[ 2022-12-08 20:29:58,972 ] 90 root - INFO - Hypothesis dr_000:float64,float64
[ 2022-12-08 20:29:58,975 ] 90 root - INFO - Hypothesis ds_000:float64,float64
[ 2022-12-08 20:29:58,981 ] 90 root - INFO - Hypothesis dt_000:float64,float64
[ 2022-12-08 20:29:58,987 ] 90 root - INFO - Hypothesis du_000:float64,float64
[ 2022-12-08 20:29:58,993 ] 90 root - INFO - Hypothesis dv_000:float64,float64
[ 2022-12-08 20:29:58,999 ] 90 root - INFO - Hypothesis dx_000:float64,float64
[ 2022-12-08 20:29:59,004 ] 90 root - INFO - Hypothesis dy_000:float64,float64
[ 2022-12-08 20:29:59,008 ] 90 root - INFO - Hypothesis dz_000:float64,float64
[ 2022-12-08 20:29:59,011 ] 90 root - INFO - Hypothesis ea_000:float64,float64
[ 2022-12-08 20:29:59,014 ] 90 root - INFO - Hypothesis eb_000:float64,float64
[ 2022-12-08 20:29:59,019 ] 90 root - INFO - Hypothesis ec_00:float64,float64
[ 2022-12-08 20:29:59,024 ] 90 root - INFO - Hypothesis ed_000:float64,float64
[ 2022-12-08 20:29:59,029 ] 90 root - INFO - Hypothesis ee_000:float64,float64
[ 2022-12-08 20:29:59,036 ] 90 root - INFO - Hypothesis ee_001:float64,float64
[ 2022-12-08 20:29:59,042 ] 90 root - INFO - Hypothesis ee_002:float64,float64
[ 2022-12-08 20:29:59,048 ] 90 root - INFO - Hypothesis ee_003:float64,float64
[ 2022-12-08 20:29:59,054 ] 90 root - INFO - Hypothesis ee_004:float64,float64
[ 2022-12-08 20:29:59,059 ] 90 root - INFO - Hypothesis ee_005:float64,float64
[ 2022-12-08 20:29:59,065 ] 90 root - INFO - Hypothesis ee_006:float64,float64
[ 2022-12-08 20:29:59,071 ] 90 root - INFO - Hypothesis ee_007:float64,float64
[ 2022-12-08 20:29:59,077 ] 90 root - INFO - Hypothesis ee_008:float64,float64
[ 2022-12-08 20:29:59,082 ] 90 root - INFO - Hypothesis ee_009:float64,float64
[ 2022-12-08 20:29:59,090 ] 90 root - INFO - Hypothesis ef_000:float64,float64
[ 2022-12-08 20:29:59,093 ] 90 root - INFO - Hypothesis eg_000:float64,float64
[ 2022-12-08 20:29:59,096 ] 145 root - INFO - As all column are available in train df hence detecting data_drift
[ 2022-12-08 20:29:59,096 ] 90 root - INFO - Hypothesis class:object,object
[ 2022-12-08 20:29:59,115 ] 90 root - INFO - Hypothesis aa_000:float64,float64
[ 2022-12-08 20:29:59,117 ] 90 root - INFO - Hypothesis ac_000:float64,float64
[ 2022-12-08 20:29:59,119 ] 90 root - INFO - Hypothesis ad_000:float64,float64
[ 2022-12-08 20:29:59,120 ] 90 root - INFO - Hypothesis ae_000:float64,float64
[ 2022-12-08 20:29:59,121 ] 90 root - INFO - Hypothesis af_000:float64,float64
[ 2022-12-08 20:29:59,123 ] 90 root - INFO - Hypothesis ag_000:float64,float64
[ 2022-12-08 20:29:59,123 ] 90 root - INFO - Hypothesis ag_001:float64,float64
[ 2022-12-08 20:29:59,124 ] 90 root - INFO - Hypothesis ag_002:float64,float64
[ 2022-12-08 20:29:59,125 ] 90 root - INFO - Hypothesis ag_003:float64,float64
[ 2022-12-08 20:29:59,127 ] 90 root - INFO - Hypothesis ag_004:float64,float64
[ 2022-12-08 20:29:59,129 ] 90 root - INFO - Hypothesis ag_005:float64,float64
[ 2022-12-08 20:29:59,131 ] 90 root - INFO - Hypothesis ag_006:float64,float64
[ 2022-12-08 20:29:59,133 ] 90 root - INFO - Hypothesis ag_007:float64,float64
[ 2022-12-08 20:29:59,135 ] 90 root - INFO - Hypothesis ag_008:float64,float64
[ 2022-12-08 20:29:59,136 ] 90 root - INFO - Hypothesis ag_009:float64,float64
[ 2022-12-08 20:29:59,138 ] 90 root - INFO - Hypothesis ah_000:float64,float64
[ 2022-12-08 20:29:59,140 ] 90 root - INFO - Hypothesis ai_000:float64,float64
[ 2022-12-08 20:29:59,141 ] 90 root - INFO - Hypothesis aj_000:float64,float64
[ 2022-12-08 20:29:59,142 ] 90 root - INFO - Hypothesis ak_000:float64,float64
[ 2022-12-08 20:29:59,143 ] 90 root - INFO - Hypothesis al_000:float64,float64
[ 2022-12-08 20:29:59,145 ] 90 root - INFO - Hypothesis am_0:float64,float64
[ 2022-12-08 20:29:59,146 ] 90 root - INFO - Hypothesis an_000:float64,float64
[ 2022-12-08 20:29:59,148 ] 90 root - INFO - Hypothesis ao_000:float64,float64
[ 2022-12-08 20:29:59,150 ] 90 root - INFO - Hypothesis ap_000:float64,float64
[ 2022-12-08 20:29:59,152 ] 90 root - INFO - Hypothesis aq_000:float64,float64
[ 2022-12-08 20:29:59,155 ] 90 root - INFO - Hypothesis ar_000:float64,float64
[ 2022-12-08 20:29:59,156 ] 90 root - INFO - Hypothesis as_000:float64,float64
[ 2022-12-08 20:29:59,156 ] 90 root - INFO - Hypothesis at_000:float64,float64
[ 2022-12-08 20:29:59,158 ] 90 root - INFO - Hypothesis au_000:float64,float64
[ 2022-12-08 20:29:59,159 ] 90 root - INFO - Hypothesis av_000:float64,float64
[ 2022-12-08 20:29:59,160 ] 90 root - INFO - Hypothesis ax_000:float64,float64
[ 2022-12-08 20:29:59,162 ] 90 root - INFO - Hypothesis ay_000:float64,float64
[ 2022-12-08 20:29:59,163 ] 90 root - INFO - Hypothesis ay_001:float64,float64
[ 2022-12-08 20:29:59,164 ] 90 root - INFO - Hypothesis ay_002:float64,float64
[ 2022-12-08 20:29:59,165 ] 90 root - INFO - Hypothesis ay_003:float64,float64
[ 2022-12-08 20:29:59,166 ] 90 root - INFO - Hypothesis ay_004:float64,float64
[ 2022-12-08 20:29:59,167 ] 90 root - INFO - Hypothesis ay_005:float64,float64
[ 2022-12-08 20:29:59,168 ] 90 root - INFO - Hypothesis ay_006:float64,float64
[ 2022-12-08 20:29:59,170 ] 90 root - INFO - Hypothesis ay_007:float64,float64
[ 2022-12-08 20:29:59,172 ] 90 root - INFO - Hypothesis ay_008:float64,float64
[ 2022-12-08 20:29:59,174 ] 90 root - INFO - Hypothesis ay_009:float64,float64
[ 2022-12-08 20:29:59,175 ] 90 root - INFO - Hypothesis az_000:float64,float64
[ 2022-12-08 20:29:59,177 ] 90 root - INFO - Hypothesis az_001:float64,float64
[ 2022-12-08 20:29:59,179 ] 90 root - INFO - Hypothesis az_002:float64,float64
[ 2022-12-08 20:29:59,181 ] 90 root - INFO - Hypothesis az_003:float64,float64
[ 2022-12-08 20:29:59,183 ] 90 root - INFO - Hypothesis az_004:float64,float64
[ 2022-12-08 20:29:59,185 ] 90 root - INFO - Hypothesis az_005:float64,float64
[ 2022-12-08 20:29:59,188 ] 90 root - INFO - Hypothesis az_006:float64,float64
[ 2022-12-08 20:29:59,190 ] 90 root - INFO - Hypothesis az_007:float64,float64
[ 2022-12-08 20:29:59,192 ] 90 root - INFO - Hypothesis az_008:float64,float64
[ 2022-12-08 20:29:59,193 ] 90 root - INFO - Hypothesis az_009:float64,float64
[ 2022-12-08 20:29:59,194 ] 90 root - INFO - Hypothesis ba_000:float64,float64
[ 2022-12-08 20:29:59,196 ] 90 root - INFO - Hypothesis ba_001:float64,float64
[ 2022-12-08 20:29:59,198 ] 90 root - INFO - Hypothesis ba_002:float64,float64
[ 2022-12-08 20:29:59,200 ] 90 root - INFO - Hypothesis ba_003:float64,float64
[ 2022-12-08 20:29:59,202 ] 90 root - INFO - Hypothesis ba_004:float64,float64
[ 2022-12-08 20:29:59,204 ] 90 root - INFO - Hypothesis ba_005:float64,float64
[ 2022-12-08 20:29:59,207 ] 90 root - INFO - Hypothesis ba_006:float64,float64
[ 2022-12-08 20:29:59,209 ] 90 root - INFO - Hypothesis ba_007:float64,float64
[ 2022-12-08 20:29:59,211 ] 90 root - INFO - Hypothesis ba_008:float64,float64
[ 2022-12-08 20:29:59,212 ] 90 root - INFO - Hypothesis ba_009:float64,float64
[ 2022-12-08 20:29:59,214 ] 90 root - INFO - Hypothesis bb_000:float64,float64
[ 2022-12-08 20:29:59,216 ] 90 root - INFO - Hypothesis bc_000:float64,float64
[ 2022-12-08 20:29:59,217 ] 90 root - INFO - Hypothesis bd_000:float64,float64
[ 2022-12-08 20:29:59,219 ] 90 root - INFO - Hypothesis be_000:float64,float64
[ 2022-12-08 20:29:59,221 ] 90 root - INFO - Hypothesis bf_000:float64,float64
[ 2022-12-08 20:29:59,223 ] 90 root - INFO - Hypothesis bg_000:float64,float64
[ 2022-12-08 20:29:59,225 ] 90 root - INFO - Hypothesis bh_000:float64,float64
[ 2022-12-08 20:29:59,227 ] 90 root - INFO - Hypothesis bi_000:float64,float64
[ 2022-12-08 20:29:59,229 ] 90 root - INFO - Hypothesis bj_000:float64,float64
[ 2022-12-08 20:29:59,231 ] 90 root - INFO - Hypothesis bk_000:float64,float64
[ 2022-12-08 20:29:59,233 ] 90 root - INFO - Hypothesis bl_000:float64,float64
[ 2022-12-08 20:29:59,234 ] 90 root - INFO - Hypothesis bm_000:float64,float64
[ 2022-12-08 20:29:59,236 ] 90 root - INFO - Hypothesis bs_000:float64,float64
[ 2022-12-08 20:29:59,238 ] 90 root - INFO - Hypothesis bt_000:float64,float64
[ 2022-12-08 20:29:59,240 ] 90 root - INFO - Hypothesis bu_000:float64,float64
[ 2022-12-08 20:29:59,242 ] 90 root - INFO - Hypothesis bv_000:float64,float64
[ 2022-12-08 20:29:59,244 ] 90 root - INFO - Hypothesis bx_000:float64,float64
[ 2022-12-08 20:29:59,246 ] 90 root - INFO - Hypothesis by_000:float64,float64
[ 2022-12-08 20:29:59,248 ] 90 root - INFO - Hypothesis bz_000:float64,float64
[ 2022-12-08 20:29:59,250 ] 90 root - INFO - Hypothesis ca_000:float64,float64
[ 2022-12-08 20:29:59,252 ] 90 root - INFO - Hypothesis cb_000:float64,float64
[ 2022-12-08 20:29:59,254 ] 90 root - INFO - Hypothesis cc_000:float64,float64
[ 2022-12-08 20:29:59,256 ] 90 root - INFO - Hypothesis cd_000:float64,float64
[ 2022-12-08 20:29:59,257 ] 90 root - INFO - Hypothesis ce_000:float64,float64
[ 2022-12-08 20:29:59,259 ] 90 root - INFO - Hypothesis cf_000:float64,float64
[ 2022-12-08 20:29:59,260 ] 90 root - INFO - Hypothesis cg_000:float64,float64
[ 2022-12-08 20:29:59,262 ] 90 root - INFO - Hypothesis ch_000:float64,float64
[ 2022-12-08 20:29:59,263 ] 90 root - INFO - Hypothesis ci_000:float64,float64
[ 2022-12-08 20:29:59,265 ] 90 root - INFO - Hypothesis cj_000:float64,float64
[ 2022-12-08 20:29:59,266 ] 90 root - INFO - Hypothesis ck_000:float64,float64
[ 2022-12-08 20:29:59,268 ] 90 root - INFO - Hypothesis cl_000:float64,float64
[ 2022-12-08 20:29:59,270 ] 90 root - INFO - Hypothesis cm_000:float64,float64
[ 2022-12-08 20:29:59,271 ] 90 root - INFO - Hypothesis cn_000:float64,float64
[ 2022-12-08 20:29:59,272 ] 90 root - INFO - Hypothesis cn_001:float64,float64
[ 2022-12-08 20:29:59,273 ] 90 root - INFO - Hypothesis cn_002:float64,float64
[ 2022-12-08 20:29:59,275 ] 90 root - INFO - Hypothesis cn_003:float64,float64
[ 2022-12-08 20:29:59,277 ] 90 root - INFO - Hypothesis cn_004:float64,float64
[ 2022-12-08 20:29:59,279 ] 90 root - INFO - Hypothesis cn_005:float64,float64
[ 2022-12-08 20:29:59,281 ] 90 root - INFO - Hypothesis cn_006:float64,float64
[ 2022-12-08 20:29:59,283 ] 90 root - INFO - Hypothesis cn_007:float64,float64
[ 2022-12-08 20:29:59,285 ] 90 root - INFO - Hypothesis cn_008:float64,float64
[ 2022-12-08 20:29:59,287 ] 90 root - INFO - Hypothesis cn_009:float64,float64
[ 2022-12-08 20:29:59,289 ] 90 root - INFO - Hypothesis co_000:float64,float64
[ 2022-12-08 20:29:59,290 ] 90 root - INFO - Hypothesis cp_000:float64,float64
[ 2022-12-08 20:29:59,292 ] 90 root - INFO - Hypothesis cq_000:float64,float64
[ 2022-12-08 20:29:59,294 ] 90 root - INFO - Hypothesis cs_000:float64,float64
[ 2022-12-08 20:29:59,296 ] 90 root - INFO - Hypothesis cs_001:float64,float64
[ 2022-12-08 20:29:59,298 ] 90 root - INFO - Hypothesis cs_002:float64,float64
[ 2022-12-08 20:29:59,300 ] 90 root - INFO - Hypothesis cs_003:float64,float64
[ 2022-12-08 20:29:59,302 ] 90 root - INFO - Hypothesis cs_004:float64,float64
[ 2022-12-08 20:29:59,304 ] 90 root - INFO - Hypothesis cs_005:float64,float64
[ 2022-12-08 20:29:59,306 ] 90 root - INFO - Hypothesis cs_006:float64,float64
[ 2022-12-08 20:29:59,308 ] 90 root - INFO - Hypothesis cs_007:float64,float64
[ 2022-12-08 20:29:59,310 ] 90 root - INFO - Hypothesis cs_008:float64,float64
[ 2022-12-08 20:29:59,312 ] 90 root - INFO - Hypothesis cs_009:float64,float64
[ 2022-12-08 20:29:59,313 ] 90 root - INFO - Hypothesis ct_000:float64,float64
[ 2022-12-08 20:29:59,315 ] 90 root - INFO - Hypothesis cu_000:float64,float64
[ 2022-12-08 20:29:59,316 ] 90 root - INFO - Hypothesis cv_000:float64,float64
[ 2022-12-08 20:29:59,318 ] 90 root - INFO - Hypothesis cx_000:float64,float64
[ 2022-12-08 20:29:59,320 ] 90 root - INFO - Hypothesis cy_000:float64,float64
[ 2022-12-08 20:29:59,321 ] 90 root - INFO - Hypothesis cz_000:float64,float64
[ 2022-12-08 20:29:59,323 ] 90 root - INFO - Hypothesis da_000:float64,float64
[ 2022-12-08 20:29:59,324 ] 90 root - INFO - Hypothesis db_000:float64,float64
[ 2022-12-08 20:29:59,325 ] 90 root - INFO - Hypothesis dc_000:float64,float64
[ 2022-12-08 20:29:59,327 ] 90 root - INFO - Hypothesis dd_000:float64,float64
[ 2022-12-08 20:29:59,329 ] 90 root - INFO - Hypothesis de_000:float64,float64
[ 2022-12-08 20:29:59,331 ] 90 root - INFO - Hypothesis df_000:float64,float64
[ 2022-12-08 20:29:59,332 ] 90 root - INFO - Hypothesis dg_000:float64,float64
[ 2022-12-08 20:29:59,333 ] 90 root - INFO - Hypothesis dh_000:float64,float64
[ 2022-12-08 20:29:59,334 ] 90 root - INFO - Hypothesis di_000:float64,float64
[ 2022-12-08 20:29:59,336 ] 90 root - INFO - Hypothesis dj_000:float64,float64
[ 2022-12-08 20:29:59,337 ] 90 root - INFO - Hypothesis dk_000:float64,float64
[ 2022-12-08 20:29:59,338 ] 90 root - INFO - Hypothesis dl_000:float64,float64
[ 2022-12-08 20:29:59,339 ] 90 root - INFO - Hypothesis dm_000:float64,float64
[ 2022-12-08 20:29:59,340 ] 90 root - INFO - Hypothesis dn_000:float64,float64
[ 2022-12-08 20:29:59,342 ] 90 root - INFO - Hypothesis do_000:float64,float64
[ 2022-12-08 20:29:59,344 ] 90 root - INFO - Hypothesis dp_000:float64,float64
[ 2022-12-08 20:29:59,346 ] 90 root - INFO - Hypothesis dq_000:float64,float64
[ 2022-12-08 20:29:59,347 ] 90 root - INFO - Hypothesis dr_000:float64,float64
[ 2022-12-08 20:29:59,348 ] 90 root - INFO - Hypothesis ds_000:float64,float64
[ 2022-12-08 20:29:59,350 ] 90 root - INFO - Hypothesis dt_000:float64,float64
[ 2022-12-08 20:29:59,352 ] 90 root - INFO - Hypothesis du_000:float64,float64
[ 2022-12-08 20:29:59,354 ] 90 root - INFO - Hypothesis dv_000:float64,float64
[ 2022-12-08 20:29:59,356 ] 90 root - INFO - Hypothesis dx_000:float64,float64
[ 2022-12-08 20:29:59,358 ] 90 root - INFO - Hypothesis dy_000:float64,float64
[ 2022-12-08 20:29:59,359 ] 90 root - INFO - Hypothesis dz_000:float64,float64
[ 2022-12-08 20:29:59,360 ] 90 root - INFO - Hypothesis ea_000:float64,float64
[ 2022-12-08 20:29:59,361 ] 90 root - INFO - Hypothesis eb_000:float64,float64
[ 2022-12-08 20:29:59,363 ] 90 root - INFO - Hypothesis ec_00:float64,float64
[ 2022-12-08 20:29:59,365 ] 90 root - INFO - Hypothesis ed_000:float64,float64
[ 2022-12-08 20:29:59,367 ] 90 root - INFO - Hypothesis ee_000:float64,float64
[ 2022-12-08 20:29:59,369 ] 90 root - INFO - Hypothesis ee_001:float64,float64
[ 2022-12-08 20:29:59,371 ] 90 root - INFO - Hypothesis ee_002:float64,float64
[ 2022-12-08 20:29:59,373 ] 90 root - INFO - Hypothesis ee_003:float64,float64
[ 2022-12-08 20:29:59,375 ] 90 root - INFO - Hypothesis ee_004:float64,float64
[ 2022-12-08 20:29:59,377 ] 90 root - INFO - Hypothesis ee_005:float64,float64
[ 2022-12-08 20:29:59,379 ] 90 root - INFO - Hypothesis ee_006:float64,float64
[ 2022-12-08 20:29:59,381 ] 90 root - INFO - Hypothesis ee_007:float64,float64
[ 2022-12-08 20:29:59,383 ] 90 root - INFO - Hypothesis ee_008:float64,float64
[ 2022-12-08 20:29:59,385 ] 90 root - INFO - Hypothesis ee_009:float64,float64
[ 2022-12-08 20:29:59,386 ] 90 root - INFO - Hypothesis ef_000:float64,float64
[ 2022-12-08 20:29:59,387 ] 90 root - INFO - Hypothesis eg_000:float64,float64
[ 2022-12-08 20:29:59,388 ] 148 root - INFO - Write report in yaml file
[ 2022-12-08 20:29:59,470 ] 152 root - INFO - Data_validation_artifact :{data_validation_artifact}
[ 2022-12-08 20:30:00,364 ] 72 root - INFO - Before Resampling, Train_data_input_shape : (28950, 170) , Train_data_target_shape : (28950,)
[ 2022-12-08 20:30:08,164 ] 74 root - INFO - After Resampling, Train_data_input_shape : (56144, 170) , Train_data_target_shape : (56144,)
[ 2022-12-08 20:30:08,164 ] 76 root - INFO - Before Resampling, Test_data_input_shape : (56144, 170) , Test_data_target_shape : (56144,)
[ 2022-12-08 20:30:09,066 ] 78 root - INFO - After Resampling, Test_data_input_shape : (56144, 170) , Test_data_target_shape : (56144,)
[ 2022-12-08 20:30:09,196 ] 59 root - INFO - Entered the save object method of Main Utils class
[ 2022-12-08 20:30:09,200 ] 59 root - INFO - Entered the save object method of Main Utils class
[ 2022-12-08 20:30:09,201 ] 102 root - INFO - Data transformation object DataTransformationArtifact(transform_object_path='/config/workspace/artifact/12082022__202942/data_transformation/transformed/transformer.pkl', transformed_train_path='/config/workspace/artifact/12082022__202942/data_transformation/transformed/train.csv', transformed_test_path='/config/workspace/artifact/12082022__202942/data_transformation/transformed/test.csv', target_encoder_object_path='/config/workspace/artifact/12082022__202942/data_transformation/target_encoder/target_encoder.pkl')
