[ 2022-12-08 20:03:44,541 ] 21 root - INFO - Exporting collection data as pandas dataframe
[ 2022-12-08 20:03:44,541 ] 24 root - INFO - reading data from database:aps and collection:sensor
[ 2022-12-08 20:03:48,223 ] 26 root - INFO - found columns:Index(['_id', 'class', 'aa_000', 'ab_000', 'ac_000', 'ad_000', 'ae_000',
       'af_000', 'ag_000', 'ag_001',
       ...
       'ee_002', 'ee_003', 'ee_004', 'ee_005', 'ee_006', 'ee_007', 'ee_008',
       'ee_009', 'ef_000', 'eg_000'],
      dtype='object', length=172)
[ 2022-12-08 20:03:48,224 ] 28 root - INFO - dropping columns: _id
[ 2022-12-08 20:03:48,419 ] 30 root - INFO - columns and rows in df is (36188, 171)
[ 2022-12-08 20:03:48,419 ] 28 root - INFO - Save data in feature store
[ 2022-12-08 20:03:48,962 ] 34 root - INFO - Create feature store folder if not available
[ 2022-12-08 20:03:48,963 ] 38 root - INFO - Save df to feature store folder
[ 2022-12-08 20:03:51,410 ] 43 root - INFO - split dataset into train and test set
[ 2022-12-08 20:03:51,922 ] 47 root - INFO - create dataset directory folder if not available
[ 2022-12-08 20:03:51,923 ] 52 root - INFO - Save df to feature store folder
[ 2022-12-08 20:03:54,066 ] 64 root - INFO - Data ingestion artifact: DataIngestionArtifact(feature_store_file_path='/config/workspace/artifact/12082022__200344/data_ingestion/feature_store/sensor.csv', train_file_path='/config/workspace/artifact/12082022__200344/data_ingestion/dataset/train.csv', test_file_path='/config/workspace/artifact/12082022__200344/data_ingestion/dataset/test.csv')
[ 2022-12-08 20:03:54,426 ] 19 root - INFO - <<<<<<<<<<<<<<<<<<<<<<<<<<<<<<<<<<<<<<<< Data Validation >>>>>>>>>>>>>>>>>>>>>>>>>>>>>>>>>>>>>>>>
[ 2022-12-08 20:03:54,426 ] 115 root - INFO - reading base dataframe
[ 2022-12-08 20:03:56,093 ] 118 root - INFO - replaced na values with np.nan in base df
[ 2022-12-08 20:03:56,093 ] 120 root - INFO - dropping null values columns from base dataframe
[ 2022-12-08 20:03:57,051 ] 42 root - INFO - selecting columns names containing null values above 0.7
[ 2022-12-08 20:03:57,052 ] 45 root - INFO - columns to drop: ['ab_000', 'bn_000', 'bo_000', 'bp_000', 'bq_000', 'br_000', 'cr_000']
[ 2022-12-08 20:03:57,165 ] 123 root - INFO - Reading train dataframe
[ 2022-12-08 20:03:57,561 ] 125 root - INFO - Reading test dataframe
[ 2022-12-08 20:03:57,665 ] 128 root - INFO - dropping null values columns from train dataframe
[ 2022-12-08 20:03:57,680 ] 42 root - INFO - selecting columns names containing null values above 0.7
[ 2022-12-08 20:03:57,680 ] 45 root - INFO - columns to drop: ['ab_000', 'bn_000', 'bo_000', 'bp_000', 'bq_000', 'br_000', 'cr_000']
[ 2022-12-08 20:03:57,751 ] 130 root - INFO - dropping null values columns from test dataframe
[ 2022-12-08 20:03:57,756 ] 42 root - INFO - selecting columns names containing null values above 0.7
[ 2022-12-08 20:03:57,756 ] 45 root - INFO - columns to drop: ['ab_000', 'bn_000', 'bo_000', 'bp_000', 'bq_000', 'br_000', 'cr_000']
[ 2022-12-08 20:03:58,360 ] 142 root - INFO - As all column are available in train df hence detecting data_drift
[ 2022-12-08 20:03:58,361 ] 90 root - INFO - Hypothesis class:object,object
[ 2022-12-08 20:03:58,425 ] 90 root - INFO - Hypothesis aa_000:float64,float64
[ 2022-12-08 20:03:58,431 ] 90 root - INFO - Hypothesis ac_000:float64,float64
[ 2022-12-08 20:03:58,436 ] 90 root - INFO - Hypothesis ad_000:float64,float64
[ 2022-12-08 20:03:58,440 ] 90 root - INFO - Hypothesis ae_000:float64,float64
[ 2022-12-08 20:03:58,443 ] 90 root - INFO - Hypothesis af_000:float64,float64
[ 2022-12-08 20:03:58,446 ] 90 root - INFO - Hypothesis ag_000:float64,float64
[ 2022-12-08 20:03:58,460 ] 90 root - INFO - Hypothesis ag_001:float64,float64
[ 2022-12-08 20:03:58,474 ] 90 root - INFO - Hypothesis ag_002:float64,float64
[ 2022-12-08 20:03:58,477 ] 90 root - INFO - Hypothesis ag_003:float64,float64
[ 2022-12-08 20:03:58,481 ] 90 root - INFO - Hypothesis ag_004:float64,float64
[ 2022-12-08 20:03:58,497 ] 90 root - INFO - Hypothesis ag_005:float64,float64
[ 2022-12-08 20:03:58,513 ] 90 root - INFO - Hypothesis ag_006:float64,float64
[ 2022-12-08 20:03:58,520 ] 90 root - INFO - Hypothesis ag_007:float64,float64
[ 2022-12-08 20:03:58,526 ] 90 root - INFO - Hypothesis ag_008:float64,float64
[ 2022-12-08 20:03:58,532 ] 90 root - INFO - Hypothesis ag_009:float64,float64
[ 2022-12-08 20:03:58,536 ] 90 root - INFO - Hypothesis ah_000:float64,float64
[ 2022-12-08 20:03:58,542 ] 90 root - INFO - Hypothesis ai_000:float64,float64
[ 2022-12-08 20:03:58,545 ] 90 root - INFO - Hypothesis aj_000:float64,float64
[ 2022-12-08 20:03:58,549 ] 90 root - INFO - Hypothesis ak_000:float64,float64
[ 2022-12-08 20:03:58,552 ] 90 root - INFO - Hypothesis al_000:float64,float64
[ 2022-12-08 20:03:58,557 ] 90 root - INFO - Hypothesis am_0:float64,float64
[ 2022-12-08 20:03:58,561 ] 90 root - INFO - Hypothesis an_000:float64,float64
[ 2022-12-08 20:03:58,567 ] 90 root - INFO - Hypothesis ao_000:float64,float64
[ 2022-12-08 20:03:58,573 ] 90 root - INFO - Hypothesis ap_000:float64,float64
[ 2022-12-08 20:03:58,580 ] 90 root - INFO - Hypothesis aq_000:float64,float64
[ 2022-12-08 20:03:58,586 ] 90 root - INFO - Hypothesis ar_000:float64,float64
[ 2022-12-08 20:03:58,601 ] 90 root - INFO - Hypothesis as_000:float64,float64
[ 2022-12-08 20:03:58,616 ] 90 root - INFO - Hypothesis at_000:float64,float64
[ 2022-12-08 20:03:58,630 ] 90 root - INFO - Hypothesis au_000:float64,float64
[ 2022-12-08 20:03:58,644 ] 90 root - INFO - Hypothesis av_000:float64,float64
[ 2022-12-08 20:03:58,649 ] 90 root - INFO - Hypothesis ax_000:float64,float64
[ 2022-12-08 20:03:58,654 ] 90 root - INFO - Hypothesis ay_000:float64,float64
[ 2022-12-08 20:03:58,656 ] 90 root - INFO - Hypothesis ay_001:float64,float64
[ 2022-12-08 20:03:58,659 ] 90 root - INFO - Hypothesis ay_002:float64,float64
[ 2022-12-08 20:03:58,662 ] 90 root - INFO - Hypothesis ay_003:float64,float64
[ 2022-12-08 20:03:58,665 ] 90 root - INFO - Hypothesis ay_004:float64,float64
[ 2022-12-08 20:03:58,668 ] 90 root - INFO - Hypothesis ay_005:float64,float64
[ 2022-12-08 20:03:58,673 ] 90 root - INFO - Hypothesis ay_006:float64,float64
[ 2022-12-08 20:03:58,689 ] 90 root - INFO - Hypothesis ay_007:float64,float64
[ 2022-12-08 20:03:58,695 ] 90 root - INFO - Hypothesis ay_008:float64,float64
[ 2022-12-08 20:03:58,700 ] 90 root - INFO - Hypothesis ay_009:float64,float64
[ 2022-12-08 20:03:58,715 ] 90 root - INFO - Hypothesis az_000:float64,float64
[ 2022-12-08 20:03:58,731 ] 90 root - INFO - Hypothesis az_001:float64,float64
[ 2022-12-08 20:03:58,741 ] 90 root - INFO - Hypothesis az_002:float64,float64
[ 2022-12-08 20:03:58,757 ] 90 root - INFO - Hypothesis az_003:float64,float64
[ 2022-12-08 20:03:58,763 ] 90 root - INFO - Hypothesis az_004:float64,float64
[ 2022-12-08 20:03:58,770 ] 90 root - INFO - Hypothesis az_005:float64,float64
[ 2022-12-08 20:03:58,785 ] 90 root - INFO - Hypothesis az_006:float64,float64
[ 2022-12-08 20:03:58,801 ] 90 root - INFO - Hypothesis az_007:float64,float64
[ 2022-12-08 20:03:58,805 ] 90 root - INFO - Hypothesis az_008:float64,float64
[ 2022-12-08 20:03:58,808 ] 90 root - INFO - Hypothesis az_009:float64,float64
[ 2022-12-08 20:03:58,811 ] 90 root - INFO - Hypothesis ba_000:float64,float64
[ 2022-12-08 20:03:58,817 ] 90 root - INFO - Hypothesis ba_001:float64,float64
[ 2022-12-08 20:03:58,823 ] 90 root - INFO - Hypothesis ba_002:float64,float64
[ 2022-12-08 20:03:58,829 ] 90 root - INFO - Hypothesis ba_003:float64,float64
[ 2022-12-08 20:03:58,835 ] 90 root - INFO - Hypothesis ba_004:float64,float64
[ 2022-12-08 20:03:58,841 ] 90 root - INFO - Hypothesis ba_005:float64,float64
[ 2022-12-08 20:03:58,847 ] 90 root - INFO - Hypothesis ba_006:float64,float64
[ 2022-12-08 20:03:58,853 ] 90 root - INFO - Hypothesis ba_007:float64,float64
[ 2022-12-08 20:03:58,859 ] 90 root - INFO - Hypothesis ba_008:float64,float64
[ 2022-12-08 20:03:58,863 ] 90 root - INFO - Hypothesis ba_009:float64,float64
[ 2022-12-08 20:03:58,867 ] 90 root - INFO - Hypothesis bb_000:float64,float64
[ 2022-12-08 20:03:58,873 ] 90 root - INFO - Hypothesis bc_000:float64,float64
[ 2022-12-08 20:03:58,878 ] 90 root - INFO - Hypothesis bd_000:float64,float64
[ 2022-12-08 20:03:58,883 ] 90 root - INFO - Hypothesis be_000:float64,float64
[ 2022-12-08 20:03:58,898 ] 90 root - INFO - Hypothesis bf_000:float64,float64
[ 2022-12-08 20:03:58,902 ] 90 root - INFO - Hypothesis bg_000:float64,float64
[ 2022-12-08 20:03:58,908 ] 90 root - INFO - Hypothesis bh_000:float64,float64
[ 2022-12-08 20:03:58,914 ] 90 root - INFO - Hypothesis bi_000:float64,float64
[ 2022-12-08 20:03:58,931 ] 90 root - INFO - Hypothesis bj_000:float64,float64
[ 2022-12-08 20:03:58,938 ] 90 root - INFO - Hypothesis bk_000:float64,float64
[ 2022-12-08 20:03:58,943 ] 90 root - INFO - Hypothesis bl_000:float64,float64
[ 2022-12-08 20:03:58,948 ] 90 root - INFO - Hypothesis bm_000:float64,float64
[ 2022-12-08 20:03:58,953 ] 90 root - INFO - Hypothesis bs_000:float64,float64
[ 2022-12-08 20:03:58,969 ] 90 root - INFO - Hypothesis bt_000:float64,float64
[ 2022-12-08 20:03:58,985 ] 90 root - INFO - Hypothesis bu_000:float64,float64
[ 2022-12-08 20:03:58,992 ] 90 root - INFO - Hypothesis bv_000:float64,float64
[ 2022-12-08 20:03:58,998 ] 90 root - INFO - Hypothesis bx_000:float64,float64
[ 2022-12-08 20:03:59,015 ] 90 root - INFO - Hypothesis by_000:float64,float64
[ 2022-12-08 20:03:59,031 ] 90 root - INFO - Hypothesis bz_000:float64,float64
[ 2022-12-08 20:03:59,036 ] 90 root - INFO - Hypothesis ca_000:float64,float64
[ 2022-12-08 20:03:59,043 ] 90 root - INFO - Hypothesis cb_000:float64,float64
[ 2022-12-08 20:03:59,051 ] 90 root - INFO - Hypothesis cc_000:float64,float64
[ 2022-12-08 20:03:59,059 ] 90 root - INFO - Hypothesis cd_000:float64,float64
[ 2022-12-08 20:03:59,073 ] 90 root - INFO - Hypothesis ce_000:float64,float64
[ 2022-12-08 20:03:59,079 ] 90 root - INFO - Hypothesis cf_000:float64,float64
[ 2022-12-08 20:03:59,082 ] 90 root - INFO - Hypothesis cg_000:float64,float64
[ 2022-12-08 20:03:59,087 ] 90 root - INFO - Hypothesis ch_000:float64,float64
[ 2022-12-08 20:03:59,090 ] 90 root - INFO - Hypothesis ci_000:float64,float64
[ 2022-12-08 20:03:59,106 ] 90 root - INFO - Hypothesis cj_000:float64,float64
[ 2022-12-08 20:03:59,122 ] 90 root - INFO - Hypothesis ck_000:float64,float64
[ 2022-12-08 20:03:59,128 ] 90 root - INFO - Hypothesis cl_000:float64,float64
[ 2022-12-08 20:03:59,132 ] 90 root - INFO - Hypothesis cm_000:float64,float64
[ 2022-12-08 20:03:59,136 ] 90 root - INFO - Hypothesis cn_000:float64,float64
[ 2022-12-08 20:03:59,139 ] 90 root - INFO - Hypothesis cn_001:float64,float64
[ 2022-12-08 20:03:59,142 ] 90 root - INFO - Hypothesis cn_002:float64,float64
[ 2022-12-08 20:03:59,147 ] 90 root - INFO - Hypothesis cn_003:float64,float64
[ 2022-12-08 20:03:59,163 ] 90 root - INFO - Hypothesis cn_004:float64,float64
[ 2022-12-08 20:03:59,178 ] 90 root - INFO - Hypothesis cn_005:float64,float64
[ 2022-12-08 20:03:59,184 ] 90 root - INFO - Hypothesis cn_006:float64,float64
[ 2022-12-08 20:03:59,190 ] 90 root - INFO - Hypothesis cn_007:float64,float64
[ 2022-12-08 20:03:59,196 ] 90 root - INFO - Hypothesis cn_008:float64,float64
[ 2022-12-08 20:03:59,201 ] 90 root - INFO - Hypothesis cn_009:float64,float64
[ 2022-12-08 20:03:59,206 ] 90 root - INFO - Hypothesis co_000:float64,float64
[ 2022-12-08 20:03:59,210 ] 90 root - INFO - Hypothesis cp_000:float64,float64
[ 2022-12-08 20:03:59,214 ] 90 root - INFO - Hypothesis cq_000:float64,float64
[ 2022-12-08 20:03:59,220 ] 90 root - INFO - Hypothesis cs_000:float64,float64
[ 2022-12-08 20:03:59,226 ] 90 root - INFO - Hypothesis cs_001:float64,float64
[ 2022-12-08 20:03:59,232 ] 90 root - INFO - Hypothesis cs_002:float64,float64
[ 2022-12-08 20:03:59,238 ] 90 root - INFO - Hypothesis cs_003:float64,float64
[ 2022-12-08 20:03:59,244 ] 90 root - INFO - Hypothesis cs_004:float64,float64
[ 2022-12-08 20:03:59,250 ] 90 root - INFO - Hypothesis cs_005:float64,float64
[ 2022-12-08 20:03:59,256 ] 90 root - INFO - Hypothesis cs_006:float64,float64
[ 2022-12-08 20:03:59,262 ] 90 root - INFO - Hypothesis cs_007:float64,float64
[ 2022-12-08 20:03:59,268 ] 90 root - INFO - Hypothesis cs_008:float64,float64
[ 2022-12-08 20:03:59,272 ] 90 root - INFO - Hypothesis cs_009:float64,float64
[ 2022-12-08 20:03:59,275 ] 90 root - INFO - Hypothesis ct_000:float64,float64
[ 2022-12-08 20:03:59,280 ] 90 root - INFO - Hypothesis cu_000:float64,float64
[ 2022-12-08 20:03:59,285 ] 90 root - INFO - Hypothesis cv_000:float64,float64
[ 2022-12-08 20:03:59,300 ] 90 root - INFO - Hypothesis cx_000:float64,float64
[ 2022-12-08 20:03:59,316 ] 90 root - INFO - Hypothesis cy_000:float64,float64
[ 2022-12-08 20:03:59,320 ] 90 root - INFO - Hypothesis cz_000:float64,float64
[ 2022-12-08 20:03:59,325 ] 90 root - INFO - Hypothesis da_000:float64,float64
[ 2022-12-08 20:03:59,328 ] 90 root - INFO - Hypothesis db_000:float64,float64
[ 2022-12-08 20:03:59,332 ] 90 root - INFO - Hypothesis dc_000:float64,float64
[ 2022-12-08 20:03:59,347 ] 90 root - INFO - Hypothesis dd_000:float64,float64
[ 2022-12-08 20:03:59,353 ] 90 root - INFO - Hypothesis de_000:float64,float64
[ 2022-12-08 20:03:59,358 ] 90 root - INFO - Hypothesis df_000:float64,float64
[ 2022-12-08 20:03:59,361 ] 90 root - INFO - Hypothesis dg_000:float64,float64
[ 2022-12-08 20:03:59,364 ] 90 root - INFO - Hypothesis dh_000:float64,float64
[ 2022-12-08 20:03:59,367 ] 90 root - INFO - Hypothesis di_000:float64,float64
[ 2022-12-08 20:03:59,371 ] 90 root - INFO - Hypothesis dj_000:float64,float64
[ 2022-12-08 20:03:59,374 ] 90 root - INFO - Hypothesis dk_000:float64,float64
[ 2022-12-08 20:03:59,377 ] 90 root - INFO - Hypothesis dl_000:float64,float64
[ 2022-12-08 20:03:59,380 ] 90 root - INFO - Hypothesis dm_000:float64,float64
[ 2022-12-08 20:03:59,383 ] 90 root - INFO - Hypothesis dn_000:float64,float64
[ 2022-12-08 20:03:59,389 ] 90 root - INFO - Hypothesis do_000:float64,float64
[ 2022-12-08 20:03:59,395 ] 90 root - INFO - Hypothesis dp_000:float64,float64
[ 2022-12-08 20:03:59,400 ] 90 root - INFO - Hypothesis dq_000:float64,float64
[ 2022-12-08 20:03:59,404 ] 90 root - INFO - Hypothesis dr_000:float64,float64
[ 2022-12-08 20:03:59,407 ] 90 root - INFO - Hypothesis ds_000:float64,float64
[ 2022-12-08 20:03:59,413 ] 90 root - INFO - Hypothesis dt_000:float64,float64
[ 2022-12-08 20:03:59,419 ] 90 root - INFO - Hypothesis du_000:float64,float64
[ 2022-12-08 20:03:59,425 ] 90 root - INFO - Hypothesis dv_000:float64,float64
[ 2022-12-08 20:03:59,430 ] 90 root - INFO - Hypothesis dx_000:float64,float64
[ 2022-12-08 20:03:59,435 ] 90 root - INFO - Hypothesis dy_000:float64,float64
[ 2022-12-08 20:03:59,450 ] 90 root - INFO - Hypothesis dz_000:float64,float64
[ 2022-12-08 20:03:59,465 ] 90 root - INFO - Hypothesis ea_000:float64,float64
[ 2022-12-08 20:03:59,479 ] 90 root - INFO - Hypothesis eb_000:float64,float64
[ 2022-12-08 20:03:59,494 ] 90 root - INFO - Hypothesis ec_00:float64,float64
[ 2022-12-08 20:03:59,500 ] 90 root - INFO - Hypothesis ed_000:float64,float64
[ 2022-12-08 20:03:59,515 ] 90 root - INFO - Hypothesis ee_000:float64,float64
[ 2022-12-08 20:03:59,521 ] 90 root - INFO - Hypothesis ee_001:float64,float64
[ 2022-12-08 20:03:59,527 ] 90 root - INFO - Hypothesis ee_002:float64,float64
[ 2022-12-08 20:03:59,533 ] 90 root - INFO - Hypothesis ee_003:float64,float64
[ 2022-12-08 20:03:59,539 ] 90 root - INFO - Hypothesis ee_004:float64,float64
[ 2022-12-08 20:03:59,545 ] 90 root - INFO - Hypothesis ee_005:float64,float64
[ 2022-12-08 20:03:59,561 ] 90 root - INFO - Hypothesis ee_006:float64,float64
[ 2022-12-08 20:03:59,566 ] 90 root - INFO - Hypothesis ee_007:float64,float64
[ 2022-12-08 20:03:59,572 ] 90 root - INFO - Hypothesis ee_008:float64,float64
[ 2022-12-08 20:03:59,577 ] 90 root - INFO - Hypothesis ee_009:float64,float64
[ 2022-12-08 20:03:59,582 ] 90 root - INFO - Hypothesis ef_000:float64,float64
[ 2022-12-08 20:03:59,596 ] 90 root - INFO - Hypothesis eg_000:float64,float64
[ 2022-12-08 20:03:59,610 ] 145 root - INFO - As all column are available in train df hence detecting data_drift
[ 2022-12-08 20:03:59,610 ] 90 root - INFO - Hypothesis class:object,object
[ 2022-12-08 20:03:59,629 ] 90 root - INFO - Hypothesis aa_000:float64,float64
[ 2022-12-08 20:03:59,631 ] 90 root - INFO - Hypothesis ac_000:float64,float64
[ 2022-12-08 20:03:59,633 ] 90 root - INFO - Hypothesis ad_000:float64,float64
[ 2022-12-08 20:03:59,635 ] 90 root - INFO - Hypothesis ae_000:float64,float64
[ 2022-12-08 20:03:59,636 ] 90 root - INFO - Hypothesis af_000:float64,float64
[ 2022-12-08 20:03:59,637 ] 90 root - INFO - Hypothesis ag_000:float64,float64
[ 2022-12-08 20:03:59,638 ] 90 root - INFO - Hypothesis ag_001:float64,float64
[ 2022-12-08 20:03:59,639 ] 90 root - INFO - Hypothesis ag_002:float64,float64
[ 2022-12-08 20:03:59,641 ] 90 root - INFO - Hypothesis ag_003:float64,float64
[ 2022-12-08 20:03:59,643 ] 90 root - INFO - Hypothesis ag_004:float64,float64
[ 2022-12-08 20:03:59,645 ] 90 root - INFO - Hypothesis ag_005:float64,float64
[ 2022-12-08 20:03:59,647 ] 90 root - INFO - Hypothesis ag_006:float64,float64
[ 2022-12-08 20:03:59,649 ] 90 root - INFO - Hypothesis ag_007:float64,float64
[ 2022-12-08 20:03:59,651 ] 90 root - INFO - Hypothesis ag_008:float64,float64
[ 2022-12-08 20:03:59,652 ] 90 root - INFO - Hypothesis ag_009:float64,float64
[ 2022-12-08 20:03:59,654 ] 90 root - INFO - Hypothesis ah_000:float64,float64
[ 2022-12-08 20:03:59,656 ] 90 root - INFO - Hypothesis ai_000:float64,float64
[ 2022-12-08 20:03:59,657 ] 90 root - INFO - Hypothesis aj_000:float64,float64
[ 2022-12-08 20:03:59,659 ] 90 root - INFO - Hypothesis ak_000:float64,float64
[ 2022-12-08 20:03:59,660 ] 90 root - INFO - Hypothesis al_000:float64,float64
[ 2022-12-08 20:03:59,661 ] 90 root - INFO - Hypothesis am_0:float64,float64
[ 2022-12-08 20:03:59,664 ] 90 root - INFO - Hypothesis an_000:float64,float64
[ 2022-12-08 20:03:59,667 ] 90 root - INFO - Hypothesis ao_000:float64,float64
[ 2022-12-08 20:03:59,669 ] 90 root - INFO - Hypothesis ap_000:float64,float64
[ 2022-12-08 20:03:59,671 ] 90 root - INFO - Hypothesis aq_000:float64,float64
[ 2022-12-08 20:03:59,674 ] 90 root - INFO - Hypothesis ar_000:float64,float64
[ 2022-12-08 20:03:59,675 ] 90 root - INFO - Hypothesis as_000:float64,float64
[ 2022-12-08 20:03:59,676 ] 90 root - INFO - Hypothesis at_000:float64,float64
[ 2022-12-08 20:03:59,677 ] 90 root - INFO - Hypothesis au_000:float64,float64
[ 2022-12-08 20:03:59,678 ] 90 root - INFO - Hypothesis av_000:float64,float64
[ 2022-12-08 20:03:59,680 ] 90 root - INFO - Hypothesis ax_000:float64,float64
[ 2022-12-08 20:03:59,682 ] 90 root - INFO - Hypothesis ay_000:float64,float64
[ 2022-12-08 20:03:59,683 ] 90 root - INFO - Hypothesis ay_001:float64,float64
[ 2022-12-08 20:03:59,684 ] 90 root - INFO - Hypothesis ay_002:float64,float64
[ 2022-12-08 20:03:59,685 ] 90 root - INFO - Hypothesis ay_003:float64,float64
[ 2022-12-08 20:03:59,686 ] 90 root - INFO - Hypothesis ay_004:float64,float64
[ 2022-12-08 20:03:59,687 ] 90 root - INFO - Hypothesis ay_005:float64,float64
[ 2022-12-08 20:03:59,688 ] 90 root - INFO - Hypothesis ay_006:float64,float64
[ 2022-12-08 20:03:59,690 ] 90 root - INFO - Hypothesis ay_007:float64,float64
[ 2022-12-08 20:03:59,692 ] 90 root - INFO - Hypothesis ay_008:float64,float64
[ 2022-12-08 20:03:59,694 ] 90 root - INFO - Hypothesis ay_009:float64,float64
[ 2022-12-08 20:03:59,695 ] 90 root - INFO - Hypothesis az_000:float64,float64
[ 2022-12-08 20:03:59,697 ] 90 root - INFO - Hypothesis az_001:float64,float64
[ 2022-12-08 20:03:59,699 ] 90 root - INFO - Hypothesis az_002:float64,float64
[ 2022-12-08 20:03:59,701 ] 90 root - INFO - Hypothesis az_003:float64,float64
[ 2022-12-08 20:03:59,704 ] 90 root - INFO - Hypothesis az_004:float64,float64
[ 2022-12-08 20:03:59,706 ] 90 root - INFO - Hypothesis az_005:float64,float64
[ 2022-12-08 20:03:59,708 ] 90 root - INFO - Hypothesis az_006:float64,float64
[ 2022-12-08 20:03:59,710 ] 90 root - INFO - Hypothesis az_007:float64,float64
[ 2022-12-08 20:03:59,711 ] 90 root - INFO - Hypothesis az_008:float64,float64
[ 2022-12-08 20:03:59,712 ] 90 root - INFO - Hypothesis az_009:float64,float64
[ 2022-12-08 20:03:59,713 ] 90 root - INFO - Hypothesis ba_000:float64,float64
[ 2022-12-08 20:03:59,715 ] 90 root - INFO - Hypothesis ba_001:float64,float64
[ 2022-12-08 20:03:59,717 ] 90 root - INFO - Hypothesis ba_002:float64,float64
[ 2022-12-08 20:03:59,719 ] 90 root - INFO - Hypothesis ba_003:float64,float64
[ 2022-12-08 20:03:59,721 ] 90 root - INFO - Hypothesis ba_004:float64,float64
[ 2022-12-08 20:03:59,723 ] 90 root - INFO - Hypothesis ba_005:float64,float64
[ 2022-12-08 20:03:59,725 ] 90 root - INFO - Hypothesis ba_006:float64,float64
[ 2022-12-08 20:03:59,728 ] 90 root - INFO - Hypothesis ba_007:float64,float64
[ 2022-12-08 20:03:59,730 ] 90 root - INFO - Hypothesis ba_008:float64,float64
[ 2022-12-08 20:03:59,731 ] 90 root - INFO - Hypothesis ba_009:float64,float64
[ 2022-12-08 20:03:59,733 ] 90 root - INFO - Hypothesis bb_000:float64,float64
[ 2022-12-08 20:03:59,735 ] 90 root - INFO - Hypothesis bc_000:float64,float64
[ 2022-12-08 20:03:59,736 ] 90 root - INFO - Hypothesis bd_000:float64,float64
[ 2022-12-08 20:03:59,738 ] 90 root - INFO - Hypothesis be_000:float64,float64
[ 2022-12-08 20:03:59,740 ] 90 root - INFO - Hypothesis bf_000:float64,float64
[ 2022-12-08 20:03:59,742 ] 90 root - INFO - Hypothesis bg_000:float64,float64
[ 2022-12-08 20:03:59,744 ] 90 root - INFO - Hypothesis bh_000:float64,float64
[ 2022-12-08 20:03:59,746 ] 90 root - INFO - Hypothesis bi_000:float64,float64
[ 2022-12-08 20:03:59,748 ] 90 root - INFO - Hypothesis bj_000:float64,float64
[ 2022-12-08 20:03:59,750 ] 90 root - INFO - Hypothesis bk_000:float64,float64
[ 2022-12-08 20:03:59,752 ] 90 root - INFO - Hypothesis bl_000:float64,float64
[ 2022-12-08 20:03:59,754 ] 90 root - INFO - Hypothesis bm_000:float64,float64
[ 2022-12-08 20:03:59,755 ] 90 root - INFO - Hypothesis bs_000:float64,float64
[ 2022-12-08 20:03:59,757 ] 90 root - INFO - Hypothesis bt_000:float64,float64
[ 2022-12-08 20:03:59,759 ] 90 root - INFO - Hypothesis bu_000:float64,float64
[ 2022-12-08 20:03:59,761 ] 90 root - INFO - Hypothesis bv_000:float64,float64
[ 2022-12-08 20:03:59,763 ] 90 root - INFO - Hypothesis bx_000:float64,float64
[ 2022-12-08 20:03:59,765 ] 90 root - INFO - Hypothesis by_000:float64,float64
[ 2022-12-08 20:03:59,767 ] 90 root - INFO - Hypothesis bz_000:float64,float64
[ 2022-12-08 20:03:59,769 ] 90 root - INFO - Hypothesis ca_000:float64,float64
[ 2022-12-08 20:03:59,771 ] 90 root - INFO - Hypothesis cb_000:float64,float64
[ 2022-12-08 20:03:59,773 ] 90 root - INFO - Hypothesis cc_000:float64,float64
[ 2022-12-08 20:03:59,775 ] 90 root - INFO - Hypothesis cd_000:float64,float64
[ 2022-12-08 20:03:59,776 ] 90 root - INFO - Hypothesis ce_000:float64,float64
[ 2022-12-08 20:03:59,778 ] 90 root - INFO - Hypothesis cf_000:float64,float64
[ 2022-12-08 20:03:59,780 ] 90 root - INFO - Hypothesis cg_000:float64,float64
[ 2022-12-08 20:03:59,781 ] 90 root - INFO - Hypothesis ch_000:float64,float64
[ 2022-12-08 20:03:59,782 ] 90 root - INFO - Hypothesis ci_000:float64,float64
[ 2022-12-08 20:03:59,785 ] 90 root - INFO - Hypothesis cj_000:float64,float64
[ 2022-12-08 20:03:59,786 ] 90 root - INFO - Hypothesis ck_000:float64,float64
[ 2022-12-08 20:03:59,788 ] 90 root - INFO - Hypothesis cl_000:float64,float64
[ 2022-12-08 20:03:59,789 ] 90 root - INFO - Hypothesis cm_000:float64,float64
[ 2022-12-08 20:03:59,791 ] 90 root - INFO - Hypothesis cn_000:float64,float64
[ 2022-12-08 20:03:59,792 ] 90 root - INFO - Hypothesis cn_001:float64,float64
[ 2022-12-08 20:03:59,793 ] 90 root - INFO - Hypothesis cn_002:float64,float64
[ 2022-12-08 20:03:59,795 ] 90 root - INFO - Hypothesis cn_003:float64,float64
[ 2022-12-08 20:03:59,797 ] 90 root - INFO - Hypothesis cn_004:float64,float64
[ 2022-12-08 20:03:59,799 ] 90 root - INFO - Hypothesis cn_005:float64,float64
[ 2022-12-08 20:03:59,801 ] 90 root - INFO - Hypothesis cn_006:float64,float64
[ 2022-12-08 20:03:59,803 ] 90 root - INFO - Hypothesis cn_007:float64,float64
[ 2022-12-08 20:03:59,805 ] 90 root - INFO - Hypothesis cn_008:float64,float64
[ 2022-12-08 20:03:59,807 ] 90 root - INFO - Hypothesis cn_009:float64,float64
[ 2022-12-08 20:03:59,809 ] 90 root - INFO - Hypothesis co_000:float64,float64
[ 2022-12-08 20:03:59,810 ] 90 root - INFO - Hypothesis cp_000:float64,float64
[ 2022-12-08 20:03:59,812 ] 90 root - INFO - Hypothesis cq_000:float64,float64
[ 2022-12-08 20:03:59,814 ] 90 root - INFO - Hypothesis cs_000:float64,float64
[ 2022-12-08 20:03:59,816 ] 90 root - INFO - Hypothesis cs_001:float64,float64
[ 2022-12-08 20:03:59,818 ] 90 root - INFO - Hypothesis cs_002:float64,float64
[ 2022-12-08 20:03:59,820 ] 90 root - INFO - Hypothesis cs_003:float64,float64
[ 2022-12-08 20:03:59,822 ] 90 root - INFO - Hypothesis cs_004:float64,float64
[ 2022-12-08 20:03:59,824 ] 90 root - INFO - Hypothesis cs_005:float64,float64
[ 2022-12-08 20:03:59,827 ] 90 root - INFO - Hypothesis cs_006:float64,float64
[ 2022-12-08 20:03:59,829 ] 90 root - INFO - Hypothesis cs_007:float64,float64
[ 2022-12-08 20:03:59,831 ] 90 root - INFO - Hypothesis cs_008:float64,float64
[ 2022-12-08 20:03:59,832 ] 90 root - INFO - Hypothesis cs_009:float64,float64
[ 2022-12-08 20:03:59,833 ] 90 root - INFO - Hypothesis ct_000:float64,float64
[ 2022-12-08 20:03:59,835 ] 90 root - INFO - Hypothesis cu_000:float64,float64
[ 2022-12-08 20:03:59,837 ] 90 root - INFO - Hypothesis cv_000:float64,float64
[ 2022-12-08 20:03:59,839 ] 90 root - INFO - Hypothesis cx_000:float64,float64
[ 2022-12-08 20:03:59,841 ] 90 root - INFO - Hypothesis cy_000:float64,float64
[ 2022-12-08 20:03:59,842 ] 90 root - INFO - Hypothesis cz_000:float64,float64
[ 2022-12-08 20:03:59,844 ] 90 root - INFO - Hypothesis da_000:float64,float64
[ 2022-12-08 20:03:59,845 ] 90 root - INFO - Hypothesis db_000:float64,float64
[ 2022-12-08 20:03:59,847 ] 90 root - INFO - Hypothesis dc_000:float64,float64
[ 2022-12-08 20:03:59,849 ] 90 root - INFO - Hypothesis dd_000:float64,float64
[ 2022-12-08 20:03:59,851 ] 90 root - INFO - Hypothesis de_000:float64,float64
[ 2022-12-08 20:03:59,853 ] 90 root - INFO - Hypothesis df_000:float64,float64
[ 2022-12-08 20:03:59,855 ] 90 root - INFO - Hypothesis dg_000:float64,float64
[ 2022-12-08 20:03:59,856 ] 90 root - INFO - Hypothesis dh_000:float64,float64
[ 2022-12-08 20:03:59,857 ] 90 root - INFO - Hypothesis di_000:float64,float64
[ 2022-12-08 20:03:59,858 ] 90 root - INFO - Hypothesis dj_000:float64,float64
[ 2022-12-08 20:03:59,859 ] 90 root - INFO - Hypothesis dk_000:float64,float64
[ 2022-12-08 20:03:59,860 ] 90 root - INFO - Hypothesis dl_000:float64,float64
[ 2022-12-08 20:03:59,861 ] 90 root - INFO - Hypothesis dm_000:float64,float64
[ 2022-12-08 20:03:59,862 ] 90 root - INFO - Hypothesis dn_000:float64,float64
[ 2022-12-08 20:03:59,864 ] 90 root - INFO - Hypothesis do_000:float64,float64
[ 2022-12-08 20:03:59,866 ] 90 root - INFO - Hypothesis dp_000:float64,float64
[ 2022-12-08 20:03:59,868 ] 90 root - INFO - Hypothesis dq_000:float64,float64
[ 2022-12-08 20:03:59,869 ] 90 root - INFO - Hypothesis dr_000:float64,float64
[ 2022-12-08 20:03:59,871 ] 90 root - INFO - Hypothesis ds_000:float64,float64
[ 2022-12-08 20:03:59,873 ] 90 root - INFO - Hypothesis dt_000:float64,float64
[ 2022-12-08 20:03:59,875 ] 90 root - INFO - Hypothesis du_000:float64,float64
[ 2022-12-08 20:03:59,877 ] 90 root - INFO - Hypothesis dv_000:float64,float64
[ 2022-12-08 20:03:59,879 ] 90 root - INFO - Hypothesis dx_000:float64,float64
[ 2022-12-08 20:03:59,880 ] 90 root - INFO - Hypothesis dy_000:float64,float64
[ 2022-12-08 20:03:59,882 ] 90 root - INFO - Hypothesis dz_000:float64,float64
[ 2022-12-08 20:03:59,883 ] 90 root - INFO - Hypothesis ea_000:float64,float64
[ 2022-12-08 20:03:59,884 ] 90 root - INFO - Hypothesis eb_000:float64,float64
[ 2022-12-08 20:03:59,885 ] 90 root - INFO - Hypothesis ec_00:float64,float64
[ 2022-12-08 20:03:59,887 ] 90 root - INFO - Hypothesis ed_000:float64,float64
[ 2022-12-08 20:03:59,889 ] 90 root - INFO - Hypothesis ee_000:float64,float64
[ 2022-12-08 20:03:59,891 ] 90 root - INFO - Hypothesis ee_001:float64,float64
[ 2022-12-08 20:03:59,893 ] 90 root - INFO - Hypothesis ee_002:float64,float64
[ 2022-12-08 20:03:59,896 ] 90 root - INFO - Hypothesis ee_003:float64,float64
[ 2022-12-08 20:03:59,898 ] 90 root - INFO - Hypothesis ee_004:float64,float64
[ 2022-12-08 20:03:59,900 ] 90 root - INFO - Hypothesis ee_005:float64,float64
[ 2022-12-08 20:03:59,902 ] 90 root - INFO - Hypothesis ee_006:float64,float64
[ 2022-12-08 20:03:59,904 ] 90 root - INFO - Hypothesis ee_007:float64,float64
[ 2022-12-08 20:03:59,906 ] 90 root - INFO - Hypothesis ee_008:float64,float64
[ 2022-12-08 20:03:59,908 ] 90 root - INFO - Hypothesis ee_009:float64,float64
[ 2022-12-08 20:03:59,909 ] 90 root - INFO - Hypothesis ef_000:float64,float64
[ 2022-12-08 20:03:59,910 ] 90 root - INFO - Hypothesis eg_000:float64,float64
[ 2022-12-08 20:03:59,911 ] 148 root - INFO - Write report in yaml file
[ 2022-12-08 20:03:59,985 ] 152 root - INFO - Data_validation_artifact :{data_validation_artifact}
