[ 2022-12-08 12:25:36,966 ] 21 root - INFO - Exporting collection data as pandas dataframe
[ 2022-12-08 12:25:36,966 ] 22 root - INFO - reading data from database:aps and collection:sensor
[ 2022-12-08 12:25:40,359 ] 24 root - INFO - found columns:Index(['_id', 'class', 'aa_000', 'ab_000', 'ac_000', 'ad_000', 'ae_000',
       'af_000', 'ag_000', 'ag_001',
       ...
       'ee_002', 'ee_003', 'ee_004', 'ee_005', 'ee_006', 'ee_007', 'ee_008',
       'ee_009', 'ef_000', 'eg_000'],
      dtype='object', length=172)
[ 2022-12-08 12:25:40,359 ] 26 root - INFO - dropping columns: _id
[ 2022-12-08 12:25:40,554 ] 28 root - INFO - columns and rows in df is (36188, 171)
[ 2022-12-08 12:25:40,554 ] 28 root - INFO - Save data in feature store
[ 2022-12-08 12:25:41,103 ] 34 root - INFO - Create feature store folder if not available
[ 2022-12-08 12:25:41,103 ] 38 root - INFO - Save df to feature store folder
[ 2022-12-08 12:25:43,767 ] 43 root - INFO - split dataset into train and test set
[ 2022-12-08 12:25:44,383 ] 47 root - INFO - create dataset directory folder if not available
[ 2022-12-08 12:25:44,383 ] 52 root - INFO - Save df to feature store folder
[ 2022-12-08 12:25:46,638 ] 64 root - INFO - Data ingestion artifact: DataIngestionArtifact(feature_store_file_path='/config/workspace/artifact/12082022__122536/data_ingestion/feature_store/sensor.csv', train_file_path='/config/workspace/artifact/12082022__122536/data_ingestion/dataset/train.csv', test_file_path='/config/workspace/artifact/12082022__122536/data_ingestion/dataset/test.csv')
[ 2022-12-08 12:25:47,137 ] 18 root - INFO - <<<<<<<<<<<<<<<<<<<<<<<<<<<<<<<<<<<<<<<< Data Validation >>>>>>>>>>>>>>>>>>>>>>>>>>>>>>>>>>>>>>>>
[ 2022-12-08 12:25:47,137 ] 114 root - INFO - reading base dataframe
[ 2022-12-08 12:25:48,846 ] 117 root - INFO - replaced na values with np.nan in base df
[ 2022-12-08 12:25:48,847 ] 119 root - INFO - dropping null values columns from base dataframe
[ 2022-12-08 12:25:49,846 ] 41 root - INFO - selecting columns names containing null values above 0.7
[ 2022-12-08 12:25:49,847 ] 44 root - INFO - columns to drop: Index(['ab_000', 'bn_000', 'bo_000', 'bp_000', 'bq_000', 'br_000', 'cr_000'], dtype='object')
[ 2022-12-08 12:25:49,943 ] 122 root - INFO - Reading train dataframe
[ 2022-12-08 12:25:50,334 ] 124 root - INFO - Reading test dataframe
[ 2022-12-08 12:25:50,435 ] 127 root - INFO - dropping null values columns from train dataframe
[ 2022-12-08 12:25:50,448 ] 41 root - INFO - selecting columns names containing null values above 0.7
[ 2022-12-08 12:25:50,448 ] 44 root - INFO - columns to drop: Index(['ab_000', 'bn_000', 'bo_000', 'bp_000', 'bq_000', 'br_000', 'cr_000'], dtype='object')
[ 2022-12-08 12:25:50,511 ] 129 root - INFO - dropping null values columns from test dataframe
[ 2022-12-08 12:25:50,515 ] 41 root - INFO - selecting columns names containing null values above 0.7
[ 2022-12-08 12:25:50,516 ] 44 root - INFO - columns to drop: Index(['ab_000', 'bn_000', 'bo_000', 'bp_000', 'bq_000', 'br_000', 'cr_000'], dtype='object')
[ 2022-12-08 12:25:51,140 ] 141 root - INFO - As all column are available in train df hence detecting data_drift
[ 2022-12-08 12:25:51,140 ] 89 root - INFO - Hypothesis class:object,object
[ 2022-12-08 12:25:51,209 ] 89 root - INFO - Hypothesis aa_000:float64,float64
[ 2022-12-08 12:25:51,215 ] 89 root - INFO - Hypothesis ac_000:float64,float64
[ 2022-12-08 12:25:51,220 ] 89 root - INFO - Hypothesis ad_000:float64,float64
[ 2022-12-08 12:25:51,224 ] 89 root - INFO - Hypothesis ae_000:float64,float64
[ 2022-12-08 12:25:51,227 ] 89 root - INFO - Hypothesis af_000:float64,float64
[ 2022-12-08 12:25:51,230 ] 89 root - INFO - Hypothesis ag_000:float64,float64
[ 2022-12-08 12:25:51,244 ] 89 root - INFO - Hypothesis ag_001:float64,float64
[ 2022-12-08 12:25:51,258 ] 89 root - INFO - Hypothesis ag_002:float64,float64
[ 2022-12-08 12:25:51,261 ] 89 root - INFO - Hypothesis ag_003:float64,float64
[ 2022-12-08 12:25:51,265 ] 89 root - INFO - Hypothesis ag_004:float64,float64
[ 2022-12-08 12:25:51,271 ] 89 root - INFO - Hypothesis ag_005:float64,float64
[ 2022-12-08 12:25:51,277 ] 89 root - INFO - Hypothesis ag_006:float64,float64
[ 2022-12-08 12:25:51,283 ] 89 root - INFO - Hypothesis ag_007:float64,float64
[ 2022-12-08 12:25:51,288 ] 89 root - INFO - Hypothesis ag_008:float64,float64
[ 2022-12-08 12:25:51,293 ] 89 root - INFO - Hypothesis ag_009:float64,float64
[ 2022-12-08 12:25:51,297 ] 89 root - INFO - Hypothesis ah_000:float64,float64
[ 2022-12-08 12:25:51,304 ] 89 root - INFO - Hypothesis ai_000:float64,float64
[ 2022-12-08 12:25:51,318 ] 89 root - INFO - Hypothesis aj_000:float64,float64
[ 2022-12-08 12:25:51,321 ] 89 root - INFO - Hypothesis ak_000:float64,float64
[ 2022-12-08 12:25:51,324 ] 89 root - INFO - Hypothesis al_000:float64,float64
[ 2022-12-08 12:25:51,329 ] 89 root - INFO - Hypothesis am_0:float64,float64
[ 2022-12-08 12:25:51,333 ] 89 root - INFO - Hypothesis an_000:float64,float64
[ 2022-12-08 12:25:51,339 ] 89 root - INFO - Hypothesis ao_000:float64,float64
[ 2022-12-08 12:25:51,345 ] 89 root - INFO - Hypothesis ap_000:float64,float64
[ 2022-12-08 12:25:51,351 ] 89 root - INFO - Hypothesis aq_000:float64,float64
[ 2022-12-08 12:25:51,357 ] 89 root - INFO - Hypothesis ar_000:float64,float64
[ 2022-12-08 12:25:51,372 ] 89 root - INFO - Hypothesis as_000:float64,float64
[ 2022-12-08 12:25:51,385 ] 89 root - INFO - Hypothesis at_000:float64,float64
[ 2022-12-08 12:25:51,389 ] 89 root - INFO - Hypothesis au_000:float64,float64
[ 2022-12-08 12:25:51,403 ] 89 root - INFO - Hypothesis av_000:float64,float64
[ 2022-12-08 12:25:51,407 ] 89 root - INFO - Hypothesis ax_000:float64,float64
[ 2022-12-08 12:25:51,412 ] 89 root - INFO - Hypothesis ay_000:float64,float64
[ 2022-12-08 12:25:51,427 ] 89 root - INFO - Hypothesis ay_001:float64,float64
[ 2022-12-08 12:25:51,441 ] 89 root - INFO - Hypothesis ay_002:float64,float64
[ 2022-12-08 12:25:51,456 ] 89 root - INFO - Hypothesis ay_003:float64,float64
[ 2022-12-08 12:25:51,472 ] 89 root - INFO - Hypothesis ay_004:float64,float64
[ 2022-12-08 12:25:51,488 ] 89 root - INFO - Hypothesis ay_005:float64,float64
[ 2022-12-08 12:25:51,492 ] 89 root - INFO - Hypothesis ay_006:float64,float64
[ 2022-12-08 12:25:51,498 ] 89 root - INFO - Hypothesis ay_007:float64,float64
[ 2022-12-08 12:25:51,504 ] 89 root - INFO - Hypothesis ay_008:float64,float64
[ 2022-12-08 12:25:51,510 ] 89 root - INFO - Hypothesis ay_009:float64,float64
[ 2022-12-08 12:25:51,524 ] 89 root - INFO - Hypothesis az_000:float64,float64
[ 2022-12-08 12:25:51,529 ] 89 root - INFO - Hypothesis az_001:float64,float64
[ 2022-12-08 12:25:51,535 ] 89 root - INFO - Hypothesis az_002:float64,float64
[ 2022-12-08 12:25:51,540 ] 89 root - INFO - Hypothesis az_003:float64,float64
[ 2022-12-08 12:25:51,546 ] 89 root - INFO - Hypothesis az_004:float64,float64
[ 2022-12-08 12:25:51,552 ] 89 root - INFO - Hypothesis az_005:float64,float64
[ 2022-12-08 12:25:51,558 ] 89 root - INFO - Hypothesis az_006:float64,float64
[ 2022-12-08 12:25:51,563 ] 89 root - INFO - Hypothesis az_007:float64,float64
[ 2022-12-08 12:25:51,566 ] 89 root - INFO - Hypothesis az_008:float64,float64
[ 2022-12-08 12:25:51,581 ] 89 root - INFO - Hypothesis az_009:float64,float64
[ 2022-12-08 12:25:51,595 ] 89 root - INFO - Hypothesis ba_000:float64,float64
[ 2022-12-08 12:25:51,601 ] 89 root - INFO - Hypothesis ba_001:float64,float64
[ 2022-12-08 12:25:51,607 ] 89 root - INFO - Hypothesis ba_002:float64,float64
[ 2022-12-08 12:25:51,613 ] 89 root - INFO - Hypothesis ba_003:float64,float64
[ 2022-12-08 12:25:51,619 ] 89 root - INFO - Hypothesis ba_004:float64,float64
[ 2022-12-08 12:25:51,625 ] 89 root - INFO - Hypothesis ba_005:float64,float64
[ 2022-12-08 12:25:51,630 ] 89 root - INFO - Hypothesis ba_006:float64,float64
[ 2022-12-08 12:25:51,636 ] 89 root - INFO - Hypothesis ba_007:float64,float64
[ 2022-12-08 12:25:51,641 ] 89 root - INFO - Hypothesis ba_008:float64,float64
[ 2022-12-08 12:25:51,646 ] 89 root - INFO - Hypothesis ba_009:float64,float64
[ 2022-12-08 12:25:51,650 ] 89 root - INFO - Hypothesis bb_000:float64,float64
[ 2022-12-08 12:25:51,656 ] 89 root - INFO - Hypothesis bc_000:float64,float64
[ 2022-12-08 12:25:51,660 ] 89 root - INFO - Hypothesis bd_000:float64,float64
[ 2022-12-08 12:25:51,665 ] 89 root - INFO - Hypothesis be_000:float64,float64
[ 2022-12-08 12:25:51,670 ] 89 root - INFO - Hypothesis bf_000:float64,float64
[ 2022-12-08 12:25:51,674 ] 89 root - INFO - Hypothesis bg_000:float64,float64
[ 2022-12-08 12:25:51,680 ] 89 root - INFO - Hypothesis bh_000:float64,float64
[ 2022-12-08 12:25:51,686 ] 89 root - INFO - Hypothesis bi_000:float64,float64
[ 2022-12-08 12:25:51,692 ] 89 root - INFO - Hypothesis bj_000:float64,float64
[ 2022-12-08 12:25:51,698 ] 89 root - INFO - Hypothesis bk_000:float64,float64
[ 2022-12-08 12:25:51,703 ] 89 root - INFO - Hypothesis bl_000:float64,float64
[ 2022-12-08 12:25:51,708 ] 89 root - INFO - Hypothesis bm_000:float64,float64
[ 2022-12-08 12:25:51,712 ] 89 root - INFO - Hypothesis bs_000:float64,float64
[ 2022-12-08 12:25:51,718 ] 89 root - INFO - Hypothesis bt_000:float64,float64
[ 2022-12-08 12:25:51,724 ] 89 root - INFO - Hypothesis bu_000:float64,float64
[ 2022-12-08 12:25:51,730 ] 89 root - INFO - Hypothesis bv_000:float64,float64
[ 2022-12-08 12:25:51,736 ] 89 root - INFO - Hypothesis bx_000:float64,float64
[ 2022-12-08 12:25:51,743 ] 89 root - INFO - Hypothesis by_000:float64,float64
[ 2022-12-08 12:25:51,748 ] 89 root - INFO - Hypothesis bz_000:float64,float64
[ 2022-12-08 12:25:51,754 ] 89 root - INFO - Hypothesis ca_000:float64,float64
[ 2022-12-08 12:25:51,760 ] 89 root - INFO - Hypothesis cb_000:float64,float64
[ 2022-12-08 12:25:51,765 ] 89 root - INFO - Hypothesis cc_000:float64,float64
[ 2022-12-08 12:25:51,771 ] 89 root - INFO - Hypothesis cd_000:float64,float64
[ 2022-12-08 12:25:51,786 ] 89 root - INFO - Hypothesis ce_000:float64,float64
[ 2022-12-08 12:25:51,792 ] 89 root - INFO - Hypothesis cf_000:float64,float64
[ 2022-12-08 12:25:51,796 ] 89 root - INFO - Hypothesis cg_000:float64,float64
[ 2022-12-08 12:25:51,800 ] 89 root - INFO - Hypothesis ch_000:float64,float64
[ 2022-12-08 12:25:51,805 ] 89 root - INFO - Hypothesis ci_000:float64,float64
[ 2022-12-08 12:25:51,813 ] 89 root - INFO - Hypothesis cj_000:float64,float64
[ 2022-12-08 12:25:51,829 ] 89 root - INFO - Hypothesis ck_000:float64,float64
[ 2022-12-08 12:25:51,836 ] 89 root - INFO - Hypothesis cl_000:float64,float64
[ 2022-12-08 12:25:51,840 ] 89 root - INFO - Hypothesis cm_000:float64,float64
[ 2022-12-08 12:25:51,845 ] 89 root - INFO - Hypothesis cn_000:float64,float64
[ 2022-12-08 12:25:51,861 ] 89 root - INFO - Hypothesis cn_001:float64,float64
[ 2022-12-08 12:25:51,865 ] 89 root - INFO - Hypothesis cn_002:float64,float64
[ 2022-12-08 12:25:51,870 ] 89 root - INFO - Hypothesis cn_003:float64,float64
[ 2022-12-08 12:25:51,876 ] 89 root - INFO - Hypothesis cn_004:float64,float64
[ 2022-12-08 12:25:51,883 ] 89 root - INFO - Hypothesis cn_005:float64,float64
[ 2022-12-08 12:25:51,889 ] 89 root - INFO - Hypothesis cn_006:float64,float64
[ 2022-12-08 12:25:51,896 ] 89 root - INFO - Hypothesis cn_007:float64,float64
[ 2022-12-08 12:25:51,902 ] 89 root - INFO - Hypothesis cn_008:float64,float64
[ 2022-12-08 12:25:51,907 ] 89 root - INFO - Hypothesis cn_009:float64,float64
[ 2022-12-08 12:25:51,912 ] 89 root - INFO - Hypothesis co_000:float64,float64
[ 2022-12-08 12:25:51,916 ] 89 root - INFO - Hypothesis cp_000:float64,float64
[ 2022-12-08 12:25:51,921 ] 89 root - INFO - Hypothesis cq_000:float64,float64
[ 2022-12-08 12:25:51,927 ] 89 root - INFO - Hypothesis cs_000:float64,float64
[ 2022-12-08 12:25:51,933 ] 89 root - INFO - Hypothesis cs_001:float64,float64
[ 2022-12-08 12:25:51,938 ] 89 root - INFO - Hypothesis cs_002:float64,float64
[ 2022-12-08 12:25:51,943 ] 89 root - INFO - Hypothesis cs_003:float64,float64
[ 2022-12-08 12:25:51,949 ] 89 root - INFO - Hypothesis cs_004:float64,float64
[ 2022-12-08 12:25:52,037 ] 89 root - INFO - Hypothesis cs_005:float64,float64
[ 2022-12-08 12:25:52,044 ] 89 root - INFO - Hypothesis cs_006:float64,float64
[ 2022-12-08 12:25:52,049 ] 89 root - INFO - Hypothesis cs_007:float64,float64
[ 2022-12-08 12:25:52,055 ] 89 root - INFO - Hypothesis cs_008:float64,float64
[ 2022-12-08 12:25:52,060 ] 89 root - INFO - Hypothesis cs_009:float64,float64
[ 2022-12-08 12:25:52,074 ] 89 root - INFO - Hypothesis ct_000:float64,float64
[ 2022-12-08 12:25:52,079 ] 89 root - INFO - Hypothesis cu_000:float64,float64
[ 2022-12-08 12:25:52,084 ] 89 root - INFO - Hypothesis cv_000:float64,float64
[ 2022-12-08 12:25:52,089 ] 89 root - INFO - Hypothesis cx_000:float64,float64
[ 2022-12-08 12:25:52,095 ] 89 root - INFO - Hypothesis cy_000:float64,float64
[ 2022-12-08 12:25:52,098 ] 89 root - INFO - Hypothesis cz_000:float64,float64
[ 2022-12-08 12:25:52,103 ] 89 root - INFO - Hypothesis da_000:float64,float64
[ 2022-12-08 12:25:52,106 ] 89 root - INFO - Hypothesis db_000:float64,float64
[ 2022-12-08 12:25:52,110 ] 89 root - INFO - Hypothesis dc_000:float64,float64
[ 2022-12-08 12:25:52,115 ] 89 root - INFO - Hypothesis dd_000:float64,float64
[ 2022-12-08 12:25:52,121 ] 89 root - INFO - Hypothesis de_000:float64,float64
[ 2022-12-08 12:25:52,126 ] 89 root - INFO - Hypothesis df_000:float64,float64
[ 2022-12-08 12:25:52,140 ] 89 root - INFO - Hypothesis dg_000:float64,float64
[ 2022-12-08 12:25:52,143 ] 89 root - INFO - Hypothesis dh_000:float64,float64
[ 2022-12-08 12:25:52,147 ] 89 root - INFO - Hypothesis di_000:float64,float64
[ 2022-12-08 12:25:52,151 ] 89 root - INFO - Hypothesis dj_000:float64,float64
[ 2022-12-08 12:25:52,154 ] 89 root - INFO - Hypothesis dk_000:float64,float64
[ 2022-12-08 12:25:52,157 ] 89 root - INFO - Hypothesis dl_000:float64,float64
[ 2022-12-08 12:25:52,172 ] 89 root - INFO - Hypothesis dm_000:float64,float64
[ 2022-12-08 12:25:52,175 ] 89 root - INFO - Hypothesis dn_000:float64,float64
[ 2022-12-08 12:25:52,181 ] 89 root - INFO - Hypothesis do_000:float64,float64
[ 2022-12-08 12:25:52,187 ] 89 root - INFO - Hypothesis dp_000:float64,float64
[ 2022-12-08 12:25:52,192 ] 89 root - INFO - Hypothesis dq_000:float64,float64
[ 2022-12-08 12:25:52,196 ] 89 root - INFO - Hypothesis dr_000:float64,float64
[ 2022-12-08 12:25:52,200 ] 89 root - INFO - Hypothesis ds_000:float64,float64
[ 2022-12-08 12:25:52,207 ] 89 root - INFO - Hypothesis dt_000:float64,float64
[ 2022-12-08 12:25:52,213 ] 89 root - INFO - Hypothesis du_000:float64,float64
[ 2022-12-08 12:25:52,219 ] 89 root - INFO - Hypothesis dv_000:float64,float64
[ 2022-12-08 12:25:52,225 ] 89 root - INFO - Hypothesis dx_000:float64,float64
[ 2022-12-08 12:25:52,229 ] 89 root - INFO - Hypothesis dy_000:float64,float64
[ 2022-12-08 12:25:52,234 ] 89 root - INFO - Hypothesis dz_000:float64,float64
[ 2022-12-08 12:25:52,249 ] 89 root - INFO - Hypothesis ea_000:float64,float64
[ 2022-12-08 12:25:52,263 ] 89 root - INFO - Hypothesis eb_000:float64,float64
[ 2022-12-08 12:25:52,268 ] 89 root - INFO - Hypothesis ec_00:float64,float64
[ 2022-12-08 12:25:52,274 ] 89 root - INFO - Hypothesis ed_000:float64,float64
[ 2022-12-08 12:25:52,279 ] 89 root - INFO - Hypothesis ee_000:float64,float64
[ 2022-12-08 12:25:52,285 ] 89 root - INFO - Hypothesis ee_001:float64,float64
[ 2022-12-08 12:25:52,290 ] 89 root - INFO - Hypothesis ee_002:float64,float64
[ 2022-12-08 12:25:52,296 ] 89 root - INFO - Hypothesis ee_003:float64,float64
[ 2022-12-08 12:25:52,302 ] 89 root - INFO - Hypothesis ee_004:float64,float64
[ 2022-12-08 12:25:52,308 ] 89 root - INFO - Hypothesis ee_005:float64,float64
[ 2022-12-08 12:25:52,313 ] 89 root - INFO - Hypothesis ee_006:float64,float64
[ 2022-12-08 12:25:52,319 ] 89 root - INFO - Hypothesis ee_007:float64,float64
[ 2022-12-08 12:25:52,325 ] 89 root - INFO - Hypothesis ee_008:float64,float64
[ 2022-12-08 12:25:52,330 ] 89 root - INFO - Hypothesis ee_009:float64,float64
[ 2022-12-08 12:25:52,334 ] 89 root - INFO - Hypothesis ef_000:float64,float64
[ 2022-12-08 12:25:52,348 ] 89 root - INFO - Hypothesis eg_000:float64,float64
[ 2022-12-08 12:25:52,362 ] 144 root - INFO - As all column are available in train df hence detecting data_drift
[ 2022-12-08 12:25:52,362 ] 89 root - INFO - Hypothesis class:object,object
[ 2022-12-08 12:25:52,380 ] 89 root - INFO - Hypothesis aa_000:float64,float64
[ 2022-12-08 12:25:52,382 ] 89 root - INFO - Hypothesis ac_000:float64,float64
[ 2022-12-08 12:25:52,384 ] 89 root - INFO - Hypothesis ad_000:float64,float64
[ 2022-12-08 12:25:52,386 ] 89 root - INFO - Hypothesis ae_000:float64,float64
[ 2022-12-08 12:25:52,387 ] 89 root - INFO - Hypothesis af_000:float64,float64
[ 2022-12-08 12:25:52,388 ] 89 root - INFO - Hypothesis ag_000:float64,float64
[ 2022-12-08 12:25:52,389 ] 89 root - INFO - Hypothesis ag_001:float64,float64
[ 2022-12-08 12:25:52,390 ] 89 root - INFO - Hypothesis ag_002:float64,float64
[ 2022-12-08 12:25:52,391 ] 89 root - INFO - Hypothesis ag_003:float64,float64
[ 2022-12-08 12:25:52,392 ] 89 root - INFO - Hypothesis ag_004:float64,float64
[ 2022-12-08 12:25:52,394 ] 89 root - INFO - Hypothesis ag_005:float64,float64
[ 2022-12-08 12:25:52,396 ] 89 root - INFO - Hypothesis ag_006:float64,float64
[ 2022-12-08 12:25:52,398 ] 89 root - INFO - Hypothesis ag_007:float64,float64
[ 2022-12-08 12:25:52,400 ] 89 root - INFO - Hypothesis ag_008:float64,float64
[ 2022-12-08 12:25:52,402 ] 89 root - INFO - Hypothesis ag_009:float64,float64
[ 2022-12-08 12:25:52,403 ] 89 root - INFO - Hypothesis ah_000:float64,float64
[ 2022-12-08 12:25:52,405 ] 89 root - INFO - Hypothesis ai_000:float64,float64
[ 2022-12-08 12:25:52,406 ] 89 root - INFO - Hypothesis aj_000:float64,float64
[ 2022-12-08 12:25:52,408 ] 89 root - INFO - Hypothesis ak_000:float64,float64
[ 2022-12-08 12:25:52,409 ] 89 root - INFO - Hypothesis al_000:float64,float64
[ 2022-12-08 12:25:52,410 ] 89 root - INFO - Hypothesis am_0:float64,float64
[ 2022-12-08 12:25:52,412 ] 89 root - INFO - Hypothesis an_000:float64,float64
[ 2022-12-08 12:25:52,414 ] 89 root - INFO - Hypothesis ao_000:float64,float64
[ 2022-12-08 12:25:52,416 ] 89 root - INFO - Hypothesis ap_000:float64,float64
[ 2022-12-08 12:25:52,418 ] 89 root - INFO - Hypothesis aq_000:float64,float64
[ 2022-12-08 12:25:52,420 ] 89 root - INFO - Hypothesis ar_000:float64,float64
[ 2022-12-08 12:25:52,421 ] 89 root - INFO - Hypothesis as_000:float64,float64
[ 2022-12-08 12:25:52,422 ] 89 root - INFO - Hypothesis at_000:float64,float64
[ 2022-12-08 12:25:52,423 ] 89 root - INFO - Hypothesis au_000:float64,float64
[ 2022-12-08 12:25:52,424 ] 89 root - INFO - Hypothesis av_000:float64,float64
[ 2022-12-08 12:25:52,426 ] 89 root - INFO - Hypothesis ax_000:float64,float64
[ 2022-12-08 12:25:52,427 ] 89 root - INFO - Hypothesis ay_000:float64,float64
[ 2022-12-08 12:25:52,428 ] 89 root - INFO - Hypothesis ay_001:float64,float64
[ 2022-12-08 12:25:52,429 ] 89 root - INFO - Hypothesis ay_002:float64,float64
[ 2022-12-08 12:25:52,430 ] 89 root - INFO - Hypothesis ay_003:float64,float64
[ 2022-12-08 12:25:52,431 ] 89 root - INFO - Hypothesis ay_004:float64,float64
[ 2022-12-08 12:25:52,432 ] 89 root - INFO - Hypothesis ay_005:float64,float64
[ 2022-12-08 12:25:52,434 ] 89 root - INFO - Hypothesis ay_006:float64,float64
[ 2022-12-08 12:25:52,435 ] 89 root - INFO - Hypothesis ay_007:float64,float64
[ 2022-12-08 12:25:52,437 ] 89 root - INFO - Hypothesis ay_008:float64,float64
[ 2022-12-08 12:25:52,439 ] 89 root - INFO - Hypothesis ay_009:float64,float64
[ 2022-12-08 12:25:52,440 ] 89 root - INFO - Hypothesis az_000:float64,float64
[ 2022-12-08 12:25:52,442 ] 89 root - INFO - Hypothesis az_001:float64,float64
[ 2022-12-08 12:25:52,444 ] 89 root - INFO - Hypothesis az_002:float64,float64
[ 2022-12-08 12:25:52,446 ] 89 root - INFO - Hypothesis az_003:float64,float64
[ 2022-12-08 12:25:52,448 ] 89 root - INFO - Hypothesis az_004:float64,float64
[ 2022-12-08 12:25:52,450 ] 89 root - INFO - Hypothesis az_005:float64,float64
[ 2022-12-08 12:25:52,452 ] 89 root - INFO - Hypothesis az_006:float64,float64
[ 2022-12-08 12:25:52,454 ] 89 root - INFO - Hypothesis az_007:float64,float64
[ 2022-12-08 12:25:52,456 ] 89 root - INFO - Hypothesis az_008:float64,float64
[ 2022-12-08 12:25:52,457 ] 89 root - INFO - Hypothesis az_009:float64,float64
[ 2022-12-08 12:25:52,458 ] 89 root - INFO - Hypothesis ba_000:float64,float64
[ 2022-12-08 12:25:52,460 ] 89 root - INFO - Hypothesis ba_001:float64,float64
[ 2022-12-08 12:25:52,462 ] 89 root - INFO - Hypothesis ba_002:float64,float64
[ 2022-12-08 12:25:52,464 ] 89 root - INFO - Hypothesis ba_003:float64,float64
[ 2022-12-08 12:25:52,466 ] 89 root - INFO - Hypothesis ba_004:float64,float64
[ 2022-12-08 12:25:52,468 ] 89 root - INFO - Hypothesis ba_005:float64,float64
[ 2022-12-08 12:25:52,470 ] 89 root - INFO - Hypothesis ba_006:float64,float64
[ 2022-12-08 12:25:52,472 ] 89 root - INFO - Hypothesis ba_007:float64,float64
[ 2022-12-08 12:25:52,474 ] 89 root - INFO - Hypothesis ba_008:float64,float64
[ 2022-12-08 12:25:52,475 ] 89 root - INFO - Hypothesis ba_009:float64,float64
[ 2022-12-08 12:25:52,477 ] 89 root - INFO - Hypothesis bb_000:float64,float64
[ 2022-12-08 12:25:52,479 ] 89 root - INFO - Hypothesis bc_000:float64,float64
[ 2022-12-08 12:25:52,481 ] 89 root - INFO - Hypothesis bd_000:float64,float64
[ 2022-12-08 12:25:52,482 ] 89 root - INFO - Hypothesis be_000:float64,float64
[ 2022-12-08 12:25:52,484 ] 89 root - INFO - Hypothesis bf_000:float64,float64
[ 2022-12-08 12:25:52,486 ] 89 root - INFO - Hypothesis bg_000:float64,float64
[ 2022-12-08 12:25:52,488 ] 89 root - INFO - Hypothesis bh_000:float64,float64
[ 2022-12-08 12:25:52,490 ] 89 root - INFO - Hypothesis bi_000:float64,float64
[ 2022-12-08 12:25:52,492 ] 89 root - INFO - Hypothesis bj_000:float64,float64
[ 2022-12-08 12:25:52,494 ] 89 root - INFO - Hypothesis bk_000:float64,float64
[ 2022-12-08 12:25:52,496 ] 89 root - INFO - Hypothesis bl_000:float64,float64
[ 2022-12-08 12:25:52,497 ] 89 root - INFO - Hypothesis bm_000:float64,float64
[ 2022-12-08 12:25:52,498 ] 89 root - INFO - Hypothesis bs_000:float64,float64
[ 2022-12-08 12:25:52,501 ] 89 root - INFO - Hypothesis bt_000:float64,float64
[ 2022-12-08 12:25:52,503 ] 89 root - INFO - Hypothesis bu_000:float64,float64
[ 2022-12-08 12:25:52,505 ] 89 root - INFO - Hypothesis bv_000:float64,float64
[ 2022-12-08 12:25:52,507 ] 89 root - INFO - Hypothesis bx_000:float64,float64
[ 2022-12-08 12:25:52,509 ] 89 root - INFO - Hypothesis by_000:float64,float64
[ 2022-12-08 12:25:52,511 ] 89 root - INFO - Hypothesis bz_000:float64,float64
[ 2022-12-08 12:25:52,513 ] 89 root - INFO - Hypothesis ca_000:float64,float64
[ 2022-12-08 12:25:52,515 ] 89 root - INFO - Hypothesis cb_000:float64,float64
[ 2022-12-08 12:25:52,517 ] 89 root - INFO - Hypothesis cc_000:float64,float64
[ 2022-12-08 12:25:52,519 ] 89 root - INFO - Hypothesis cd_000:float64,float64
[ 2022-12-08 12:25:52,520 ] 89 root - INFO - Hypothesis ce_000:float64,float64
[ 2022-12-08 12:25:52,522 ] 89 root - INFO - Hypothesis cf_000:float64,float64
[ 2022-12-08 12:25:52,523 ] 89 root - INFO - Hypothesis cg_000:float64,float64
[ 2022-12-08 12:25:52,525 ] 89 root - INFO - Hypothesis ch_000:float64,float64
[ 2022-12-08 12:25:52,526 ] 89 root - INFO - Hypothesis ci_000:float64,float64
[ 2022-12-08 12:25:52,528 ] 89 root - INFO - Hypothesis cj_000:float64,float64
[ 2022-12-08 12:25:52,529 ] 89 root - INFO - Hypothesis ck_000:float64,float64
[ 2022-12-08 12:25:52,531 ] 89 root - INFO - Hypothesis cl_000:float64,float64
[ 2022-12-08 12:25:52,532 ] 89 root - INFO - Hypothesis cm_000:float64,float64
[ 2022-12-08 12:25:52,534 ] 89 root - INFO - Hypothesis cn_000:float64,float64
[ 2022-12-08 12:25:52,535 ] 89 root - INFO - Hypothesis cn_001:float64,float64
[ 2022-12-08 12:25:52,536 ] 89 root - INFO - Hypothesis cn_002:float64,float64
[ 2022-12-08 12:25:52,537 ] 89 root - INFO - Hypothesis cn_003:float64,float64
[ 2022-12-08 12:25:52,540 ] 89 root - INFO - Hypothesis cn_004:float64,float64
[ 2022-12-08 12:25:52,542 ] 89 root - INFO - Hypothesis cn_005:float64,float64
[ 2022-12-08 12:25:52,544 ] 89 root - INFO - Hypothesis cn_006:float64,float64
[ 2022-12-08 12:25:52,546 ] 89 root - INFO - Hypothesis cn_007:float64,float64
[ 2022-12-08 12:25:52,548 ] 89 root - INFO - Hypothesis cn_008:float64,float64
[ 2022-12-08 12:25:52,549 ] 89 root - INFO - Hypothesis cn_009:float64,float64
[ 2022-12-08 12:25:52,551 ] 89 root - INFO - Hypothesis co_000:float64,float64
[ 2022-12-08 12:25:52,553 ] 89 root - INFO - Hypothesis cp_000:float64,float64
[ 2022-12-08 12:25:52,554 ] 89 root - INFO - Hypothesis cq_000:float64,float64
[ 2022-12-08 12:25:52,556 ] 89 root - INFO - Hypothesis cs_000:float64,float64
[ 2022-12-08 12:25:52,560 ] 89 root - INFO - Hypothesis cs_001:float64,float64
[ 2022-12-08 12:25:52,562 ] 89 root - INFO - Hypothesis cs_002:float64,float64
[ 2022-12-08 12:25:52,564 ] 89 root - INFO - Hypothesis cs_003:float64,float64
[ 2022-12-08 12:25:52,566 ] 89 root - INFO - Hypothesis cs_004:float64,float64
[ 2022-12-08 12:25:52,568 ] 89 root - INFO - Hypothesis cs_005:float64,float64
[ 2022-12-08 12:25:52,570 ] 89 root - INFO - Hypothesis cs_006:float64,float64
[ 2022-12-08 12:25:52,572 ] 89 root - INFO - Hypothesis cs_007:float64,float64
[ 2022-12-08 12:25:52,575 ] 89 root - INFO - Hypothesis cs_008:float64,float64
[ 2022-12-08 12:25:52,576 ] 89 root - INFO - Hypothesis cs_009:float64,float64
[ 2022-12-08 12:25:52,577 ] 89 root - INFO - Hypothesis ct_000:float64,float64
[ 2022-12-08 12:25:52,579 ] 89 root - INFO - Hypothesis cu_000:float64,float64
[ 2022-12-08 12:25:52,581 ] 89 root - INFO - Hypothesis cv_000:float64,float64
[ 2022-12-08 12:25:52,583 ] 89 root - INFO - Hypothesis cx_000:float64,float64
[ 2022-12-08 12:25:52,584 ] 89 root - INFO - Hypothesis cy_000:float64,float64
[ 2022-12-08 12:25:52,585 ] 89 root - INFO - Hypothesis cz_000:float64,float64
[ 2022-12-08 12:25:52,587 ] 89 root - INFO - Hypothesis da_000:float64,float64
[ 2022-12-08 12:25:52,588 ] 89 root - INFO - Hypothesis db_000:float64,float64
[ 2022-12-08 12:25:52,589 ] 89 root - INFO - Hypothesis dc_000:float64,float64
[ 2022-12-08 12:25:52,591 ] 89 root - INFO - Hypothesis dd_000:float64,float64
[ 2022-12-08 12:25:52,593 ] 89 root - INFO - Hypothesis de_000:float64,float64
[ 2022-12-08 12:25:52,595 ] 89 root - INFO - Hypothesis df_000:float64,float64
[ 2022-12-08 12:25:52,596 ] 89 root - INFO - Hypothesis dg_000:float64,float64
[ 2022-12-08 12:25:52,597 ] 89 root - INFO - Hypothesis dh_000:float64,float64
[ 2022-12-08 12:25:52,599 ] 89 root - INFO - Hypothesis di_000:float64,float64
[ 2022-12-08 12:25:52,600 ] 89 root - INFO - Hypothesis dj_000:float64,float64
[ 2022-12-08 12:25:52,601 ] 89 root - INFO - Hypothesis dk_000:float64,float64
[ 2022-12-08 12:25:52,602 ] 89 root - INFO - Hypothesis dl_000:float64,float64
[ 2022-12-08 12:25:52,603 ] 89 root - INFO - Hypothesis dm_000:float64,float64
[ 2022-12-08 12:25:52,604 ] 89 root - INFO - Hypothesis dn_000:float64,float64
[ 2022-12-08 12:25:52,606 ] 89 root - INFO - Hypothesis do_000:float64,float64
[ 2022-12-08 12:25:52,608 ] 89 root - INFO - Hypothesis dp_000:float64,float64
[ 2022-12-08 12:25:52,614 ] 89 root - INFO - Hypothesis dq_000:float64,float64
[ 2022-12-08 12:25:52,615 ] 89 root - INFO - Hypothesis dr_000:float64,float64
[ 2022-12-08 12:25:52,617 ] 89 root - INFO - Hypothesis ds_000:float64,float64
[ 2022-12-08 12:25:52,619 ] 89 root - INFO - Hypothesis dt_000:float64,float64
[ 2022-12-08 12:25:52,621 ] 89 root - INFO - Hypothesis du_000:float64,float64
[ 2022-12-08 12:25:52,623 ] 89 root - INFO - Hypothesis dv_000:float64,float64
[ 2022-12-08 12:25:52,625 ] 89 root - INFO - Hypothesis dx_000:float64,float64
[ 2022-12-08 12:25:52,626 ] 89 root - INFO - Hypothesis dy_000:float64,float64
[ 2022-12-08 12:25:52,628 ] 89 root - INFO - Hypothesis dz_000:float64,float64
[ 2022-12-08 12:25:52,629 ] 89 root - INFO - Hypothesis ea_000:float64,float64
[ 2022-12-08 12:25:52,630 ] 89 root - INFO - Hypothesis eb_000:float64,float64
[ 2022-12-08 12:25:52,631 ] 89 root - INFO - Hypothesis ec_00:float64,float64
[ 2022-12-08 12:25:52,633 ] 89 root - INFO - Hypothesis ed_000:float64,float64
[ 2022-12-08 12:25:52,635 ] 89 root - INFO - Hypothesis ee_000:float64,float64
[ 2022-12-08 12:25:52,637 ] 89 root - INFO - Hypothesis ee_001:float64,float64
[ 2022-12-08 12:25:52,639 ] 89 root - INFO - Hypothesis ee_002:float64,float64
[ 2022-12-08 12:25:52,641 ] 89 root - INFO - Hypothesis ee_003:float64,float64
[ 2022-12-08 12:25:52,643 ] 89 root - INFO - Hypothesis ee_004:float64,float64
[ 2022-12-08 12:25:52,645 ] 89 root - INFO - Hypothesis ee_005:float64,float64
[ 2022-12-08 12:25:52,647 ] 89 root - INFO - Hypothesis ee_006:float64,float64
[ 2022-12-08 12:25:52,649 ] 89 root - INFO - Hypothesis ee_007:float64,float64
[ 2022-12-08 12:25:52,651 ] 89 root - INFO - Hypothesis ee_008:float64,float64
[ 2022-12-08 12:25:52,653 ] 89 root - INFO - Hypothesis ee_009:float64,float64
[ 2022-12-08 12:25:52,655 ] 89 root - INFO - Hypothesis ef_000:float64,float64
[ 2022-12-08 12:25:52,656 ] 89 root - INFO - Hypothesis eg_000:float64,float64
[ 2022-12-08 12:25:52,657 ] 147 root - INFO - Write report in yaml file
[ 2022-12-08 12:25:52,736 ] 151 root - INFO - Data_validation_artifact :{data_validation_artifact}
