[ 2022-12-09 11:53:35,138 ] 21 root - INFO - Exporting collection data as pandas dataframe
[ 2022-12-09 11:53:35,138 ] 24 root - INFO - reading data from database:aps and collection:sensor
[ 2022-12-09 11:53:38,736 ] 26 root - INFO - found columns:Index(['_id', 'class', 'aa_000', 'ab_000', 'ac_000', 'ad_000', 'ae_000',
       'af_000', 'ag_000', 'ag_001',
       ...
       'ee_002', 'ee_003', 'ee_004', 'ee_005', 'ee_006', 'ee_007', 'ee_008',
       'ee_009', 'ef_000', 'eg_000'],
      dtype='object', length=172)
[ 2022-12-09 11:53:38,737 ] 28 root - INFO - dropping columns: _id
[ 2022-12-09 11:53:38,920 ] 30 root - INFO - columns and rows in df is (36188, 171)
[ 2022-12-09 11:53:38,921 ] 28 root - INFO - Save data in feature store
[ 2022-12-09 11:53:39,448 ] 34 root - INFO - Create feature store folder if not available
[ 2022-12-09 11:53:39,449 ] 38 root - INFO - Save df to feature store folder
[ 2022-12-09 11:53:41,785 ] 43 root - INFO - split dataset into train and test set
[ 2022-12-09 11:53:42,252 ] 47 root - INFO - create dataset directory folder if not available
[ 2022-12-09 11:53:42,253 ] 52 root - INFO - Save df to feature store folder
[ 2022-12-09 11:53:44,309 ] 64 root - INFO - Data ingestion artifact: DataIngestionArtifact(feature_store_file_path='/config/workspace/artifact/12092022__115335/data_ingestion/feature_store/sensor.csv', train_file_path='/config/workspace/artifact/12092022__115335/data_ingestion/dataset/train.csv', test_file_path='/config/workspace/artifact/12092022__115335/data_ingestion/dataset/test.csv')
[ 2022-12-09 11:53:44,672 ] 19 root - INFO - <<<<<<<<<<<<<<<<<<<<<<<<<<<<<<<<<<<<<<<< Data Validation >>>>>>>>>>>>>>>>>>>>>>>>>>>>>>>>>>>>>>>>
[ 2022-12-09 11:53:44,673 ] 115 root - INFO - reading base dataframe
[ 2022-12-09 11:53:46,271 ] 118 root - INFO - replaced na values with np.nan in base df
[ 2022-12-09 11:53:46,271 ] 120 root - INFO - dropping null values columns from base dataframe
[ 2022-12-09 11:53:47,223 ] 42 root - INFO - selecting columns names containing null values above 0.7
[ 2022-12-09 11:53:47,224 ] 45 root - INFO - columns to drop: ['ab_000', 'bn_000', 'bo_000', 'bp_000', 'bq_000', 'br_000', 'cr_000']
[ 2022-12-09 11:53:47,311 ] 123 root - INFO - Reading train dataframe
[ 2022-12-09 11:53:47,677 ] 125 root - INFO - Reading test dataframe
[ 2022-12-09 11:53:47,775 ] 128 root - INFO - dropping null values columns from train dataframe
[ 2022-12-09 11:53:47,793 ] 42 root - INFO - selecting columns names containing null values above 0.7
[ 2022-12-09 11:53:47,794 ] 45 root - INFO - columns to drop: ['ab_000', 'bn_000', 'bo_000', 'bp_000', 'bq_000', 'br_000', 'cr_000']
[ 2022-12-09 11:53:47,855 ] 130 root - INFO - dropping null values columns from test dataframe
[ 2022-12-09 11:53:47,859 ] 42 root - INFO - selecting columns names containing null values above 0.7
[ 2022-12-09 11:53:47,860 ] 45 root - INFO - columns to drop: ['ab_000', 'bn_000', 'bo_000', 'bp_000', 'bq_000', 'br_000', 'cr_000']
[ 2022-12-09 11:53:48,371 ] 142 root - INFO - As all column are available in train df hence detecting data_drift
[ 2022-12-09 11:53:48,371 ] 90 root - INFO - Hypothesis class:object,object
[ 2022-12-09 11:53:48,440 ] 90 root - INFO - Hypothesis aa_000:float64,float64
[ 2022-12-09 11:53:48,446 ] 90 root - INFO - Hypothesis ac_000:float64,float64
[ 2022-12-09 11:53:48,450 ] 90 root - INFO - Hypothesis ad_000:float64,float64
[ 2022-12-09 11:53:48,455 ] 90 root - INFO - Hypothesis ae_000:float64,float64
[ 2022-12-09 11:53:48,458 ] 90 root - INFO - Hypothesis af_000:float64,float64
[ 2022-12-09 11:53:48,461 ] 90 root - INFO - Hypothesis ag_000:float64,float64
[ 2022-12-09 11:53:48,475 ] 90 root - INFO - Hypothesis ag_001:float64,float64
[ 2022-12-09 11:53:48,478 ] 90 root - INFO - Hypothesis ag_002:float64,float64
[ 2022-12-09 11:53:48,482 ] 90 root - INFO - Hypothesis ag_003:float64,float64
[ 2022-12-09 11:53:48,486 ] 90 root - INFO - Hypothesis ag_004:float64,float64
[ 2022-12-09 11:53:48,493 ] 90 root - INFO - Hypothesis ag_005:float64,float64
[ 2022-12-09 11:53:48,501 ] 90 root - INFO - Hypothesis ag_006:float64,float64
[ 2022-12-09 11:53:48,508 ] 90 root - INFO - Hypothesis ag_007:float64,float64
[ 2022-12-09 11:53:48,513 ] 90 root - INFO - Hypothesis ag_008:float64,float64
[ 2022-12-09 11:53:48,518 ] 90 root - INFO - Hypothesis ag_009:float64,float64
[ 2022-12-09 11:53:48,522 ] 90 root - INFO - Hypothesis ah_000:float64,float64
[ 2022-12-09 11:53:48,529 ] 90 root - INFO - Hypothesis ai_000:float64,float64
[ 2022-12-09 11:53:48,532 ] 90 root - INFO - Hypothesis aj_000:float64,float64
[ 2022-12-09 11:53:48,535 ] 90 root - INFO - Hypothesis ak_000:float64,float64
[ 2022-12-09 11:53:48,538 ] 90 root - INFO - Hypothesis al_000:float64,float64
[ 2022-12-09 11:53:48,543 ] 90 root - INFO - Hypothesis am_0:float64,float64
[ 2022-12-09 11:53:48,547 ] 90 root - INFO - Hypothesis an_000:float64,float64
[ 2022-12-09 11:53:48,553 ] 90 root - INFO - Hypothesis ao_000:float64,float64
[ 2022-12-09 11:53:48,559 ] 90 root - INFO - Hypothesis ap_000:float64,float64
[ 2022-12-09 11:53:48,565 ] 90 root - INFO - Hypothesis aq_000:float64,float64
[ 2022-12-09 11:53:48,571 ] 90 root - INFO - Hypothesis ar_000:float64,float64
[ 2022-12-09 11:53:48,574 ] 90 root - INFO - Hypothesis as_000:float64,float64
[ 2022-12-09 11:53:48,588 ] 90 root - INFO - Hypothesis at_000:float64,float64
[ 2022-12-09 11:53:48,591 ] 90 root - INFO - Hypothesis au_000:float64,float64
[ 2022-12-09 11:53:48,594 ] 90 root - INFO - Hypothesis av_000:float64,float64
[ 2022-12-09 11:53:48,609 ] 90 root - INFO - Hypothesis ax_000:float64,float64
[ 2022-12-09 11:53:48,613 ] 90 root - INFO - Hypothesis ay_000:float64,float64
[ 2022-12-09 11:53:48,628 ] 90 root - INFO - Hypothesis ay_001:float64,float64
[ 2022-12-09 11:53:48,641 ] 90 root - INFO - Hypothesis ay_002:float64,float64
[ 2022-12-09 11:53:48,655 ] 90 root - INFO - Hypothesis ay_003:float64,float64
[ 2022-12-09 11:53:48,670 ] 90 root - INFO - Hypothesis ay_004:float64,float64
[ 2022-12-09 11:53:48,685 ] 90 root - INFO - Hypothesis ay_005:float64,float64
[ 2022-12-09 11:53:48,689 ] 90 root - INFO - Hypothesis ay_006:float64,float64
[ 2022-12-09 11:53:48,694 ] 90 root - INFO - Hypothesis ay_007:float64,float64
[ 2022-12-09 11:53:48,700 ] 90 root - INFO - Hypothesis ay_008:float64,float64
[ 2022-12-09 11:53:48,706 ] 90 root - INFO - Hypothesis ay_009:float64,float64
[ 2022-12-09 11:53:48,720 ] 90 root - INFO - Hypothesis az_000:float64,float64
[ 2022-12-09 11:53:48,726 ] 90 root - INFO - Hypothesis az_001:float64,float64
[ 2022-12-09 11:53:48,732 ] 90 root - INFO - Hypothesis az_002:float64,float64
[ 2022-12-09 11:53:48,737 ] 90 root - INFO - Hypothesis az_003:float64,float64
[ 2022-12-09 11:53:48,743 ] 90 root - INFO - Hypothesis az_004:float64,float64
[ 2022-12-09 11:53:48,759 ] 90 root - INFO - Hypothesis az_005:float64,float64
[ 2022-12-09 11:53:48,765 ] 90 root - INFO - Hypothesis az_006:float64,float64
[ 2022-12-09 11:53:48,770 ] 90 root - INFO - Hypothesis az_007:float64,float64
[ 2022-12-09 11:53:48,774 ] 90 root - INFO - Hypothesis az_008:float64,float64
[ 2022-12-09 11:53:48,777 ] 90 root - INFO - Hypothesis az_009:float64,float64
[ 2022-12-09 11:53:48,791 ] 90 root - INFO - Hypothesis ba_000:float64,float64
[ 2022-12-09 11:53:48,797 ] 90 root - INFO - Hypothesis ba_001:float64,float64
[ 2022-12-09 11:53:48,803 ] 90 root - INFO - Hypothesis ba_002:float64,float64
[ 2022-12-09 11:53:48,809 ] 90 root - INFO - Hypothesis ba_003:float64,float64
[ 2022-12-09 11:53:48,815 ] 90 root - INFO - Hypothesis ba_004:float64,float64
[ 2022-12-09 11:53:48,820 ] 90 root - INFO - Hypothesis ba_005:float64,float64
[ 2022-12-09 11:53:48,826 ] 90 root - INFO - Hypothesis ba_006:float64,float64
[ 2022-12-09 11:53:48,832 ] 90 root - INFO - Hypothesis ba_007:float64,float64
[ 2022-12-09 11:53:48,837 ] 90 root - INFO - Hypothesis ba_008:float64,float64
[ 2022-12-09 11:53:48,842 ] 90 root - INFO - Hypothesis ba_009:float64,float64
[ 2022-12-09 11:53:48,846 ] 90 root - INFO - Hypothesis bb_000:float64,float64
[ 2022-12-09 11:53:48,852 ] 90 root - INFO - Hypothesis bc_000:float64,float64
[ 2022-12-09 11:53:48,856 ] 90 root - INFO - Hypothesis bd_000:float64,float64
[ 2022-12-09 11:53:48,861 ] 90 root - INFO - Hypothesis be_000:float64,float64
[ 2022-12-09 11:53:48,866 ] 90 root - INFO - Hypothesis bf_000:float64,float64
[ 2022-12-09 11:53:48,870 ] 90 root - INFO - Hypothesis bg_000:float64,float64
[ 2022-12-09 11:53:48,876 ] 90 root - INFO - Hypothesis bh_000:float64,float64
[ 2022-12-09 11:53:48,882 ] 90 root - INFO - Hypothesis bi_000:float64,float64
[ 2022-12-09 11:53:48,888 ] 90 root - INFO - Hypothesis bj_000:float64,float64
[ 2022-12-09 11:53:48,894 ] 90 root - INFO - Hypothesis bk_000:float64,float64
[ 2022-12-09 11:53:48,899 ] 90 root - INFO - Hypothesis bl_000:float64,float64
[ 2022-12-09 11:53:48,904 ] 90 root - INFO - Hypothesis bm_000:float64,float64
[ 2022-12-09 11:53:48,907 ] 90 root - INFO - Hypothesis bs_000:float64,float64
[ 2022-12-09 11:53:48,914 ] 90 root - INFO - Hypothesis bt_000:float64,float64
[ 2022-12-09 11:53:48,920 ] 90 root - INFO - Hypothesis bu_000:float64,float64
[ 2022-12-09 11:53:48,926 ] 90 root - INFO - Hypothesis bv_000:float64,float64
[ 2022-12-09 11:53:48,932 ] 90 root - INFO - Hypothesis bx_000:float64,float64
[ 2022-12-09 11:53:48,938 ] 90 root - INFO - Hypothesis by_000:float64,float64
[ 2022-12-09 11:53:48,944 ] 90 root - INFO - Hypothesis bz_000:float64,float64
[ 2022-12-09 11:53:48,949 ] 90 root - INFO - Hypothesis ca_000:float64,float64
[ 2022-12-09 11:53:48,955 ] 90 root - INFO - Hypothesis cb_000:float64,float64
[ 2022-12-09 11:53:48,961 ] 90 root - INFO - Hypothesis cc_000:float64,float64
[ 2022-12-09 11:53:48,967 ] 90 root - INFO - Hypothesis cd_000:float64,float64
[ 2022-12-09 11:53:48,970 ] 90 root - INFO - Hypothesis ce_000:float64,float64
[ 2022-12-09 11:53:48,975 ] 90 root - INFO - Hypothesis cf_000:float64,float64
[ 2022-12-09 11:53:48,990 ] 90 root - INFO - Hypothesis cg_000:float64,float64
[ 2022-12-09 11:53:48,995 ] 90 root - INFO - Hypothesis ch_000:float64,float64
[ 2022-12-09 11:53:49,009 ] 90 root - INFO - Hypothesis ci_000:float64,float64
[ 2022-12-09 11:53:49,015 ] 90 root - INFO - Hypothesis cj_000:float64,float64
[ 2022-12-09 11:53:49,029 ] 90 root - INFO - Hypothesis ck_000:float64,float64
[ 2022-12-09 11:53:49,035 ] 90 root - INFO - Hypothesis cl_000:float64,float64
[ 2022-12-09 11:53:49,038 ] 90 root - INFO - Hypothesis cm_000:float64,float64
[ 2022-12-09 11:53:49,042 ] 90 root - INFO - Hypothesis cn_000:float64,float64
[ 2022-12-09 11:53:49,045 ] 90 root - INFO - Hypothesis cn_001:float64,float64
[ 2022-12-09 11:53:49,049 ] 90 root - INFO - Hypothesis cn_002:float64,float64
[ 2022-12-09 11:53:49,053 ] 90 root - INFO - Hypothesis cn_003:float64,float64
[ 2022-12-09 11:53:49,059 ] 90 root - INFO - Hypothesis cn_004:float64,float64
[ 2022-12-09 11:53:49,065 ] 90 root - INFO - Hypothesis cn_005:float64,float64
[ 2022-12-09 11:53:49,071 ] 90 root - INFO - Hypothesis cn_006:float64,float64
[ 2022-12-09 11:53:49,077 ] 90 root - INFO - Hypothesis cn_007:float64,float64
[ 2022-12-09 11:53:49,083 ] 90 root - INFO - Hypothesis cn_008:float64,float64
[ 2022-12-09 11:53:49,088 ] 90 root - INFO - Hypothesis cn_009:float64,float64
[ 2022-12-09 11:53:49,092 ] 90 root - INFO - Hypothesis co_000:float64,float64
[ 2022-12-09 11:53:49,096 ] 90 root - INFO - Hypothesis cp_000:float64,float64
[ 2022-12-09 11:53:49,101 ] 90 root - INFO - Hypothesis cq_000:float64,float64
[ 2022-12-09 11:53:49,107 ] 90 root - INFO - Hypothesis cs_000:float64,float64
[ 2022-12-09 11:53:49,113 ] 90 root - INFO - Hypothesis cs_001:float64,float64
[ 2022-12-09 11:53:49,118 ] 90 root - INFO - Hypothesis cs_002:float64,float64
[ 2022-12-09 11:53:49,123 ] 90 root - INFO - Hypothesis cs_003:float64,float64
[ 2022-12-09 11:53:49,129 ] 90 root - INFO - Hypothesis cs_004:float64,float64
[ 2022-12-09 11:53:49,135 ] 90 root - INFO - Hypothesis cs_005:float64,float64
[ 2022-12-09 11:53:49,141 ] 90 root - INFO - Hypothesis cs_006:float64,float64
[ 2022-12-09 11:53:49,147 ] 90 root - INFO - Hypothesis cs_007:float64,float64
[ 2022-12-09 11:53:49,153 ] 90 root - INFO - Hypothesis cs_008:float64,float64
[ 2022-12-09 11:53:49,157 ] 90 root - INFO - Hypothesis cs_009:float64,float64
[ 2022-12-09 11:53:49,171 ] 90 root - INFO - Hypothesis ct_000:float64,float64
[ 2022-12-09 11:53:49,176 ] 90 root - INFO - Hypothesis cu_000:float64,float64
[ 2022-12-09 11:53:49,181 ] 90 root - INFO - Hypothesis cv_000:float64,float64
[ 2022-12-09 11:53:49,186 ] 90 root - INFO - Hypothesis cx_000:float64,float64
[ 2022-12-09 11:53:49,191 ] 90 root - INFO - Hypothesis cy_000:float64,float64
[ 2022-12-09 11:53:49,195 ] 90 root - INFO - Hypothesis cz_000:float64,float64
[ 2022-12-09 11:53:49,199 ] 90 root - INFO - Hypothesis da_000:float64,float64
[ 2022-12-09 11:53:49,202 ] 90 root - INFO - Hypothesis db_000:float64,float64
[ 2022-12-09 11:53:49,206 ] 90 root - INFO - Hypothesis dc_000:float64,float64
[ 2022-12-09 11:53:49,211 ] 90 root - INFO - Hypothesis dd_000:float64,float64
[ 2022-12-09 11:53:49,217 ] 90 root - INFO - Hypothesis de_000:float64,float64
[ 2022-12-09 11:53:49,222 ] 90 root - INFO - Hypothesis df_000:float64,float64
[ 2022-12-09 11:53:49,225 ] 90 root - INFO - Hypothesis dg_000:float64,float64
[ 2022-12-09 11:53:49,228 ] 90 root - INFO - Hypothesis dh_000:float64,float64
[ 2022-12-09 11:53:49,231 ] 90 root - INFO - Hypothesis di_000:float64,float64
[ 2022-12-09 11:53:49,235 ] 90 root - INFO - Hypothesis dj_000:float64,float64
[ 2022-12-09 11:53:49,238 ] 90 root - INFO - Hypothesis dk_000:float64,float64
[ 2022-12-09 11:53:49,241 ] 90 root - INFO - Hypothesis dl_000:float64,float64
[ 2022-12-09 11:53:49,243 ] 90 root - INFO - Hypothesis dm_000:float64,float64
[ 2022-12-09 11:53:49,246 ] 90 root - INFO - Hypothesis dn_000:float64,float64
[ 2022-12-09 11:53:49,252 ] 90 root - INFO - Hypothesis do_000:float64,float64
[ 2022-12-09 11:53:49,258 ] 90 root - INFO - Hypothesis dp_000:float64,float64
[ 2022-12-09 11:53:49,263 ] 90 root - INFO - Hypothesis dq_000:float64,float64
[ 2022-12-09 11:53:49,267 ] 90 root - INFO - Hypothesis dr_000:float64,float64
[ 2022-12-09 11:53:49,271 ] 90 root - INFO - Hypothesis ds_000:float64,float64
[ 2022-12-09 11:53:49,276 ] 90 root - INFO - Hypothesis dt_000:float64,float64
[ 2022-12-09 11:53:49,282 ] 90 root - INFO - Hypothesis du_000:float64,float64
[ 2022-12-09 11:53:49,288 ] 90 root - INFO - Hypothesis dv_000:float64,float64
[ 2022-12-09 11:53:49,294 ] 90 root - INFO - Hypothesis dx_000:float64,float64
[ 2022-12-09 11:53:49,298 ] 90 root - INFO - Hypothesis dy_000:float64,float64
[ 2022-12-09 11:53:49,301 ] 90 root - INFO - Hypothesis dz_000:float64,float64
[ 2022-12-09 11:53:49,306 ] 90 root - INFO - Hypothesis ea_000:float64,float64
[ 2022-12-09 11:53:49,310 ] 90 root - INFO - Hypothesis eb_000:float64,float64
[ 2022-12-09 11:53:49,315 ] 90 root - INFO - Hypothesis ec_00:float64,float64
[ 2022-12-09 11:53:49,320 ] 90 root - INFO - Hypothesis ed_000:float64,float64
[ 2022-12-09 11:53:49,325 ] 90 root - INFO - Hypothesis ee_000:float64,float64
[ 2022-12-09 11:53:49,331 ] 90 root - INFO - Hypothesis ee_001:float64,float64
[ 2022-12-09 11:53:49,337 ] 90 root - INFO - Hypothesis ee_002:float64,float64
[ 2022-12-09 11:53:49,343 ] 90 root - INFO - Hypothesis ee_003:float64,float64
[ 2022-12-09 11:53:49,349 ] 90 root - INFO - Hypothesis ee_004:float64,float64
[ 2022-12-09 11:53:49,355 ] 90 root - INFO - Hypothesis ee_005:float64,float64
[ 2022-12-09 11:53:49,361 ] 90 root - INFO - Hypothesis ee_006:float64,float64
[ 2022-12-09 11:53:49,367 ] 90 root - INFO - Hypothesis ee_007:float64,float64
[ 2022-12-09 11:53:49,372 ] 90 root - INFO - Hypothesis ee_008:float64,float64
[ 2022-12-09 11:53:49,377 ] 90 root - INFO - Hypothesis ee_009:float64,float64
[ 2022-12-09 11:53:49,382 ] 90 root - INFO - Hypothesis ef_000:float64,float64
[ 2022-12-09 11:53:49,385 ] 90 root - INFO - Hypothesis eg_000:float64,float64
[ 2022-12-09 11:53:49,388 ] 145 root - INFO - As all column are available in train df hence detecting data_drift
[ 2022-12-09 11:53:49,388 ] 90 root - INFO - Hypothesis class:object,object
[ 2022-12-09 11:53:49,407 ] 90 root - INFO - Hypothesis aa_000:float64,float64
[ 2022-12-09 11:53:49,409 ] 90 root - INFO - Hypothesis ac_000:float64,float64
[ 2022-12-09 11:53:49,411 ] 90 root - INFO - Hypothesis ad_000:float64,float64
[ 2022-12-09 11:53:49,412 ] 90 root - INFO - Hypothesis ae_000:float64,float64
[ 2022-12-09 11:53:49,414 ] 90 root - INFO - Hypothesis af_000:float64,float64
[ 2022-12-09 11:53:49,415 ] 90 root - INFO - Hypothesis ag_000:float64,float64
[ 2022-12-09 11:53:49,416 ] 90 root - INFO - Hypothesis ag_001:float64,float64
[ 2022-12-09 11:53:49,417 ] 90 root - INFO - Hypothesis ag_002:float64,float64
[ 2022-12-09 11:53:49,418 ] 90 root - INFO - Hypothesis ag_003:float64,float64
[ 2022-12-09 11:53:49,419 ] 90 root - INFO - Hypothesis ag_004:float64,float64
[ 2022-12-09 11:53:49,421 ] 90 root - INFO - Hypothesis ag_005:float64,float64
[ 2022-12-09 11:53:49,423 ] 90 root - INFO - Hypothesis ag_006:float64,float64
[ 2022-12-09 11:53:49,426 ] 90 root - INFO - Hypothesis ag_007:float64,float64
[ 2022-12-09 11:53:49,427 ] 90 root - INFO - Hypothesis ag_008:float64,float64
[ 2022-12-09 11:53:49,429 ] 90 root - INFO - Hypothesis ag_009:float64,float64
[ 2022-12-09 11:53:49,431 ] 90 root - INFO - Hypothesis ah_000:float64,float64
[ 2022-12-09 11:53:49,433 ] 90 root - INFO - Hypothesis ai_000:float64,float64
[ 2022-12-09 11:53:49,434 ] 90 root - INFO - Hypothesis aj_000:float64,float64
[ 2022-12-09 11:53:49,435 ] 90 root - INFO - Hypothesis ak_000:float64,float64
[ 2022-12-09 11:53:49,436 ] 90 root - INFO - Hypothesis al_000:float64,float64
[ 2022-12-09 11:53:49,438 ] 90 root - INFO - Hypothesis am_0:float64,float64
[ 2022-12-09 11:53:49,440 ] 90 root - INFO - Hypothesis an_000:float64,float64
[ 2022-12-09 11:53:49,442 ] 90 root - INFO - Hypothesis ao_000:float64,float64
[ 2022-12-09 11:53:49,444 ] 90 root - INFO - Hypothesis ap_000:float64,float64
[ 2022-12-09 11:53:49,446 ] 90 root - INFO - Hypothesis aq_000:float64,float64
[ 2022-12-09 11:53:49,448 ] 90 root - INFO - Hypothesis ar_000:float64,float64
[ 2022-12-09 11:53:49,449 ] 90 root - INFO - Hypothesis as_000:float64,float64
[ 2022-12-09 11:53:49,450 ] 90 root - INFO - Hypothesis at_000:float64,float64
[ 2022-12-09 11:53:49,452 ] 90 root - INFO - Hypothesis au_000:float64,float64
[ 2022-12-09 11:53:49,453 ] 90 root - INFO - Hypothesis av_000:float64,float64
[ 2022-12-09 11:53:49,455 ] 90 root - INFO - Hypothesis ax_000:float64,float64
[ 2022-12-09 11:53:49,456 ] 90 root - INFO - Hypothesis ay_000:float64,float64
[ 2022-12-09 11:53:49,458 ] 90 root - INFO - Hypothesis ay_001:float64,float64
[ 2022-12-09 11:53:49,459 ] 90 root - INFO - Hypothesis ay_002:float64,float64
[ 2022-12-09 11:53:49,459 ] 90 root - INFO - Hypothesis ay_003:float64,float64
[ 2022-12-09 11:53:49,461 ] 90 root - INFO - Hypothesis ay_004:float64,float64
[ 2022-12-09 11:53:49,462 ] 90 root - INFO - Hypothesis ay_005:float64,float64
[ 2022-12-09 11:53:49,463 ] 90 root - INFO - Hypothesis ay_006:float64,float64
[ 2022-12-09 11:53:49,465 ] 90 root - INFO - Hypothesis ay_007:float64,float64
[ 2022-12-09 11:53:49,467 ] 90 root - INFO - Hypothesis ay_008:float64,float64
[ 2022-12-09 11:53:49,469 ] 90 root - INFO - Hypothesis ay_009:float64,float64
[ 2022-12-09 11:53:49,470 ] 90 root - INFO - Hypothesis az_000:float64,float64
[ 2022-12-09 11:53:49,472 ] 90 root - INFO - Hypothesis az_001:float64,float64
[ 2022-12-09 11:53:49,474 ] 90 root - INFO - Hypothesis az_002:float64,float64
[ 2022-12-09 11:53:49,477 ] 90 root - INFO - Hypothesis az_003:float64,float64
[ 2022-12-09 11:53:49,479 ] 90 root - INFO - Hypothesis az_004:float64,float64
[ 2022-12-09 11:53:49,481 ] 90 root - INFO - Hypothesis az_005:float64,float64
[ 2022-12-09 11:53:49,483 ] 90 root - INFO - Hypothesis az_006:float64,float64
[ 2022-12-09 11:53:49,485 ] 90 root - INFO - Hypothesis az_007:float64,float64
[ 2022-12-09 11:53:49,486 ] 90 root - INFO - Hypothesis az_008:float64,float64
[ 2022-12-09 11:53:49,487 ] 90 root - INFO - Hypothesis az_009:float64,float64
[ 2022-12-09 11:53:49,488 ] 90 root - INFO - Hypothesis ba_000:float64,float64
[ 2022-12-09 11:53:49,491 ] 90 root - INFO - Hypothesis ba_001:float64,float64
[ 2022-12-09 11:53:49,493 ] 90 root - INFO - Hypothesis ba_002:float64,float64
[ 2022-12-09 11:53:49,495 ] 90 root - INFO - Hypothesis ba_003:float64,float64
[ 2022-12-09 11:53:49,497 ] 90 root - INFO - Hypothesis ba_004:float64,float64
[ 2022-12-09 11:53:49,499 ] 90 root - INFO - Hypothesis ba_005:float64,float64
[ 2022-12-09 11:53:49,501 ] 90 root - INFO - Hypothesis ba_006:float64,float64
[ 2022-12-09 11:53:49,503 ] 90 root - INFO - Hypothesis ba_007:float64,float64
[ 2022-12-09 11:53:49,505 ] 90 root - INFO - Hypothesis ba_008:float64,float64
[ 2022-12-09 11:53:49,507 ] 90 root - INFO - Hypothesis ba_009:float64,float64
[ 2022-12-09 11:53:49,509 ] 90 root - INFO - Hypothesis bb_000:float64,float64
[ 2022-12-09 11:53:49,511 ] 90 root - INFO - Hypothesis bc_000:float64,float64
[ 2022-12-09 11:53:49,512 ] 90 root - INFO - Hypothesis bd_000:float64,float64
[ 2022-12-09 11:53:49,514 ] 90 root - INFO - Hypothesis be_000:float64,float64
[ 2022-12-09 11:53:49,516 ] 90 root - INFO - Hypothesis bf_000:float64,float64
[ 2022-12-09 11:53:49,518 ] 90 root - INFO - Hypothesis bg_000:float64,float64
[ 2022-12-09 11:53:49,520 ] 90 root - INFO - Hypothesis bh_000:float64,float64
[ 2022-12-09 11:53:49,522 ] 90 root - INFO - Hypothesis bi_000:float64,float64
[ 2022-12-09 11:53:49,524 ] 90 root - INFO - Hypothesis bj_000:float64,float64
[ 2022-12-09 11:53:49,526 ] 90 root - INFO - Hypothesis bk_000:float64,float64
[ 2022-12-09 11:53:49,528 ] 90 root - INFO - Hypothesis bl_000:float64,float64
[ 2022-12-09 11:53:49,530 ] 90 root - INFO - Hypothesis bm_000:float64,float64
[ 2022-12-09 11:53:49,531 ] 90 root - INFO - Hypothesis bs_000:float64,float64
[ 2022-12-09 11:53:49,533 ] 90 root - INFO - Hypothesis bt_000:float64,float64
[ 2022-12-09 11:53:49,535 ] 90 root - INFO - Hypothesis bu_000:float64,float64
[ 2022-12-09 11:53:49,538 ] 90 root - INFO - Hypothesis bv_000:float64,float64
[ 2022-12-09 11:53:49,540 ] 90 root - INFO - Hypothesis bx_000:float64,float64
[ 2022-12-09 11:53:49,542 ] 90 root - INFO - Hypothesis by_000:float64,float64
[ 2022-12-09 11:53:49,544 ] 90 root - INFO - Hypothesis bz_000:float64,float64
[ 2022-12-09 11:53:49,546 ] 90 root - INFO - Hypothesis ca_000:float64,float64
[ 2022-12-09 11:53:49,548 ] 90 root - INFO - Hypothesis cb_000:float64,float64
[ 2022-12-09 11:53:49,551 ] 90 root - INFO - Hypothesis cc_000:float64,float64
[ 2022-12-09 11:53:49,555 ] 90 root - INFO - Hypothesis cd_000:float64,float64
[ 2022-12-09 11:53:49,556 ] 90 root - INFO - Hypothesis ce_000:float64,float64
[ 2022-12-09 11:53:49,558 ] 90 root - INFO - Hypothesis cf_000:float64,float64
[ 2022-12-09 11:53:49,559 ] 90 root - INFO - Hypothesis cg_000:float64,float64
[ 2022-12-09 11:53:49,561 ] 90 root - INFO - Hypothesis ch_000:float64,float64
[ 2022-12-09 11:53:49,562 ] 90 root - INFO - Hypothesis ci_000:float64,float64
[ 2022-12-09 11:53:49,564 ] 90 root - INFO - Hypothesis cj_000:float64,float64
[ 2022-12-09 11:53:49,565 ] 90 root - INFO - Hypothesis ck_000:float64,float64
[ 2022-12-09 11:53:49,567 ] 90 root - INFO - Hypothesis cl_000:float64,float64
[ 2022-12-09 11:53:49,569 ] 90 root - INFO - Hypothesis cm_000:float64,float64
[ 2022-12-09 11:53:49,570 ] 90 root - INFO - Hypothesis cn_000:float64,float64
[ 2022-12-09 11:53:49,571 ] 90 root - INFO - Hypothesis cn_001:float64,float64
[ 2022-12-09 11:53:49,573 ] 90 root - INFO - Hypothesis cn_002:float64,float64
[ 2022-12-09 11:53:49,574 ] 90 root - INFO - Hypothesis cn_003:float64,float64
[ 2022-12-09 11:53:49,576 ] 90 root - INFO - Hypothesis cn_004:float64,float64
[ 2022-12-09 11:53:49,578 ] 90 root - INFO - Hypothesis cn_005:float64,float64
[ 2022-12-09 11:53:49,581 ] 90 root - INFO - Hypothesis cn_006:float64,float64
[ 2022-12-09 11:53:49,583 ] 90 root - INFO - Hypothesis cn_007:float64,float64
[ 2022-12-09 11:53:49,585 ] 90 root - INFO - Hypothesis cn_008:float64,float64
[ 2022-12-09 11:53:49,587 ] 90 root - INFO - Hypothesis cn_009:float64,float64
[ 2022-12-09 11:53:49,588 ] 90 root - INFO - Hypothesis co_000:float64,float64
[ 2022-12-09 11:53:49,590 ] 90 root - INFO - Hypothesis cp_000:float64,float64
[ 2022-12-09 11:53:49,591 ] 90 root - INFO - Hypothesis cq_000:float64,float64
[ 2022-12-09 11:53:49,593 ] 90 root - INFO - Hypothesis cs_000:float64,float64
[ 2022-12-09 11:53:49,596 ] 90 root - INFO - Hypothesis cs_001:float64,float64
[ 2022-12-09 11:53:49,598 ] 90 root - INFO - Hypothesis cs_002:float64,float64
[ 2022-12-09 11:53:49,600 ] 90 root - INFO - Hypothesis cs_003:float64,float64
[ 2022-12-09 11:53:49,602 ] 90 root - INFO - Hypothesis cs_004:float64,float64
[ 2022-12-09 11:53:49,604 ] 90 root - INFO - Hypothesis cs_005:float64,float64
[ 2022-12-09 11:53:49,606 ] 90 root - INFO - Hypothesis cs_006:float64,float64
[ 2022-12-09 11:53:49,608 ] 90 root - INFO - Hypothesis cs_007:float64,float64
[ 2022-12-09 11:53:49,610 ] 90 root - INFO - Hypothesis cs_008:float64,float64
[ 2022-12-09 11:53:49,612 ] 90 root - INFO - Hypothesis cs_009:float64,float64
[ 2022-12-09 11:53:49,613 ] 90 root - INFO - Hypothesis ct_000:float64,float64
[ 2022-12-09 11:53:49,614 ] 90 root - INFO - Hypothesis cu_000:float64,float64
[ 2022-12-09 11:53:49,616 ] 90 root - INFO - Hypothesis cv_000:float64,float64
[ 2022-12-09 11:53:49,618 ] 90 root - INFO - Hypothesis cx_000:float64,float64
[ 2022-12-09 11:53:49,620 ] 90 root - INFO - Hypothesis cy_000:float64,float64
[ 2022-12-09 11:53:49,621 ] 90 root - INFO - Hypothesis cz_000:float64,float64
[ 2022-12-09 11:53:49,623 ] 90 root - INFO - Hypothesis da_000:float64,float64
[ 2022-12-09 11:53:49,624 ] 90 root - INFO - Hypothesis db_000:float64,float64
[ 2022-12-09 11:53:49,625 ] 90 root - INFO - Hypothesis dc_000:float64,float64
[ 2022-12-09 11:53:49,627 ] 90 root - INFO - Hypothesis dd_000:float64,float64
[ 2022-12-09 11:53:49,629 ] 90 root - INFO - Hypothesis de_000:float64,float64
[ 2022-12-09 11:53:49,631 ] 90 root - INFO - Hypothesis df_000:float64,float64
[ 2022-12-09 11:53:49,632 ] 90 root - INFO - Hypothesis dg_000:float64,float64
[ 2022-12-09 11:53:49,633 ] 90 root - INFO - Hypothesis dh_000:float64,float64
[ 2022-12-09 11:53:49,634 ] 90 root - INFO - Hypothesis di_000:float64,float64
[ 2022-12-09 11:53:49,635 ] 90 root - INFO - Hypothesis dj_000:float64,float64
[ 2022-12-09 11:53:49,636 ] 90 root - INFO - Hypothesis dk_000:float64,float64
[ 2022-12-09 11:53:49,638 ] 90 root - INFO - Hypothesis dl_000:float64,float64
[ 2022-12-09 11:53:49,639 ] 90 root - INFO - Hypothesis dm_000:float64,float64
[ 2022-12-09 11:53:49,640 ] 90 root - INFO - Hypothesis dn_000:float64,float64
[ 2022-12-09 11:53:49,642 ] 90 root - INFO - Hypothesis do_000:float64,float64
[ 2022-12-09 11:53:49,644 ] 90 root - INFO - Hypothesis dp_000:float64,float64
[ 2022-12-09 11:53:49,646 ] 90 root - INFO - Hypothesis dq_000:float64,float64
[ 2022-12-09 11:53:49,647 ] 90 root - INFO - Hypothesis dr_000:float64,float64
[ 2022-12-09 11:53:49,648 ] 90 root - INFO - Hypothesis ds_000:float64,float64
[ 2022-12-09 11:53:49,650 ] 90 root - INFO - Hypothesis dt_000:float64,float64
[ 2022-12-09 11:53:49,652 ] 90 root - INFO - Hypothesis du_000:float64,float64
[ 2022-12-09 11:53:49,654 ] 90 root - INFO - Hypothesis dv_000:float64,float64
[ 2022-12-09 11:53:49,656 ] 90 root - INFO - Hypothesis dx_000:float64,float64
[ 2022-12-09 11:53:49,658 ] 90 root - INFO - Hypothesis dy_000:float64,float64
[ 2022-12-09 11:53:49,659 ] 90 root - INFO - Hypothesis dz_000:float64,float64
[ 2022-12-09 11:53:49,660 ] 90 root - INFO - Hypothesis ea_000:float64,float64
[ 2022-12-09 11:53:49,661 ] 90 root - INFO - Hypothesis eb_000:float64,float64
[ 2022-12-09 11:53:49,663 ] 90 root - INFO - Hypothesis ec_00:float64,float64
[ 2022-12-09 11:53:49,665 ] 90 root - INFO - Hypothesis ed_000:float64,float64
[ 2022-12-09 11:53:49,667 ] 90 root - INFO - Hypothesis ee_000:float64,float64
[ 2022-12-09 11:53:49,669 ] 90 root - INFO - Hypothesis ee_001:float64,float64
[ 2022-12-09 11:53:49,671 ] 90 root - INFO - Hypothesis ee_002:float64,float64
[ 2022-12-09 11:53:49,673 ] 90 root - INFO - Hypothesis ee_003:float64,float64
[ 2022-12-09 11:53:49,675 ] 90 root - INFO - Hypothesis ee_004:float64,float64
[ 2022-12-09 11:53:49,677 ] 90 root - INFO - Hypothesis ee_005:float64,float64
[ 2022-12-09 11:53:49,679 ] 90 root - INFO - Hypothesis ee_006:float64,float64
[ 2022-12-09 11:53:49,681 ] 90 root - INFO - Hypothesis ee_007:float64,float64
[ 2022-12-09 11:53:49,683 ] 90 root - INFO - Hypothesis ee_008:float64,float64
[ 2022-12-09 11:53:49,685 ] 90 root - INFO - Hypothesis ee_009:float64,float64
[ 2022-12-09 11:53:49,687 ] 90 root - INFO - Hypothesis ef_000:float64,float64
[ 2022-12-09 11:53:49,688 ] 90 root - INFO - Hypothesis eg_000:float64,float64
[ 2022-12-09 11:53:49,689 ] 148 root - INFO - Write report in yaml file
[ 2022-12-09 11:53:49,761 ] 152 root - INFO - Data_validation_artifact :{data_validation_artifact}
[ 2022-12-09 11:53:50,559 ] 72 root - INFO - Before Resampling, Train_data_input_shape : (28950, 170) , Train_data_target_shape : (28950,)
[ 2022-12-09 11:53:56,767 ] 74 root - INFO - After Resampling, Train_data_input_shape : (56176, 170) , Train_data_target_shape : (56176,)
[ 2022-12-09 11:53:56,767 ] 76 root - INFO - Before Resampling, Test_data_input_shape : (56176, 170) , Test_data_target_shape : (56176,)
[ 2022-12-09 11:53:57,316 ] 78 root - INFO - After Resampling, Test_data_input_shape : (56176, 170) , Test_data_target_shape : (56176,)
[ 2022-12-09 11:53:57,423 ] 59 root - INFO - Entered the save object method of Main Utils class
[ 2022-12-09 11:53:57,426 ] 59 root - INFO - Entered the save object method of Main Utils class
[ 2022-12-09 11:53:57,426 ] 102 root - INFO - Data transformation object DataTransformationArtifact(transform_object_path='/config/workspace/artifact/12092022__115335/data_transformation/transformed/transformer.pkl', transformed_train_path='/config/workspace/artifact/12092022__115335/data_transformation/transformed/train.csv', transformed_test_path='/config/workspace/artifact/12092022__115335/data_transformation/transformed/test.csv', target_encoder_object_path='/config/workspace/artifact/12092022__115335/data_transformation/target_encoder/target_encoder.pkl')
