[ 2022-12-09 12:08:30,518 ] 21 root - INFO - Exporting collection data as pandas dataframe
[ 2022-12-09 12:08:30,519 ] 24 root - INFO - reading data from database:aps and collection:sensor
[ 2022-12-09 12:08:34,049 ] 26 root - INFO - found columns:Index(['_id', 'class', 'aa_000', 'ab_000', 'ac_000', 'ad_000', 'ae_000',
       'af_000', 'ag_000', 'ag_001',
       ...
       'ee_002', 'ee_003', 'ee_004', 'ee_005', 'ee_006', 'ee_007', 'ee_008',
       'ee_009', 'ef_000', 'eg_000'],
      dtype='object', length=172)
[ 2022-12-09 12:08:34,049 ] 28 root - INFO - dropping columns: _id
[ 2022-12-09 12:08:34,232 ] 30 root - INFO - columns and rows in df is (36188, 171)
[ 2022-12-09 12:08:34,232 ] 28 root - INFO - Save data in feature store
[ 2022-12-09 12:08:34,766 ] 34 root - INFO - Create feature store folder if not available
[ 2022-12-09 12:08:34,767 ] 38 root - INFO - Save df to feature store folder
[ 2022-12-09 12:08:37,229 ] 43 root - INFO - split dataset into train and test set
[ 2022-12-09 12:08:37,712 ] 47 root - INFO - create dataset directory folder if not available
[ 2022-12-09 12:08:37,713 ] 52 root - INFO - Save df to feature store folder
[ 2022-12-09 12:08:39,800 ] 64 root - INFO - Data ingestion artifact: DataIngestionArtifact(feature_store_file_path='/config/workspace/artifact/12092022__120830/data_ingestion/feature_store/sensor.csv', train_file_path='/config/workspace/artifact/12092022__120830/data_ingestion/dataset/train.csv', test_file_path='/config/workspace/artifact/12092022__120830/data_ingestion/dataset/test.csv')
[ 2022-12-09 12:08:40,156 ] 19 root - INFO - <<<<<<<<<<<<<<<<<<<<<<<<<<<<<<<<<<<<<<<< Data Validation >>>>>>>>>>>>>>>>>>>>>>>>>>>>>>>>>>>>>>>>
[ 2022-12-09 12:08:40,157 ] 115 root - INFO - reading base dataframe
[ 2022-12-09 12:08:41,745 ] 118 root - INFO - replaced na values with np.nan in base df
[ 2022-12-09 12:08:41,745 ] 120 root - INFO - dropping null values columns from base dataframe
[ 2022-12-09 12:08:42,771 ] 42 root - INFO - selecting columns names containing null values above 0.7
[ 2022-12-09 12:08:42,772 ] 45 root - INFO - columns to drop: ['ab_000', 'bn_000', 'bo_000', 'bp_000', 'bq_000', 'br_000', 'cr_000']
[ 2022-12-09 12:08:42,875 ] 123 root - INFO - Reading train dataframe
[ 2022-12-09 12:08:43,239 ] 125 root - INFO - Reading test dataframe
[ 2022-12-09 12:08:43,335 ] 128 root - INFO - dropping null values columns from train dataframe
[ 2022-12-09 12:08:43,346 ] 42 root - INFO - selecting columns names containing null values above 0.7
[ 2022-12-09 12:08:43,347 ] 45 root - INFO - columns to drop: ['ab_000', 'bn_000', 'bo_000', 'bp_000', 'bq_000', 'br_000', 'cr_000']
[ 2022-12-09 12:08:43,406 ] 130 root - INFO - dropping null values columns from test dataframe
[ 2022-12-09 12:08:43,410 ] 42 root - INFO - selecting columns names containing null values above 0.7
[ 2022-12-09 12:08:43,411 ] 45 root - INFO - columns to drop: ['ab_000', 'bn_000', 'bo_000', 'bp_000', 'bq_000', 'br_000', 'cr_000']
[ 2022-12-09 12:08:43,926 ] 142 root - INFO - As all column are available in train df hence detecting data_drift
[ 2022-12-09 12:08:43,926 ] 90 root - INFO - Hypothesis class:object,object
[ 2022-12-09 12:08:43,989 ] 90 root - INFO - Hypothesis aa_000:float64,float64
[ 2022-12-09 12:08:43,995 ] 90 root - INFO - Hypothesis ac_000:float64,float64
[ 2022-12-09 12:08:44,000 ] 90 root - INFO - Hypothesis ad_000:float64,float64
[ 2022-12-09 12:08:44,004 ] 90 root - INFO - Hypothesis ae_000:float64,float64
[ 2022-12-09 12:08:44,007 ] 90 root - INFO - Hypothesis af_000:float64,float64
[ 2022-12-09 12:08:44,021 ] 90 root - INFO - Hypothesis ag_000:float64,float64
[ 2022-12-09 12:08:44,034 ] 90 root - INFO - Hypothesis ag_001:float64,float64
[ 2022-12-09 12:08:44,048 ] 90 root - INFO - Hypothesis ag_002:float64,float64
[ 2022-12-09 12:08:44,051 ] 90 root - INFO - Hypothesis ag_003:float64,float64
[ 2022-12-09 12:08:44,054 ] 90 root - INFO - Hypothesis ag_004:float64,float64
[ 2022-12-09 12:08:44,060 ] 90 root - INFO - Hypothesis ag_005:float64,float64
[ 2022-12-09 12:08:44,066 ] 90 root - INFO - Hypothesis ag_006:float64,float64
[ 2022-12-09 12:08:44,072 ] 90 root - INFO - Hypothesis ag_007:float64,float64
[ 2022-12-09 12:08:44,077 ] 90 root - INFO - Hypothesis ag_008:float64,float64
[ 2022-12-09 12:08:44,081 ] 90 root - INFO - Hypothesis ag_009:float64,float64
[ 2022-12-09 12:08:44,085 ] 90 root - INFO - Hypothesis ah_000:float64,float64
[ 2022-12-09 12:08:44,091 ] 90 root - INFO - Hypothesis ai_000:float64,float64
[ 2022-12-09 12:08:44,105 ] 90 root - INFO - Hypothesis aj_000:float64,float64
[ 2022-12-09 12:08:44,109 ] 90 root - INFO - Hypothesis ak_000:float64,float64
[ 2022-12-09 12:08:44,112 ] 90 root - INFO - Hypothesis al_000:float64,float64
[ 2022-12-09 12:08:44,116 ] 90 root - INFO - Hypothesis am_0:float64,float64
[ 2022-12-09 12:08:44,120 ] 90 root - INFO - Hypothesis an_000:float64,float64
[ 2022-12-09 12:08:44,126 ] 90 root - INFO - Hypothesis ao_000:float64,float64
[ 2022-12-09 12:08:44,131 ] 90 root - INFO - Hypothesis ap_000:float64,float64
[ 2022-12-09 12:08:44,137 ] 90 root - INFO - Hypothesis aq_000:float64,float64
[ 2022-12-09 12:08:44,143 ] 90 root - INFO - Hypothesis ar_000:float64,float64
[ 2022-12-09 12:08:44,157 ] 90 root - INFO - Hypothesis as_000:float64,float64
[ 2022-12-09 12:08:44,171 ] 90 root - INFO - Hypothesis at_000:float64,float64
[ 2022-12-09 12:08:44,185 ] 90 root - INFO - Hypothesis au_000:float64,float64
[ 2022-12-09 12:08:44,198 ] 90 root - INFO - Hypothesis av_000:float64,float64
[ 2022-12-09 12:08:44,203 ] 90 root - INFO - Hypothesis ax_000:float64,float64
[ 2022-12-09 12:08:44,207 ] 90 root - INFO - Hypothesis ay_000:float64,float64
[ 2022-12-09 12:08:44,221 ] 90 root - INFO - Hypothesis ay_001:float64,float64
[ 2022-12-09 12:08:44,235 ] 90 root - INFO - Hypothesis ay_002:float64,float64
[ 2022-12-09 12:08:44,248 ] 90 root - INFO - Hypothesis ay_003:float64,float64
[ 2022-12-09 12:08:44,262 ] 90 root - INFO - Hypothesis ay_004:float64,float64
[ 2022-12-09 12:08:44,275 ] 90 root - INFO - Hypothesis ay_005:float64,float64
[ 2022-12-09 12:08:44,280 ] 90 root - INFO - Hypothesis ay_006:float64,float64
[ 2022-12-09 12:08:44,285 ] 90 root - INFO - Hypothesis ay_007:float64,float64
[ 2022-12-09 12:08:44,291 ] 90 root - INFO - Hypothesis ay_008:float64,float64
[ 2022-12-09 12:08:44,296 ] 90 root - INFO - Hypothesis ay_009:float64,float64
[ 2022-12-09 12:08:44,310 ] 90 root - INFO - Hypothesis az_000:float64,float64
[ 2022-12-09 12:08:44,315 ] 90 root - INFO - Hypothesis az_001:float64,float64
[ 2022-12-09 12:08:44,321 ] 90 root - INFO - Hypothesis az_002:float64,float64
[ 2022-12-09 12:08:44,326 ] 90 root - INFO - Hypothesis az_003:float64,float64
[ 2022-12-09 12:08:44,332 ] 90 root - INFO - Hypothesis az_004:float64,float64
[ 2022-12-09 12:08:44,337 ] 90 root - INFO - Hypothesis az_005:float64,float64
[ 2022-12-09 12:08:44,343 ] 90 root - INFO - Hypothesis az_006:float64,float64
[ 2022-12-09 12:08:44,348 ] 90 root - INFO - Hypothesis az_007:float64,float64
[ 2022-12-09 12:08:44,352 ] 90 root - INFO - Hypothesis az_008:float64,float64
[ 2022-12-09 12:08:44,355 ] 90 root - INFO - Hypothesis az_009:float64,float64
[ 2022-12-09 12:08:44,368 ] 90 root - INFO - Hypothesis ba_000:float64,float64
[ 2022-12-09 12:08:44,374 ] 90 root - INFO - Hypothesis ba_001:float64,float64
[ 2022-12-09 12:08:44,380 ] 90 root - INFO - Hypothesis ba_002:float64,float64
[ 2022-12-09 12:08:44,386 ] 90 root - INFO - Hypothesis ba_003:float64,float64
[ 2022-12-09 12:08:44,391 ] 90 root - INFO - Hypothesis ba_004:float64,float64
[ 2022-12-09 12:08:44,397 ] 90 root - INFO - Hypothesis ba_005:float64,float64
[ 2022-12-09 12:08:44,403 ] 90 root - INFO - Hypothesis ba_006:float64,float64
[ 2022-12-09 12:08:44,408 ] 90 root - INFO - Hypothesis ba_007:float64,float64
[ 2022-12-09 12:08:44,414 ] 90 root - INFO - Hypothesis ba_008:float64,float64
[ 2022-12-09 12:08:44,418 ] 90 root - INFO - Hypothesis ba_009:float64,float64
[ 2022-12-09 12:08:44,422 ] 90 root - INFO - Hypothesis bb_000:float64,float64
[ 2022-12-09 12:08:44,428 ] 90 root - INFO - Hypothesis bc_000:float64,float64
[ 2022-12-09 12:08:44,433 ] 90 root - INFO - Hypothesis bd_000:float64,float64
[ 2022-12-09 12:08:44,438 ] 90 root - INFO - Hypothesis be_000:float64,float64
[ 2022-12-09 12:08:44,443 ] 90 root - INFO - Hypothesis bf_000:float64,float64
[ 2022-12-09 12:08:44,447 ] 90 root - INFO - Hypothesis bg_000:float64,float64
[ 2022-12-09 12:08:44,452 ] 90 root - INFO - Hypothesis bh_000:float64,float64
[ 2022-12-09 12:08:44,458 ] 90 root - INFO - Hypothesis bi_000:float64,float64
[ 2022-12-09 12:08:44,464 ] 90 root - INFO - Hypothesis bj_000:float64,float64
[ 2022-12-09 12:08:44,470 ] 90 root - INFO - Hypothesis bk_000:float64,float64
[ 2022-12-09 12:08:44,475 ] 90 root - INFO - Hypothesis bl_000:float64,float64
[ 2022-12-09 12:08:44,479 ] 90 root - INFO - Hypothesis bm_000:float64,float64
[ 2022-12-09 12:08:44,483 ] 90 root - INFO - Hypothesis bs_000:float64,float64
[ 2022-12-09 12:08:44,489 ] 90 root - INFO - Hypothesis bt_000:float64,float64
[ 2022-12-09 12:08:44,495 ] 90 root - INFO - Hypothesis bu_000:float64,float64
[ 2022-12-09 12:08:44,501 ] 90 root - INFO - Hypothesis bv_000:float64,float64
[ 2022-12-09 12:08:44,506 ] 90 root - INFO - Hypothesis bx_000:float64,float64
[ 2022-12-09 12:08:44,512 ] 90 root - INFO - Hypothesis by_000:float64,float64
[ 2022-12-09 12:08:44,518 ] 90 root - INFO - Hypothesis bz_000:float64,float64
[ 2022-12-09 12:08:44,523 ] 90 root - INFO - Hypothesis ca_000:float64,float64
[ 2022-12-09 12:08:44,529 ] 90 root - INFO - Hypothesis cb_000:float64,float64
[ 2022-12-09 12:08:44,535 ] 90 root - INFO - Hypothesis cc_000:float64,float64
[ 2022-12-09 12:08:44,541 ] 90 root - INFO - Hypothesis cd_000:float64,float64
[ 2022-12-09 12:08:44,557 ] 90 root - INFO - Hypothesis ce_000:float64,float64
[ 2022-12-09 12:08:44,563 ] 90 root - INFO - Hypothesis cf_000:float64,float64
[ 2022-12-09 12:08:44,566 ] 90 root - INFO - Hypothesis cg_000:float64,float64
[ 2022-12-09 12:08:44,571 ] 90 root - INFO - Hypothesis ch_000:float64,float64
[ 2022-12-09 12:08:44,586 ] 90 root - INFO - Hypothesis ci_000:float64,float64
[ 2022-12-09 12:08:44,592 ] 90 root - INFO - Hypothesis cj_000:float64,float64
[ 2022-12-09 12:08:44,596 ] 90 root - INFO - Hypothesis ck_000:float64,float64
[ 2022-12-09 12:08:44,601 ] 90 root - INFO - Hypothesis cl_000:float64,float64
[ 2022-12-09 12:08:44,605 ] 90 root - INFO - Hypothesis cm_000:float64,float64
[ 2022-12-09 12:08:44,609 ] 90 root - INFO - Hypothesis cn_000:float64,float64
[ 2022-12-09 12:08:44,623 ] 90 root - INFO - Hypothesis cn_001:float64,float64
[ 2022-12-09 12:08:44,626 ] 90 root - INFO - Hypothesis cn_002:float64,float64
[ 2022-12-09 12:08:44,631 ] 90 root - INFO - Hypothesis cn_003:float64,float64
[ 2022-12-09 12:08:44,637 ] 90 root - INFO - Hypothesis cn_004:float64,float64
[ 2022-12-09 12:08:44,643 ] 90 root - INFO - Hypothesis cn_005:float64,float64
[ 2022-12-09 12:08:44,648 ] 90 root - INFO - Hypothesis cn_006:float64,float64
[ 2022-12-09 12:08:44,654 ] 90 root - INFO - Hypothesis cn_007:float64,float64
[ 2022-12-09 12:08:44,660 ] 90 root - INFO - Hypothesis cn_008:float64,float64
[ 2022-12-09 12:08:44,665 ] 90 root - INFO - Hypothesis cn_009:float64,float64
[ 2022-12-09 12:08:44,669 ] 90 root - INFO - Hypothesis co_000:float64,float64
[ 2022-12-09 12:08:44,673 ] 90 root - INFO - Hypothesis cp_000:float64,float64
[ 2022-12-09 12:08:44,677 ] 90 root - INFO - Hypothesis cq_000:float64,float64
[ 2022-12-09 12:08:44,683 ] 90 root - INFO - Hypothesis cs_000:float64,float64
[ 2022-12-09 12:08:44,689 ] 90 root - INFO - Hypothesis cs_001:float64,float64
[ 2022-12-09 12:08:44,694 ] 90 root - INFO - Hypothesis cs_002:float64,float64
[ 2022-12-09 12:08:44,700 ] 90 root - INFO - Hypothesis cs_003:float64,float64
[ 2022-12-09 12:08:44,706 ] 90 root - INFO - Hypothesis cs_004:float64,float64
[ 2022-12-09 12:08:44,712 ] 90 root - INFO - Hypothesis cs_005:float64,float64
[ 2022-12-09 12:08:44,718 ] 90 root - INFO - Hypothesis cs_006:float64,float64
[ 2022-12-09 12:08:44,724 ] 90 root - INFO - Hypothesis cs_007:float64,float64
[ 2022-12-09 12:08:44,730 ] 90 root - INFO - Hypothesis cs_008:float64,float64
[ 2022-12-09 12:08:44,734 ] 90 root - INFO - Hypothesis cs_009:float64,float64
[ 2022-12-09 12:08:44,749 ] 90 root - INFO - Hypothesis ct_000:float64,float64
[ 2022-12-09 12:08:44,753 ] 90 root - INFO - Hypothesis cu_000:float64,float64
[ 2022-12-09 12:08:44,758 ] 90 root - INFO - Hypothesis cv_000:float64,float64
[ 2022-12-09 12:08:44,764 ] 90 root - INFO - Hypothesis cx_000:float64,float64
[ 2022-12-09 12:08:44,769 ] 90 root - INFO - Hypothesis cy_000:float64,float64
[ 2022-12-09 12:08:44,783 ] 90 root - INFO - Hypothesis cz_000:float64,float64
[ 2022-12-09 12:08:44,788 ] 90 root - INFO - Hypothesis da_000:float64,float64
[ 2022-12-09 12:08:44,802 ] 90 root - INFO - Hypothesis db_000:float64,float64
[ 2022-12-09 12:08:44,805 ] 90 root - INFO - Hypothesis dc_000:float64,float64
[ 2022-12-09 12:08:44,811 ] 90 root - INFO - Hypothesis dd_000:float64,float64
[ 2022-12-09 12:08:44,816 ] 90 root - INFO - Hypothesis de_000:float64,float64
[ 2022-12-09 12:08:44,821 ] 90 root - INFO - Hypothesis df_000:float64,float64
[ 2022-12-09 12:08:44,824 ] 90 root - INFO - Hypothesis dg_000:float64,float64
[ 2022-12-09 12:08:44,828 ] 90 root - INFO - Hypothesis dh_000:float64,float64
[ 2022-12-09 12:08:44,832 ] 90 root - INFO - Hypothesis di_000:float64,float64
[ 2022-12-09 12:08:44,836 ] 90 root - INFO - Hypothesis dj_000:float64,float64
[ 2022-12-09 12:08:44,839 ] 90 root - INFO - Hypothesis dk_000:float64,float64
[ 2022-12-09 12:08:44,842 ] 90 root - INFO - Hypothesis dl_000:float64,float64
[ 2022-12-09 12:08:44,845 ] 90 root - INFO - Hypothesis dm_000:float64,float64
[ 2022-12-09 12:08:44,848 ] 90 root - INFO - Hypothesis dn_000:float64,float64
[ 2022-12-09 12:08:44,853 ] 90 root - INFO - Hypothesis do_000:float64,float64
[ 2022-12-09 12:08:44,859 ] 90 root - INFO - Hypothesis dp_000:float64,float64
[ 2022-12-09 12:08:44,864 ] 90 root - INFO - Hypothesis dq_000:float64,float64
[ 2022-12-09 12:08:44,879 ] 90 root - INFO - Hypothesis dr_000:float64,float64
[ 2022-12-09 12:08:44,894 ] 90 root - INFO - Hypothesis ds_000:float64,float64
[ 2022-12-09 12:08:44,900 ] 90 root - INFO - Hypothesis dt_000:float64,float64
[ 2022-12-09 12:08:44,906 ] 90 root - INFO - Hypothesis du_000:float64,float64
[ 2022-12-09 12:08:44,911 ] 90 root - INFO - Hypothesis dv_000:float64,float64
[ 2022-12-09 12:08:44,917 ] 90 root - INFO - Hypothesis dx_000:float64,float64
[ 2022-12-09 12:08:44,921 ] 90 root - INFO - Hypothesis dy_000:float64,float64
[ 2022-12-09 12:08:44,925 ] 90 root - INFO - Hypothesis dz_000:float64,float64
[ 2022-12-09 12:08:44,928 ] 90 root - INFO - Hypothesis ea_000:float64,float64
[ 2022-12-09 12:08:44,931 ] 90 root - INFO - Hypothesis eb_000:float64,float64
[ 2022-12-09 12:08:44,935 ] 90 root - INFO - Hypothesis ec_00:float64,float64
[ 2022-12-09 12:08:44,941 ] 90 root - INFO - Hypothesis ed_000:float64,float64
[ 2022-12-09 12:08:44,946 ] 90 root - INFO - Hypothesis ee_000:float64,float64
[ 2022-12-09 12:08:44,952 ] 90 root - INFO - Hypothesis ee_001:float64,float64
[ 2022-12-09 12:08:44,958 ] 90 root - INFO - Hypothesis ee_002:float64,float64
[ 2022-12-09 12:08:44,964 ] 90 root - INFO - Hypothesis ee_003:float64,float64
[ 2022-12-09 12:08:44,969 ] 90 root - INFO - Hypothesis ee_004:float64,float64
[ 2022-12-09 12:08:44,975 ] 90 root - INFO - Hypothesis ee_005:float64,float64
[ 2022-12-09 12:08:44,981 ] 90 root - INFO - Hypothesis ee_006:float64,float64
[ 2022-12-09 12:08:44,986 ] 90 root - INFO - Hypothesis ee_007:float64,float64
[ 2022-12-09 12:08:44,992 ] 90 root - INFO - Hypothesis ee_008:float64,float64
[ 2022-12-09 12:08:44,997 ] 90 root - INFO - Hypothesis ee_009:float64,float64
[ 2022-12-09 12:08:45,002 ] 90 root - INFO - Hypothesis ef_000:float64,float64
[ 2022-12-09 12:08:45,016 ] 90 root - INFO - Hypothesis eg_000:float64,float64
[ 2022-12-09 12:08:45,031 ] 145 root - INFO - As all column are available in train df hence detecting data_drift
[ 2022-12-09 12:08:45,031 ] 90 root - INFO - Hypothesis class:object,object
[ 2022-12-09 12:08:45,053 ] 90 root - INFO - Hypothesis aa_000:float64,float64
[ 2022-12-09 12:08:45,055 ] 90 root - INFO - Hypothesis ac_000:float64,float64
[ 2022-12-09 12:08:45,057 ] 90 root - INFO - Hypothesis ad_000:float64,float64
[ 2022-12-09 12:08:45,058 ] 90 root - INFO - Hypothesis ae_000:float64,float64
[ 2022-12-09 12:08:45,059 ] 90 root - INFO - Hypothesis af_000:float64,float64
[ 2022-12-09 12:08:45,060 ] 90 root - INFO - Hypothesis ag_000:float64,float64
[ 2022-12-09 12:08:45,061 ] 90 root - INFO - Hypothesis ag_001:float64,float64
[ 2022-12-09 12:08:45,062 ] 90 root - INFO - Hypothesis ag_002:float64,float64
[ 2022-12-09 12:08:45,063 ] 90 root - INFO - Hypothesis ag_003:float64,float64
[ 2022-12-09 12:08:45,064 ] 90 root - INFO - Hypothesis ag_004:float64,float64
[ 2022-12-09 12:08:45,066 ] 90 root - INFO - Hypothesis ag_005:float64,float64
[ 2022-12-09 12:08:45,069 ] 90 root - INFO - Hypothesis ag_006:float64,float64
[ 2022-12-09 12:08:45,071 ] 90 root - INFO - Hypothesis ag_007:float64,float64
[ 2022-12-09 12:08:45,072 ] 90 root - INFO - Hypothesis ag_008:float64,float64
[ 2022-12-09 12:08:45,074 ] 90 root - INFO - Hypothesis ag_009:float64,float64
[ 2022-12-09 12:08:45,076 ] 90 root - INFO - Hypothesis ah_000:float64,float64
[ 2022-12-09 12:08:45,078 ] 90 root - INFO - Hypothesis ai_000:float64,float64
[ 2022-12-09 12:08:45,079 ] 90 root - INFO - Hypothesis aj_000:float64,float64
[ 2022-12-09 12:08:45,080 ] 90 root - INFO - Hypothesis ak_000:float64,float64
[ 2022-12-09 12:08:45,081 ] 90 root - INFO - Hypothesis al_000:float64,float64
[ 2022-12-09 12:08:45,083 ] 90 root - INFO - Hypothesis am_0:float64,float64
[ 2022-12-09 12:08:45,084 ] 90 root - INFO - Hypothesis an_000:float64,float64
[ 2022-12-09 12:08:45,086 ] 90 root - INFO - Hypothesis ao_000:float64,float64
[ 2022-12-09 12:08:45,088 ] 90 root - INFO - Hypothesis ap_000:float64,float64
[ 2022-12-09 12:08:45,090 ] 90 root - INFO - Hypothesis aq_000:float64,float64
[ 2022-12-09 12:08:45,092 ] 90 root - INFO - Hypothesis ar_000:float64,float64
[ 2022-12-09 12:08:45,094 ] 90 root - INFO - Hypothesis as_000:float64,float64
[ 2022-12-09 12:08:45,095 ] 90 root - INFO - Hypothesis at_000:float64,float64
[ 2022-12-09 12:08:45,096 ] 90 root - INFO - Hypothesis au_000:float64,float64
[ 2022-12-09 12:08:45,097 ] 90 root - INFO - Hypothesis av_000:float64,float64
[ 2022-12-09 12:08:45,099 ] 90 root - INFO - Hypothesis ax_000:float64,float64
[ 2022-12-09 12:08:45,100 ] 90 root - INFO - Hypothesis ay_000:float64,float64
[ 2022-12-09 12:08:45,101 ] 90 root - INFO - Hypothesis ay_001:float64,float64
[ 2022-12-09 12:08:45,102 ] 90 root - INFO - Hypothesis ay_002:float64,float64
[ 2022-12-09 12:08:45,103 ] 90 root - INFO - Hypothesis ay_003:float64,float64
[ 2022-12-09 12:08:45,104 ] 90 root - INFO - Hypothesis ay_004:float64,float64
[ 2022-12-09 12:08:45,105 ] 90 root - INFO - Hypothesis ay_005:float64,float64
[ 2022-12-09 12:08:45,107 ] 90 root - INFO - Hypothesis ay_006:float64,float64
[ 2022-12-09 12:08:45,109 ] 90 root - INFO - Hypothesis ay_007:float64,float64
[ 2022-12-09 12:08:45,110 ] 90 root - INFO - Hypothesis ay_008:float64,float64
[ 2022-12-09 12:08:45,112 ] 90 root - INFO - Hypothesis ay_009:float64,float64
[ 2022-12-09 12:08:45,113 ] 90 root - INFO - Hypothesis az_000:float64,float64
[ 2022-12-09 12:08:45,116 ] 90 root - INFO - Hypothesis az_001:float64,float64
[ 2022-12-09 12:08:45,118 ] 90 root - INFO - Hypothesis az_002:float64,float64
[ 2022-12-09 12:08:45,120 ] 90 root - INFO - Hypothesis az_003:float64,float64
[ 2022-12-09 12:08:45,122 ] 90 root - INFO - Hypothesis az_004:float64,float64
[ 2022-12-09 12:08:45,124 ] 90 root - INFO - Hypothesis az_005:float64,float64
[ 2022-12-09 12:08:45,126 ] 90 root - INFO - Hypothesis az_006:float64,float64
[ 2022-12-09 12:08:45,128 ] 90 root - INFO - Hypothesis az_007:float64,float64
[ 2022-12-09 12:08:45,129 ] 90 root - INFO - Hypothesis az_008:float64,float64
[ 2022-12-09 12:08:45,130 ] 90 root - INFO - Hypothesis az_009:float64,float64
[ 2022-12-09 12:08:45,131 ] 90 root - INFO - Hypothesis ba_000:float64,float64
[ 2022-12-09 12:08:45,133 ] 90 root - INFO - Hypothesis ba_001:float64,float64
[ 2022-12-09 12:08:45,135 ] 90 root - INFO - Hypothesis ba_002:float64,float64
[ 2022-12-09 12:08:45,137 ] 90 root - INFO - Hypothesis ba_003:float64,float64
[ 2022-12-09 12:08:45,139 ] 90 root - INFO - Hypothesis ba_004:float64,float64
[ 2022-12-09 12:08:45,141 ] 90 root - INFO - Hypothesis ba_005:float64,float64
[ 2022-12-09 12:08:45,143 ] 90 root - INFO - Hypothesis ba_006:float64,float64
[ 2022-12-09 12:08:45,145 ] 90 root - INFO - Hypothesis ba_007:float64,float64
[ 2022-12-09 12:08:45,147 ] 90 root - INFO - Hypothesis ba_008:float64,float64
[ 2022-12-09 12:08:45,149 ] 90 root - INFO - Hypothesis ba_009:float64,float64
[ 2022-12-09 12:08:45,151 ] 90 root - INFO - Hypothesis bb_000:float64,float64
[ 2022-12-09 12:08:45,153 ] 90 root - INFO - Hypothesis bc_000:float64,float64
[ 2022-12-09 12:08:45,154 ] 90 root - INFO - Hypothesis bd_000:float64,float64
[ 2022-12-09 12:08:45,156 ] 90 root - INFO - Hypothesis be_000:float64,float64
[ 2022-12-09 12:08:45,158 ] 90 root - INFO - Hypothesis bf_000:float64,float64
[ 2022-12-09 12:08:45,159 ] 90 root - INFO - Hypothesis bg_000:float64,float64
[ 2022-12-09 12:08:45,162 ] 90 root - INFO - Hypothesis bh_000:float64,float64
[ 2022-12-09 12:08:45,164 ] 90 root - INFO - Hypothesis bi_000:float64,float64
[ 2022-12-09 12:08:45,166 ] 90 root - INFO - Hypothesis bj_000:float64,float64
[ 2022-12-09 12:08:45,168 ] 90 root - INFO - Hypothesis bk_000:float64,float64
[ 2022-12-09 12:08:45,170 ] 90 root - INFO - Hypothesis bl_000:float64,float64
[ 2022-12-09 12:08:45,171 ] 90 root - INFO - Hypothesis bm_000:float64,float64
[ 2022-12-09 12:08:45,172 ] 90 root - INFO - Hypothesis bs_000:float64,float64
[ 2022-12-09 12:08:45,175 ] 90 root - INFO - Hypothesis bt_000:float64,float64
[ 2022-12-09 12:08:45,177 ] 90 root - INFO - Hypothesis bu_000:float64,float64
[ 2022-12-09 12:08:45,179 ] 90 root - INFO - Hypothesis bv_000:float64,float64
[ 2022-12-09 12:08:45,181 ] 90 root - INFO - Hypothesis bx_000:float64,float64
[ 2022-12-09 12:08:45,183 ] 90 root - INFO - Hypothesis by_000:float64,float64
[ 2022-12-09 12:08:45,185 ] 90 root - INFO - Hypothesis bz_000:float64,float64
[ 2022-12-09 12:08:45,187 ] 90 root - INFO - Hypothesis ca_000:float64,float64
[ 2022-12-09 12:08:45,189 ] 90 root - INFO - Hypothesis cb_000:float64,float64
[ 2022-12-09 12:08:45,191 ] 90 root - INFO - Hypothesis cc_000:float64,float64
[ 2022-12-09 12:08:45,193 ] 90 root - INFO - Hypothesis cd_000:float64,float64
[ 2022-12-09 12:08:45,194 ] 90 root - INFO - Hypothesis ce_000:float64,float64
[ 2022-12-09 12:08:45,196 ] 90 root - INFO - Hypothesis cf_000:float64,float64
[ 2022-12-09 12:08:45,197 ] 90 root - INFO - Hypothesis cg_000:float64,float64
[ 2022-12-09 12:08:45,199 ] 90 root - INFO - Hypothesis ch_000:float64,float64
[ 2022-12-09 12:08:45,200 ] 90 root - INFO - Hypothesis ci_000:float64,float64
[ 2022-12-09 12:08:45,202 ] 90 root - INFO - Hypothesis cj_000:float64,float64
[ 2022-12-09 12:08:45,203 ] 90 root - INFO - Hypothesis ck_000:float64,float64
[ 2022-12-09 12:08:45,205 ] 90 root - INFO - Hypothesis cl_000:float64,float64
[ 2022-12-09 12:08:45,207 ] 90 root - INFO - Hypothesis cm_000:float64,float64
[ 2022-12-09 12:08:45,208 ] 90 root - INFO - Hypothesis cn_000:float64,float64
[ 2022-12-09 12:08:45,209 ] 90 root - INFO - Hypothesis cn_001:float64,float64
[ 2022-12-09 12:08:45,211 ] 90 root - INFO - Hypothesis cn_002:float64,float64
[ 2022-12-09 12:08:45,212 ] 90 root - INFO - Hypothesis cn_003:float64,float64
[ 2022-12-09 12:08:45,214 ] 90 root - INFO - Hypothesis cn_004:float64,float64
[ 2022-12-09 12:08:45,216 ] 90 root - INFO - Hypothesis cn_005:float64,float64
[ 2022-12-09 12:08:45,218 ] 90 root - INFO - Hypothesis cn_006:float64,float64
[ 2022-12-09 12:08:45,221 ] 90 root - INFO - Hypothesis cn_007:float64,float64
[ 2022-12-09 12:08:45,223 ] 90 root - INFO - Hypothesis cn_008:float64,float64
[ 2022-12-09 12:08:45,224 ] 90 root - INFO - Hypothesis cn_009:float64,float64
[ 2022-12-09 12:08:45,226 ] 90 root - INFO - Hypothesis co_000:float64,float64
[ 2022-12-09 12:08:45,228 ] 90 root - INFO - Hypothesis cp_000:float64,float64
[ 2022-12-09 12:08:45,229 ] 90 root - INFO - Hypothesis cq_000:float64,float64
[ 2022-12-09 12:08:45,231 ] 90 root - INFO - Hypothesis cs_000:float64,float64
[ 2022-12-09 12:08:45,234 ] 90 root - INFO - Hypothesis cs_001:float64,float64
[ 2022-12-09 12:08:45,236 ] 90 root - INFO - Hypothesis cs_002:float64,float64
[ 2022-12-09 12:08:45,238 ] 90 root - INFO - Hypothesis cs_003:float64,float64
[ 2022-12-09 12:08:45,240 ] 90 root - INFO - Hypothesis cs_004:float64,float64
[ 2022-12-09 12:08:45,242 ] 90 root - INFO - Hypothesis cs_005:float64,float64
[ 2022-12-09 12:08:45,244 ] 90 root - INFO - Hypothesis cs_006:float64,float64
[ 2022-12-09 12:08:45,246 ] 90 root - INFO - Hypothesis cs_007:float64,float64
[ 2022-12-09 12:08:45,248 ] 90 root - INFO - Hypothesis cs_008:float64,float64
[ 2022-12-09 12:08:45,250 ] 90 root - INFO - Hypothesis cs_009:float64,float64
[ 2022-12-09 12:08:45,251 ] 90 root - INFO - Hypothesis ct_000:float64,float64
[ 2022-12-09 12:08:45,252 ] 90 root - INFO - Hypothesis cu_000:float64,float64
[ 2022-12-09 12:08:45,254 ] 90 root - INFO - Hypothesis cv_000:float64,float64
[ 2022-12-09 12:08:45,256 ] 90 root - INFO - Hypothesis cx_000:float64,float64
[ 2022-12-09 12:08:45,258 ] 90 root - INFO - Hypothesis cy_000:float64,float64
[ 2022-12-09 12:08:45,259 ] 90 root - INFO - Hypothesis cz_000:float64,float64
[ 2022-12-09 12:08:45,261 ] 90 root - INFO - Hypothesis da_000:float64,float64
[ 2022-12-09 12:08:45,262 ] 90 root - INFO - Hypothesis db_000:float64,float64
[ 2022-12-09 12:08:45,263 ] 90 root - INFO - Hypothesis dc_000:float64,float64
[ 2022-12-09 12:08:45,265 ] 90 root - INFO - Hypothesis dd_000:float64,float64
[ 2022-12-09 12:08:45,267 ] 90 root - INFO - Hypothesis de_000:float64,float64
[ 2022-12-09 12:08:45,269 ] 90 root - INFO - Hypothesis df_000:float64,float64
[ 2022-12-09 12:08:45,270 ] 90 root - INFO - Hypothesis dg_000:float64,float64
[ 2022-12-09 12:08:45,271 ] 90 root - INFO - Hypothesis dh_000:float64,float64
[ 2022-12-09 12:08:45,273 ] 90 root - INFO - Hypothesis di_000:float64,float64
[ 2022-12-09 12:08:45,274 ] 90 root - INFO - Hypothesis dj_000:float64,float64
[ 2022-12-09 12:08:45,275 ] 90 root - INFO - Hypothesis dk_000:float64,float64
[ 2022-12-09 12:08:45,276 ] 90 root - INFO - Hypothesis dl_000:float64,float64
[ 2022-12-09 12:08:45,277 ] 90 root - INFO - Hypothesis dm_000:float64,float64
[ 2022-12-09 12:08:45,278 ] 90 root - INFO - Hypothesis dn_000:float64,float64
[ 2022-12-09 12:08:45,280 ] 90 root - INFO - Hypothesis do_000:float64,float64
[ 2022-12-09 12:08:45,282 ] 90 root - INFO - Hypothesis dp_000:float64,float64
[ 2022-12-09 12:08:45,284 ] 90 root - INFO - Hypothesis dq_000:float64,float64
[ 2022-12-09 12:08:45,285 ] 90 root - INFO - Hypothesis dr_000:float64,float64
[ 2022-12-09 12:08:45,286 ] 90 root - INFO - Hypothesis ds_000:float64,float64
[ 2022-12-09 12:08:45,289 ] 90 root - INFO - Hypothesis dt_000:float64,float64
[ 2022-12-09 12:08:45,291 ] 90 root - INFO - Hypothesis du_000:float64,float64
[ 2022-12-09 12:08:45,293 ] 90 root - INFO - Hypothesis dv_000:float64,float64
[ 2022-12-09 12:08:45,295 ] 90 root - INFO - Hypothesis dx_000:float64,float64
[ 2022-12-09 12:08:45,296 ] 90 root - INFO - Hypothesis dy_000:float64,float64
[ 2022-12-09 12:08:45,298 ] 90 root - INFO - Hypothesis dz_000:float64,float64
[ 2022-12-09 12:08:45,299 ] 90 root - INFO - Hypothesis ea_000:float64,float64
[ 2022-12-09 12:08:45,300 ] 90 root - INFO - Hypothesis eb_000:float64,float64
[ 2022-12-09 12:08:45,301 ] 90 root - INFO - Hypothesis ec_00:float64,float64
[ 2022-12-09 12:08:45,303 ] 90 root - INFO - Hypothesis ed_000:float64,float64
[ 2022-12-09 12:08:45,305 ] 90 root - INFO - Hypothesis ee_000:float64,float64
[ 2022-12-09 12:08:45,307 ] 90 root - INFO - Hypothesis ee_001:float64,float64
[ 2022-12-09 12:08:45,309 ] 90 root - INFO - Hypothesis ee_002:float64,float64
[ 2022-12-09 12:08:45,311 ] 90 root - INFO - Hypothesis ee_003:float64,float64
[ 2022-12-09 12:08:45,313 ] 90 root - INFO - Hypothesis ee_004:float64,float64
[ 2022-12-09 12:08:45,316 ] 90 root - INFO - Hypothesis ee_005:float64,float64
[ 2022-12-09 12:08:45,318 ] 90 root - INFO - Hypothesis ee_006:float64,float64
[ 2022-12-09 12:08:45,320 ] 90 root - INFO - Hypothesis ee_007:float64,float64
[ 2022-12-09 12:08:45,322 ] 90 root - INFO - Hypothesis ee_008:float64,float64
[ 2022-12-09 12:08:45,323 ] 90 root - INFO - Hypothesis ee_009:float64,float64
[ 2022-12-09 12:08:45,325 ] 90 root - INFO - Hypothesis ef_000:float64,float64
[ 2022-12-09 12:08:45,326 ] 90 root - INFO - Hypothesis eg_000:float64,float64
[ 2022-12-09 12:08:45,327 ] 148 root - INFO - Write report in yaml file
[ 2022-12-09 12:08:45,400 ] 152 root - INFO - Data_validation_artifact :{data_validation_artifact}
[ 2022-12-09 12:08:46,175 ] 72 root - INFO - Before Resampling, Train_data_input_shape : (28950, 170) , Train_data_target_shape : (28950,)
[ 2022-12-09 12:08:52,527 ] 74 root - INFO - After Resampling, Train_data_input_shape : (56134, 170) , Train_data_target_shape : (56134,)
[ 2022-12-09 12:08:52,527 ] 76 root - INFO - Before Resampling, Test_data_input_shape : (56134, 170) , Test_data_target_shape : (56134,)
[ 2022-12-09 12:08:53,292 ] 78 root - INFO - After Resampling, Test_data_input_shape : (56134, 170) , Test_data_target_shape : (56134,)
[ 2022-12-09 12:08:53,406 ] 59 root - INFO - Entered the save object method of Main Utils class
[ 2022-12-09 12:08:53,409 ] 59 root - INFO - Entered the save object method of Main Utils class
[ 2022-12-09 12:08:53,409 ] 102 root - INFO - Data transformation object DataTransformationArtifact(transform_object_path='/config/workspace/artifact/12092022__120830/data_transformation/transformed/transformer.pkl', transformed_train_path='/config/workspace/artifact/12092022__120830/data_transformation/transformed/train.csv', transformed_test_path='/config/workspace/artifact/12092022__120830/data_transformation/transformed/test.csv', target_encoder_object_path='/config/workspace/artifact/12092022__120830/data_transformation/target_encoder/target_encoder.pkl')
[ 2022-12-09 12:08:53,410 ] 39 root - INFO - loading train and test array
[ 2022-12-09 12:08:53,465 ] 43 root - INFO - splitting input and target feature
[ 2022-12-09 12:08:53,465 ] 47 root - INFO - model training
[ 2022-12-09 12:09:04,242 ] 50 root - INFO - calculating train score
[ 2022-12-09 12:09:04,296 ] 54 root - INFO - calculating test score
[ 2022-12-09 12:09:04,313 ] 58 root - INFO - model train score :0.9999821851673704, model test score :0.978935218583177
[ 2022-12-09 12:09:04,313 ] 60 root - INFO - checking for underfitting
[ 2022-12-09 12:09:04,313 ] 68 root - INFO - checking for overfitting
[ 2022-12-09 12:09:04,313 ] 75 root - INFO - saving the model object
[ 2022-12-09 12:09:04,313 ] 59 root - INFO - Entered the save object method of Main Utils class
[ 2022-12-09 12:09:04,319 ] 78 root - INFO - preparing the artifact
