[ 2022-12-09 12:01:55,996 ] 21 root - INFO - Exporting collection data as pandas dataframe
[ 2022-12-09 12:01:55,996 ] 24 root - INFO - reading data from database:aps and collection:sensor
[ 2022-12-09 12:01:59,554 ] 26 root - INFO - found columns:Index(['_id', 'class', 'aa_000', 'ab_000', 'ac_000', 'ad_000', 'ae_000',
       'af_000', 'ag_000', 'ag_001',
       ...
       'ee_002', 'ee_003', 'ee_004', 'ee_005', 'ee_006', 'ee_007', 'ee_008',
       'ee_009', 'ef_000', 'eg_000'],
      dtype='object', length=172)
[ 2022-12-09 12:01:59,554 ] 28 root - INFO - dropping columns: _id
[ 2022-12-09 12:01:59,747 ] 30 root - INFO - columns and rows in df is (36188, 171)
[ 2022-12-09 12:01:59,747 ] 28 root - INFO - Save data in feature store
[ 2022-12-09 12:02:00,260 ] 34 root - INFO - Create feature store folder if not available
[ 2022-12-09 12:02:00,260 ] 38 root - INFO - Save df to feature store folder
[ 2022-12-09 12:02:02,598 ] 43 root - INFO - split dataset into train and test set
[ 2022-12-09 12:02:03,085 ] 47 root - INFO - create dataset directory folder if not available
[ 2022-12-09 12:02:03,085 ] 52 root - INFO - Save df to feature store folder
[ 2022-12-09 12:02:05,224 ] 64 root - INFO - Data ingestion artifact: DataIngestionArtifact(feature_store_file_path='/config/workspace/artifact/12092022__120155/data_ingestion/feature_store/sensor.csv', train_file_path='/config/workspace/artifact/12092022__120155/data_ingestion/dataset/train.csv', test_file_path='/config/workspace/artifact/12092022__120155/data_ingestion/dataset/test.csv')
[ 2022-12-09 12:02:05,731 ] 19 root - INFO - <<<<<<<<<<<<<<<<<<<<<<<<<<<<<<<<<<<<<<<< Data Validation >>>>>>>>>>>>>>>>>>>>>>>>>>>>>>>>>>>>>>>>
[ 2022-12-09 12:02:05,731 ] 115 root - INFO - reading base dataframe
[ 2022-12-09 12:02:07,463 ] 118 root - INFO - replaced na values with np.nan in base df
[ 2022-12-09 12:02:07,463 ] 120 root - INFO - dropping null values columns from base dataframe
[ 2022-12-09 12:02:08,402 ] 42 root - INFO - selecting columns names containing null values above 0.7
[ 2022-12-09 12:02:08,403 ] 45 root - INFO - columns to drop: ['ab_000', 'bn_000', 'bo_000', 'bp_000', 'bq_000', 'br_000', 'cr_000']
[ 2022-12-09 12:02:08,495 ] 123 root - INFO - Reading train dataframe
[ 2022-12-09 12:02:08,868 ] 125 root - INFO - Reading test dataframe
[ 2022-12-09 12:02:08,975 ] 128 root - INFO - dropping null values columns from train dataframe
[ 2022-12-09 12:02:08,995 ] 42 root - INFO - selecting columns names containing null values above 0.7
[ 2022-12-09 12:02:08,995 ] 45 root - INFO - columns to drop: ['ab_000', 'bn_000', 'bo_000', 'bp_000', 'bq_000', 'br_000', 'cr_000']
[ 2022-12-09 12:02:09,072 ] 130 root - INFO - dropping null values columns from test dataframe
[ 2022-12-09 12:02:09,076 ] 42 root - INFO - selecting columns names containing null values above 0.7
[ 2022-12-09 12:02:09,077 ] 45 root - INFO - columns to drop: ['ab_000', 'bn_000', 'bo_000', 'bp_000', 'bq_000', 'br_000', 'cr_000']
[ 2022-12-09 12:02:09,606 ] 142 root - INFO - As all column are available in train df hence detecting data_drift
[ 2022-12-09 12:02:09,606 ] 90 root - INFO - Hypothesis class:object,object
[ 2022-12-09 12:02:09,671 ] 90 root - INFO - Hypothesis aa_000:float64,float64
[ 2022-12-09 12:02:09,677 ] 90 root - INFO - Hypothesis ac_000:float64,float64
[ 2022-12-09 12:02:09,682 ] 90 root - INFO - Hypothesis ad_000:float64,float64
[ 2022-12-09 12:02:09,686 ] 90 root - INFO - Hypothesis ae_000:float64,float64
[ 2022-12-09 12:02:09,689 ] 90 root - INFO - Hypothesis af_000:float64,float64
[ 2022-12-09 12:02:09,692 ] 90 root - INFO - Hypothesis ag_000:float64,float64
[ 2022-12-09 12:02:09,705 ] 90 root - INFO - Hypothesis ag_001:float64,float64
[ 2022-12-09 12:02:09,719 ] 90 root - INFO - Hypothesis ag_002:float64,float64
[ 2022-12-09 12:02:09,722 ] 90 root - INFO - Hypothesis ag_003:float64,float64
[ 2022-12-09 12:02:09,726 ] 90 root - INFO - Hypothesis ag_004:float64,float64
[ 2022-12-09 12:02:09,732 ] 90 root - INFO - Hypothesis ag_005:float64,float64
[ 2022-12-09 12:02:09,737 ] 90 root - INFO - Hypothesis ag_006:float64,float64
[ 2022-12-09 12:02:09,743 ] 90 root - INFO - Hypothesis ag_007:float64,float64
[ 2022-12-09 12:02:09,749 ] 90 root - INFO - Hypothesis ag_008:float64,float64
[ 2022-12-09 12:02:09,753 ] 90 root - INFO - Hypothesis ag_009:float64,float64
[ 2022-12-09 12:02:09,757 ] 90 root - INFO - Hypothesis ah_000:float64,float64
[ 2022-12-09 12:02:09,763 ] 90 root - INFO - Hypothesis ai_000:float64,float64
[ 2022-12-09 12:02:09,767 ] 90 root - INFO - Hypothesis aj_000:float64,float64
[ 2022-12-09 12:02:09,770 ] 90 root - INFO - Hypothesis ak_000:float64,float64
[ 2022-12-09 12:02:09,773 ] 90 root - INFO - Hypothesis al_000:float64,float64
[ 2022-12-09 12:02:09,777 ] 90 root - INFO - Hypothesis am_0:float64,float64
[ 2022-12-09 12:02:09,781 ] 90 root - INFO - Hypothesis an_000:float64,float64
[ 2022-12-09 12:02:09,787 ] 90 root - INFO - Hypothesis ao_000:float64,float64
[ 2022-12-09 12:02:09,793 ] 90 root - INFO - Hypothesis ap_000:float64,float64
[ 2022-12-09 12:02:09,799 ] 90 root - INFO - Hypothesis aq_000:float64,float64
[ 2022-12-09 12:02:09,805 ] 90 root - INFO - Hypothesis ar_000:float64,float64
[ 2022-12-09 12:02:09,808 ] 90 root - INFO - Hypothesis as_000:float64,float64
[ 2022-12-09 12:02:09,822 ] 90 root - INFO - Hypothesis at_000:float64,float64
[ 2022-12-09 12:02:09,826 ] 90 root - INFO - Hypothesis au_000:float64,float64
[ 2022-12-09 12:02:09,840 ] 90 root - INFO - Hypothesis av_000:float64,float64
[ 2022-12-09 12:02:09,845 ] 90 root - INFO - Hypothesis ax_000:float64,float64
[ 2022-12-09 12:02:09,849 ] 90 root - INFO - Hypothesis ay_000:float64,float64
[ 2022-12-09 12:02:09,863 ] 90 root - INFO - Hypothesis ay_001:float64,float64
[ 2022-12-09 12:02:09,877 ] 90 root - INFO - Hypothesis ay_002:float64,float64
[ 2022-12-09 12:02:09,890 ] 90 root - INFO - Hypothesis ay_003:float64,float64
[ 2022-12-09 12:02:09,904 ] 90 root - INFO - Hypothesis ay_004:float64,float64
[ 2022-12-09 12:02:09,906 ] 90 root - INFO - Hypothesis ay_005:float64,float64
[ 2022-12-09 12:02:09,911 ] 90 root - INFO - Hypothesis ay_006:float64,float64
[ 2022-12-09 12:02:09,916 ] 90 root - INFO - Hypothesis ay_007:float64,float64
[ 2022-12-09 12:02:09,922 ] 90 root - INFO - Hypothesis ay_008:float64,float64
[ 2022-12-09 12:02:09,928 ] 90 root - INFO - Hypothesis ay_009:float64,float64
[ 2022-12-09 12:02:09,930 ] 90 root - INFO - Hypothesis az_000:float64,float64
[ 2022-12-09 12:02:09,936 ] 90 root - INFO - Hypothesis az_001:float64,float64
[ 2022-12-09 12:02:09,941 ] 90 root - INFO - Hypothesis az_002:float64,float64
[ 2022-12-09 12:02:09,947 ] 90 root - INFO - Hypothesis az_003:float64,float64
[ 2022-12-09 12:02:09,952 ] 90 root - INFO - Hypothesis az_004:float64,float64
[ 2022-12-09 12:02:09,958 ] 90 root - INFO - Hypothesis az_005:float64,float64
[ 2022-12-09 12:02:09,964 ] 90 root - INFO - Hypothesis az_006:float64,float64
[ 2022-12-09 12:02:09,969 ] 90 root - INFO - Hypothesis az_007:float64,float64
[ 2022-12-09 12:02:09,972 ] 90 root - INFO - Hypothesis az_008:float64,float64
[ 2022-12-09 12:02:09,976 ] 90 root - INFO - Hypothesis az_009:float64,float64
[ 2022-12-09 12:02:09,979 ] 90 root - INFO - Hypothesis ba_000:float64,float64
[ 2022-12-09 12:02:09,985 ] 90 root - INFO - Hypothesis ba_001:float64,float64
[ 2022-12-09 12:02:09,990 ] 90 root - INFO - Hypothesis ba_002:float64,float64
[ 2022-12-09 12:02:09,997 ] 90 root - INFO - Hypothesis ba_003:float64,float64
[ 2022-12-09 12:02:10,003 ] 90 root - INFO - Hypothesis ba_004:float64,float64
[ 2022-12-09 12:02:10,009 ] 90 root - INFO - Hypothesis ba_005:float64,float64
[ 2022-12-09 12:02:10,015 ] 90 root - INFO - Hypothesis ba_006:float64,float64
[ 2022-12-09 12:02:10,021 ] 90 root - INFO - Hypothesis ba_007:float64,float64
[ 2022-12-09 12:02:10,027 ] 90 root - INFO - Hypothesis ba_008:float64,float64
[ 2022-12-09 12:02:10,032 ] 90 root - INFO - Hypothesis ba_009:float64,float64
[ 2022-12-09 12:02:10,036 ] 90 root - INFO - Hypothesis bb_000:float64,float64
[ 2022-12-09 12:02:10,043 ] 90 root - INFO - Hypothesis bc_000:float64,float64
[ 2022-12-09 12:02:10,047 ] 90 root - INFO - Hypothesis bd_000:float64,float64
[ 2022-12-09 12:02:10,053 ] 90 root - INFO - Hypothesis be_000:float64,float64
[ 2022-12-09 12:02:10,058 ] 90 root - INFO - Hypothesis bf_000:float64,float64
[ 2022-12-09 12:02:10,063 ] 90 root - INFO - Hypothesis bg_000:float64,float64
[ 2022-12-09 12:02:10,069 ] 90 root - INFO - Hypothesis bh_000:float64,float64
[ 2022-12-09 12:02:10,075 ] 90 root - INFO - Hypothesis bi_000:float64,float64
[ 2022-12-09 12:02:10,081 ] 90 root - INFO - Hypothesis bj_000:float64,float64
[ 2022-12-09 12:02:10,087 ] 90 root - INFO - Hypothesis bk_000:float64,float64
[ 2022-12-09 12:02:10,092 ] 90 root - INFO - Hypothesis bl_000:float64,float64
[ 2022-12-09 12:02:10,096 ] 90 root - INFO - Hypothesis bm_000:float64,float64
[ 2022-12-09 12:02:10,100 ] 90 root - INFO - Hypothesis bs_000:float64,float64
[ 2022-12-09 12:02:10,106 ] 90 root - INFO - Hypothesis bt_000:float64,float64
[ 2022-12-09 12:02:10,112 ] 90 root - INFO - Hypothesis bu_000:float64,float64
[ 2022-12-09 12:02:10,118 ] 90 root - INFO - Hypothesis bv_000:float64,float64
[ 2022-12-09 12:02:10,125 ] 90 root - INFO - Hypothesis bx_000:float64,float64
[ 2022-12-09 12:02:10,131 ] 90 root - INFO - Hypothesis by_000:float64,float64
[ 2022-12-09 12:02:10,136 ] 90 root - INFO - Hypothesis bz_000:float64,float64
[ 2022-12-09 12:02:10,141 ] 90 root - INFO - Hypothesis ca_000:float64,float64
[ 2022-12-09 12:02:10,157 ] 90 root - INFO - Hypothesis cb_000:float64,float64
[ 2022-12-09 12:02:10,164 ] 90 root - INFO - Hypothesis cc_000:float64,float64
[ 2022-12-09 12:02:10,170 ] 90 root - INFO - Hypothesis cd_000:float64,float64
[ 2022-12-09 12:02:10,184 ] 90 root - INFO - Hypothesis ce_000:float64,float64
[ 2022-12-09 12:02:10,190 ] 90 root - INFO - Hypothesis cf_000:float64,float64
[ 2022-12-09 12:02:10,193 ] 90 root - INFO - Hypothesis cg_000:float64,float64
[ 2022-12-09 12:02:10,197 ] 90 root - INFO - Hypothesis ch_000:float64,float64
[ 2022-12-09 12:02:10,201 ] 90 root - INFO - Hypothesis ci_000:float64,float64
[ 2022-12-09 12:02:10,207 ] 90 root - INFO - Hypothesis cj_000:float64,float64
[ 2022-12-09 12:02:10,210 ] 90 root - INFO - Hypothesis ck_000:float64,float64
[ 2022-12-09 12:02:10,216 ] 90 root - INFO - Hypothesis cl_000:float64,float64
[ 2022-12-09 12:02:10,220 ] 90 root - INFO - Hypothesis cm_000:float64,float64
[ 2022-12-09 12:02:10,224 ] 90 root - INFO - Hypothesis cn_000:float64,float64
[ 2022-12-09 12:02:10,227 ] 90 root - INFO - Hypothesis cn_001:float64,float64
[ 2022-12-09 12:02:10,230 ] 90 root - INFO - Hypothesis cn_002:float64,float64
[ 2022-12-09 12:02:10,234 ] 90 root - INFO - Hypothesis cn_003:float64,float64
[ 2022-12-09 12:02:10,241 ] 90 root - INFO - Hypothesis cn_004:float64,float64
[ 2022-12-09 12:02:10,247 ] 90 root - INFO - Hypothesis cn_005:float64,float64
[ 2022-12-09 12:02:10,253 ] 90 root - INFO - Hypothesis cn_006:float64,float64
[ 2022-12-09 12:02:10,259 ] 90 root - INFO - Hypothesis cn_007:float64,float64
[ 2022-12-09 12:02:10,264 ] 90 root - INFO - Hypothesis cn_008:float64,float64
[ 2022-12-09 12:02:10,269 ] 90 root - INFO - Hypothesis cn_009:float64,float64
[ 2022-12-09 12:02:10,274 ] 90 root - INFO - Hypothesis co_000:float64,float64
[ 2022-12-09 12:02:10,278 ] 90 root - INFO - Hypothesis cp_000:float64,float64
[ 2022-12-09 12:02:10,283 ] 90 root - INFO - Hypothesis cq_000:float64,float64
[ 2022-12-09 12:02:10,289 ] 90 root - INFO - Hypothesis cs_000:float64,float64
[ 2022-12-09 12:02:10,295 ] 90 root - INFO - Hypothesis cs_001:float64,float64
[ 2022-12-09 12:02:10,300 ] 90 root - INFO - Hypothesis cs_002:float64,float64
[ 2022-12-09 12:02:10,305 ] 90 root - INFO - Hypothesis cs_003:float64,float64
[ 2022-12-09 12:02:10,311 ] 90 root - INFO - Hypothesis cs_004:float64,float64
[ 2022-12-09 12:02:10,317 ] 90 root - INFO - Hypothesis cs_005:float64,float64
[ 2022-12-09 12:02:10,323 ] 90 root - INFO - Hypothesis cs_006:float64,float64
[ 2022-12-09 12:02:10,329 ] 90 root - INFO - Hypothesis cs_007:float64,float64
[ 2022-12-09 12:02:10,335 ] 90 root - INFO - Hypothesis cs_008:float64,float64
[ 2022-12-09 12:02:10,339 ] 90 root - INFO - Hypothesis cs_009:float64,float64
[ 2022-12-09 12:02:10,353 ] 90 root - INFO - Hypothesis ct_000:float64,float64
[ 2022-12-09 12:02:10,358 ] 90 root - INFO - Hypothesis cu_000:float64,float64
[ 2022-12-09 12:02:10,362 ] 90 root - INFO - Hypothesis cv_000:float64,float64
[ 2022-12-09 12:02:10,368 ] 90 root - INFO - Hypothesis cx_000:float64,float64
[ 2022-12-09 12:02:10,373 ] 90 root - INFO - Hypothesis cy_000:float64,float64
[ 2022-12-09 12:02:10,376 ] 90 root - INFO - Hypothesis cz_000:float64,float64
[ 2022-12-09 12:02:10,381 ] 90 root - INFO - Hypothesis da_000:float64,float64
[ 2022-12-09 12:02:10,396 ] 90 root - INFO - Hypothesis db_000:float64,float64
[ 2022-12-09 12:02:10,411 ] 90 root - INFO - Hypothesis dc_000:float64,float64
[ 2022-12-09 12:02:10,416 ] 90 root - INFO - Hypothesis dd_000:float64,float64
[ 2022-12-09 12:02:10,422 ] 90 root - INFO - Hypothesis de_000:float64,float64
[ 2022-12-09 12:02:10,427 ] 90 root - INFO - Hypothesis df_000:float64,float64
[ 2022-12-09 12:02:10,430 ] 90 root - INFO - Hypothesis dg_000:float64,float64
[ 2022-12-09 12:02:10,432 ] 90 root - INFO - Hypothesis dh_000:float64,float64
[ 2022-12-09 12:02:10,436 ] 90 root - INFO - Hypothesis di_000:float64,float64
[ 2022-12-09 12:02:10,439 ] 90 root - INFO - Hypothesis dj_000:float64,float64
[ 2022-12-09 12:02:10,442 ] 90 root - INFO - Hypothesis dk_000:float64,float64
[ 2022-12-09 12:02:10,445 ] 90 root - INFO - Hypothesis dl_000:float64,float64
[ 2022-12-09 12:02:10,448 ] 90 root - INFO - Hypothesis dm_000:float64,float64
[ 2022-12-09 12:02:10,451 ] 90 root - INFO - Hypothesis dn_000:float64,float64
[ 2022-12-09 12:02:10,457 ] 90 root - INFO - Hypothesis do_000:float64,float64
[ 2022-12-09 12:02:10,462 ] 90 root - INFO - Hypothesis dp_000:float64,float64
[ 2022-12-09 12:02:10,468 ] 90 root - INFO - Hypothesis dq_000:float64,float64
[ 2022-12-09 12:02:10,472 ] 90 root - INFO - Hypothesis dr_000:float64,float64
[ 2022-12-09 12:02:10,476 ] 90 root - INFO - Hypothesis ds_000:float64,float64
[ 2022-12-09 12:02:10,481 ] 90 root - INFO - Hypothesis dt_000:float64,float64
[ 2022-12-09 12:02:10,488 ] 90 root - INFO - Hypothesis du_000:float64,float64
[ 2022-12-09 12:02:10,493 ] 90 root - INFO - Hypothesis dv_000:float64,float64
[ 2022-12-09 12:02:10,499 ] 90 root - INFO - Hypothesis dx_000:float64,float64
[ 2022-12-09 12:02:10,503 ] 90 root - INFO - Hypothesis dy_000:float64,float64
[ 2022-12-09 12:02:10,507 ] 90 root - INFO - Hypothesis dz_000:float64,float64
[ 2022-12-09 12:02:10,510 ] 90 root - INFO - Hypothesis ea_000:float64,float64
[ 2022-12-09 12:02:10,513 ] 90 root - INFO - Hypothesis eb_000:float64,float64
[ 2022-12-09 12:02:10,518 ] 90 root - INFO - Hypothesis ec_00:float64,float64
[ 2022-12-09 12:02:10,523 ] 90 root - INFO - Hypothesis ed_000:float64,float64
[ 2022-12-09 12:02:10,529 ] 90 root - INFO - Hypothesis ee_000:float64,float64
[ 2022-12-09 12:02:10,535 ] 90 root - INFO - Hypothesis ee_001:float64,float64
[ 2022-12-09 12:02:10,541 ] 90 root - INFO - Hypothesis ee_002:float64,float64
[ 2022-12-09 12:02:10,549 ] 90 root - INFO - Hypothesis ee_003:float64,float64
[ 2022-12-09 12:02:10,555 ] 90 root - INFO - Hypothesis ee_004:float64,float64
[ 2022-12-09 12:02:10,561 ] 90 root - INFO - Hypothesis ee_005:float64,float64
[ 2022-12-09 12:02:10,567 ] 90 root - INFO - Hypothesis ee_006:float64,float64
[ 2022-12-09 12:02:10,573 ] 90 root - INFO - Hypothesis ee_007:float64,float64
[ 2022-12-09 12:02:10,579 ] 90 root - INFO - Hypothesis ee_008:float64,float64
[ 2022-12-09 12:02:10,584 ] 90 root - INFO - Hypothesis ee_009:float64,float64
[ 2022-12-09 12:02:10,589 ] 90 root - INFO - Hypothesis ef_000:float64,float64
[ 2022-12-09 12:02:10,592 ] 90 root - INFO - Hypothesis eg_000:float64,float64
[ 2022-12-09 12:02:10,595 ] 145 root - INFO - As all column are available in train df hence detecting data_drift
[ 2022-12-09 12:02:10,595 ] 90 root - INFO - Hypothesis class:object,object
[ 2022-12-09 12:02:10,613 ] 90 root - INFO - Hypothesis aa_000:float64,float64
[ 2022-12-09 12:02:10,615 ] 90 root - INFO - Hypothesis ac_000:float64,float64
[ 2022-12-09 12:02:10,617 ] 90 root - INFO - Hypothesis ad_000:float64,float64
[ 2022-12-09 12:02:10,619 ] 90 root - INFO - Hypothesis ae_000:float64,float64
[ 2022-12-09 12:02:10,620 ] 90 root - INFO - Hypothesis af_000:float64,float64
[ 2022-12-09 12:02:10,621 ] 90 root - INFO - Hypothesis ag_000:float64,float64
[ 2022-12-09 12:02:10,622 ] 90 root - INFO - Hypothesis ag_001:float64,float64
[ 2022-12-09 12:02:10,623 ] 90 root - INFO - Hypothesis ag_002:float64,float64
[ 2022-12-09 12:02:10,624 ] 90 root - INFO - Hypothesis ag_003:float64,float64
[ 2022-12-09 12:02:10,625 ] 90 root - INFO - Hypothesis ag_004:float64,float64
[ 2022-12-09 12:02:10,628 ] 90 root - INFO - Hypothesis ag_005:float64,float64
[ 2022-12-09 12:02:10,630 ] 90 root - INFO - Hypothesis ag_006:float64,float64
[ 2022-12-09 12:02:10,632 ] 90 root - INFO - Hypothesis ag_007:float64,float64
[ 2022-12-09 12:02:10,634 ] 90 root - INFO - Hypothesis ag_008:float64,float64
[ 2022-12-09 12:02:10,635 ] 90 root - INFO - Hypothesis ag_009:float64,float64
[ 2022-12-09 12:02:10,637 ] 90 root - INFO - Hypothesis ah_000:float64,float64
[ 2022-12-09 12:02:10,639 ] 90 root - INFO - Hypothesis ai_000:float64,float64
[ 2022-12-09 12:02:10,640 ] 90 root - INFO - Hypothesis aj_000:float64,float64
[ 2022-12-09 12:02:10,641 ] 90 root - INFO - Hypothesis ak_000:float64,float64
[ 2022-12-09 12:02:10,642 ] 90 root - INFO - Hypothesis al_000:float64,float64
[ 2022-12-09 12:02:10,644 ] 90 root - INFO - Hypothesis am_0:float64,float64
[ 2022-12-09 12:02:10,645 ] 90 root - INFO - Hypothesis an_000:float64,float64
[ 2022-12-09 12:02:10,647 ] 90 root - INFO - Hypothesis ao_000:float64,float64
[ 2022-12-09 12:02:10,650 ] 90 root - INFO - Hypothesis ap_000:float64,float64
[ 2022-12-09 12:02:10,652 ] 90 root - INFO - Hypothesis aq_000:float64,float64
[ 2022-12-09 12:02:10,654 ] 90 root - INFO - Hypothesis ar_000:float64,float64
[ 2022-12-09 12:02:10,655 ] 90 root - INFO - Hypothesis as_000:float64,float64
[ 2022-12-09 12:02:10,656 ] 90 root - INFO - Hypothesis at_000:float64,float64
[ 2022-12-09 12:02:10,657 ] 90 root - INFO - Hypothesis au_000:float64,float64
[ 2022-12-09 12:02:10,658 ] 90 root - INFO - Hypothesis av_000:float64,float64
[ 2022-12-09 12:02:10,659 ] 90 root - INFO - Hypothesis ax_000:float64,float64
[ 2022-12-09 12:02:10,661 ] 90 root - INFO - Hypothesis ay_000:float64,float64
[ 2022-12-09 12:02:10,662 ] 90 root - INFO - Hypothesis ay_001:float64,float64
[ 2022-12-09 12:02:10,663 ] 90 root - INFO - Hypothesis ay_002:float64,float64
[ 2022-12-09 12:02:10,664 ] 90 root - INFO - Hypothesis ay_003:float64,float64
[ 2022-12-09 12:02:10,665 ] 90 root - INFO - Hypothesis ay_004:float64,float64
[ 2022-12-09 12:02:10,666 ] 90 root - INFO - Hypothesis ay_005:float64,float64
[ 2022-12-09 12:02:10,667 ] 90 root - INFO - Hypothesis ay_006:float64,float64
[ 2022-12-09 12:02:10,669 ] 90 root - INFO - Hypothesis ay_007:float64,float64
[ 2022-12-09 12:02:10,671 ] 90 root - INFO - Hypothesis ay_008:float64,float64
[ 2022-12-09 12:02:10,673 ] 90 root - INFO - Hypothesis ay_009:float64,float64
[ 2022-12-09 12:02:10,674 ] 90 root - INFO - Hypothesis az_000:float64,float64
[ 2022-12-09 12:02:10,676 ] 90 root - INFO - Hypothesis az_001:float64,float64
[ 2022-12-09 12:02:10,678 ] 90 root - INFO - Hypothesis az_002:float64,float64
[ 2022-12-09 12:02:10,680 ] 90 root - INFO - Hypothesis az_003:float64,float64
[ 2022-12-09 12:02:10,682 ] 90 root - INFO - Hypothesis az_004:float64,float64
[ 2022-12-09 12:02:10,684 ] 90 root - INFO - Hypothesis az_005:float64,float64
[ 2022-12-09 12:02:10,686 ] 90 root - INFO - Hypothesis az_006:float64,float64
[ 2022-12-09 12:02:10,688 ] 90 root - INFO - Hypothesis az_007:float64,float64
[ 2022-12-09 12:02:10,689 ] 90 root - INFO - Hypothesis az_008:float64,float64
[ 2022-12-09 12:02:10,691 ] 90 root - INFO - Hypothesis az_009:float64,float64
[ 2022-12-09 12:02:10,692 ] 90 root - INFO - Hypothesis ba_000:float64,float64
[ 2022-12-09 12:02:10,694 ] 90 root - INFO - Hypothesis ba_001:float64,float64
[ 2022-12-09 12:02:10,696 ] 90 root - INFO - Hypothesis ba_002:float64,float64
[ 2022-12-09 12:02:10,698 ] 90 root - INFO - Hypothesis ba_003:float64,float64
[ 2022-12-09 12:02:10,700 ] 90 root - INFO - Hypothesis ba_004:float64,float64
[ 2022-12-09 12:02:10,702 ] 90 root - INFO - Hypothesis ba_005:float64,float64
[ 2022-12-09 12:02:10,704 ] 90 root - INFO - Hypothesis ba_006:float64,float64
[ 2022-12-09 12:02:10,706 ] 90 root - INFO - Hypothesis ba_007:float64,float64
[ 2022-12-09 12:02:10,708 ] 90 root - INFO - Hypothesis ba_008:float64,float64
[ 2022-12-09 12:02:10,709 ] 90 root - INFO - Hypothesis ba_009:float64,float64
[ 2022-12-09 12:02:10,711 ] 90 root - INFO - Hypothesis bb_000:float64,float64
[ 2022-12-09 12:02:10,714 ] 90 root - INFO - Hypothesis bc_000:float64,float64
[ 2022-12-09 12:02:10,715 ] 90 root - INFO - Hypothesis bd_000:float64,float64
[ 2022-12-09 12:02:10,717 ] 90 root - INFO - Hypothesis be_000:float64,float64
[ 2022-12-09 12:02:10,719 ] 90 root - INFO - Hypothesis bf_000:float64,float64
[ 2022-12-09 12:02:10,721 ] 90 root - INFO - Hypothesis bg_000:float64,float64
[ 2022-12-09 12:02:10,723 ] 90 root - INFO - Hypothesis bh_000:float64,float64
[ 2022-12-09 12:02:10,725 ] 90 root - INFO - Hypothesis bi_000:float64,float64
[ 2022-12-09 12:02:10,727 ] 90 root - INFO - Hypothesis bj_000:float64,float64
[ 2022-12-09 12:02:10,729 ] 90 root - INFO - Hypothesis bk_000:float64,float64
[ 2022-12-09 12:02:10,731 ] 90 root - INFO - Hypothesis bl_000:float64,float64
[ 2022-12-09 12:02:10,732 ] 90 root - INFO - Hypothesis bm_000:float64,float64
[ 2022-12-09 12:02:10,733 ] 90 root - INFO - Hypothesis bs_000:float64,float64
[ 2022-12-09 12:02:10,736 ] 90 root - INFO - Hypothesis bt_000:float64,float64
[ 2022-12-09 12:02:10,738 ] 90 root - INFO - Hypothesis bu_000:float64,float64
[ 2022-12-09 12:02:10,740 ] 90 root - INFO - Hypothesis bv_000:float64,float64
[ 2022-12-09 12:02:10,742 ] 90 root - INFO - Hypothesis bx_000:float64,float64
[ 2022-12-09 12:02:10,744 ] 90 root - INFO - Hypothesis by_000:float64,float64
[ 2022-12-09 12:02:10,746 ] 90 root - INFO - Hypothesis bz_000:float64,float64
[ 2022-12-09 12:02:10,748 ] 90 root - INFO - Hypothesis ca_000:float64,float64
[ 2022-12-09 12:02:10,750 ] 90 root - INFO - Hypothesis cb_000:float64,float64
[ 2022-12-09 12:02:10,752 ] 90 root - INFO - Hypothesis cc_000:float64,float64
[ 2022-12-09 12:02:10,754 ] 90 root - INFO - Hypothesis cd_000:float64,float64
[ 2022-12-09 12:02:10,755 ] 90 root - INFO - Hypothesis ce_000:float64,float64
[ 2022-12-09 12:02:10,757 ] 90 root - INFO - Hypothesis cf_000:float64,float64
[ 2022-12-09 12:02:10,758 ] 90 root - INFO - Hypothesis cg_000:float64,float64
[ 2022-12-09 12:02:10,760 ] 90 root - INFO - Hypothesis ch_000:float64,float64
[ 2022-12-09 12:02:10,761 ] 90 root - INFO - Hypothesis ci_000:float64,float64
[ 2022-12-09 12:02:10,763 ] 90 root - INFO - Hypothesis cj_000:float64,float64
[ 2022-12-09 12:02:10,764 ] 90 root - INFO - Hypothesis ck_000:float64,float64
[ 2022-12-09 12:02:10,767 ] 90 root - INFO - Hypothesis cl_000:float64,float64
[ 2022-12-09 12:02:10,768 ] 90 root - INFO - Hypothesis cm_000:float64,float64
[ 2022-12-09 12:02:10,769 ] 90 root - INFO - Hypothesis cn_000:float64,float64
[ 2022-12-09 12:02:10,770 ] 90 root - INFO - Hypothesis cn_001:float64,float64
[ 2022-12-09 12:02:10,772 ] 90 root - INFO - Hypothesis cn_002:float64,float64
[ 2022-12-09 12:02:10,773 ] 90 root - INFO - Hypothesis cn_003:float64,float64
[ 2022-12-09 12:02:10,775 ] 90 root - INFO - Hypothesis cn_004:float64,float64
[ 2022-12-09 12:02:10,777 ] 90 root - INFO - Hypothesis cn_005:float64,float64
[ 2022-12-09 12:02:10,779 ] 90 root - INFO - Hypothesis cn_006:float64,float64
[ 2022-12-09 12:02:10,781 ] 90 root - INFO - Hypothesis cn_007:float64,float64
[ 2022-12-09 12:02:10,783 ] 90 root - INFO - Hypothesis cn_008:float64,float64
[ 2022-12-09 12:02:10,785 ] 90 root - INFO - Hypothesis cn_009:float64,float64
[ 2022-12-09 12:02:10,787 ] 90 root - INFO - Hypothesis co_000:float64,float64
[ 2022-12-09 12:02:10,788 ] 90 root - INFO - Hypothesis cp_000:float64,float64
[ 2022-12-09 12:02:10,790 ] 90 root - INFO - Hypothesis cq_000:float64,float64
[ 2022-12-09 12:02:10,792 ] 90 root - INFO - Hypothesis cs_000:float64,float64
[ 2022-12-09 12:02:10,794 ] 90 root - INFO - Hypothesis cs_001:float64,float64
[ 2022-12-09 12:02:10,796 ] 90 root - INFO - Hypothesis cs_002:float64,float64
[ 2022-12-09 12:02:10,798 ] 90 root - INFO - Hypothesis cs_003:float64,float64
[ 2022-12-09 12:02:10,800 ] 90 root - INFO - Hypothesis cs_004:float64,float64
[ 2022-12-09 12:02:10,802 ] 90 root - INFO - Hypothesis cs_005:float64,float64
[ 2022-12-09 12:02:10,804 ] 90 root - INFO - Hypothesis cs_006:float64,float64
[ 2022-12-09 12:02:10,807 ] 90 root - INFO - Hypothesis cs_007:float64,float64
[ 2022-12-09 12:02:10,809 ] 90 root - INFO - Hypothesis cs_008:float64,float64
[ 2022-12-09 12:02:10,810 ] 90 root - INFO - Hypothesis cs_009:float64,float64
[ 2022-12-09 12:02:10,811 ] 90 root - INFO - Hypothesis ct_000:float64,float64
[ 2022-12-09 12:02:10,813 ] 90 root - INFO - Hypothesis cu_000:float64,float64
[ 2022-12-09 12:02:10,815 ] 90 root - INFO - Hypothesis cv_000:float64,float64
[ 2022-12-09 12:02:10,817 ] 90 root - INFO - Hypothesis cx_000:float64,float64
[ 2022-12-09 12:02:10,819 ] 90 root - INFO - Hypothesis cy_000:float64,float64
[ 2022-12-09 12:02:10,820 ] 90 root - INFO - Hypothesis cz_000:float64,float64
[ 2022-12-09 12:02:10,822 ] 90 root - INFO - Hypothesis da_000:float64,float64
[ 2022-12-09 12:02:10,823 ] 90 root - INFO - Hypothesis db_000:float64,float64
[ 2022-12-09 12:02:10,824 ] 90 root - INFO - Hypothesis dc_000:float64,float64
[ 2022-12-09 12:02:10,826 ] 90 root - INFO - Hypothesis dd_000:float64,float64
[ 2022-12-09 12:02:10,828 ] 90 root - INFO - Hypothesis de_000:float64,float64
[ 2022-12-09 12:02:10,830 ] 90 root - INFO - Hypothesis df_000:float64,float64
[ 2022-12-09 12:02:10,831 ] 90 root - INFO - Hypothesis dg_000:float64,float64
[ 2022-12-09 12:02:10,832 ] 90 root - INFO - Hypothesis dh_000:float64,float64
[ 2022-12-09 12:02:10,834 ] 90 root - INFO - Hypothesis di_000:float64,float64
[ 2022-12-09 12:02:10,835 ] 90 root - INFO - Hypothesis dj_000:float64,float64
[ 2022-12-09 12:02:10,836 ] 90 root - INFO - Hypothesis dk_000:float64,float64
[ 2022-12-09 12:02:10,837 ] 90 root - INFO - Hypothesis dl_000:float64,float64
[ 2022-12-09 12:02:10,838 ] 90 root - INFO - Hypothesis dm_000:float64,float64
[ 2022-12-09 12:02:10,839 ] 90 root - INFO - Hypothesis dn_000:float64,float64
[ 2022-12-09 12:02:10,841 ] 90 root - INFO - Hypothesis do_000:float64,float64
[ 2022-12-09 12:02:10,843 ] 90 root - INFO - Hypothesis dp_000:float64,float64
[ 2022-12-09 12:02:10,845 ] 90 root - INFO - Hypothesis dq_000:float64,float64
[ 2022-12-09 12:02:10,846 ] 90 root - INFO - Hypothesis dr_000:float64,float64
[ 2022-12-09 12:02:10,847 ] 90 root - INFO - Hypothesis ds_000:float64,float64
[ 2022-12-09 12:02:10,849 ] 90 root - INFO - Hypothesis dt_000:float64,float64
[ 2022-12-09 12:02:10,851 ] 90 root - INFO - Hypothesis du_000:float64,float64
[ 2022-12-09 12:02:10,854 ] 90 root - INFO - Hypothesis dv_000:float64,float64
[ 2022-12-09 12:02:10,856 ] 90 root - INFO - Hypothesis dx_000:float64,float64
[ 2022-12-09 12:02:10,857 ] 90 root - INFO - Hypothesis dy_000:float64,float64
[ 2022-12-09 12:02:10,859 ] 90 root - INFO - Hypothesis dz_000:float64,float64
[ 2022-12-09 12:02:10,860 ] 90 root - INFO - Hypothesis ea_000:float64,float64
[ 2022-12-09 12:02:10,861 ] 90 root - INFO - Hypothesis eb_000:float64,float64
[ 2022-12-09 12:02:10,862 ] 90 root - INFO - Hypothesis ec_00:float64,float64
[ 2022-12-09 12:02:10,864 ] 90 root - INFO - Hypothesis ed_000:float64,float64
[ 2022-12-09 12:02:10,866 ] 90 root - INFO - Hypothesis ee_000:float64,float64
[ 2022-12-09 12:02:10,868 ] 90 root - INFO - Hypothesis ee_001:float64,float64
[ 2022-12-09 12:02:10,870 ] 90 root - INFO - Hypothesis ee_002:float64,float64
[ 2022-12-09 12:02:10,872 ] 90 root - INFO - Hypothesis ee_003:float64,float64
[ 2022-12-09 12:02:10,874 ] 90 root - INFO - Hypothesis ee_004:float64,float64
[ 2022-12-09 12:02:10,876 ] 90 root - INFO - Hypothesis ee_005:float64,float64
[ 2022-12-09 12:02:10,879 ] 90 root - INFO - Hypothesis ee_006:float64,float64
[ 2022-12-09 12:02:10,881 ] 90 root - INFO - Hypothesis ee_007:float64,float64
[ 2022-12-09 12:02:10,883 ] 90 root - INFO - Hypothesis ee_008:float64,float64
[ 2022-12-09 12:02:10,884 ] 90 root - INFO - Hypothesis ee_009:float64,float64
[ 2022-12-09 12:02:10,886 ] 90 root - INFO - Hypothesis ef_000:float64,float64
[ 2022-12-09 12:02:10,887 ] 90 root - INFO - Hypothesis eg_000:float64,float64
[ 2022-12-09 12:02:10,888 ] 148 root - INFO - Write report in yaml file
[ 2022-12-09 12:02:10,963 ] 152 root - INFO - Data_validation_artifact :{data_validation_artifact}
[ 2022-12-09 12:02:11,811 ] 72 root - INFO - Before Resampling, Train_data_input_shape : (28950, 170) , Train_data_target_shape : (28950,)
[ 2022-12-09 12:02:18,114 ] 74 root - INFO - After Resampling, Train_data_input_shape : (56178, 170) , Train_data_target_shape : (56178,)
[ 2022-12-09 12:02:18,114 ] 76 root - INFO - Before Resampling, Test_data_input_shape : (56178, 170) , Test_data_target_shape : (56178,)
[ 2022-12-09 12:02:18,730 ] 78 root - INFO - After Resampling, Test_data_input_shape : (56178, 170) , Test_data_target_shape : (56178,)
[ 2022-12-09 12:02:18,849 ] 59 root - INFO - Entered the save object method of Main Utils class
[ 2022-12-09 12:02:18,852 ] 59 root - INFO - Entered the save object method of Main Utils class
[ 2022-12-09 12:02:18,852 ] 102 root - INFO - Data transformation object DataTransformationArtifact(transform_object_path='/config/workspace/artifact/12092022__120155/data_transformation/transformed/transformer.pkl', transformed_train_path='/config/workspace/artifact/12092022__120155/data_transformation/transformed/train.csv', transformed_test_path='/config/workspace/artifact/12092022__120155/data_transformation/transformed/test.csv', target_encoder_object_path='/config/workspace/artifact/12092022__120155/data_transformation/target_encoder/target_encoder.pkl')
