[ 2022-12-09 12:11:39,980 ] 21 root - INFO - Exporting collection data as pandas dataframe
[ 2022-12-09 12:11:39,980 ] 24 root - INFO - reading data from database:aps and collection:sensor
[ 2022-12-09 12:11:43,500 ] 26 root - INFO - found columns:Index(['_id', 'class', 'aa_000', 'ab_000', 'ac_000', 'ad_000', 'ae_000',
       'af_000', 'ag_000', 'ag_001',
       ...
       'ee_002', 'ee_003', 'ee_004', 'ee_005', 'ee_006', 'ee_007', 'ee_008',
       'ee_009', 'ef_000', 'eg_000'],
      dtype='object', length=172)
[ 2022-12-09 12:11:43,500 ] 28 root - INFO - dropping columns: _id
[ 2022-12-09 12:11:43,705 ] 30 root - INFO - columns and rows in df is (36188, 171)
[ 2022-12-09 12:11:43,705 ] 28 root - INFO - Save data in feature store
[ 2022-12-09 12:11:44,229 ] 34 root - INFO - Create feature store folder if not available
[ 2022-12-09 12:11:44,229 ] 38 root - INFO - Save df to feature store folder
[ 2022-12-09 12:11:46,908 ] 43 root - INFO - split dataset into train and test set
[ 2022-12-09 12:11:47,431 ] 47 root - INFO - create dataset directory folder if not available
[ 2022-12-09 12:11:47,432 ] 52 root - INFO - Save df to feature store folder
[ 2022-12-09 12:11:49,693 ] 64 root - INFO - Data ingestion artifact: DataIngestionArtifact(feature_store_file_path='/config/workspace/artifact/12092022__121139/data_ingestion/feature_store/sensor.csv', train_file_path='/config/workspace/artifact/12092022__121139/data_ingestion/dataset/train.csv', test_file_path='/config/workspace/artifact/12092022__121139/data_ingestion/dataset/test.csv')
[ 2022-12-09 12:11:50,192 ] 19 root - INFO - <<<<<<<<<<<<<<<<<<<<<<<<<<<<<<<<<<<<<<<< Data Validation >>>>>>>>>>>>>>>>>>>>>>>>>>>>>>>>>>>>>>>>
[ 2022-12-09 12:11:50,193 ] 115 root - INFO - reading base dataframe
[ 2022-12-09 12:11:51,916 ] 118 root - INFO - replaced na values with np.nan in base df
[ 2022-12-09 12:11:51,916 ] 120 root - INFO - dropping null values columns from base dataframe
[ 2022-12-09 12:11:52,863 ] 42 root - INFO - selecting columns names containing null values above 0.7
[ 2022-12-09 12:11:52,864 ] 45 root - INFO - columns to drop: ['ab_000', 'bn_000', 'bo_000', 'bp_000', 'bq_000', 'br_000', 'cr_000']
[ 2022-12-09 12:11:52,959 ] 123 root - INFO - Reading train dataframe
[ 2022-12-09 12:11:53,343 ] 125 root - INFO - Reading test dataframe
[ 2022-12-09 12:11:53,445 ] 128 root - INFO - dropping null values columns from train dataframe
[ 2022-12-09 12:11:53,456 ] 42 root - INFO - selecting columns names containing null values above 0.7
[ 2022-12-09 12:11:53,456 ] 45 root - INFO - columns to drop: ['ab_000', 'bn_000', 'bo_000', 'bp_000', 'bq_000', 'br_000', 'cr_000']
[ 2022-12-09 12:11:53,531 ] 130 root - INFO - dropping null values columns from test dataframe
[ 2022-12-09 12:11:53,535 ] 42 root - INFO - selecting columns names containing null values above 0.7
[ 2022-12-09 12:11:53,535 ] 45 root - INFO - columns to drop: ['ab_000', 'bn_000', 'bo_000', 'bp_000', 'bq_000', 'br_000', 'cr_000']
[ 2022-12-09 12:11:54,054 ] 142 root - INFO - As all column are available in train df hence detecting data_drift
[ 2022-12-09 12:11:54,055 ] 90 root - INFO - Hypothesis class:object,object
[ 2022-12-09 12:11:54,122 ] 90 root - INFO - Hypothesis aa_000:float64,float64
[ 2022-12-09 12:11:54,128 ] 90 root - INFO - Hypothesis ac_000:float64,float64
[ 2022-12-09 12:11:54,133 ] 90 root - INFO - Hypothesis ad_000:float64,float64
[ 2022-12-09 12:11:54,137 ] 90 root - INFO - Hypothesis ae_000:float64,float64
[ 2022-12-09 12:11:54,140 ] 90 root - INFO - Hypothesis af_000:float64,float64
[ 2022-12-09 12:11:54,143 ] 90 root - INFO - Hypothesis ag_000:float64,float64
[ 2022-12-09 12:11:54,157 ] 90 root - INFO - Hypothesis ag_001:float64,float64
[ 2022-12-09 12:11:54,170 ] 90 root - INFO - Hypothesis ag_002:float64,float64
[ 2022-12-09 12:11:54,184 ] 90 root - INFO - Hypothesis ag_003:float64,float64
[ 2022-12-09 12:11:54,188 ] 90 root - INFO - Hypothesis ag_004:float64,float64
[ 2022-12-09 12:11:54,194 ] 90 root - INFO - Hypothesis ag_005:float64,float64
[ 2022-12-09 12:11:54,200 ] 90 root - INFO - Hypothesis ag_006:float64,float64
[ 2022-12-09 12:11:54,205 ] 90 root - INFO - Hypothesis ag_007:float64,float64
[ 2022-12-09 12:11:54,211 ] 90 root - INFO - Hypothesis ag_008:float64,float64
[ 2022-12-09 12:11:54,216 ] 90 root - INFO - Hypothesis ag_009:float64,float64
[ 2022-12-09 12:11:54,220 ] 90 root - INFO - Hypothesis ah_000:float64,float64
[ 2022-12-09 12:11:54,226 ] 90 root - INFO - Hypothesis ai_000:float64,float64
[ 2022-12-09 12:11:54,229 ] 90 root - INFO - Hypothesis aj_000:float64,float64
[ 2022-12-09 12:11:54,232 ] 90 root - INFO - Hypothesis ak_000:float64,float64
[ 2022-12-09 12:11:54,247 ] 90 root - INFO - Hypothesis al_000:float64,float64
[ 2022-12-09 12:11:54,251 ] 90 root - INFO - Hypothesis am_0:float64,float64
[ 2022-12-09 12:11:54,255 ] 90 root - INFO - Hypothesis an_000:float64,float64
[ 2022-12-09 12:11:54,261 ] 90 root - INFO - Hypothesis ao_000:float64,float64
[ 2022-12-09 12:11:54,267 ] 90 root - INFO - Hypothesis ap_000:float64,float64
[ 2022-12-09 12:11:54,273 ] 90 root - INFO - Hypothesis aq_000:float64,float64
[ 2022-12-09 12:11:54,279 ] 90 root - INFO - Hypothesis ar_000:float64,float64
[ 2022-12-09 12:11:54,293 ] 90 root - INFO - Hypothesis as_000:float64,float64
[ 2022-12-09 12:11:54,309 ] 90 root - INFO - Hypothesis at_000:float64,float64
[ 2022-12-09 12:11:54,312 ] 90 root - INFO - Hypothesis au_000:float64,float64
[ 2022-12-09 12:11:54,326 ] 90 root - INFO - Hypothesis av_000:float64,float64
[ 2022-12-09 12:11:54,331 ] 90 root - INFO - Hypothesis ax_000:float64,float64
[ 2022-12-09 12:11:54,335 ] 90 root - INFO - Hypothesis ay_000:float64,float64
[ 2022-12-09 12:11:54,350 ] 90 root - INFO - Hypothesis ay_001:float64,float64
[ 2022-12-09 12:11:54,352 ] 90 root - INFO - Hypothesis ay_002:float64,float64
[ 2022-12-09 12:11:54,367 ] 90 root - INFO - Hypothesis ay_003:float64,float64
[ 2022-12-09 12:11:54,381 ] 90 root - INFO - Hypothesis ay_004:float64,float64
[ 2022-12-09 12:11:54,384 ] 90 root - INFO - Hypothesis ay_005:float64,float64
[ 2022-12-09 12:11:54,389 ] 90 root - INFO - Hypothesis ay_006:float64,float64
[ 2022-12-09 12:11:54,394 ] 90 root - INFO - Hypothesis ay_007:float64,float64
[ 2022-12-09 12:11:54,402 ] 90 root - INFO - Hypothesis ay_008:float64,float64
[ 2022-12-09 12:11:54,408 ] 90 root - INFO - Hypothesis ay_009:float64,float64
[ 2022-12-09 12:11:54,422 ] 90 root - INFO - Hypothesis az_000:float64,float64
[ 2022-12-09 12:11:54,427 ] 90 root - INFO - Hypothesis az_001:float64,float64
[ 2022-12-09 12:11:54,433 ] 90 root - INFO - Hypothesis az_002:float64,float64
[ 2022-12-09 12:11:54,448 ] 90 root - INFO - Hypothesis az_003:float64,float64
[ 2022-12-09 12:11:54,454 ] 90 root - INFO - Hypothesis az_004:float64,float64
[ 2022-12-09 12:11:54,460 ] 90 root - INFO - Hypothesis az_005:float64,float64
[ 2022-12-09 12:11:54,466 ] 90 root - INFO - Hypothesis az_006:float64,float64
[ 2022-12-09 12:11:54,471 ] 90 root - INFO - Hypothesis az_007:float64,float64
[ 2022-12-09 12:11:54,474 ] 90 root - INFO - Hypothesis az_008:float64,float64
[ 2022-12-09 12:11:54,477 ] 90 root - INFO - Hypothesis az_009:float64,float64
[ 2022-12-09 12:11:54,480 ] 90 root - INFO - Hypothesis ba_000:float64,float64
[ 2022-12-09 12:11:54,486 ] 90 root - INFO - Hypothesis ba_001:float64,float64
[ 2022-12-09 12:11:54,491 ] 90 root - INFO - Hypothesis ba_002:float64,float64
[ 2022-12-09 12:11:54,497 ] 90 root - INFO - Hypothesis ba_003:float64,float64
[ 2022-12-09 12:11:54,503 ] 90 root - INFO - Hypothesis ba_004:float64,float64
[ 2022-12-09 12:11:54,509 ] 90 root - INFO - Hypothesis ba_005:float64,float64
[ 2022-12-09 12:11:54,515 ] 90 root - INFO - Hypothesis ba_006:float64,float64
[ 2022-12-09 12:11:54,520 ] 90 root - INFO - Hypothesis ba_007:float64,float64
[ 2022-12-09 12:11:54,526 ] 90 root - INFO - Hypothesis ba_008:float64,float64
[ 2022-12-09 12:11:54,531 ] 90 root - INFO - Hypothesis ba_009:float64,float64
[ 2022-12-09 12:11:54,538 ] 90 root - INFO - Hypothesis bb_000:float64,float64
[ 2022-12-09 12:11:54,544 ] 90 root - INFO - Hypothesis bc_000:float64,float64
[ 2022-12-09 12:11:54,549 ] 90 root - INFO - Hypothesis bd_000:float64,float64
[ 2022-12-09 12:11:54,554 ] 90 root - INFO - Hypothesis be_000:float64,float64
[ 2022-12-09 12:11:54,559 ] 90 root - INFO - Hypothesis bf_000:float64,float64
[ 2022-12-09 12:11:54,563 ] 90 root - INFO - Hypothesis bg_000:float64,float64
[ 2022-12-09 12:11:54,569 ] 90 root - INFO - Hypothesis bh_000:float64,float64
[ 2022-12-09 12:11:54,575 ] 90 root - INFO - Hypothesis bi_000:float64,float64
[ 2022-12-09 12:11:54,581 ] 90 root - INFO - Hypothesis bj_000:float64,float64
[ 2022-12-09 12:11:54,587 ] 90 root - INFO - Hypothesis bk_000:float64,float64
[ 2022-12-09 12:11:54,592 ] 90 root - INFO - Hypothesis bl_000:float64,float64
[ 2022-12-09 12:11:54,596 ] 90 root - INFO - Hypothesis bm_000:float64,float64
[ 2022-12-09 12:11:54,599 ] 90 root - INFO - Hypothesis bs_000:float64,float64
[ 2022-12-09 12:11:54,605 ] 90 root - INFO - Hypothesis bt_000:float64,float64
[ 2022-12-09 12:11:54,611 ] 90 root - INFO - Hypothesis bu_000:float64,float64
[ 2022-12-09 12:11:54,617 ] 90 root - INFO - Hypothesis bv_000:float64,float64
[ 2022-12-09 12:11:54,623 ] 90 root - INFO - Hypothesis bx_000:float64,float64
[ 2022-12-09 12:11:54,629 ] 90 root - INFO - Hypothesis by_000:float64,float64
[ 2022-12-09 12:11:54,635 ] 90 root - INFO - Hypothesis bz_000:float64,float64
[ 2022-12-09 12:11:54,640 ] 90 root - INFO - Hypothesis ca_000:float64,float64
[ 2022-12-09 12:11:54,646 ] 90 root - INFO - Hypothesis cb_000:float64,float64
[ 2022-12-09 12:11:54,652 ] 90 root - INFO - Hypothesis cc_000:float64,float64
[ 2022-12-09 12:11:54,658 ] 90 root - INFO - Hypothesis cd_000:float64,float64
[ 2022-12-09 12:11:54,672 ] 90 root - INFO - Hypothesis ce_000:float64,float64
[ 2022-12-09 12:11:54,677 ] 90 root - INFO - Hypothesis cf_000:float64,float64
[ 2022-12-09 12:11:54,680 ] 90 root - INFO - Hypothesis cg_000:float64,float64
[ 2022-12-09 12:11:54,684 ] 90 root - INFO - Hypothesis ch_000:float64,float64
[ 2022-12-09 12:11:54,687 ] 90 root - INFO - Hypothesis ci_000:float64,float64
[ 2022-12-09 12:11:54,693 ] 90 root - INFO - Hypothesis cj_000:float64,float64
[ 2022-12-09 12:11:54,697 ] 90 root - INFO - Hypothesis ck_000:float64,float64
[ 2022-12-09 12:11:54,703 ] 90 root - INFO - Hypothesis cl_000:float64,float64
[ 2022-12-09 12:11:54,706 ] 90 root - INFO - Hypothesis cm_000:float64,float64
[ 2022-12-09 12:11:54,710 ] 90 root - INFO - Hypothesis cn_000:float64,float64
[ 2022-12-09 12:11:54,713 ] 90 root - INFO - Hypothesis cn_001:float64,float64
[ 2022-12-09 12:11:54,716 ] 90 root - INFO - Hypothesis cn_002:float64,float64
[ 2022-12-09 12:11:54,721 ] 90 root - INFO - Hypothesis cn_003:float64,float64
[ 2022-12-09 12:11:54,727 ] 90 root - INFO - Hypothesis cn_004:float64,float64
[ 2022-12-09 12:11:54,733 ] 90 root - INFO - Hypothesis cn_005:float64,float64
[ 2022-12-09 12:11:54,739 ] 90 root - INFO - Hypothesis cn_006:float64,float64
[ 2022-12-09 12:11:54,744 ] 90 root - INFO - Hypothesis cn_007:float64,float64
[ 2022-12-09 12:11:54,750 ] 90 root - INFO - Hypothesis cn_008:float64,float64
[ 2022-12-09 12:11:54,755 ] 90 root - INFO - Hypothesis cn_009:float64,float64
[ 2022-12-09 12:11:54,759 ] 90 root - INFO - Hypothesis co_000:float64,float64
[ 2022-12-09 12:11:54,763 ] 90 root - INFO - Hypothesis cp_000:float64,float64
[ 2022-12-09 12:11:54,768 ] 90 root - INFO - Hypothesis cq_000:float64,float64
[ 2022-12-09 12:11:54,774 ] 90 root - INFO - Hypothesis cs_000:float64,float64
[ 2022-12-09 12:11:54,779 ] 90 root - INFO - Hypothesis cs_001:float64,float64
[ 2022-12-09 12:11:54,784 ] 90 root - INFO - Hypothesis cs_002:float64,float64
[ 2022-12-09 12:11:54,790 ] 90 root - INFO - Hypothesis cs_003:float64,float64
[ 2022-12-09 12:11:54,796 ] 90 root - INFO - Hypothesis cs_004:float64,float64
[ 2022-12-09 12:11:54,811 ] 90 root - INFO - Hypothesis cs_005:float64,float64
[ 2022-12-09 12:11:54,817 ] 90 root - INFO - Hypothesis cs_006:float64,float64
[ 2022-12-09 12:11:54,823 ] 90 root - INFO - Hypothesis cs_007:float64,float64
[ 2022-12-09 12:11:54,830 ] 90 root - INFO - Hypothesis cs_008:float64,float64
[ 2022-12-09 12:11:54,835 ] 90 root - INFO - Hypothesis cs_009:float64,float64
[ 2022-12-09 12:11:54,849 ] 90 root - INFO - Hypothesis ct_000:float64,float64
[ 2022-12-09 12:11:54,854 ] 90 root - INFO - Hypothesis cu_000:float64,float64
[ 2022-12-09 12:11:54,859 ] 90 root - INFO - Hypothesis cv_000:float64,float64
[ 2022-12-09 12:11:54,864 ] 90 root - INFO - Hypothesis cx_000:float64,float64
[ 2022-12-09 12:11:54,869 ] 90 root - INFO - Hypothesis cy_000:float64,float64
[ 2022-12-09 12:11:54,873 ] 90 root - INFO - Hypothesis cz_000:float64,float64
[ 2022-12-09 12:11:54,877 ] 90 root - INFO - Hypothesis da_000:float64,float64
[ 2022-12-09 12:11:54,880 ] 90 root - INFO - Hypothesis db_000:float64,float64
[ 2022-12-09 12:11:54,883 ] 90 root - INFO - Hypothesis dc_000:float64,float64
[ 2022-12-09 12:11:54,889 ] 90 root - INFO - Hypothesis dd_000:float64,float64
[ 2022-12-09 12:11:54,894 ] 90 root - INFO - Hypothesis de_000:float64,float64
[ 2022-12-09 12:11:54,899 ] 90 root - INFO - Hypothesis df_000:float64,float64
[ 2022-12-09 12:11:54,902 ] 90 root - INFO - Hypothesis dg_000:float64,float64
[ 2022-12-09 12:11:54,905 ] 90 root - INFO - Hypothesis dh_000:float64,float64
[ 2022-12-09 12:11:54,908 ] 90 root - INFO - Hypothesis di_000:float64,float64
[ 2022-12-09 12:11:54,911 ] 90 root - INFO - Hypothesis dj_000:float64,float64
[ 2022-12-09 12:11:54,926 ] 90 root - INFO - Hypothesis dk_000:float64,float64
[ 2022-12-09 12:11:54,940 ] 90 root - INFO - Hypothesis dl_000:float64,float64
[ 2022-12-09 12:11:54,954 ] 90 root - INFO - Hypothesis dm_000:float64,float64
[ 2022-12-09 12:11:54,968 ] 90 root - INFO - Hypothesis dn_000:float64,float64
[ 2022-12-09 12:11:54,974 ] 90 root - INFO - Hypothesis do_000:float64,float64
[ 2022-12-09 12:11:54,979 ] 90 root - INFO - Hypothesis dp_000:float64,float64
[ 2022-12-09 12:11:54,985 ] 90 root - INFO - Hypothesis dq_000:float64,float64
[ 2022-12-09 12:11:54,988 ] 90 root - INFO - Hypothesis dr_000:float64,float64
[ 2022-12-09 12:11:54,992 ] 90 root - INFO - Hypothesis ds_000:float64,float64
[ 2022-12-09 12:11:54,998 ] 90 root - INFO - Hypothesis dt_000:float64,float64
[ 2022-12-09 12:11:55,004 ] 90 root - INFO - Hypothesis du_000:float64,float64
[ 2022-12-09 12:11:55,009 ] 90 root - INFO - Hypothesis dv_000:float64,float64
[ 2022-12-09 12:11:55,015 ] 90 root - INFO - Hypothesis dx_000:float64,float64
[ 2022-12-09 12:11:55,020 ] 90 root - INFO - Hypothesis dy_000:float64,float64
[ 2022-12-09 12:11:55,024 ] 90 root - INFO - Hypothesis dz_000:float64,float64
[ 2022-12-09 12:11:55,026 ] 90 root - INFO - Hypothesis ea_000:float64,float64
[ 2022-12-09 12:11:55,029 ] 90 root - INFO - Hypothesis eb_000:float64,float64
[ 2022-12-09 12:11:55,034 ] 90 root - INFO - Hypothesis ec_00:float64,float64
[ 2022-12-09 12:11:55,049 ] 90 root - INFO - Hypothesis ed_000:float64,float64
[ 2022-12-09 12:11:55,054 ] 90 root - INFO - Hypothesis ee_000:float64,float64
[ 2022-12-09 12:11:55,060 ] 90 root - INFO - Hypothesis ee_001:float64,float64
[ 2022-12-09 12:11:55,067 ] 90 root - INFO - Hypothesis ee_002:float64,float64
[ 2022-12-09 12:11:55,073 ] 90 root - INFO - Hypothesis ee_003:float64,float64
[ 2022-12-09 12:11:55,079 ] 90 root - INFO - Hypothesis ee_004:float64,float64
[ 2022-12-09 12:11:55,085 ] 90 root - INFO - Hypothesis ee_005:float64,float64
[ 2022-12-09 12:11:55,091 ] 90 root - INFO - Hypothesis ee_006:float64,float64
[ 2022-12-09 12:11:55,097 ] 90 root - INFO - Hypothesis ee_007:float64,float64
[ 2022-12-09 12:11:55,102 ] 90 root - INFO - Hypothesis ee_008:float64,float64
[ 2022-12-09 12:11:55,108 ] 90 root - INFO - Hypothesis ee_009:float64,float64
[ 2022-12-09 12:11:55,113 ] 90 root - INFO - Hypothesis ef_000:float64,float64
[ 2022-12-09 12:11:55,128 ] 90 root - INFO - Hypothesis eg_000:float64,float64
[ 2022-12-09 12:11:55,131 ] 145 root - INFO - As all column are available in train df hence detecting data_drift
[ 2022-12-09 12:11:55,131 ] 90 root - INFO - Hypothesis class:object,object
[ 2022-12-09 12:11:55,150 ] 90 root - INFO - Hypothesis aa_000:float64,float64
[ 2022-12-09 12:11:55,152 ] 90 root - INFO - Hypothesis ac_000:float64,float64
[ 2022-12-09 12:11:55,154 ] 90 root - INFO - Hypothesis ad_000:float64,float64
[ 2022-12-09 12:11:55,155 ] 90 root - INFO - Hypothesis ae_000:float64,float64
[ 2022-12-09 12:11:55,156 ] 90 root - INFO - Hypothesis af_000:float64,float64
[ 2022-12-09 12:11:55,157 ] 90 root - INFO - Hypothesis ag_000:float64,float64
[ 2022-12-09 12:11:55,158 ] 90 root - INFO - Hypothesis ag_001:float64,float64
[ 2022-12-09 12:11:55,159 ] 90 root - INFO - Hypothesis ag_002:float64,float64
[ 2022-12-09 12:11:55,160 ] 90 root - INFO - Hypothesis ag_003:float64,float64
[ 2022-12-09 12:11:55,162 ] 90 root - INFO - Hypothesis ag_004:float64,float64
[ 2022-12-09 12:11:55,164 ] 90 root - INFO - Hypothesis ag_005:float64,float64
[ 2022-12-09 12:11:55,166 ] 90 root - INFO - Hypothesis ag_006:float64,float64
[ 2022-12-09 12:11:55,168 ] 90 root - INFO - Hypothesis ag_007:float64,float64
[ 2022-12-09 12:11:55,170 ] 90 root - INFO - Hypothesis ag_008:float64,float64
[ 2022-12-09 12:11:55,171 ] 90 root - INFO - Hypothesis ag_009:float64,float64
[ 2022-12-09 12:11:55,173 ] 90 root - INFO - Hypothesis ah_000:float64,float64
[ 2022-12-09 12:11:55,175 ] 90 root - INFO - Hypothesis ai_000:float64,float64
[ 2022-12-09 12:11:55,176 ] 90 root - INFO - Hypothesis aj_000:float64,float64
[ 2022-12-09 12:11:55,177 ] 90 root - INFO - Hypothesis ak_000:float64,float64
[ 2022-12-09 12:11:55,178 ] 90 root - INFO - Hypothesis al_000:float64,float64
[ 2022-12-09 12:11:55,180 ] 90 root - INFO - Hypothesis am_0:float64,float64
[ 2022-12-09 12:11:55,182 ] 90 root - INFO - Hypothesis an_000:float64,float64
[ 2022-12-09 12:11:55,184 ] 90 root - INFO - Hypothesis ao_000:float64,float64
[ 2022-12-09 12:11:55,186 ] 90 root - INFO - Hypothesis ap_000:float64,float64
[ 2022-12-09 12:11:55,188 ] 90 root - INFO - Hypothesis aq_000:float64,float64
[ 2022-12-09 12:11:55,190 ] 90 root - INFO - Hypothesis ar_000:float64,float64
[ 2022-12-09 12:11:55,191 ] 90 root - INFO - Hypothesis as_000:float64,float64
[ 2022-12-09 12:11:55,192 ] 90 root - INFO - Hypothesis at_000:float64,float64
[ 2022-12-09 12:11:55,193 ] 90 root - INFO - Hypothesis au_000:float64,float64
[ 2022-12-09 12:11:55,194 ] 90 root - INFO - Hypothesis av_000:float64,float64
[ 2022-12-09 12:11:55,196 ] 90 root - INFO - Hypothesis ax_000:float64,float64
[ 2022-12-09 12:11:55,198 ] 90 root - INFO - Hypothesis ay_000:float64,float64
[ 2022-12-09 12:11:55,199 ] 90 root - INFO - Hypothesis ay_001:float64,float64
[ 2022-12-09 12:11:55,200 ] 90 root - INFO - Hypothesis ay_002:float64,float64
[ 2022-12-09 12:11:55,201 ] 90 root - INFO - Hypothesis ay_003:float64,float64
[ 2022-12-09 12:11:55,202 ] 90 root - INFO - Hypothesis ay_004:float64,float64
[ 2022-12-09 12:11:55,203 ] 90 root - INFO - Hypothesis ay_005:float64,float64
[ 2022-12-09 12:11:55,204 ] 90 root - INFO - Hypothesis ay_006:float64,float64
[ 2022-12-09 12:11:55,206 ] 90 root - INFO - Hypothesis ay_007:float64,float64
[ 2022-12-09 12:11:55,208 ] 90 root - INFO - Hypothesis ay_008:float64,float64
[ 2022-12-09 12:11:55,210 ] 90 root - INFO - Hypothesis ay_009:float64,float64
[ 2022-12-09 12:11:55,211 ] 90 root - INFO - Hypothesis az_000:float64,float64
[ 2022-12-09 12:11:55,214 ] 90 root - INFO - Hypothesis az_001:float64,float64
[ 2022-12-09 12:11:55,216 ] 90 root - INFO - Hypothesis az_002:float64,float64
[ 2022-12-09 12:11:55,218 ] 90 root - INFO - Hypothesis az_003:float64,float64
[ 2022-12-09 12:11:55,220 ] 90 root - INFO - Hypothesis az_004:float64,float64
[ 2022-12-09 12:11:55,222 ] 90 root - INFO - Hypothesis az_005:float64,float64
[ 2022-12-09 12:11:55,224 ] 90 root - INFO - Hypothesis az_006:float64,float64
[ 2022-12-09 12:11:55,226 ] 90 root - INFO - Hypothesis az_007:float64,float64
[ 2022-12-09 12:11:55,227 ] 90 root - INFO - Hypothesis az_008:float64,float64
[ 2022-12-09 12:11:55,228 ] 90 root - INFO - Hypothesis az_009:float64,float64
[ 2022-12-09 12:11:55,229 ] 90 root - INFO - Hypothesis ba_000:float64,float64
[ 2022-12-09 12:11:55,231 ] 90 root - INFO - Hypothesis ba_001:float64,float64
[ 2022-12-09 12:11:55,233 ] 90 root - INFO - Hypothesis ba_002:float64,float64
[ 2022-12-09 12:11:55,236 ] 90 root - INFO - Hypothesis ba_003:float64,float64
[ 2022-12-09 12:11:55,238 ] 90 root - INFO - Hypothesis ba_004:float64,float64
[ 2022-12-09 12:11:55,240 ] 90 root - INFO - Hypothesis ba_005:float64,float64
[ 2022-12-09 12:11:55,242 ] 90 root - INFO - Hypothesis ba_006:float64,float64
[ 2022-12-09 12:11:55,244 ] 90 root - INFO - Hypothesis ba_007:float64,float64
[ 2022-12-09 12:11:55,246 ] 90 root - INFO - Hypothesis ba_008:float64,float64
[ 2022-12-09 12:11:55,247 ] 90 root - INFO - Hypothesis ba_009:float64,float64
[ 2022-12-09 12:11:55,249 ] 90 root - INFO - Hypothesis bb_000:float64,float64
[ 2022-12-09 12:11:55,251 ] 90 root - INFO - Hypothesis bc_000:float64,float64
[ 2022-12-09 12:11:55,253 ] 90 root - INFO - Hypothesis bd_000:float64,float64
[ 2022-12-09 12:11:55,254 ] 90 root - INFO - Hypothesis be_000:float64,float64
[ 2022-12-09 12:11:55,256 ] 90 root - INFO - Hypothesis bf_000:float64,float64
[ 2022-12-09 12:11:55,258 ] 90 root - INFO - Hypothesis bg_000:float64,float64
[ 2022-12-09 12:11:55,260 ] 90 root - INFO - Hypothesis bh_000:float64,float64
[ 2022-12-09 12:11:55,262 ] 90 root - INFO - Hypothesis bi_000:float64,float64
[ 2022-12-09 12:11:55,264 ] 90 root - INFO - Hypothesis bj_000:float64,float64
[ 2022-12-09 12:11:55,266 ] 90 root - INFO - Hypothesis bk_000:float64,float64
[ 2022-12-09 12:11:55,268 ] 90 root - INFO - Hypothesis bl_000:float64,float64
[ 2022-12-09 12:11:55,269 ] 90 root - INFO - Hypothesis bm_000:float64,float64
[ 2022-12-09 12:11:55,271 ] 90 root - INFO - Hypothesis bs_000:float64,float64
[ 2022-12-09 12:11:55,273 ] 90 root - INFO - Hypothesis bt_000:float64,float64
[ 2022-12-09 12:11:55,275 ] 90 root - INFO - Hypothesis bu_000:float64,float64
[ 2022-12-09 12:11:55,277 ] 90 root - INFO - Hypothesis bv_000:float64,float64
[ 2022-12-09 12:11:55,279 ] 90 root - INFO - Hypothesis bx_000:float64,float64
[ 2022-12-09 12:11:55,281 ] 90 root - INFO - Hypothesis by_000:float64,float64
[ 2022-12-09 12:11:55,283 ] 90 root - INFO - Hypothesis bz_000:float64,float64
[ 2022-12-09 12:11:55,285 ] 90 root - INFO - Hypothesis ca_000:float64,float64
[ 2022-12-09 12:11:55,288 ] 90 root - INFO - Hypothesis cb_000:float64,float64
[ 2022-12-09 12:11:55,290 ] 90 root - INFO - Hypothesis cc_000:float64,float64
[ 2022-12-09 12:11:55,292 ] 90 root - INFO - Hypothesis cd_000:float64,float64
[ 2022-12-09 12:11:55,293 ] 90 root - INFO - Hypothesis ce_000:float64,float64
[ 2022-12-09 12:11:55,295 ] 90 root - INFO - Hypothesis cf_000:float64,float64
[ 2022-12-09 12:11:55,296 ] 90 root - INFO - Hypothesis cg_000:float64,float64
[ 2022-12-09 12:11:55,298 ] 90 root - INFO - Hypothesis ch_000:float64,float64
[ 2022-12-09 12:11:55,299 ] 90 root - INFO - Hypothesis ci_000:float64,float64
[ 2022-12-09 12:11:55,301 ] 90 root - INFO - Hypothesis cj_000:float64,float64
[ 2022-12-09 12:11:55,302 ] 90 root - INFO - Hypothesis ck_000:float64,float64
[ 2022-12-09 12:11:55,304 ] 90 root - INFO - Hypothesis cl_000:float64,float64
[ 2022-12-09 12:11:55,306 ] 90 root - INFO - Hypothesis cm_000:float64,float64
[ 2022-12-09 12:11:55,307 ] 90 root - INFO - Hypothesis cn_000:float64,float64
[ 2022-12-09 12:11:55,308 ] 90 root - INFO - Hypothesis cn_001:float64,float64
[ 2022-12-09 12:11:55,310 ] 90 root - INFO - Hypothesis cn_002:float64,float64
[ 2022-12-09 12:11:55,311 ] 90 root - INFO - Hypothesis cn_003:float64,float64
[ 2022-12-09 12:11:55,313 ] 90 root - INFO - Hypothesis cn_004:float64,float64
[ 2022-12-09 12:11:55,315 ] 90 root - INFO - Hypothesis cn_005:float64,float64
[ 2022-12-09 12:11:55,317 ] 90 root - INFO - Hypothesis cn_006:float64,float64
[ 2022-12-09 12:11:55,319 ] 90 root - INFO - Hypothesis cn_007:float64,float64
[ 2022-12-09 12:11:55,321 ] 90 root - INFO - Hypothesis cn_008:float64,float64
[ 2022-12-09 12:11:55,323 ] 90 root - INFO - Hypothesis cn_009:float64,float64
[ 2022-12-09 12:11:55,325 ] 90 root - INFO - Hypothesis co_000:float64,float64
[ 2022-12-09 12:11:55,326 ] 90 root - INFO - Hypothesis cp_000:float64,float64
[ 2022-12-09 12:11:55,328 ] 90 root - INFO - Hypothesis cq_000:float64,float64
[ 2022-12-09 12:11:55,330 ] 90 root - INFO - Hypothesis cs_000:float64,float64
[ 2022-12-09 12:11:55,332 ] 90 root - INFO - Hypothesis cs_001:float64,float64
[ 2022-12-09 12:11:55,334 ] 90 root - INFO - Hypothesis cs_002:float64,float64
[ 2022-12-09 12:11:55,336 ] 90 root - INFO - Hypothesis cs_003:float64,float64
[ 2022-12-09 12:11:55,338 ] 90 root - INFO - Hypothesis cs_004:float64,float64
[ 2022-12-09 12:11:55,341 ] 90 root - INFO - Hypothesis cs_005:float64,float64
[ 2022-12-09 12:11:55,343 ] 90 root - INFO - Hypothesis cs_006:float64,float64
[ 2022-12-09 12:11:55,345 ] 90 root - INFO - Hypothesis cs_007:float64,float64
[ 2022-12-09 12:11:55,347 ] 90 root - INFO - Hypothesis cs_008:float64,float64
[ 2022-12-09 12:11:55,348 ] 90 root - INFO - Hypothesis cs_009:float64,float64
[ 2022-12-09 12:11:55,349 ] 90 root - INFO - Hypothesis ct_000:float64,float64
[ 2022-12-09 12:11:55,351 ] 90 root - INFO - Hypothesis cu_000:float64,float64
[ 2022-12-09 12:11:55,353 ] 90 root - INFO - Hypothesis cv_000:float64,float64
[ 2022-12-09 12:11:55,355 ] 90 root - INFO - Hypothesis cx_000:float64,float64
[ 2022-12-09 12:11:55,357 ] 90 root - INFO - Hypothesis cy_000:float64,float64
[ 2022-12-09 12:11:55,358 ] 90 root - INFO - Hypothesis cz_000:float64,float64
[ 2022-12-09 12:11:55,360 ] 90 root - INFO - Hypothesis da_000:float64,float64
[ 2022-12-09 12:11:55,361 ] 90 root - INFO - Hypothesis db_000:float64,float64
[ 2022-12-09 12:11:55,362 ] 90 root - INFO - Hypothesis dc_000:float64,float64
[ 2022-12-09 12:11:55,364 ] 90 root - INFO - Hypothesis dd_000:float64,float64
[ 2022-12-09 12:11:55,366 ] 90 root - INFO - Hypothesis de_000:float64,float64
[ 2022-12-09 12:11:55,368 ] 90 root - INFO - Hypothesis df_000:float64,float64
[ 2022-12-09 12:11:55,369 ] 90 root - INFO - Hypothesis dg_000:float64,float64
[ 2022-12-09 12:11:55,370 ] 90 root - INFO - Hypothesis dh_000:float64,float64
[ 2022-12-09 12:11:55,371 ] 90 root - INFO - Hypothesis di_000:float64,float64
[ 2022-12-09 12:11:55,373 ] 90 root - INFO - Hypothesis dj_000:float64,float64
[ 2022-12-09 12:11:55,374 ] 90 root - INFO - Hypothesis dk_000:float64,float64
[ 2022-12-09 12:11:55,375 ] 90 root - INFO - Hypothesis dl_000:float64,float64
[ 2022-12-09 12:11:55,376 ] 90 root - INFO - Hypothesis dm_000:float64,float64
[ 2022-12-09 12:11:55,377 ] 90 root - INFO - Hypothesis dn_000:float64,float64
[ 2022-12-09 12:11:55,379 ] 90 root - INFO - Hypothesis do_000:float64,float64
[ 2022-12-09 12:11:55,381 ] 90 root - INFO - Hypothesis dp_000:float64,float64
[ 2022-12-09 12:11:55,383 ] 90 root - INFO - Hypothesis dq_000:float64,float64
[ 2022-12-09 12:11:55,384 ] 90 root - INFO - Hypothesis dr_000:float64,float64
[ 2022-12-09 12:11:55,386 ] 90 root - INFO - Hypothesis ds_000:float64,float64
[ 2022-12-09 12:11:55,388 ] 90 root - INFO - Hypothesis dt_000:float64,float64
[ 2022-12-09 12:11:55,390 ] 90 root - INFO - Hypothesis du_000:float64,float64
[ 2022-12-09 12:11:55,392 ] 90 root - INFO - Hypothesis dv_000:float64,float64
[ 2022-12-09 12:11:55,394 ] 90 root - INFO - Hypothesis dx_000:float64,float64
[ 2022-12-09 12:11:55,396 ] 90 root - INFO - Hypothesis dy_000:float64,float64
[ 2022-12-09 12:11:55,397 ] 90 root - INFO - Hypothesis dz_000:float64,float64
[ 2022-12-09 12:11:55,398 ] 90 root - INFO - Hypothesis ea_000:float64,float64
[ 2022-12-09 12:11:55,399 ] 90 root - INFO - Hypothesis eb_000:float64,float64
[ 2022-12-09 12:11:55,401 ] 90 root - INFO - Hypothesis ec_00:float64,float64
[ 2022-12-09 12:11:55,403 ] 90 root - INFO - Hypothesis ed_000:float64,float64
[ 2022-12-09 12:11:55,405 ] 90 root - INFO - Hypothesis ee_000:float64,float64
[ 2022-12-09 12:11:55,407 ] 90 root - INFO - Hypothesis ee_001:float64,float64
[ 2022-12-09 12:11:55,409 ] 90 root - INFO - Hypothesis ee_002:float64,float64
[ 2022-12-09 12:11:55,411 ] 90 root - INFO - Hypothesis ee_003:float64,float64
[ 2022-12-09 12:11:55,413 ] 90 root - INFO - Hypothesis ee_004:float64,float64
[ 2022-12-09 12:11:55,415 ] 90 root - INFO - Hypothesis ee_005:float64,float64
[ 2022-12-09 12:11:55,417 ] 90 root - INFO - Hypothesis ee_006:float64,float64
[ 2022-12-09 12:11:55,419 ] 90 root - INFO - Hypothesis ee_007:float64,float64
[ 2022-12-09 12:11:55,421 ] 90 root - INFO - Hypothesis ee_008:float64,float64
[ 2022-12-09 12:11:55,423 ] 90 root - INFO - Hypothesis ee_009:float64,float64
[ 2022-12-09 12:11:55,425 ] 90 root - INFO - Hypothesis ef_000:float64,float64
[ 2022-12-09 12:11:55,426 ] 90 root - INFO - Hypothesis eg_000:float64,float64
[ 2022-12-09 12:11:55,427 ] 148 root - INFO - Write report in yaml file
[ 2022-12-09 12:11:55,502 ] 152 root - INFO - Data_validation_artifact :{data_validation_artifact}
[ 2022-12-09 12:11:56,369 ] 72 root - INFO - Before Resampling, Train_data_input_shape : (28950, 170) , Train_data_target_shape : (28950,)
[ 2022-12-09 12:12:03,603 ] 74 root - INFO - After Resampling, Train_data_input_shape : (56182, 170) , Train_data_target_shape : (56182,)
[ 2022-12-09 12:12:03,603 ] 76 root - INFO - Before Resampling, Test_data_input_shape : (56182, 170) , Test_data_target_shape : (56182,)
[ 2022-12-09 12:12:04,217 ] 78 root - INFO - After Resampling, Test_data_input_shape : (56182, 170) , Test_data_target_shape : (56182,)
[ 2022-12-09 12:12:04,321 ] 59 root - INFO - Entered the save object method of Main Utils class
[ 2022-12-09 12:12:04,324 ] 59 root - INFO - Entered the save object method of Main Utils class
[ 2022-12-09 12:12:04,325 ] 102 root - INFO - Data transformation object DataTransformationArtifact(transform_object_path='/config/workspace/artifact/12092022__121139/data_transformation/transformed/transformer.pkl', transformed_train_path='/config/workspace/artifact/12092022__121139/data_transformation/transformed/train.npy', transformed_test_path='/config/workspace/artifact/12092022__121139/data_transformation/transformed/test.npy', target_encoder_object_path='/config/workspace/artifact/12092022__121139/data_transformation/target_encoder/target_encoder.pkl')
[ 2022-12-09 12:12:04,326 ] 39 root - INFO - loading train and test array
[ 2022-12-09 12:12:04,361 ] 43 root - INFO - splitting input and target feature
[ 2022-12-09 12:12:04,361 ] 47 root - INFO - model training
[ 2022-12-09 12:12:15,687 ] 50 root - INFO - calculating train score
[ 2022-12-09 12:12:15,749 ] 54 root - INFO - calculating test score
[ 2022-12-09 12:12:15,765 ] 58 root - INFO - model train score :1.0, model test score :0.9749909387459225
[ 2022-12-09 12:12:15,765 ] 60 root - INFO - checking for underfitting
[ 2022-12-09 12:12:15,765 ] 68 root - INFO - checking for overfitting
[ 2022-12-09 12:12:15,765 ] 75 root - INFO - saving the model object
[ 2022-12-09 12:12:15,765 ] 59 root - INFO - Entered the save object method of Main Utils class
[ 2022-12-09 12:12:15,773 ] 78 root - INFO - preparing the artifact
